[Info] [carb] Logging to file: /root/.nvidia-omniverse/logs/Kit/Isaac-Sim Minimal Loop Python/4.5/kit_20260608_160202.log
[0.818s] [ext: omni.kit.async_engine-0.0.1] startup
[1.751s] [ext: omni.client.lib-1.0.0] startup
[1.809s] [ext: omni.stats-1.0.1] startup
[1.812s] [ext: omni.client-1.2.2] startup
[1.821s] [ext: omni.gpu_foundation.shadercache.vulkan-1.0.0] startup
[1.838s] [ext: omni.assets.plugins-0.0.0] startup
[1.840s] [ext: omni.gpu_foundation-0.0.0] startup
[1.852s] [ext: omni.kit.pipapi-0.0.0] startup
[1.857s] [ext: omni.kit.pip_archive-0.0.0] startup
[1.858s] [ext: omni.pip.compute-1.4.5] startup
[1.859s] [ext: omni.pip.cloud-1.1.7] startup
[1.886s] [ext: omni.isaac.core_archive-2.3.3] startup
[1.887s] [ext: omni.usd.config-1.0.5] startup
2026-06-08 16:02:04 [1,880ms] [Warning] [omni.usd_config.extension] Enable omni.materialx.libs extension to use MaterialX
[1.897s] [ext: omni.gpucompute.plugins-0.0.0] startup
[1.897s] [ext: omni.usd.libs-1.0.1] startup
[2.020s] [ext: omni.isaac.ml_archive-2.1.2] startup
[2.021s] [ext: omni.usd.schema.physx-106.5.7] startup
[2.289s] [ext: omni.usd.schema.semantics-0.0.0] startup
[2.293s] [ext: omni.usd.schema.audio-0.0.0] startup
[2.299s] [ext: carb.audio-0.1.0] startup
[2.303s] [ext: omni.kit.actions.core-1.0.0] startup
[2.307s] [ext: omni.timeline-1.0.11] startup
[2.310s] [ext: omni.kit.commands-1.4.9] startup
[2.355s] [ext: omni.kvdb-106.5.7] startup
[2.359s] [ext: omni.kit.audiodeviceenum-1.0.1] startup
[2.362s] [ext: usdrt.scenegraph-7.5.1] startup
[2.437s] [ext: omni.convexdecomposition-106.5.7] startup
[2.445s] [ext: omni.localcache-106.5.7] startup
[2.448s] [ext: omni.usd_resolver-1.0.0] startup
[2.454s] [ext: omni.physx.foundation-106.5.7] startup
[2.457s] [ext: omni.graph.exec-0.9.4] startup
[2.458s] [ext: omni.usdphysics-106.5.7] startup
[2.462s] [ext: omni.usd.core-1.4.2] startup
[2.465s] [ext: omni.kit.usd_undo-0.1.8] startup
[2.468s] [ext: omni.kit.exec.core-0.13.4] startup
[2.472s] [ext: omni.physx.cooking-106.5.7] startup
[2.489s] [ext: omni.metrics.core-0.0.1] startup
[2.490s] [ext: omni.blobkey-1.1.2] startup
[2.490s] [ext: omni.datastore-0.0.0] startup
[2.500s] [ext: omni.ujitso.default-1.0.0] startup
[2.504s] [ext: omni.hsscclient-1.1.1] startup
2026-06-08 16:02:05 [2,489ms] [Warning] [omni.datastore] OmniHub is inaccessible
2026-06-08 16:02:05 [2,523ms] [Warning] [omni.platforminfo.plugin] failed to open the default display.  Can't verify X Server version.
[2.547s] [ext: omni.usd-1.12.4] startup
[2.709s] [ext: omni.physx-106.5.7] startup
[2.748s] [ext: omni.kit.numpy.common-0.1.2] startup
[3.234s] [ext: omni.kit.usd.layers-2.2.0] startup
[3.288s] [ext: omni.physics.tensors-106.5.7] startup
[3.320s] [ext: omni.physx.stageupdate-106.5.7] startup
[3.327s] [ext: isaacsim.core.deprecation_manager-0.2.2] startup
[3.332s] [ext: omni.isaac.dynamic_control-1.3.15] startup
2026-06-08 16:02:06 [3,326ms] [Warning] [omni.isaac.dynamic_control] omni.isaac.dynamic_control is deprecated as of Isaac Sim 4.5. No action is needed from end-users.
[3.344s] [ext: omni.physx.tensors-106.5.7] startup
[4.998s] [ext: isaacsim.core.version-2.0.2] startup
[5.001s] [ext: omni.warp.core-1.5.0] startup
[5.486s] [ext: isaacsim.storage.native-1.0.6] startup
[5.493s] [ext: omni.kit.stage_template.core-1.1.22] startup
[5.496s] [ext: isaacsim.core.utils-2.2.8] startup
[5.502s] [ext: omni.kit.primitive.mesh-1.0.17] startup
[5.527s] [ext: isaacsim.core.simulation_manager-0.3.3] startup
[10.227s] [ext: omni.kit.stage_templates-1.2.6] startup
[10.236s] [ext: isaacsim.core.prims-0.3.7] startup
[10.428s] [ext: isaacsim.core.api-4.2.16] startup
[10.517s] [ext: omni.kit.loop-isaac-1.2.1] startup
[10.519s] [ext: isaacsim.g1.runtime.h2-0.1.0] startup
=== STARTUP EXTENSION OK ===
2026-06-08 16:02:13 [10,505ms] [Warning] [isaacsim.g1.runtime] === STARTUP EXTENSION OK ===
[10.522s] [ext: 4d2h-4.5.0] startup
[10.541s] app ready

|---------------------------------------------------------------------------------------------|
| Driver Version: 580.159.03    | Graphics API: Vulkan
|=============================================================================================|
| GPU | Name                             | Active | LDA | GPU Memory | Vendor-ID | LUID       |
|     |                                  |        |     |            | Device-ID | UUID       |
|     |                                  |        |     |            | Bus-ID    |            |
|---------------------------------------------------------------------------------------------|
| 0   | Tesla T4                         | Yes: 0 |     | 15606   MB | 10de      | 0          |
|     |                                  |        |     |            | 1eb8      | ddfd322a.. |
|     |                                  |        |     |            | 0         |            |
|=============================================================================================|
| OS: 22.04.5 LTS (Jammy Jellyfish) ubuntu, Version: 22.04.5, Kernel: 5.15.0-181-generic
| Processor: Intel(R) Xeon(R) Gold 6152 CPU @ 2.10GHz
| Cores: 2 | Logical Cores: 4
|---------------------------------------------------------------------------------------------|
| Total Memory (MB): 32092 | Free Memory: 30280
| Total Page/Swap (MB): 0 | Free Page/Swap: 0
|---------------------------------------------------------------------------------------------|
2026-06-08 16:02:14 [11,359ms] [Warning] [gpu.foundation.plugin] ECC is enabled on physical device 0
2026-06-08 16:02:15 [12,229ms] [Warning] [omni.physx.plugin] Detected an articulation at /World/G1 with more than 4 velocity iterations being added to a TGS scene.The related behavior changed recently, please consult the changelog. This warning will only print once.
=== G1 LOADED ===
num_dof: 37
2026-06-08 16:02:15 [12,549ms] [Warning] [isaacsim.g1.runtime] === G1 LOADED === num_dof: 37
--- STEP 0 ---
  world_position: [ 7.4364943e-05 -5.2800868e-05  1.5084687e-01]
  world_orientation(WXYZ): [9.9999988e-01 3.5862412e-04 3.1685256e-04 4.5964975e-05]
  joint_pos[:3]: [ 1.4383503e-04 -9.6327596e-05  1.9069965e-05]
  joint_vel[:3]: [-0.01161985 -0.04441528  0.12859085]
2026-06-08 16:02:15 [12,557ms] [Warning] [isaacsim.g1.runtime] STEP 0 pos=[ 7.4364943e-05 -5.2800868e-05  1.5084687e-01] quat=[9.9999988e-01 3.5862412e-04 3.1685256e-04 4.5964975e-05]
--- STEP 60 ---
  world_position: [ 0.81788075 -0.04528854  0.2092318 ]
  world_orientation(WXYZ): [0.72170717 0.2955109  0.6259022  0.00764688]
  joint_pos[:3]: [-3.9370945e-05  1.5434843e-01  5.5667698e-01]
  joint_vel[:3]: [ 0.12125915 -4.298464    3.6709979 ]
2026-06-08 16:02:15 [12,738ms] [Warning] [isaacsim.g1.runtime] STEP 60 pos=[ 0.81788075 -0.04528854  0.2092318 ] quat=[0.72170717 0.2955109  0.6259022  0.00764688]
--- STEP 150 ---
  world_position: [ 0.87987673 -0.09674464  0.16183127]
  world_orientation(WXYZ): [0.67142034 0.38127184 0.6247256  0.11638101]
  joint_pos[:3]: [ 1.7896340e-04 -1.8574441e-05  6.7532760e-01]
  joint_vel[:3]: [-0.10843091 -0.3209343  -0.01875434]
2026-06-08 16:02:16 [13,014ms] [Warning] [isaacsim.g1.runtime] STEP 150 pos=[ 0.87987673 -0.09674464  0.16183127] quat=[0.67142034 0.38127184 0.6247256  0.11638101]
--- STEP 300 ---
  world_position: [ 0.8798413  -0.09684135  0.16182469]
  world_orientation(WXYZ): [0.6714461  0.38138148 0.62467664 0.11613536]
  joint_pos[:3]: [-5.6039618e-05  2.9019842e-05  6.7508554e-01]
  joint_vel[:3]: [-0.02448532 -0.2427934  -0.06606567]
2026-06-08 16:02:16 [13,490ms] [Warning] [isaacsim.g1.runtime] STEP 300 pos=[ 0.8798413  -0.09684135  0.16182469] quat=[0.6714461  0.38138148 0.62467664 0.11613536]
--- STEP 450 ---
  world_position: [ 0.87984204 -0.0968433   0.1618251 ]
  world_orientation(WXYZ): [0.67144465 0.3813857  0.62467474 0.11614003]
  joint_pos[:3]: [-5.7883502e-05  2.7995840e-05  6.7503607e-01]
  joint_vel[:3]: [-0.03017011 -0.2630067  -0.0167945 ]
2026-06-08 16:02:16 [13,969ms] [Warning] [isaacsim.g1.runtime] STEP 450 pos=[ 0.87984204 -0.0968433   0.1618251 ] quat=[0.67144465 0.3813857  0.62467474 0.11614003]
--- STEP 600 ---
  world_position: [ 0.8798319  -0.09682868  0.16183853]
  world_orientation(WXYZ): [0.6714651  0.38133323 0.6246908  0.11610712]
  joint_pos[:3]: [-8.409465e-05  7.089813e-06  6.750621e-01]
  joint_vel[:3]: [-0.22486718  0.01859457 -0.1972053 ]
2026-06-08 16:02:17 [14,431ms] [Warning] [isaacsim.g1.runtime] STEP 600 pos=[ 0.8798319  -0.09682868  0.16183853] quat=[0.6714651  0.38133323 0.6246908  0.11610712]
=== PHYS STEPPING DONE ===
2026-06-08 16:02:17 [14,432ms] [Warning] [isaacsim.g1.runtime] === PHYS STEPPING DONE ===
