[Info] [carb] Logging to file: /root/.nvidia-omniverse/logs/Kit/Isaac-Sim Minimal Loop Python/4.5/kit_20260608_230824.log
[0.810s] [ext: omni.kit.async_engine-0.0.1] startup
[1.867s] [ext: omni.metrics.core-0.0.1] startup
[1.867s] [ext: omni.client.lib-1.0.0] startup
[1.926s] [ext: omni.blobkey-1.1.2] startup
[1.927s] [ext: omni.stats-1.0.1] startup
[1.929s] [ext: omni.datastore-0.0.0] startup
[1.938s] [ext: omni.client-1.2.2] startup
[1.947s] [ext: omni.ujitso.default-1.0.0] startup
[1.950s] [ext: omni.hsscclient-1.1.1] startup
2026-06-08 23:08:26 [1,935ms] [Warning] [omni.datastore] OmniHub is inaccessible
[1.957s] [ext: omni.gpu_foundation.shadercache.vulkan-1.0.0] startup
[1.974s] [ext: omni.assets.plugins-0.0.0] startup
[1.976s] [ext: omni.gpu_foundation-0.0.0] startup
[1.990s] [ext: carb.windowing.plugins-1.0.0] startup
2026-06-08 23:08:26 [1,974ms] [Warning] [carb.windowing-glfw.plugin] GLFW initialization failed.
2026-06-08 23:08:26 [1,974ms] [Warning] [carb] Failed to startup plugin carb.windowing-glfw.plugin (interfaces: [carb::windowing::IGLContext v1.0],[carb::windowing::IWindowing v1.5]) (impl: carb.windowing-glfw.plugin)
[1.992s] [ext: omni.kit.renderer.init-0.0.0] startup
2026-06-08 23:08:26 [2,003ms] [Warning] [omni.platforminfo.plugin] failed to open the default display.  Can't verify X Server version.

|---------------------------------------------------------------------------------------------|
| Driver Version: 580.159.03    | Graphics API: Vulkan
|=============================================================================================|
| GPU | Name                             | Active | LDA | GPU Memory | Vendor-ID | LUID       |
|     |                                  |        |     |            | Device-ID | UUID       |
|     |                                  |        |     |            | Bus-ID    |            |
|---------------------------------------------------------------------------------------------|
| 0   | Tesla T4                         | Yes: 0 |     | 15606   MB | 10de      | 0          |
|     |                                  |        |     |            | 1eb8      | ddfd322a.. |
|     |                                  |        |     |            | 0         |            |
|=============================================================================================|
| OS: 22.04.5 LTS (Jammy Jellyfish) ubuntu, Version: 22.04.5, Kernel: 5.15.0-181-generic
| Processor: Intel(R) Xeon(R) Gold 6152 CPU @ 2.10GHz
| Cores: 2 | Logical Cores: 4
|---------------------------------------------------------------------------------------------|
| Total Memory (MB): 32092 | Free Memory: 30472
| Total Page/Swap (MB): 0 | Free Page/Swap: 0
|---------------------------------------------------------------------------------------------|
2026-06-08 23:08:28 [4,419ms] [Warning] [gpu.foundation.plugin] ECC is enabled on physical device 0
[4.735s] [ext: omni.kit.pipapi-0.0.0] startup
[4.742s] [ext: omni.kit.pip_archive-0.0.0] startup
[4.743s] [ext: omni.pip.compute-1.4.5] startup
[4.744s] [ext: omni.materialx.libs-1.0.6] startup
[4.762s] [ext: omni.pip.cloud-1.1.7] startup
[4.788s] [ext: omni.isaac.core_archive-2.3.3] startup
[4.789s] [ext: omni.usd.config-1.0.5] startup
[4.801s] [ext: omni.gpucompute.plugins-0.0.0] startup
[4.802s] [ext: omni.usd.libs-1.0.1] startup
[4.922s] [ext: omni.kit.loop-isaac-1.2.1] startup
[4.924s] [ext: omni.kit.test-1.1.2] startup
[5.386s] [ext: omni.mdl-55.0.1] startup
[5.646s] [ext: omni.iray.libs-0.0.0] startup
[5.656s] [ext: omni.mdl.neuraylib-0.2.10] startup
[5.665s] [ext: omni.kit.usd.mdl-1.0.7] startup
[5.889s] [ext: omni.isaac.ml_archive-2.1.2] startup
[5.890s] [ext: omni.usd.schema.anim-0.0.0] startup
[5.928s] [ext: isaacsim.robot.schema-3.1.2] startup
[5.942s] [ext: omni.usd.schema.geospatial-0.0.0] startup
[5.948s] [ext: omni.usd.schema.audio-0.0.0] startup
[5.954s] [ext: omni.usd.schema.omnigraph-1.0.0] startup
[5.965s] [ext: omni.usd.schema.physx-106.5.7] startup
[6.028s] [ext: omni.usd.schema.semantics-0.0.0] startup
[6.033s] [ext: omni.appwindow-1.1.9] startup
2026-06-08 23:08:30 [6,018ms] [Warning] [carb.windowing-glfw.plugin] GLFW initialization failed.
2026-06-08 23:08:30 [6,018ms] [Warning] [carb] Failed to startup plugin carb.windowing-glfw.plugin (interfaces: [carb::windowing::IGLContext v1.0],[carb::windowing::IWindowing v1.5]) (impl: carb.windowing-glfw.plugin)
[6.038s] [ext: omni.kit.renderer.core-1.0.2] startup
2026-06-08 23:08:30 [6,040ms] [Warning] [carb.windowing-glfw.plugin] GLFW initialization failed.
2026-06-08 23:08:30 [6,040ms] [Warning] [carb] Failed to startup plugin carb.windowing-glfw.plugin (interfaces: [carb::windowing::IGLContext v1.0],[carb::windowing::IWindowing v1.5]) (impl: carb.windowing-glfw.plugin)
2026-06-08 23:08:30 [6,051ms] [Warning] [carb.windowing-glfw.plugin] GLFW initialization failed.
2026-06-08 23:08:30 [6,051ms] [Warning] [carb] Failed to startup plugin carb.windowing-glfw.plugin (interfaces: [carb::windowing::IGLContext v1.0],[carb::windowing::IWindowing v1.5]) (impl: carb.windowing-glfw.plugin)
[6.072s] [ext: omni.kit.renderer.capture-0.0.0] startup
[6.078s] [ext: omni.kit.renderer.imgui-1.0.2] startup
2026-06-08 23:08:30 [6,067ms] [Warning] [carb.windowing-glfw.plugin] GLFW initialization failed.
2026-06-08 23:08:30 [6,067ms] [Warning] [carb] Failed to startup plugin carb.windowing-glfw.plugin (interfaces: [carb::windowing::IGLContext v1.0],[carb::windowing::IWindowing v1.5]) (impl: carb.windowing-glfw.plugin)
2026-06-08 23:08:30 [6,070ms] [Warning] [carb.windowing-glfw.plugin] GLFW initialization failed.
2026-06-08 23:08:30 [6,070ms] [Warning] [carb] Failed to startup plugin carb.windowing-glfw.plugin (interfaces: [carb::windowing::IGLContext v1.0],[carb::windowing::IWindowing v1.5]) (impl: carb.windowing-glfw.plugin)
2026-06-08 23:08:30 [6,071ms] [Warning] [carb.windowing-glfw.plugin] GLFW initialization failed.
2026-06-08 23:08:30 [6,071ms] [Warning] [carb] Failed to startup plugin carb.windowing-glfw.plugin (interfaces: [carb::windowing::IGLContext v1.0],[carb::windowing::IWindowing v1.5]) (impl: carb.windowing-glfw.plugin)
[6.307s] [ext: omni.ui-2.26.5] startup
[6.339s] [ext: omni.kit.actions.core-1.0.0] startup
[6.346s] [ext: omni.kit.window.popup_dialog-2.0.24] startup
[6.363s] [ext: omni.kit.commands-1.4.9] startup
[6.383s] [ext: omni.graph.exec-0.9.4] startup
[6.384s] [ext: carb.audio-0.1.0] startup
[6.405s] [ext: omni.usd_resolver-1.0.0] startup
[6.413s] [ext: omni.kit.usd_undo-0.1.8] startup
[6.416s] [ext: omni.kit.exec.core-0.13.4] startup
[6.420s] [ext: omni.kit.audiodeviceenum-1.0.1] startup
[6.424s] [ext: omni.usd.core-1.4.2] startup
[6.428s] [ext: omni.timeline-1.0.11] startup
[6.432s] [ext: omni.kit.widget.nucleus_connector-1.1.10] startup
[6.445s] [ext: omni.hydra.scene_delegate-0.3.3] startup
[6.453s] [ext: omni.usd-1.12.4] startup
[6.625s] [ext: omni.kit.graph.usd.commands-1.3.1] startup
[6.633s] [ext: omni.kit.widget.graph-1.12.17] startup
[6.688s] [ext: omni.kit.menu.core-1.1.2] startup
[6.694s] [ext: omni.kit.widget.searchfield-1.1.8] startup
[6.704s] [ext: omni.kit.graph.delegate.default-1.2.2] startup
[6.705s] [ext: omni.index.libs-380600.1777.0] startup
[6.705s] [ext: omni.kit.menu.utils-1.7.7] startup
[6.764s] [ext: omni.kit.graph.editor.core-1.5.3] startup
[6.784s] [ext: omni.index-1.0.1] startup
[6.785s] [ext: omni.hydra.rtx.shadercache.vulkan-1.0.0] startup
[6.788s] [ext: omni.kit.usd.layers-2.2.0] startup
[6.833s] [ext: usdrt.scenegraph-7.5.1] startup
[6.909s] [ext: omni.inspect-1.0.1] startup
[6.912s] [ext: omni.graph.tools-1.79.1] startup
[7.106s] [ext: omni.graph.core-2.181.8] startup
[7.112s] [ext: omni.ujitso.processor.texture-1.0.0] startup
[7.114s] [ext: omni.graph-1.140.2] startup
[7.832s] [ext: omni.volume-0.5.0] startup
[7.843s] [ext: omni.ujitso.client-0.0.0] startup
[7.845s] [ext: omni.graph.scriptnode-1.40.1] startup
[7.850s] [ext: omni.hydra.rtx-1.0.0] startup
2026-06-08 23:08:31 [7,847ms] [Warning] [omni.log] Source: omni.hydra was already registered.
[7.900s] [ext: omni.kit.primitive.mesh-1.0.17] startup
[7.935s] [ext: omni.kit.widget.path_field-2.0.11] startup
[7.944s] [ext: omni.kit.clipboard-1.0.5] startup
[7.947s] [ext: omni.kit.hydra_texture-1.4.0] startup
[7.955s] [ext: omni.kit.stage_template.core-1.1.22] startup
[7.960s] [ext: omni.kit.widget.material_preview-1.0.16] startup
[7.973s] [ext: omni.kit.stage_templates-1.2.6] startup
[7.984s] [ext: omni.kit.widget.browser_bar-2.0.10] startup
[7.990s] [ext: omni.kit.widget.options_menu-1.1.6] startup
[8.008s] [ext: omni.kit.notification_manager-1.0.9] startup
[8.025s] [ext: omni.kit.helper.file_utils-0.1.9] startup
[8.034s] [ext: omni.kit.widget.options_button-1.0.3] startup
[8.038s] [ext: omni.ui.scene-1.11.2] startup
[8.048s] [ext: omni.kit.widget.filebrowser-2.10.52] startup
[8.090s] [ext: omni.kit.widget.context_menu-1.2.4] startup
[8.099s] [ext: omni.activity.core-1.0.1] startup
[8.103s] [ext: omni.convexdecomposition-106.5.7] startup
[8.112s] [ext: omni.kit.window.filepicker-2.11.7] startup
[8.232s] [ext: omni.kvdb-106.5.7] startup
[8.237s] [ext: omni.usdphysics-106.5.7] startup
[8.243s] [ext: omni.physx.foundation-106.5.7] startup
[8.248s] [ext: omni.localcache-106.5.7] startup
[8.253s] [ext: omni.kit.hotkeys.core-1.3.10] startup
[8.255s] [ext: omni.kit.context_menu-1.8.3] startup
[8.272s] [ext: omni.physx.cooking-106.5.7] startup
[8.287s] [ext: omni.kit.window.file_exporter-1.0.31] startup
[8.298s] [ext: omni.kit.widget.filter-1.1.4] startup
[8.303s] [ext: isaacsim.core.deprecation_manager-0.2.2] startup
[8.310s] [ext: omni.physx-106.5.7] startup
[8.343s] [ext: omni.kit.widget.stage-2.11.6] startup
[8.415s] [ext: isaacsim.core.version-2.0.2] startup
[8.420s] [ext: omni.physx.stageupdate-106.5.7] startup
[8.430s] [ext: omni.kit.numpy.common-0.1.2] startup
[8.435s] [ext: omni.graph.image.core-0.6.0] startup
[8.437s] [ext: isaacsim.storage.native-1.0.6] startup
[8.445s] [ext: omni.isaac.dynamic_control-1.3.15] startup
2026-06-08 23:08:32 [8,439ms] [Warning] [omni.isaac.dynamic_control] omni.isaac.dynamic_control is deprecated as of Isaac Sim 4.5. No action is needed from end-users.
[8.459s] [ext: omni.graph.image.nodes-1.3.0] startup
[8.463s] [ext: omni.warp.core-1.5.0] startup
[8.962s] [ext: omni.graph.action_core-1.1.7] startup
[8.969s] [ext: omni.hydra.engine.stats-1.0.3] startup
[8.975s] [ext: isaacsim.core.utils-2.2.8] startup
[8.984s] [ext: omni.graph.nodes-1.162.1] startup
[9.004s] [ext: omni.graph.action_nodes-1.40.1] startup
[9.013s] [ext: omni.kit.widget.viewport-107.0.7] startup
[9.063s] [ext: omni.kit.viewport.registry-104.0.6] startup
[9.069s] [ext: omni.kit.material.library-1.5.15] startup
[9.222s] [ext: omni.graph.action-1.120.0] startup
[9.225s] [ext: omni.physics.tensors-106.5.7] startup
[9.260s] [ext: omni.kit.viewport.window-107.0.8] startup
[9.344s] [ext: omni.kit.widget.settings-1.2.2] startup
[9.364s] [ext: omni.physx.tensors-106.5.7] startup
[9.373s] [ext: omni.kit.viewport.utility-1.0.18] startup
[9.382s] [ext: omni.kit.window.preferences-1.7.0] startup
[9.421s] [ext: isaacsim.core.simulation_manager-0.3.3] startup
[13.940s] [ext: omni.warp-1.5.0] startup
[13.979s] [ext: omni.syntheticdata-0.6.10] startup
2026-06-08 23:08:38 [14,122ms] [Error] [omni.syntheticdata.scripts.extension] SyntheticData extension needs at least a stageFrameHistoryCount of 3
[14.150s] [ext: omni.kit.window.material_graph-1.8.19] startup
[14.589s] [ext: isaacsim.core.prims-0.3.7] startup
[14.765s] [ext: omni.replicator.core-1.11.35] startup
Warp 1.5.0 initialized:
   CUDA Toolkit 11.8, Driver 13.0
   Devices:
     "cpu"      : "x86_64"
     "cuda:0"   : "Tesla T4" (15 GiB, sm_75, mempool enabled)
   Kernel cache:
     /root/.cache/warp/1.5.0
2026-06-08 23:08:39 [15,088ms] [Warning] [omni.replicator.core.scripts.extension] No material configuration file, adding configuration to material settings directly.
[15.111s] [ext: isaacsim.core.api-4.2.16] startup
[15.328s] [ext: isaacsim.core.nodes-2.1.4] startup
[15.389s] [ext: isaacsim.sensors.physics-0.3.5] startup
[15.474s] [ext: isaacsim.g1.livesensor-0.1.0] startup
=== STARTUP EXTENSION OK ===
2026-06-08 23:08:39 [15,466ms] [Warning] [isaacsim.g1.livesensor] === STARTUP EXTENSION OK ===
[15.490s] [ext: live-4.5.0] startup
=== RCLPY + PUBLISHERS OK (imu+feet) ===
2026-06-08 23:08:40 [16,595ms] [Warning] [isaacsim.g1.livesensor] === RCLPY + PUBLISHERS OK ===
[16.629s] app ready
2026-06-08 23:08:41 [16,925ms] [Warning] [rtx.neuraylib.plugin] [IRAY:RENDER]   1.1   IRAY   rend warn : CUDA device 0 (Tesla T4): ECC is enabled, this will reduce rendering performance (it is strongly recommended to disable ECC with iray)
2026-06-08 23:08:41 [17,011ms] [Warning] [rtx.scenedb.plugin] SceneDbContext : TLAS limit buffer size 2921508224
2026-06-08 23:08:41 [17,011ms] [Warning] [rtx.scenedb.plugin] SceneDbContext : TLAS limit : valid true, within: false
2026-06-08 23:08:41 [17,252ms] [Warning] [omni.usd-abi.plugin] No setting was found for '/rtx-defaults-transient/meshlights/forceDisable'
2026-06-08 23:08:52 [28,841ms] [Warning] [isaacsim.sensors.physics.scripts.imu_sensor] Creating a new IMU prim at path /World/G1/torso_link/imu_sensor
2026-06-08 23:08:53 [29,169ms] [Warning] [omni.physx.plugin] Detected an articulation at /World/G1 with more than 4 velocity iterations being added to a TGS scene.The related behavior changed recently, please consult the changelog. This warning will only print once.
=== G1 + SENSORS READY ===
2026-06-08 23:08:53 [29,678ms] [Warning] [isaacsim.g1.livesensor] === G1 + SENSORS READY ===
2026-06-08 23:08:53 [29,690ms] [Warning] [isaacsim.sensors.physics.plugin] *** warning: get_contact_sensor_raw_data is deprecated and will replaced in the next release
=== PUBLISHED 50 W=0.671 L=False R=False ===
2026-06-08 23:08:57 [33,077ms] [Warning] [isaacsim.g1.livesensor] PUBLISHED 50 W=0.671
=== PUBLISHED 100 W=0.671 L=False R=False ===
2026-06-08 23:09:00 [36,489ms] [Warning] [isaacsim.g1.livesensor] PUBLISHED 100 W=0.671
=== PUBLISHED 150 W=0.672 L=False R=False ===
2026-06-08 23:09:04 [39,932ms] [Warning] [isaacsim.g1.livesensor] PUBLISHED 150 W=0.672
=== PUBLISHED 200 W=0.672 L=False R=False ===
2026-06-08 23:09:07 [43,366ms] [Warning] [isaacsim.g1.livesensor] PUBLISHED 200 W=0.672
=== PUBLISHED 250 W=0.672 L=False R=False ===
2026-06-08 23:09:10 [46,782ms] [Warning] [isaacsim.g1.livesensor] PUBLISHED 250 W=0.672
=== PUBLISHED 300 W=0.672 L=False R=False ===
2026-06-08 23:09:14 [50,228ms] [Warning] [isaacsim.g1.livesensor] PUBLISHED 300 W=0.672
=== PUBLISHED 350 W=0.672 L=False R=False ===
2026-06-08 23:09:17 [53,675ms] [Warning] [isaacsim.g1.livesensor] PUBLISHED 350 W=0.672
=== PUBLISHED 400 W=0.672 L=False R=False ===
2026-06-08 23:09:21 [57,111ms] [Warning] [isaacsim.g1.livesensor] PUBLISHED 400 W=0.672
=== PUBLISHED 450 W=0.672 L=False R=False ===
2026-06-08 23:09:24 [60,553ms] [Warning] [isaacsim.g1.livesensor] PUBLISHED 450 W=0.672
=== PUBLISHED 500 W=0.672 L=False R=False ===
2026-06-08 23:09:28 [63,994ms] [Warning] [isaacsim.g1.livesensor] PUBLISHED 500 W=0.672
=== PUBLISHED 550 W=0.672 L=False R=False ===
2026-06-08 23:09:31 [67,439ms] [Warning] [isaacsim.g1.livesensor] PUBLISHED 550 W=0.672
=== PUBLISHED 600 W=0.672 L=False R=False ===
2026-06-08 23:09:34 [70,892ms] [Warning] [isaacsim.g1.livesensor] PUBLISHED 600 W=0.672
=== PUBLISHED 650 W=0.672 L=False R=False ===
2026-06-08 23:09:38 [74,343ms] [Warning] [isaacsim.g1.livesensor] PUBLISHED 650 W=0.672
=== PUBLISHED 700 W=0.672 L=False R=False ===
2026-06-08 23:09:41 [77,783ms] [Warning] [isaacsim.g1.livesensor] PUBLISHED 700 W=0.672
=== PUBLISHED 750 W=0.672 L=False R=False ===
2026-06-08 23:09:45 [81,252ms] [Warning] [isaacsim.g1.livesensor] PUBLISHED 750 W=0.672
=== PUBLISHED 800 W=0.672 L=False R=False ===
2026-06-08 23:09:48 [84,669ms] [Warning] [isaacsim.g1.livesensor] PUBLISHED 800 W=0.672
=== PUBLISHED 850 W=0.672 L=False R=False ===
2026-06-08 23:09:52 [88,121ms] [Warning] [isaacsim.g1.livesensor] PUBLISHED 850 W=0.672
=== PUBLISHED 900 W=0.672 L=False R=False ===
2026-06-08 23:09:55 [91,543ms] [Warning] [isaacsim.g1.livesensor] PUBLISHED 900 W=0.672
=== PUBLISHED 950 W=0.672 L=False R=False ===
2026-06-08 23:09:59 [94,994ms] [Warning] [isaacsim.g1.livesensor] PUBLISHED 950 W=0.672
=== PUBLISHED 1000 W=0.672 L=False R=False ===
2026-06-08 23:10:02 [98,454ms] [Warning] [isaacsim.g1.livesensor] PUBLISHED 1000 W=0.672
=== PUBLISHED 1050 W=0.672 L=False R=False ===
2026-06-08 23:10:06 [101,928ms] [Warning] [isaacsim.g1.livesensor] PUBLISHED 1050 W=0.672
=== PUBLISHED 1100 W=0.672 L=False R=False ===
2026-06-08 23:10:09 [105,363ms] [Warning] [isaacsim.g1.livesensor] PUBLISHED 1100 W=0.672
=== PUBLISHED 1150 W=0.672 L=False R=False ===
2026-06-08 23:10:12 [108,789ms] [Warning] [isaacsim.g1.livesensor] PUBLISHED 1150 W=0.672
=== PUBLISHED 1200 W=0.672 L=False R=False ===
2026-06-08 23:10:16 [112,270ms] [Warning] [isaacsim.g1.livesensor] PUBLISHED 1200 W=0.672
=== PUBLISHED 1250 W=0.672 L=False R=False ===
2026-06-08 23:10:19 [115,703ms] [Warning] [isaacsim.g1.livesensor] PUBLISHED 1250 W=0.672
=== PUBLISHED 1300 W=0.672 L=False R=False ===
2026-06-08 23:10:23 [119,145ms] [Warning] [isaacsim.g1.livesensor] PUBLISHED 1300 W=0.672
=== PUBLISHED 1350 W=0.672 L=False R=False ===
2026-06-08 23:10:26 [122,573ms] [Warning] [isaacsim.g1.livesensor] PUBLISHED 1350 W=0.672
=== PUBLISHED 1400 W=0.672 L=False R=False ===
2026-06-08 23:10:30 [126,005ms] [Warning] [isaacsim.g1.livesensor] PUBLISHED 1400 W=0.672
=== PUBLISHED 1450 W=0.672 L=False R=False ===
2026-06-08 23:10:33 [129,484ms] [Warning] [isaacsim.g1.livesensor] PUBLISHED 1450 W=0.672
=== PUBLISHED 1500 W=0.672 L=False R=False ===
2026-06-08 23:10:37 [132,945ms] [Warning] [isaacsim.g1.livesensor] PUBLISHED 1500 W=0.672
=== PUBLISHED 1550 W=0.672 L=False R=False ===
2026-06-08 23:10:40 [136,397ms] [Warning] [isaacsim.g1.livesensor] PUBLISHED 1550 W=0.672
=== PUBLISHED 1600 W=0.672 L=False R=False ===
2026-06-08 23:10:43 [139,846ms] [Warning] [isaacsim.g1.livesensor] PUBLISHED 1600 W=0.672
=== PUBLISHED 1650 W=0.672 L=False R=False ===
2026-06-08 23:10:47 [143,304ms] [Warning] [isaacsim.g1.livesensor] PUBLISHED 1650 W=0.672
=== PUBLISHED 1700 W=0.672 L=False R=False ===
2026-06-08 23:10:50 [146,739ms] [Warning] [isaacsim.g1.livesensor] PUBLISHED 1700 W=0.672
=== PUBLISH DONE: 1742 msgs ===
2026-06-08 23:10:53 [149,698ms] [Warning] [isaacsim.g1.livesensor] === PUBLISH DONE: 1742 ===
=== RCLPY SHUTDOWN CLEAN ===
