[Info] [carb] Logging to file: /root/.nvidia-omniverse/logs/Kit/Isaac-Sim Minimal Loop Python/4.5/kit_20260608_210653.log
[0.800s] [ext: omni.kit.async_engine-0.0.1] startup
[1.733s] [ext: omni.client.lib-1.0.0] startup
[1.793s] [ext: omni.stats-1.0.1] startup
[1.795s] [ext: omni.client-1.2.2] startup
[1.804s] [ext: omni.gpu_foundation.shadercache.vulkan-1.0.0] startup
[1.821s] [ext: omni.assets.plugins-0.0.0] startup
[1.823s] [ext: omni.gpu_foundation-0.0.0] startup
[1.836s] [ext: omni.kit.pipapi-0.0.0] startup
[1.840s] [ext: omni.kit.pip_archive-0.0.0] startup
[1.842s] [ext: omni.pip.compute-1.4.5] startup
[1.843s] [ext: omni.pip.cloud-1.1.7] startup
[1.868s] [ext: omni.isaac.core_archive-2.3.3] startup
[1.870s] [ext: omni.usd.config-1.0.5] startup
2026-06-08 21:06:55 [1,857ms] [Warning] [omni.usd_config.extension] Enable omni.materialx.libs extension to use MaterialX
[1.880s] [ext: omni.gpucompute.plugins-0.0.0] startup
[1.880s] [ext: omni.usd.libs-1.0.1] startup
[1.999s] [ext: omni.isaac.ml_archive-2.1.2] startup
[2.001s] [ext: omni.usd.schema.physx-106.5.7] startup
[2.264s] [ext: omni.usd.schema.semantics-0.0.0] startup
[2.269s] [ext: omni.usd.schema.audio-0.0.0] startup
[2.275s] [ext: carb.audio-0.1.0] startup
[2.279s] [ext: omni.kit.actions.core-1.0.0] startup
[2.283s] [ext: omni.timeline-1.0.11] startup
[2.286s] [ext: omni.kit.commands-1.4.9] startup
[2.332s] [ext: omni.kvdb-106.5.7] startup
[2.335s] [ext: omni.kit.audiodeviceenum-1.0.1] startup
[2.338s] [ext: usdrt.scenegraph-7.5.1] startup
[2.417s] [ext: omni.convexdecomposition-106.5.7] startup
[2.424s] [ext: omni.localcache-106.5.7] startup
[2.427s] [ext: omni.usd_resolver-1.0.0] startup
[2.434s] [ext: omni.physx.foundation-106.5.7] startup
[2.437s] [ext: omni.graph.exec-0.9.4] startup
[2.438s] [ext: omni.usdphysics-106.5.7] startup
[2.442s] [ext: omni.usd.core-1.4.2] startup
[2.445s] [ext: omni.kit.usd_undo-0.1.8] startup
[2.448s] [ext: omni.kit.exec.core-0.13.4] startup
[2.452s] [ext: omni.physx.cooking-106.5.7] startup
[2.464s] [ext: omni.metrics.core-0.0.1] startup
[2.464s] [ext: omni.blobkey-1.1.2] startup
[2.465s] [ext: omni.datastore-0.0.0] startup
[2.474s] [ext: omni.ujitso.default-1.0.0] startup
[2.478s] [ext: omni.hsscclient-1.1.1] startup
2026-06-08 21:06:55 [2,459ms] [Warning] [omni.datastore] OmniHub is inaccessible
2026-06-08 21:06:55 [2,495ms] [Warning] [omni.platforminfo.plugin] failed to open the default display.  Can't verify X Server version.
[2.524s] [ext: omni.usd-1.12.4] startup
[2.679s] [ext: omni.physx-106.5.7] startup
[2.722s] [ext: omni.kit.numpy.common-0.1.2] startup
[3.179s] [ext: omni.kit.usd.layers-2.2.0] startup
[3.226s] [ext: omni.physics.tensors-106.5.7] startup
[3.257s] [ext: omni.physx.stageupdate-106.5.7] startup
[3.265s] [ext: isaacsim.core.deprecation_manager-0.2.2] startup
[3.270s] [ext: omni.isaac.dynamic_control-1.3.15] startup
2026-06-08 21:06:56 [3,258ms] [Warning] [omni.isaac.dynamic_control] omni.isaac.dynamic_control is deprecated as of Isaac Sim 4.5. No action is needed from end-users.
[3.282s] [ext: omni.physx.tensors-106.5.7] startup
[4.915s] [ext: isaacsim.core.version-2.0.2] startup
[4.918s] [ext: omni.warp.core-1.5.0] startup
[5.485s] [ext: isaacsim.storage.native-1.0.6] startup
[5.493s] [ext: omni.kit.stage_template.core-1.1.22] startup
[5.496s] [ext: isaacsim.core.utils-2.2.8] startup
[5.502s] [ext: omni.kit.primitive.mesh-1.0.17] startup
[5.526s] [ext: isaacsim.core.simulation_manager-0.3.3] startup
[10.151s] [ext: omni.kit.stage_templates-1.2.6] startup
[10.161s] [ext: isaacsim.core.prims-0.3.7] startup
[10.349s] [ext: isaacsim.core.api-4.2.16] startup
[10.450s] [ext: omni.kit.loop-isaac-1.2.1] startup
[10.453s] [ext: isaacsim.g1.jointpub-0.1.0] startup
=== STARTUP EXTENSION OK ===
2026-06-08 21:07:03 [10,433ms] [Warning] [isaacsim.g1.jointpub] === STARTUP EXTENSION OK ===
[10.455s] [ext: 4d3b2-4.5.0] startup
=== RCLPY + PUBLISHER OK: /joint_states ===
2026-06-08 21:07:04 [10,757ms] [Warning] [isaacsim.g1.jointpub] === RCLPY + PUBLISHER OK ===
[10.790s] app ready

|---------------------------------------------------------------------------------------------|
| Driver Version: 580.159.03    | Graphics API: Vulkan
|=============================================================================================|
| GPU | Name                             | Active | LDA | GPU Memory | Vendor-ID | LUID       |
|     |                                  |        |     |            | Device-ID | UUID       |
|     |                                  |        |     |            | Bus-ID    |            |
|---------------------------------------------------------------------------------------------|
| 0   | Tesla T4                         | Yes: 0 |     | 15606   MB | 10de      | 0          |
|     |                                  |        |     |            | 1eb8      | ddfd322a.. |
|     |                                  |        |     |            | 0         |            |
|=============================================================================================|
| OS: 22.04.5 LTS (Jammy Jellyfish) ubuntu, Version: 22.04.5, Kernel: 5.15.0-181-generic
| Processor: Intel(R) Xeon(R) Gold 6152 CPU @ 2.10GHz
| Cores: 2 | Logical Cores: 4
|---------------------------------------------------------------------------------------------|
| Total Memory (MB): 32092 | Free Memory: 30249
| Total Page/Swap (MB): 0 | Free Page/Swap: 0
|---------------------------------------------------------------------------------------------|
2026-06-08 21:07:04 [11,659ms] [Warning] [gpu.foundation.plugin] ECC is enabled on physical device 0
2026-06-08 21:07:05 [12,620ms] [Warning] [omni.physx.plugin] Detected an articulation at /World/G1 with more than 4 velocity iterations being added to a TGS scene.The related behavior changed recently, please consult the changelog. This warning will only print once.
=== G1 LOADED === num_dof: 37 dof_names_len: 37
2026-06-08 21:07:06 [12,952ms] [Warning] [isaacsim.g1.jointpub] === G1 LOADED === num_dof: 37 names: 37
=== G1 AT REST (150 steps) ===
=== PUBLISHED 50 msgs (name=37 pos=37 vel=37) ===
2026-06-08 21:07:12 [19,143ms] [Warning] [isaacsim.g1.jointpub] PUBLISHED 50 msgs
=== PUBLISHED 100 msgs (name=37 pos=37 vel=37) ===
2026-06-08 21:07:18 [24,954ms] [Warning] [isaacsim.g1.jointpub] PUBLISHED 100 msgs
=== PUBLISHED 150 msgs (name=37 pos=37 vel=37) ===
2026-06-08 21:07:24 [30,789ms] [Warning] [isaacsim.g1.jointpub] PUBLISHED 150 msgs
=== PUBLISHED 200 msgs (name=37 pos=37 vel=37) ===
2026-06-08 21:07:29 [36,628ms] [Warning] [isaacsim.g1.jointpub] PUBLISHED 200 msgs
=== PUBLISHED 250 msgs (name=37 pos=37 vel=37) ===
2026-06-08 21:07:35 [42,470ms] [Warning] [isaacsim.g1.jointpub] PUBLISHED 250 msgs
=== PUBLISHED 300 msgs (name=37 pos=37 vel=37) ===
2026-06-08 21:07:41 [48,292ms] [Warning] [isaacsim.g1.jointpub] PUBLISHED 300 msgs
=== PUBLISHED 350 msgs (name=37 pos=37 vel=37) ===
2026-06-08 21:07:47 [54,136ms] [Warning] [isaacsim.g1.jointpub] PUBLISHED 350 msgs
=== PUBLISHED 400 msgs (name=37 pos=37 vel=37) ===
2026-06-08 21:07:53 [59,977ms] [Warning] [isaacsim.g1.jointpub] PUBLISHED 400 msgs
=== PUBLISHED 450 msgs (name=37 pos=37 vel=37) ===
2026-06-08 21:07:59 [65,820ms] [Warning] [isaacsim.g1.jointpub] PUBLISHED 450 msgs
