[Info] [carb] Logging to file: /root/.nvidia-omniverse/logs/Kit/Isaac-Sim Minimal Loop Python/4.5/kit_20260608_213557.log
[0.822s] [ext: omni.kit.async_engine-0.0.1] startup
[1.775s] [ext: omni.client.lib-1.0.0] startup
[1.834s] [ext: omni.stats-1.0.1] startup
[1.836s] [ext: omni.client-1.2.2] startup
[1.845s] [ext: omni.gpu_foundation.shadercache.vulkan-1.0.0] startup
[1.862s] [ext: omni.assets.plugins-0.0.0] startup
[1.865s] [ext: omni.gpu_foundation-0.0.0] startup
[1.877s] [ext: omni.kit.pipapi-0.0.0] startup
[1.882s] [ext: omni.kit.pip_archive-0.0.0] startup
[1.883s] [ext: omni.pip.compute-1.4.5] startup
[1.884s] [ext: omni.pip.cloud-1.1.7] startup
[1.910s] [ext: omni.isaac.core_archive-2.3.3] startup
[1.911s] [ext: omni.usd.config-1.0.5] startup
2026-06-08 21:35:59 [1,902ms] [Warning] [omni.usd_config.extension] Enable omni.materialx.libs extension to use MaterialX
[1.921s] [ext: omni.gpucompute.plugins-0.0.0] startup
[1.922s] [ext: omni.usd.libs-1.0.1] startup
[2.038s] [ext: omni.isaac.ml_archive-2.1.2] startup
[2.040s] [ext: omni.usd.schema.physx-106.5.7] startup
[2.295s] [ext: omni.usd.schema.semantics-0.0.0] startup
[2.300s] [ext: omni.usd.schema.audio-0.0.0] startup
[2.305s] [ext: carb.audio-0.1.0] startup
[2.327s] [ext: omni.kit.actions.core-1.0.0] startup
[2.332s] [ext: omni.timeline-1.0.11] startup
[2.335s] [ext: omni.kit.commands-1.4.9] startup
[2.378s] [ext: omni.kvdb-106.5.7] startup
[2.382s] [ext: omni.kit.audiodeviceenum-1.0.1] startup
[2.385s] [ext: usdrt.scenegraph-7.5.1] startup
[2.460s] [ext: omni.convexdecomposition-106.5.7] startup
[2.467s] [ext: omni.localcache-106.5.7] startup
[2.470s] [ext: omni.usd_resolver-1.0.0] startup
[2.476s] [ext: omni.physx.foundation-106.5.7] startup
[2.479s] [ext: omni.graph.exec-0.9.4] startup
[2.480s] [ext: omni.usdphysics-106.5.7] startup
[2.484s] [ext: omni.usd.core-1.4.2] startup
[2.487s] [ext: omni.kit.usd_undo-0.1.8] startup
[2.490s] [ext: omni.kit.exec.core-0.13.4] startup
[2.494s] [ext: omni.physx.cooking-106.5.7] startup
[2.505s] [ext: omni.metrics.core-0.0.1] startup
[2.506s] [ext: omni.blobkey-1.1.2] startup
[2.506s] [ext: omni.datastore-0.0.0] startup
[2.515s] [ext: omni.ujitso.default-1.0.0] startup
[2.519s] [ext: omni.hsscclient-1.1.1] startup
2026-06-08 21:36:00 [2,503ms] [Warning] [omni.datastore] OmniHub is inaccessible
2026-06-08 21:36:00 [2,540ms] [Warning] [omni.platforminfo.plugin] failed to open the default display.  Can't verify X Server version.
[2.565s] [ext: omni.usd-1.12.4] startup
[2.718s] [ext: omni.physx-106.5.7] startup
[2.755s] [ext: omni.kit.numpy.common-0.1.2] startup
[3.220s] [ext: omni.kit.usd.layers-2.2.0] startup
[3.277s] [ext: omni.physics.tensors-106.5.7] startup
[3.310s] [ext: omni.physx.stageupdate-106.5.7] startup
[3.317s] [ext: isaacsim.core.deprecation_manager-0.2.2] startup
[3.322s] [ext: omni.isaac.dynamic_control-1.3.15] startup
2026-06-08 21:36:01 [3,314ms] [Warning] [omni.isaac.dynamic_control] omni.isaac.dynamic_control is deprecated as of Isaac Sim 4.5. No action is needed from end-users.
[3.334s] [ext: omni.physx.tensors-106.5.7] startup
[4.977s] [ext: isaacsim.core.version-2.0.2] startup
[4.980s] [ext: omni.warp.core-1.5.0] startup
[5.576s] [ext: isaacsim.storage.native-1.0.6] startup
[5.583s] [ext: omni.kit.stage_template.core-1.1.22] startup
[5.586s] [ext: isaacsim.core.utils-2.2.8] startup
[5.593s] [ext: omni.kit.primitive.mesh-1.0.17] startup
[5.618s] [ext: isaacsim.core.simulation_manager-0.3.3] startup
[10.311s] [ext: omni.kit.stage_templates-1.2.6] startup
[10.320s] [ext: isaacsim.core.prims-0.3.7] startup
[10.481s] [ext: isaacsim.core.api-4.2.16] startup
[10.568s] [ext: omni.kit.loop-isaac-1.2.1] startup
[10.571s] [ext: isaacsim.g1.jointpub-0.1.0] startup
=== STARTUP EXTENSION OK ===
2026-06-08 21:36:08 [10,555ms] [Warning] [isaacsim.g1.jointpub] === STARTUP EXTENSION OK ===
[10.574s] [ext: 4d3b2-4.5.0] startup
=== RCLPY + PUBLISHER OK: /joint_states ===
2026-06-08 21:36:08 [10,843ms] [Warning] [isaacsim.g1.jointpub] === RCLPY + PUBLISHER OK ===
[10.873s] app ready

|---------------------------------------------------------------------------------------------|
| Driver Version: 580.159.03    | Graphics API: Vulkan
|=============================================================================================|
| GPU | Name                             | Active | LDA | GPU Memory | Vendor-ID | LUID       |
|     |                                  |        |     |            | Device-ID | UUID       |
|     |                                  |        |     |            | Bus-ID    |            |
|---------------------------------------------------------------------------------------------|
| 0   | Tesla T4                         | Yes: 0 |     | 15606   MB | 10de      | 0          |
|     |                                  |        |     |            | 1eb8      | ddfd322a.. |
|     |                                  |        |     |            | 0         |            |
|=============================================================================================|
| OS: 22.04.5 LTS (Jammy Jellyfish) ubuntu, Version: 22.04.5, Kernel: 5.15.0-181-generic
| Processor: Intel(R) Xeon(R) Gold 6152 CPU @ 2.10GHz
| Cores: 2 | Logical Cores: 4
|---------------------------------------------------------------------------------------------|
| Total Memory (MB): 32092 | Free Memory: 30248
| Total Page/Swap (MB): 0 | Free Page/Swap: 0
|---------------------------------------------------------------------------------------------|
2026-06-08 21:36:09 [11,780ms] [Warning] [gpu.foundation.plugin] ECC is enabled on physical device 0
2026-06-08 21:36:10 [12,882ms] [Warning] [omni.physx.plugin] Detected an articulation at /World/G1 with more than 4 velocity iterations being added to a TGS scene.The related behavior changed recently, please consult the changelog. This warning will only print once.
=== G1 LOADED === num_dof: 37 dof_names_len: 37
2026-06-08 21:36:11 [13,201ms] [Warning] [isaacsim.g1.jointpub] === G1 LOADED === num_dof: 37 names: 37
=== G1 AT REST (150 steps) ===
=== PUBLISHED 50 msgs (name=37 pos=37 vel=37) ===
2026-06-08 21:36:17 [19,363ms] [Warning] [isaacsim.g1.jointpub] PUBLISHED 50 msgs
=== PUBLISHED 100 msgs (name=37 pos=37 vel=37) ===
2026-06-08 21:36:23 [25,168ms] [Warning] [isaacsim.g1.jointpub] PUBLISHED 100 msgs
=== PUBLISHED 150 msgs (name=37 pos=37 vel=37) ===
2026-06-08 21:36:28 [30,992ms] [Warning] [isaacsim.g1.jointpub] PUBLISHED 150 msgs
=== PUBLISHED 200 msgs (name=37 pos=37 vel=37) ===
2026-06-08 21:36:34 [36,832ms] [Warning] [isaacsim.g1.jointpub] PUBLISHED 200 msgs
=== PUBLISHED 250 msgs (name=37 pos=37 vel=37) ===
2026-06-08 21:36:40 [42,666ms] [Warning] [isaacsim.g1.jointpub] PUBLISHED 250 msgs
=== PUBLISHED 300 msgs (name=37 pos=37 vel=37) ===
2026-06-08 21:36:46 [48,505ms] [Warning] [isaacsim.g1.jointpub] PUBLISHED 300 msgs
=== PUBLISHED 350 msgs (name=37 pos=37 vel=37) ===
2026-06-08 21:36:52 [54,363ms] [Warning] [isaacsim.g1.jointpub] PUBLISHED 350 msgs
=== PUBLISHED 400 msgs (name=37 pos=37 vel=37) ===
2026-06-08 21:36:58 [60,203ms] [Warning] [isaacsim.g1.jointpub] PUBLISHED 400 msgs
=== PUBLISHED 450 msgs (name=37 pos=37 vel=37) ===
2026-06-08 21:37:03 [66,025ms] [Warning] [isaacsim.g1.jointpub] PUBLISHED 450 msgs
=== PUBLISHED 500 msgs (name=37 pos=37 vel=37) ===
2026-06-08 21:37:09 [71,865ms] [Warning] [isaacsim.g1.jointpub] PUBLISHED 500 msgs
=== PUBLISHED 550 msgs (name=37 pos=37 vel=37) ===
2026-06-08 21:37:15 [77,721ms] [Warning] [isaacsim.g1.jointpub] PUBLISHED 550 msgs
=== PUBLISHED 600 msgs (name=37 pos=37 vel=37) ===
2026-06-08 21:37:21 [83,556ms] [Warning] [isaacsim.g1.jointpub] PUBLISHED 600 msgs
=== PUBLISHED 650 msgs (name=37 pos=37 vel=37) ===
2026-06-08 21:37:27 [89,401ms] [Warning] [isaacsim.g1.jointpub] PUBLISHED 650 msgs
=== PUBLISHED 700 msgs (name=37 pos=37 vel=37) ===
2026-06-08 21:37:33 [95,242ms] [Warning] [isaacsim.g1.jointpub] PUBLISHED 700 msgs
=== PUBLISHED 750 msgs (name=37 pos=37 vel=37) ===
2026-06-08 21:37:38 [101,081ms] [Warning] [isaacsim.g1.jointpub] PUBLISHED 750 msgs
=== PUBLISHED 800 msgs (name=37 pos=37 vel=37) ===
2026-06-08 21:37:44 [106,919ms] [Warning] [isaacsim.g1.jointpub] PUBLISHED 800 msgs
=== PUBLISHED 850 msgs (name=37 pos=37 vel=37) ===
2026-06-08 21:37:50 [112,740ms] [Warning] [isaacsim.g1.jointpub] PUBLISHED 850 msgs
=== PUBLISHED 900 msgs (name=37 pos=37 vel=37) ===
2026-06-08 21:37:56 [118,562ms] [Warning] [isaacsim.g1.jointpub] PUBLISHED 900 msgs
=== PUBLISHED 950 msgs (name=37 pos=37 vel=37) ===
2026-06-08 21:38:02 [124,401ms] [Warning] [isaacsim.g1.jointpub] PUBLISHED 950 msgs
=== PUBLISHED 1000 msgs (name=37 pos=37 vel=37) ===
2026-06-08 21:38:08 [130,241ms] [Warning] [isaacsim.g1.jointpub] PUBLISHED 1000 msgs
=== PUBLISHED 1050 msgs (name=37 pos=37 vel=37) ===
2026-06-08 21:38:13 [136,080ms] [Warning] [isaacsim.g1.jointpub] PUBLISHED 1050 msgs
=== PUBLISHED 1100 msgs (name=37 pos=37 vel=37) ===
2026-06-08 21:38:19 [141,906ms] [Warning] [isaacsim.g1.jointpub] PUBLISHED 1100 msgs
=== PUBLISHED 1150 msgs (name=37 pos=37 vel=37) ===
2026-06-08 21:38:25 [147,745ms] [Warning] [isaacsim.g1.jointpub] PUBLISHED 1150 msgs
=== PUBLISHED 1200 msgs (name=37 pos=37 vel=37) ===
2026-06-08 21:38:31 [153,585ms] [Warning] [isaacsim.g1.jointpub] PUBLISHED 1200 msgs
=== PUBLISHED 1250 msgs (name=37 pos=37 vel=37) ===
2026-06-08 21:38:37 [159,424ms] [Warning] [isaacsim.g1.jointpub] PUBLISHED 1250 msgs
=== PUBLISHED 1300 msgs (name=37 pos=37 vel=37) ===
2026-06-08 21:38:43 [165,262ms] [Warning] [isaacsim.g1.jointpub] PUBLISHED 1300 msgs
=== PUBLISHED 1350 msgs (name=37 pos=37 vel=37) ===
2026-06-08 21:38:48 [171,105ms] [Warning] [isaacsim.g1.jointpub] PUBLISHED 1350 msgs
=== PUBLISHED 1400 msgs (name=37 pos=37 vel=37) ===
2026-06-08 21:38:54 [176,945ms] [Warning] [isaacsim.g1.jointpub] PUBLISHED 1400 msgs
=== PUBLISHED 1450 msgs (name=37 pos=37 vel=37) ===
2026-06-08 21:39:00 [182,783ms] [Warning] [isaacsim.g1.jointpub] PUBLISHED 1450 msgs
=== PUBLISHED 1500 msgs (name=37 pos=37 vel=37) ===
2026-06-08 21:39:06 [188,624ms] [Warning] [isaacsim.g1.jointpub] PUBLISHED 1500 msgs
=== PUBLISH WINDOW DONE: total 1542 msgs ===
2026-06-08 21:39:11 [193,642ms] [Warning] [isaacsim.g1.jointpub] === PUBLISH WINDOW DONE: 1542 msgs ===
=== RCLPY SHUTDOWN CLEAN ===
