[Info] [carb] Logging to file: /root/.nvidia-omniverse/logs/Kit/Isaac-Sim Minimal Loop Python/4.5/kit_20260608_215131.log
[0.833s] [ext: omni.kit.async_engine-0.0.1] startup
[1.778s] [ext: omni.client.lib-1.0.0] startup
[1.833s] [ext: omni.stats-1.0.1] startup
[1.835s] [ext: omni.client-1.2.2] startup
[1.844s] [ext: omni.gpu_foundation.shadercache.vulkan-1.0.0] startup
[1.859s] [ext: omni.assets.plugins-0.0.0] startup
[1.861s] [ext: omni.gpu_foundation-0.0.0] startup
[1.873s] [ext: omni.kit.pipapi-0.0.0] startup
[1.878s] [ext: omni.kit.pip_archive-0.0.0] startup
[1.878s] [ext: omni.pip.compute-1.4.5] startup
[1.879s] [ext: omni.pip.cloud-1.1.7] startup
[1.903s] [ext: omni.isaac.core_archive-2.3.3] startup
[1.904s] [ext: omni.usd.config-1.0.5] startup
2026-06-08 21:51:33 [1,890ms] [Warning] [omni.usd_config.extension] Enable omni.materialx.libs extension to use MaterialX
[1.913s] [ext: omni.gpucompute.plugins-0.0.0] startup
[1.914s] [ext: omni.usd.libs-1.0.1] startup
[2.033s] [ext: omni.isaac.ml_archive-2.1.2] startup
[2.034s] [ext: omni.usd.schema.physx-106.5.7] startup
[2.294s] [ext: omni.usd.schema.semantics-0.0.0] startup
[2.299s] [ext: omni.usd.schema.audio-0.0.0] startup
[2.304s] [ext: carb.audio-0.1.0] startup
[2.308s] [ext: omni.kit.actions.core-1.0.0] startup
[2.312s] [ext: omni.timeline-1.0.11] startup
[2.315s] [ext: omni.kit.commands-1.4.9] startup
[2.359s] [ext: omni.kvdb-106.5.7] startup
[2.362s] [ext: omni.kit.audiodeviceenum-1.0.1] startup
[2.366s] [ext: usdrt.scenegraph-7.5.1] startup
[2.440s] [ext: omni.convexdecomposition-106.5.7] startup
[2.447s] [ext: omni.localcache-106.5.7] startup
[2.451s] [ext: omni.usd_resolver-1.0.0] startup
[2.457s] [ext: omni.physx.foundation-106.5.7] startup
[2.461s] [ext: omni.graph.exec-0.9.4] startup
[2.461s] [ext: omni.usdphysics-106.5.7] startup
[2.465s] [ext: omni.usd.core-1.4.2] startup
[2.469s] [ext: omni.kit.usd_undo-0.1.8] startup
[2.472s] [ext: omni.kit.exec.core-0.13.4] startup
[2.476s] [ext: omni.physx.cooking-106.5.7] startup
[2.488s] [ext: omni.metrics.core-0.0.1] startup
[2.488s] [ext: omni.blobkey-1.1.2] startup
[2.488s] [ext: omni.datastore-0.0.0] startup
[2.498s] [ext: omni.ujitso.default-1.0.0] startup
[2.502s] [ext: omni.hsscclient-1.1.1] startup
2026-06-08 21:51:33 [2,482ms] [Warning] [omni.datastore] OmniHub is inaccessible
2026-06-08 21:51:33 [2,518ms] [Warning] [omni.platforminfo.plugin] failed to open the default display.  Can't verify X Server version.
[2.548s] [ext: omni.usd-1.12.4] startup
[2.734s] [ext: omni.physx-106.5.7] startup
[2.774s] [ext: omni.kit.numpy.common-0.1.2] startup
[3.335s] [ext: omni.kit.usd.layers-2.2.0] startup
[3.382s] [ext: omni.physics.tensors-106.5.7] startup
[3.414s] [ext: omni.physx.stageupdate-106.5.7] startup
[3.422s] [ext: isaacsim.core.deprecation_manager-0.2.2] startup
[3.427s] [ext: omni.isaac.dynamic_control-1.3.15] startup
2026-06-08 21:51:34 [3,417ms] [Warning] [omni.isaac.dynamic_control] omni.isaac.dynamic_control is deprecated as of Isaac Sim 4.5. No action is needed from end-users.
[3.441s] [ext: omni.physx.tensors-106.5.7] startup
[5.070s] [ext: isaacsim.core.version-2.0.2] startup
[5.074s] [ext: omni.warp.core-1.5.0] startup
[5.634s] [ext: isaacsim.storage.native-1.0.6] startup
[5.642s] [ext: omni.kit.stage_template.core-1.1.22] startup
[5.646s] [ext: isaacsim.core.utils-2.2.8] startup
[5.652s] [ext: omni.kit.primitive.mesh-1.0.17] startup
[5.681s] [ext: isaacsim.core.simulation_manager-0.3.3] startup
[10.141s] [ext: omni.kit.stage_templates-1.2.6] startup
[10.150s] [ext: isaacsim.core.prims-0.3.7] startup
[10.318s] [ext: isaacsim.core.api-4.2.16] startup
[10.420s] [ext: omni.kit.loop-isaac-1.2.1] startup
[10.422s] [ext: isaacsim.g1.jointpub-0.1.0] startup
=== STARTUP EXTENSION OK ===
2026-06-08 21:51:41 [10,402ms] [Warning] [isaacsim.g1.jointpub] === STARTUP EXTENSION OK ===
[10.425s] [ext: 4d3b2-4.5.0] startup
=== RCLPY + PUBLISHER OK: /joint_states ===
2026-06-08 21:51:41 [10,691ms] [Warning] [isaacsim.g1.jointpub] === RCLPY + PUBLISHER OK ===
[10.724s] app ready

|---------------------------------------------------------------------------------------------|
| Driver Version: 580.159.03    | Graphics API: Vulkan
|=============================================================================================|
| GPU | Name                             | Active | LDA | GPU Memory | Vendor-ID | LUID       |
|     |                                  |        |     |            | Device-ID | UUID       |
|     |                                  |        |     |            | Bus-ID    |            |
|---------------------------------------------------------------------------------------------|
| 0   | Tesla T4                         | Yes: 0 |     | 15606   MB | 10de      | 0          |
|     |                                  |        |     |            | 1eb8      | ddfd322a.. |
|     |                                  |        |     |            | 0         |            |
|=============================================================================================|
| OS: 22.04.5 LTS (Jammy Jellyfish) ubuntu, Version: 22.04.5, Kernel: 5.15.0-181-generic
| Processor: Intel(R) Xeon(R) Gold 6152 CPU @ 2.10GHz
| Cores: 2 | Logical Cores: 4
|---------------------------------------------------------------------------------------------|
| Total Memory (MB): 32092 | Free Memory: 30217
| Total Page/Swap (MB): 0 | Free Page/Swap: 0
|---------------------------------------------------------------------------------------------|
2026-06-08 21:51:42 [11,622ms] [Warning] [gpu.foundation.plugin] ECC is enabled on physical device 0
2026-06-08 21:51:43 [12,584ms] [Warning] [omni.physx.plugin] Detected an articulation at /World/G1 with more than 4 velocity iterations being added to a TGS scene.The related behavior changed recently, please consult the changelog. This warning will only print once.
=== G1 LOADED === num_dof: 37 dof_names_len: 37
2026-06-08 21:51:44 [12,917ms] [Warning] [isaacsim.g1.jointpub] === G1 LOADED === num_dof: 37 names: 37
=== G1 AT REST (150 steps) ===
=== PUBLISHED 50 msgs (name=37 pos=37 vel=37) ===
2026-06-08 21:51:50 [19,095ms] [Warning] [isaacsim.g1.jointpub] PUBLISHED 50 msgs
=== PUBLISHED 100 msgs (name=37 pos=37 vel=37) ===
2026-06-08 21:51:56 [24,936ms] [Warning] [isaacsim.g1.jointpub] PUBLISHED 100 msgs
=== PUBLISHED 150 msgs (name=37 pos=37 vel=37) ===
2026-06-08 21:52:01 [30,786ms] [Warning] [isaacsim.g1.jointpub] PUBLISHED 150 msgs
=== PUBLISHED 200 msgs (name=37 pos=37 vel=37) ===
2026-06-08 21:52:07 [36,634ms] [Warning] [isaacsim.g1.jointpub] PUBLISHED 200 msgs
=== PUBLISHED 250 msgs (name=37 pos=37 vel=37) ===
2026-06-08 21:52:13 [42,469ms] [Warning] [isaacsim.g1.jointpub] PUBLISHED 250 msgs
=== PUBLISHED 300 msgs (name=37 pos=37 vel=37) ===
2026-06-08 21:52:19 [48,307ms] [Warning] [isaacsim.g1.jointpub] PUBLISHED 300 msgs
=== PUBLISHED 350 msgs (name=37 pos=37 vel=37) ===
2026-06-08 21:52:25 [54,148ms] [Warning] [isaacsim.g1.jointpub] PUBLISHED 350 msgs
=== PUBLISHED 400 msgs (name=37 pos=37 vel=37) ===
2026-06-08 21:52:31 [59,987ms] [Warning] [isaacsim.g1.jointpub] PUBLISHED 400 msgs
=== PUBLISHED 450 msgs (name=37 pos=37 vel=37) ===
2026-06-08 21:52:37 [65,828ms] [Warning] [isaacsim.g1.jointpub] PUBLISHED 450 msgs
=== PUBLISHED 500 msgs (name=37 pos=37 vel=37) ===
2026-06-08 21:52:42 [71,667ms] [Warning] [isaacsim.g1.jointpub] PUBLISHED 500 msgs
=== PUBLISHED 550 msgs (name=37 pos=37 vel=37) ===
2026-06-08 21:52:48 [77,505ms] [Warning] [isaacsim.g1.jointpub] PUBLISHED 550 msgs
=== PUBLISHED 600 msgs (name=37 pos=37 vel=37) ===
2026-06-08 21:52:54 [83,346ms] [Warning] [isaacsim.g1.jointpub] PUBLISHED 600 msgs
=== PUBLISHED 650 msgs (name=37 pos=37 vel=37) ===
2026-06-08 21:53:00 [89,190ms] [Warning] [isaacsim.g1.jointpub] PUBLISHED 650 msgs
=== PUBLISHED 700 msgs (name=37 pos=37 vel=37) ===
2026-06-08 21:53:06 [95,028ms] [Warning] [isaacsim.g1.jointpub] PUBLISHED 700 msgs
=== PUBLISHED 750 msgs (name=37 pos=37 vel=37) ===
2026-06-08 21:53:12 [100,867ms] [Warning] [isaacsim.g1.jointpub] PUBLISHED 750 msgs
=== PUBLISHED 800 msgs (name=37 pos=37 vel=37) ===
2026-06-08 21:53:17 [106,707ms] [Warning] [isaacsim.g1.jointpub] PUBLISHED 800 msgs
=== PUBLISHED 850 msgs (name=37 pos=37 vel=37) ===
2026-06-08 21:53:23 [112,546ms] [Warning] [isaacsim.g1.jointpub] PUBLISHED 850 msgs
=== PUBLISHED 900 msgs (name=37 pos=37 vel=37) ===
2026-06-08 21:53:29 [118,387ms] [Warning] [isaacsim.g1.jointpub] PUBLISHED 900 msgs
=== PUBLISHED 950 msgs (name=37 pos=37 vel=37) ===
2026-06-08 21:53:35 [124,227ms] [Warning] [isaacsim.g1.jointpub] PUBLISHED 950 msgs
=== PUBLISHED 1000 msgs (name=37 pos=37 vel=37) ===
2026-06-08 21:53:41 [130,071ms] [Warning] [isaacsim.g1.jointpub] PUBLISHED 1000 msgs
=== PUBLISHED 1050 msgs (name=37 pos=37 vel=37) ===
2026-06-08 21:53:47 [135,914ms] [Warning] [isaacsim.g1.jointpub] PUBLISHED 1050 msgs
=== PUBLISHED 1100 msgs (name=37 pos=37 vel=37) ===
2026-06-08 21:53:52 [141,751ms] [Warning] [isaacsim.g1.jointpub] PUBLISHED 1100 msgs
=== PUBLISHED 1150 msgs (name=37 pos=37 vel=37) ===
2026-06-08 21:53:58 [147,589ms] [Warning] [isaacsim.g1.jointpub] PUBLISHED 1150 msgs
=== PUBLISHED 1200 msgs (name=37 pos=37 vel=37) ===
2026-06-08 21:54:04 [153,423ms] [Warning] [isaacsim.g1.jointpub] PUBLISHED 1200 msgs
=== PUBLISHED 1250 msgs (name=37 pos=37 vel=37) ===
2026-06-08 21:54:10 [159,263ms] [Warning] [isaacsim.g1.jointpub] PUBLISHED 1250 msgs
=== PUBLISHED 1300 msgs (name=37 pos=37 vel=37) ===
2026-06-08 21:54:16 [165,102ms] [Warning] [isaacsim.g1.jointpub] PUBLISHED 1300 msgs
=== PUBLISHED 1350 msgs (name=37 pos=37 vel=37) ===
2026-06-08 21:54:22 [170,924ms] [Warning] [isaacsim.g1.jointpub] PUBLISHED 1350 msgs
=== PUBLISHED 1400 msgs (name=37 pos=37 vel=37) ===
2026-06-08 21:54:27 [176,769ms] [Warning] [isaacsim.g1.jointpub] PUBLISHED 1400 msgs
=== PUBLISHED 1450 msgs (name=37 pos=37 vel=37) ===
2026-06-08 21:54:33 [182,607ms] [Warning] [isaacsim.g1.jointpub] PUBLISHED 1450 msgs
=== PUBLISHED 1500 msgs (name=37 pos=37 vel=37) ===
2026-06-08 21:54:39 [188,448ms] [Warning] [isaacsim.g1.jointpub] PUBLISHED 1500 msgs
=== PUBLISH WINDOW DONE: total 1542 msgs ===
2026-06-08 21:54:44 [193,466ms] [Warning] [isaacsim.g1.jointpub] === PUBLISH WINDOW DONE: 1542 msgs ===
=== RCLPY SHUTDOWN CLEAN ===
