[Info] [carb] Logging to file: /root/.nvidia-omniverse/logs/Kit/Isaac-Sim Minimal Loop Python/4.5/kit_20260608_214406.log
[0.825s] [ext: omni.kit.async_engine-0.0.1] startup
[1.769s] [ext: omni.client.lib-1.0.0] startup
[1.829s] [ext: omni.stats-1.0.1] startup
[1.831s] [ext: omni.client-1.2.2] startup
[1.840s] [ext: omni.gpu_foundation.shadercache.vulkan-1.0.0] startup
[1.856s] [ext: omni.assets.plugins-0.0.0] startup
[1.858s] [ext: omni.gpu_foundation-0.0.0] startup
[1.871s] [ext: omni.kit.pipapi-0.0.0] startup
[1.876s] [ext: omni.kit.pip_archive-0.0.0] startup
[1.877s] [ext: omni.pip.compute-1.4.5] startup
[1.878s] [ext: omni.pip.cloud-1.1.7] startup
[1.903s] [ext: omni.isaac.core_archive-2.3.3] startup
[1.904s] [ext: omni.usd.config-1.0.5] startup
2026-06-08 21:44:08 [1,896ms] [Warning] [omni.usd_config.extension] Enable omni.materialx.libs extension to use MaterialX
[1.914s] [ext: omni.gpucompute.plugins-0.0.0] startup
[1.915s] [ext: omni.usd.libs-1.0.1] startup
[2.033s] [ext: omni.isaac.ml_archive-2.1.2] startup
[2.034s] [ext: omni.usd.schema.physx-106.5.7] startup
[2.297s] [ext: omni.usd.schema.semantics-0.0.0] startup
[2.301s] [ext: omni.usd.schema.audio-0.0.0] startup
[2.307s] [ext: carb.audio-0.1.0] startup
[2.329s] [ext: omni.kit.actions.core-1.0.0] startup
[2.333s] [ext: omni.timeline-1.0.11] startup
[2.337s] [ext: omni.kit.commands-1.4.9] startup
[2.380s] [ext: omni.kvdb-106.5.7] startup
[2.383s] [ext: omni.kit.audiodeviceenum-1.0.1] startup
[2.386s] [ext: usdrt.scenegraph-7.5.1] startup
[2.459s] [ext: omni.convexdecomposition-106.5.7] startup
[2.467s] [ext: omni.localcache-106.5.7] startup
[2.470s] [ext: omni.usd_resolver-1.0.0] startup
[2.476s] [ext: omni.physx.foundation-106.5.7] startup
[2.480s] [ext: omni.graph.exec-0.9.4] startup
[2.481s] [ext: omni.usdphysics-106.5.7] startup
[2.485s] [ext: omni.usd.core-1.4.2] startup
[2.488s] [ext: omni.kit.usd_undo-0.1.8] startup
[2.491s] [ext: omni.kit.exec.core-0.13.4] startup
[2.495s] [ext: omni.physx.cooking-106.5.7] startup
[2.507s] [ext: omni.metrics.core-0.0.1] startup
[2.507s] [ext: omni.blobkey-1.1.2] startup
[2.508s] [ext: omni.datastore-0.0.0] startup
[2.517s] [ext: omni.ujitso.default-1.0.0] startup
[2.522s] [ext: omni.hsscclient-1.1.1] startup
2026-06-08 21:44:09 [2,507ms] [Warning] [omni.datastore] OmniHub is inaccessible
2026-06-08 21:44:09 [2,547ms] [Warning] [omni.platforminfo.plugin] failed to open the default display.  Can't verify X Server version.
[2.571s] [ext: omni.usd-1.12.4] startup
[2.748s] [ext: omni.physx-106.5.7] startup
[2.787s] [ext: omni.kit.numpy.common-0.1.2] startup
[3.246s] [ext: omni.kit.usd.layers-2.2.0] startup
[3.291s] [ext: omni.physics.tensors-106.5.7] startup
[3.326s] [ext: omni.physx.stageupdate-106.5.7] startup
[3.333s] [ext: isaacsim.core.deprecation_manager-0.2.2] startup
[3.338s] [ext: omni.isaac.dynamic_control-1.3.15] startup
2026-06-08 21:44:10 [3,332ms] [Warning] [omni.isaac.dynamic_control] omni.isaac.dynamic_control is deprecated as of Isaac Sim 4.5. No action is needed from end-users.
[3.351s] [ext: omni.physx.tensors-106.5.7] startup
[4.990s] [ext: isaacsim.core.version-2.0.2] startup
[4.994s] [ext: omni.warp.core-1.5.0] startup
[5.592s] [ext: isaacsim.storage.native-1.0.6] startup
[5.599s] [ext: omni.kit.stage_template.core-1.1.22] startup
[5.603s] [ext: isaacsim.core.utils-2.2.8] startup
[5.608s] [ext: omni.kit.primitive.mesh-1.0.17] startup
[5.633s] [ext: isaacsim.core.simulation_manager-0.3.3] startup
[10.575s] [ext: omni.kit.stage_templates-1.2.6] startup
[10.586s] [ext: isaacsim.core.prims-0.3.7] startup
[10.738s] [ext: isaacsim.core.api-4.2.16] startup
[10.824s] [ext: omni.kit.loop-isaac-1.2.1] startup
[10.826s] [ext: isaacsim.g1.jointpub-0.1.0] startup
=== STARTUP EXTENSION OK ===
2026-06-08 21:44:17 [10,811ms] [Warning] [isaacsim.g1.jointpub] === STARTUP EXTENSION OK ===
[10.829s] [ext: 4d3b2-4.5.0] startup
=== RCLPY + PUBLISHER OK: /joint_states ===
2026-06-08 21:44:17 [11,093ms] [Warning] [isaacsim.g1.jointpub] === RCLPY + PUBLISHER OK ===
[11.121s] app ready

|---------------------------------------------------------------------------------------------|
| Driver Version: 580.159.03    | Graphics API: Vulkan
|=============================================================================================|
| GPU | Name                             | Active | LDA | GPU Memory | Vendor-ID | LUID       |
|     |                                  |        |     |            | Device-ID | UUID       |
|     |                                  |        |     |            | Bus-ID    |            |
|---------------------------------------------------------------------------------------------|
| 0   | Tesla T4                         | Yes: 0 |     | 15606   MB | 10de      | 0          |
|     |                                  |        |     |            | 1eb8      | ddfd322a.. |
|     |                                  |        |     |            | 0         |            |
|=============================================================================================|
| OS: 22.04.5 LTS (Jammy Jellyfish) ubuntu, Version: 22.04.5, Kernel: 5.15.0-181-generic
| Processor: Intel(R) Xeon(R) Gold 6152 CPU @ 2.10GHz
| Cores: 2 | Logical Cores: 4
|---------------------------------------------------------------------------------------------|
| Total Memory (MB): 32092 | Free Memory: 30221
| Total Page/Swap (MB): 0 | Free Page/Swap: 0
|---------------------------------------------------------------------------------------------|
2026-06-08 21:44:18 [11,983ms] [Warning] [gpu.foundation.plugin] ECC is enabled on physical device 0
2026-06-08 21:44:20 [13,246ms] [Warning] [omni.physx.plugin] Detected an articulation at /World/G1 with more than 4 velocity iterations being added to a TGS scene.The related behavior changed recently, please consult the changelog. This warning will only print once.
=== G1 LOADED === num_dof: 37 dof_names_len: 37
2026-06-08 21:44:20 [13,577ms] [Warning] [isaacsim.g1.jointpub] === G1 LOADED === num_dof: 37 names: 37
=== G1 AT REST (150 steps) ===
=== PUBLISHED 50 msgs (name=37 pos=37 vel=37) ===
2026-06-08 21:44:26 [19,740ms] [Warning] [isaacsim.g1.jointpub] PUBLISHED 50 msgs
=== PUBLISHED 100 msgs (name=37 pos=37 vel=37) ===
2026-06-08 21:44:32 [25,582ms] [Warning] [isaacsim.g1.jointpub] PUBLISHED 100 msgs
=== PUBLISHED 150 msgs (name=37 pos=37 vel=37) ===
2026-06-08 21:44:38 [31,422ms] [Warning] [isaacsim.g1.jointpub] PUBLISHED 150 msgs
=== PUBLISHED 200 msgs (name=37 pos=37 vel=37) ===
2026-06-08 21:44:44 [37,262ms] [Warning] [isaacsim.g1.jointpub] PUBLISHED 200 msgs
=== PUBLISHED 250 msgs (name=37 pos=37 vel=37) ===
2026-06-08 21:44:49 [43,098ms] [Warning] [isaacsim.g1.jointpub] PUBLISHED 250 msgs
=== PUBLISHED 300 msgs (name=37 pos=37 vel=37) ===
2026-06-08 21:44:55 [48,938ms] [Warning] [isaacsim.g1.jointpub] PUBLISHED 300 msgs
=== PUBLISHED 350 msgs (name=37 pos=37 vel=37) ===
2026-06-08 21:45:01 [54,778ms] [Warning] [isaacsim.g1.jointpub] PUBLISHED 350 msgs
=== PUBLISHED 400 msgs (name=37 pos=37 vel=37) ===
2026-06-08 21:45:07 [60,619ms] [Warning] [isaacsim.g1.jointpub] PUBLISHED 400 msgs
=== PUBLISHED 450 msgs (name=37 pos=37 vel=37) ===
2026-06-08 21:45:13 [66,458ms] [Warning] [isaacsim.g1.jointpub] PUBLISHED 450 msgs
=== PUBLISHED 500 msgs (name=37 pos=37 vel=37) ===
2026-06-08 21:45:19 [72,299ms] [Warning] [isaacsim.g1.jointpub] PUBLISHED 500 msgs
=== PUBLISHED 550 msgs (name=37 pos=37 vel=37) ===
2026-06-08 21:45:25 [78,141ms] [Warning] [isaacsim.g1.jointpub] PUBLISHED 550 msgs
=== PUBLISHED 600 msgs (name=37 pos=37 vel=37) ===
2026-06-08 21:45:30 [83,986ms] [Warning] [isaacsim.g1.jointpub] PUBLISHED 600 msgs
=== PUBLISHED 650 msgs (name=37 pos=37 vel=37) ===
2026-06-08 21:45:36 [89,826ms] [Warning] [isaacsim.g1.jointpub] PUBLISHED 650 msgs
=== PUBLISHED 700 msgs (name=37 pos=37 vel=37) ===
2026-06-08 21:45:42 [95,649ms] [Warning] [isaacsim.g1.jointpub] PUBLISHED 700 msgs
=== PUBLISHED 750 msgs (name=37 pos=37 vel=37) ===
2026-06-08 21:45:48 [101,489ms] [Warning] [isaacsim.g1.jointpub] PUBLISHED 750 msgs
=== PUBLISHED 800 msgs (name=37 pos=37 vel=37) ===
2026-06-08 21:45:54 [107,312ms] [Warning] [isaacsim.g1.jointpub] PUBLISHED 800 msgs
=== PUBLISHED 850 msgs (name=37 pos=37 vel=37) ===
2026-06-08 21:46:00 [113,151ms] [Warning] [isaacsim.g1.jointpub] PUBLISHED 850 msgs
=== PUBLISHED 900 msgs (name=37 pos=37 vel=37) ===
2026-06-08 21:46:05 [118,992ms] [Warning] [isaacsim.g1.jointpub] PUBLISHED 900 msgs
=== PUBLISHED 950 msgs (name=37 pos=37 vel=37) ===
2026-06-08 21:46:11 [124,832ms] [Warning] [isaacsim.g1.jointpub] PUBLISHED 950 msgs
=== PUBLISHED 1000 msgs (name=37 pos=37 vel=37) ===
2026-06-08 21:46:17 [130,675ms] [Warning] [isaacsim.g1.jointpub] PUBLISHED 1000 msgs
=== PUBLISHED 1050 msgs (name=37 pos=37 vel=37) ===
2026-06-08 21:46:23 [136,514ms] [Warning] [isaacsim.g1.jointpub] PUBLISHED 1050 msgs
=== PUBLISHED 1100 msgs (name=37 pos=37 vel=37) ===
2026-06-08 21:46:29 [142,353ms] [Warning] [isaacsim.g1.jointpub] PUBLISHED 1100 msgs
=== PUBLISHED 1150 msgs (name=37 pos=37 vel=37) ===
2026-06-08 21:46:35 [148,194ms] [Warning] [isaacsim.g1.jointpub] PUBLISHED 1150 msgs
=== PUBLISHED 1200 msgs (name=37 pos=37 vel=37) ===
2026-06-08 21:46:40 [154,033ms] [Warning] [isaacsim.g1.jointpub] PUBLISHED 1200 msgs
=== PUBLISHED 1250 msgs (name=37 pos=37 vel=37) ===
2026-06-08 21:46:46 [159,872ms] [Warning] [isaacsim.g1.jointpub] PUBLISHED 1250 msgs
=== PUBLISHED 1300 msgs (name=37 pos=37 vel=37) ===
2026-06-08 21:46:52 [165,711ms] [Warning] [isaacsim.g1.jointpub] PUBLISHED 1300 msgs
=== PUBLISHED 1350 msgs (name=37 pos=37 vel=37) ===
2026-06-08 21:46:58 [171,549ms] [Warning] [isaacsim.g1.jointpub] PUBLISHED 1350 msgs
=== PUBLISHED 1400 msgs (name=37 pos=37 vel=37) ===
2026-06-08 21:47:04 [177,390ms] [Warning] [isaacsim.g1.jointpub] PUBLISHED 1400 msgs
=== PUBLISHED 1450 msgs (name=37 pos=37 vel=37) ===
2026-06-08 21:47:10 [183,230ms] [Warning] [isaacsim.g1.jointpub] PUBLISHED 1450 msgs
=== PUBLISHED 1500 msgs (name=37 pos=37 vel=37) ===
2026-06-08 21:47:15 [189,069ms] [Warning] [isaacsim.g1.jointpub] PUBLISHED 1500 msgs
=== PUBLISH WINDOW DONE: total 1542 msgs ===
2026-06-08 21:47:20 [194,086ms] [Warning] [isaacsim.g1.jointpub] === PUBLISH WINDOW DONE: 1542 msgs ===
=== RCLPY SHUTDOWN CLEAN ===
