[Info] [carb] Logging to file: /isaac-sim/kit/logs/Kit/Isaac-Sim/4.2/kit_20260529_215909.log
2026-05-29 21:59:09 [0ms] [Warning] [omni.kit.app.plugin] No crash reporter present, dumps uploading isn't available.
[0.542s] [ext: omni.blobkey-1.1.2] startup
[0.566s] [ext: omni.kit.async_engine-0.0.1] startup
[5.154s] [ext: omni.stats-1.0.1] startup
[5.197s] [ext: omni.datastore-0.0.0] startup
[5.686s] [ext: omni.client-1.2.0] startup
[6.293s] [ext: omni.ujitso.default-1.0.0] startup
[6.347s] [ext: omni.gpu_foundation.shadercache.vulkan-1.0.0] startup
[6.429s] [ext: omni.hsscclient-1.1.1] startup
[6.437s] [ext: omni.assets.plugins-0.0.0] startup
[6.497s] [ext: omni.gpu_foundation-0.0.0] startup
[7.244s] [ext: carb.windowing.plugins-1.0.0] startup
2026-05-29 21:59:17 [7,108ms] [Warning] [carb.windowing-glfw.plugin] GLFW initialization failed.
2026-05-29 21:59:17 [7,108ms] [Warning] [carb] Failed to startup plugin carb.windowing-glfw.plugin (interfaces: [carb::windowing::IGLContext v1.0],[carb::windowing::IWindowing v1.4]) (impl: carb.windowing-glfw.plugin)
[7.328s] [ext: omni.kit.renderer.init-0.0.0] startup
2026-05-29 21:59:17 [7,179ms] [Warning] [omni.platforminfo.plugin] failed to open the default display.  Can't verify X Server version.

|---------------------------------------------------------------------------------------------|
| Driver Version: 580.159.03    | Graphics API: Vulkan
|=============================================================================================|
| GPU | Name                             | Active | LDA | GPU Memory | Vendor-ID | LUID       |
|     |                                  |        |     |            | Device-ID | UUID       |
|     |                                  |        |     |            | Bus-ID    |            |
|---------------------------------------------------------------------------------------------|
| 0   | Tesla T4                         | Yes: 0 |     | 15606   MB | 10de      | 0          |
|     |                                  |        |     |            | 1eb8      | ddfd322a.. |
|     |                                  |        |     |            | 0         |            |
|=============================================================================================|
| OS: 22.04.3 LTS (Jammy Jellyfish) ubuntu, Version: 22.04.3, Kernel: 5.15.0-179-generic
| Processor: Intel(R) Xeon(R) Gold 6152 CPU @ 2.10GHz | Cores: 2 | Logical: 4
|---------------------------------------------------------------------------------------------|
| Total Memory (MB): 7936 | Free Memory: 6599
| Total Page/Swap (MB): 0 | Free Page/Swap: 0
|---------------------------------------------------------------------------------------------|
2026-05-29 21:59:22 [12,421ms] [Warning] [gpu.foundation.plugin] ECC is enabled on physical device 0
[12.975s] [ext: omni.kit.pipapi-0.0.0] startup
[13.012s] [ext: omni.kit.pip_archive-0.0.0] startup
[13.013s] [ext: omni.pip.compute-1.4.0] startup
[13.018s] [ext: omni.pip.cloud-1.1.3] startup
[13.055s] [ext: omni.isaac.core_archive-2.3.0] startup
[13.439s] [ext: omni.materialx.libs-1.0.4] startup
[13.597s] [ext: omni.isaac.ml_archive-2.0.1] startup
[13.603s] [ext: omni.kit.telemetry-0.5.0] startup
[13.863s] [ext: omni.usd.config-1.0.4] startup
[13.919s] [ext: omni.gpucompute.plugins-0.0.0] startup
[13.946s] [ext: omni.usd.libs-1.0.1] startup
[15.450s] [ext: omni.iray.libs-0.0.0] startup
[15.804s] [ext: omni.mdl.neuraylib-0.2.8] startup
[15.858s] [ext: omni.mdl-55.0.1] startup
[16.580s] [ext: omni.kit.usd.mdl-1.0.1] startup
[17.611s] [ext: omni.kit.loop-isaac-1.2.0] startup
[17.660s] [ext: omni.kit.test-1.1.0] startup
[19.188s] [ext: omni.appwindow-1.1.8] startup
2026-05-29 21:59:28 [18,983ms] [Warning] [carb.windowing-glfw.plugin] GLFW initialization failed.
2026-05-29 21:59:28 [18,983ms] [Warning] [carb] Failed to startup plugin carb.windowing-glfw.plugin (interfaces: [carb::windowing::IGLContext v1.0],[carb::windowing::IWindowing v1.4]) (impl: carb.windowing-glfw.plugin)
[19.216s] [ext: omni.kit.renderer.core-1.0.2] startup
2026-05-29 21:59:29 [19,134ms] [Warning] [carb.windowing-glfw.plugin] GLFW initialization failed.
2026-05-29 21:59:29 [19,134ms] [Warning] [carb] Failed to startup plugin carb.windowing-glfw.plugin (interfaces: [carb::windowing::IGLContext v1.0],[carb::windowing::IWindowing v1.4]) (impl: carb.windowing-glfw.plugin)
2026-05-29 21:59:29 [19,147ms] [Warning] [carb.windowing-glfw.plugin] GLFW initialization failed.
2026-05-29 21:59:29 [19,147ms] [Warning] [carb] Failed to startup plugin carb.windowing-glfw.plugin (interfaces: [carb::windowing::IGLContext v1.0],[carb::windowing::IWindowing v1.4]) (impl: carb.windowing-glfw.plugin)
[19.389s] [ext: omni.kit.renderer.capture-0.0.0] startup
[19.453s] [ext: omni.kit.renderer.imgui-1.0.1] startup
2026-05-29 21:59:29 [19,299ms] [Warning] [carb.windowing-glfw.plugin] GLFW initialization failed.
2026-05-29 21:59:29 [19,299ms] [Warning] [carb] Failed to startup plugin carb.windowing-glfw.plugin (interfaces: [carb::windowing::IGLContext v1.0],[carb::windowing::IWindowing v1.4]) (impl: carb.windowing-glfw.plugin)
2026-05-29 21:59:29 [19,303ms] [Warning] [carb.windowing-glfw.plugin] GLFW initialization failed.
2026-05-29 21:59:29 [19,303ms] [Warning] [carb] Failed to startup plugin carb.windowing-glfw.plugin (interfaces: [carb::windowing::IGLContext v1.0],[carb::windowing::IWindowing v1.4]) (impl: carb.windowing-glfw.plugin)
2026-05-29 21:59:29 [19,305ms] [Warning] [carb.windowing-glfw.plugin] GLFW initialization failed.
2026-05-29 21:59:29 [19,305ms] [Warning] [carb] Failed to startup plugin carb.windowing-glfw.plugin (interfaces: [carb::windowing::IGLContext v1.0],[carb::windowing::IWindowing v1.4]) (impl: carb.windowing-glfw.plugin)
[20.035s] [ext: omni.ui-2.25.22] startup
[20.188s] [ext: omni.kit.mainwindow-1.0.3] startup
[20.202s] [ext: carb.audio-0.1.0] startup
[20.353s] [ext: omni.uiaudio-1.0.0] startup
[20.375s] [ext: omni.kit.uiapp-0.0.0] startup
[20.375s] [ext: omni.usd.schema.isaac-2.1.0] startup
[20.450s] [ext: omni.usd.schema.audio-0.0.0] startup
[20.498s] [ext: omni.usd.schema.anim-0.0.0] startup
[20.616s] [ext: omni.usd.schema.geospatial-0.0.0] startup
[20.647s] [ext: omni.usd.schema.semantics-0.0.0] startup
[20.684s] [ext: omni.usd.schema.omnigraph-1.0.0] startup
[20.716s] [ext: omni.anim.navigation.schema-106.1.0] startup
[20.753s] [ext: omni.usd.schema.scene.visualization-2.0.2] startup
[20.768s] [ext: omni.usd.schema.omniscripting-1.0.0] startup
[20.780s] [ext: omni.anim.graph.schema-106.1.0] startup
[20.827s] [ext: omni.usd.schema.physx-106.1.9] startup
[21.039s] [ext: omni.usd.schema.forcefield-106.1.9] startup
[21.066s] [ext: omni.graph.exec-0.9.4] startup
[21.088s] [ext: omni.kit.usd_undo-0.1.8] startup
[21.108s] [ext: omni.kit.actions.core-1.0.0] startup
[21.167s] [ext: omni.kit.exec.core-0.13.4] startup
[21.198s] [ext: omni.usd_resolver-1.0.0] startup
[21.226s] [ext: omni.kit.commands-1.4.9] startup
[21.344s] [ext: omni.activity.core-1.0.1] startup
[21.354s] [ext: omni.usd.core-1.4.1] startup
[21.358s] [ext: omni.resourcemonitor-105.0.1] startup
[21.403s] [ext: omni.kit.window.popup_dialog-2.0.24] startup
[21.464s] [ext: omni.timeline-1.0.10] startup
[21.492s] [ext: omni.kit.widget.nucleus_connector-1.1.9] startup
[21.535s] [ext: usdrt.scenegraph-7.5.0] startup
[21.900s] [ext: omni.kit.audiodeviceenum-1.0.1] startup
[21.944s] [ext: omni.hydra.usdrt_delegate-7.5.1] startup
[22.070s] [ext: omni.hydra.scene_delegate-0.3.3] startup
[22.087s] [ext: omni.usd-1.12.2] startup
[22.801s] [ext: omni.kit.menu.core-1.0.4] startup
[22.827s] [ext: omni.kit.collaboration.telemetry-1.0.0] startup
[22.836s] [ext: omni.kit.property.adapter.core-1.0.1] startup
[22.842s] [ext: omni.kit.menu.utils-1.5.27] startup
[22.939s] [ext: omni.kit.clipboard-1.0.4] startup
[22.950s] [ext: omni.kit.collaboration.channel_manager-1.0.12] startup
[22.958s] [ext: omni.kit.property.adapter.usd-1.0.1] startup
[22.971s] [ext: omni.kit.widget.options_menu-1.1.6] startup
[23.030s] [ext: omni.kit.widget.graph-1.12.15] startup
[23.523s] [ext: omni.kit.widget.searchfield-1.1.8] startup
[23.541s] [ext: omni.kit.widget.filter-1.1.4] startup
[23.549s] [ext: omni.kit.property.adapter.fabric-1.0.1] startup
[23.564s] [ext: omni.ui_query-1.1.4] startup
[23.569s] [ext: omni.kit.window.extensions-1.4.11] startup
[23.705s] [ext: omni.kit.usd.layers-2.1.36] startup
[23.806s] [ext: omni.kit.widget.context_menu-1.2.2] startup
[23.814s] [ext: omni.hydra.rtx.shadercache.vulkan-1.0.0] startup
[23.817s] [ext: omni.kit.notification_manager-1.0.9] startup
[23.859s] [ext: omni.kit.hotkeys.core-1.3.5] startup
[23.861s] [ext: omni.kit.context_menu-1.8.1] startup
[23.987s] [ext: omni.kit.widget.prompt-1.0.7] startup
[24.009s] [ext: omni.kit.helper.file_utils-0.1.8] startup
[24.029s] [ext: omni.kit.widget.nucleus_info-1.0.2] startup
[24.032s] [ext: omni.kit.widget.filebrowser-2.10.51] startup
[24.122s] [ext: omni.kit.search_core-1.0.5] startup
[24.132s] [ext: omni.kit.widget.path_field-2.0.10] startup
[24.149s] [ext: omni.ui.scene-1.10.3] startup
[24.159s] [ext: omni.kit.widget.search_delegate-1.0.5] startup
[24.771s] [ext: omni.kit.widget.options_button-1.0.3] startup
[24.773s] [ext: omni.kit.widget.browser_bar-2.0.10] startup
[24.794s] [ext: omni.volume-0.5.0] startup
[25.608s] [ext: omni.kit.window.filepicker-2.10.40] startup
[25.781s] [ext: omni.ujitso.processor.texture-1.0.0] startup
[25.783s] [ext: omni.kit.window.file_exporter-1.0.30] startup
[25.798s] [ext: omni.ujitso.client-0.0.0] startup
[25.799s] [ext: omni.kit.widget.stage-2.11.2] startup
[25.885s] [ext: omni.kit.widget.live_session_management.ui-1.0.1] startup
[25.904s] [ext: omni.kit.collaboration.presence_layer-1.0.9] startup
[25.930s] [ext: omni.hydra.rtx-1.0.0] startup
[26.274s] [ext: omni.inspect-1.0.1] startup
[26.297s] [ext: omni.kit.widget.searchable_combobox-1.0.6] startup
[26.304s] [ext: omni.kit.window.file_importer-1.1.12] startup
[26.310s] [ext: omni.kit.stage_template.core-1.1.22] startup
[26.327s] [ext: omni.kit.widget.settings-1.2.2] startup
[26.344s] [ext: omni.kit.window.file-1.3.54] startup
[26.367s] [ext: omni.kit.window.drop_support-1.0.3] startup
[26.369s] [ext: omni.kit.window.content_browser_registry-0.0.6] startup
[26.372s] [ext: omni.kit.window.preferences-1.6.0] startup
[26.433s] [ext: omni.kit.window.content_browser-2.9.18] startup
[26.484s] [ext: omni.kit.widget.live_session_management-1.2.20] startup
[26.505s] [ext: omni.kit.widget.text_editor-1.0.2] startup
[26.508s] [ext: omni.kit.hydra_texture-1.3.9] startup
[26.536s] [ext: omni.kit.viewport.legacy_gizmos-1.1.0] startup
[26.551s] [ext: omni.kit.raycast.query-1.0.5] startup
[26.589s] [ext: omni.kit.material.library-1.5.6] startup
[26.747s] [ext: omni.kit.widget.viewport-106.1.0] startup
[26.788s] [ext: omni.kit.viewport.registry-104.0.6] startup
[26.795s] [ext: omni.hydra.engine.stats-1.0.2] startup
[26.800s] [ext: omni.kit.widget.highlight_label-1.0.2] startup
[26.803s] [ext: omni.kit.viewport.window-107.0.6] startup
[26.936s] [ext: omni.kit.window.property-1.11.3] startup
[26.967s] [ext: omni.graph.core-2.179.2] startup
[26.993s] [ext: omni.graph.tools-1.79.0] startup
[27.262s] [ext: omni.kit.viewport.utility-1.0.17] startup
[27.269s] [ext: omni.kit.property.usd-4.2.8] startup
[27.400s] [ext: omni.debugdraw-0.1.3] startup
[27.442s] [ext: omni.graph-1.140.0] startup
[29.271s] [ext: omni.graph.ui-1.70.2] startup
[29.699s] [ext: omni.kvdb-106.1.9] startup
[29.731s] [ext: omni.graph.image.core-0.4.5] startup
[29.736s] [ext: omni.localcache-106.1.9] startup
[29.754s] [ext: omni.graph.image.nodes-1.1.0] startup
[29.760s] [ext: omni.usdphysics-106.1.9] startup
[29.770s] [ext: omni.physx.foundation-106.1.9] startup
[29.799s] [ext: omni.convexdecomposition-106.1.9] startup
[29.836s] [ext: omni.graph.nodes-1.146.1] startup
[30.198s] [ext: omni.physx.cooking-106.1.9] startup
[30.244s] [ext: omni.kit.primitive.mesh-1.0.17] startup
[30.327s] [ext: omni.physx-106.1.9] startup
[30.575s] [ext: omni.kit.stage_templates-1.2.5] startup
[30.587s] [ext: omni.isaac.version-1.1.0] startup
[30.590s] [ext: omni.kit.widget.material_preview-1.0.16] startup
[30.625s] [ext: omni.isaac.nucleus-0.3.1] startup
[30.644s] [ext: omni.physics.tensors-106.1.9] startup
[30.695s] [ext: omni.physx.stageupdate-106.1.9] startup
[30.765s] [ext: omni.graph.action_core-1.1.6] startup
[30.896s] [ext: omni.warp.core-1.2.1] startup
[31.932s] [ext: omni.physx.tensors-106.1.9] startup
[31.959s] [ext: omni.graph.scriptnode-1.20.1] startup
[31.965s] [ext: omni.kit.manipulator.viewport-107.0.0] startup
[31.991s] [ext: omni.graph.action_nodes-1.24.0] startup
[32.009s] [ext: omni.kit.ui_test-1.3.2] startup
[32.049s] [ext: omni.isaac.core-3.19.5] startup
[47.278s] [ext: omni.graph.visualization.nodes-2.1.1] startup
[47.300s] [ext: omni.graph.action-1.102.1] startup
[47.304s] [ext: omni.kit.window.cursor-1.1.2] startup
[47.318s] [ext: omni.isaac.ui-0.16.0] startup
[47.440s] [ext: omni.kit.viewport.menubar.core-106.1.0] startup
[47.610s] [ext: omni.kit.graph.delegate.default-1.2.2] startup
[47.631s] [ext: omni.syntheticdata-0.6.9] startup
[48.005s] [ext: omni.kit.graph.usd.commands-1.3.1] startup
[48.032s] [ext: omni.kit.graph.editor.core-1.5.3] startup
[48.127s] [ext: omni.kit.numpy.common-0.1.2] startup
[48.146s] [ext: omni.warp-1.2.1] startup
[48.230s] [ext: omni.kit.window.material_graph-1.8.18] startup
[48.845s] [ext: omni.isaac.dynamic_control-1.3.8] startup
[49.040s] [ext: omni.replicator.core-1.11.20] startup
2026-05-29 21:59:59 [49,887ms] [Warning] [omni.replicator.core.scripts.annotators] Annotator PostProcessDispatch is already registered, overwriting annotator template
[53.452s] [ext: omni.isaac.lula-3.0.1] startup
[53.586s] [ext: omni.isaac.surface_gripper-1.0.1] startup
[53.652s] [ext: omni.isaac.core_nodes-1.16.3] startup
[53.876s] [ext: omni.isaac.motion_generation-7.1.0] startup
[54.137s] [ext: omni.isaac.manipulators-2.1.0] startup
[54.242s] [ext: omni.isaac.franka-0.4.1] startup
[54.298s] [ext: omni.kit.graph.widget.variables-2.1.0] startup
[54.349s] [ext: omni.kit.graph.delegate.modern-1.10.6] startup
[54.431s] [ext: omni.isaac.cortex-0.3.9] startup
[54.435s] [ext: omni.graph.window.core-1.113.1] startup
[54.728s] [ext: omni.isaac.wheeled_robots-2.3.3] startup
[55.001s] [ext: omni.isaac.cortex.sample_behaviors-1.0.6] startup
[55.042s] [ext: omni.graph.window.generic-1.26.0] startup
[55.095s] [ext: omni.isaac.menu-0.7.3] startup
[55.173s] [ext: omni.kit.widget.live-2.1.8] startup
[55.211s] [ext: omni.kit.actions.window-1.1.1] startup
[55.288s] [ext: omni.kit.widget.cache_indicator-2.0.10] startup
[56.001s] [ext: omni.kit.hotkeys.window-1.4.5] startup
2026-05-29 22:00:05 [55,783ms] [Warning] [omni.kit.widget.cache_indicator.cache_state_menu] Unable to detect Omniverse Cache Server. Consider installing it for better IO performance.
[56.076s] [ext: omni.kit.ui.actions-1.0.2] startup
[56.102s] [ext: omni.kit.widget.stage_icons-1.0.5] startup
[56.107s] [ext: omni.kit.menu.common-1.1.7] startup
[56.128s] [ext: omni.kit.selection-0.1.4] startup
[56.147s] [ext: omni.isaac.kit-1.13.2] startup
[56.148s] [ext: omni.isaac.block_world-1.0.0] startup
[56.167s] [ext: omni.kit.window.stage-2.5.10] startup
[56.188s] [ext: omni.isaac.debug_draw-1.1.0] startup
[56.220s] [ext: omni.kit.menu.edit-1.1.24] startup
[56.257s] [ext: omni.kit.menu.file-1.1.14] startup
[56.285s] [ext: omni.kit.profiler.window-2.2.3] startup
[56.445s] [ext: omni.kit.menu.stage-1.2.5] startup
[56.459s] [ext: omni.isaac.occupancy_map-1.0.3] startup
[56.503s] [ext: omni.importer.mjcf-1.1.1] startup
[56.903s] [ext: omni.graph.window.action-1.28.0] startup
[56.944s] [ext: omni.kit.property.camera-1.0.8] startup
[56.963s] [ext: omni.kit.property.light-1.0.10] startup
[56.985s] [ext: omni.kit.property.geometry-1.3.1] startup
[57.010s] [ext: omni.hydra.scene_api-0.1.2] startup
[57.038s] [ext: omni.kit.property.audio-1.0.14] startup
[57.087s] [ext: omni.kit.property.render-1.1.2] startup
[57.103s] [ext: omni.kit.property.transform-1.5.9] startup
[57.179s] [ext: omni.kit.property.material-1.10.8] startup
[57.271s] [ext: omni.kit.widget.layers-1.8.0] startup
[57.400s] [ext: omni.kit.property.isaac-0.2.3] startup
[57.422s] [ext: omni.kit.property.bundle-1.3.1] startup
[57.446s] [ext: omni.sensors.nv.common-1.2.2-isaac-1] startup
[58.164s] [ext: omni.kit.property.layer-1.1.8] startup
[58.213s] [ext: omni.kit.stage_column.payload-2.0.0] startup
[58.223s] [ext: omni.isaac.scene_blox-0.1.2] startup
[58.245s] [ext: omni.sensors.nv.materials-1.2.1-isaac-1] startup
[58.371s] [ext: omni.sensors.nv.wpm-1.2.1-isaac-1] startup
[58.426s] [ext: omni.kit.viewport.actions-106.0.2] startup
[58.506s] [ext: omni.sensors.nv.lidar-1.2.2-isaac-1] startup
[58.566s] [ext: omni.sensors.nv.radar-1.2.1-isaac-1] startup
[58.645s] [ext: omni.kit.viewport.menubar.display-107.0.2] startup
[58.682s] [ext: omni.kit.manipulator.transform-104.7.4] startup
[58.764s] [ext: omni.kit.widget.toolbar-1.7.2] startup
[58.887s] [ext: omni.sensors.tiled-0.0.6] startup
[58.951s] [ext: omni.sensors.nv.ids-1.1.0-isaac-1] startup
[58.999s] [ext: omni.isaac.range_sensor-3.1.2] startup
[59.345s] [ext: omni.usdphysics.ui-106.1.9] startup
[59.441s] [ext: omni.physx.commands-106.1.9] startup
[59.510s] [ext: omni.kit.manipulator.tool.snap-1.5.11] startup
[59.570s] [ext: omni.isaac.sensor-12.9.1] startup
[60.025s] [ext: omni.kit.manipulator.selector-1.1.1] startup
[60.079s] [ext: omni.physx.ui-106.1.9] startup
[60.343s] [ext: omni.isaac.quadruped-2.0.1] startup
[60.449s] [ext: omni.kit.viewport.manipulator.transform-107.0.2] startup
[60.464s] [ext: omni.physx.demos-106.1.9] startup
[60.804s] [ext: omni.kit.property.physx-106.1.9] startup
[61.542s] [ext: omni.kit.widget.calendar-1.0.8] startup
[61.555s] [ext: omni.kit.manipulator.prim.core-107.0.4] startup
[61.657s] [ext: omni.fabric.commands-1.1.5] startup
[61.738s] [ext: omni.physx.vehicle-106.1.9] startup
[62.193s] [ext: omni.kit.widget.extended_searchfield-1.0.28] startup
[62.268s] [ext: omni.kit.manipulator.prim.fabric-107.0.3] startup
[62.285s] [ext: omni.kit.manipulator.prim.usd-107.0.2] startup
[62.301s] [ext: omni.kit.widget.timeline-105.0.1] startup
[62.360s] [ext: omni.kit.window.commands-0.2.6] startup
[62.377s] [ext: omni.physx.camera-106.1.9] startup
[62.457s] [ext: omni.kit.manipulator.camera-105.0.5] startup
[62.582s] [ext: omni.kit.viewport.menubar.camera-107.0.2] startup
[62.697s] [ext: omni.kit.manipulator.prim-107.0.0] startup
[62.698s] [ext: omni.kit.manipulator.selection-106.0.1] startup
[62.709s] [ext: omni.kit.window.toolbar-1.6.1] startup
[62.744s] [ext: omni.kit.stage_column.variant-1.0.13] startup
[62.779s] [ext: omni.kit.viewport.menubar.render-106.1.1] startup
[62.803s] [ext: omni.kit.viewport.menubar.settings-107.0.3] startup
[62.841s] [ext: omni.physx.cct-106.1.9] startup
[62.975s] [ext: omni.physx.graph-106.1.9] startup
[63.096s] [ext: omni.physx.supportui-106.1.9] startup
[63.364s] [ext: omni.physx.telemetry-106.1.9] startup
[63.395s] [ext: omni.graph.ui_nodes-1.26.0] startup
[63.459s] [ext: omni.kit.viewport.bundle-104.0.1] startup
[63.459s] [ext: omni.isaac.universal_robots-0.3.5] startup
[63.486s] [ext: omni.kit.window.console-0.2.13] startup
[63.569s] [ext: omni.kit.window.script_editor-1.7.6] startup
[63.640s] [ext: omni.kit.menu.create-1.0.16] startup
[63.680s] [ext: omni.graph.bundle.action-2.4.1] startup
[63.710s] [ext: omni.physx.bundle-106.1.9] startup
[63.715s] [ext: omni.rtx.window.settings-0.6.17] startup
[63.839s] [ext: omni.kit.window.status_bar-0.1.7] startup
[63.863s] [ext: omni.kit.window.title-1.1.5] startup
[63.871s] [ext: omni.replicator.isaac-1.15.2] startup
[64.437s] [ext: omni.replicator.replicator_yaml-2.0.6] startup
[64.977s] [ext: omni.rtx.settings.core-0.6.3] startup
[65.064s] [ext: omni.kit.viewport.menubar.lighting-106.0.2] startup
[65.117s] [ext: semantics.schema.editor-0.3.8] startup
[65.140s] [ext: semantics.schema.property-1.0.4] startup
[65.155s] [ext: omni.kit.viewport.rtx-104.0.1] startup
[65.155s] [ext: omni.isaac.utils-1.0.1] startup
[65.192s] [ext: omni.isaac.cloner-0.8.1] startup
[65.211s] [ext: omni.importer.urdf-1.14.1] startup
[65.383s] [ext: omni.kit.window.stats-0.1.6] startup
[65.401s] [ext: omni.isaac.sim.python-4.2.0] startup
[65.434s] Simulation App Starting
[441.385s] app ready
Starting kit application with the following args:  ['/isaac-sim/exts/omni.isaac.kit/omni/isaac/kit/simulation_app.py', '/isaac-sim/apps/omni.isaac.sim.python.kit', '--/app/tokens/exe-path=/isaac-sim/kit', '--/persistent/app/viewport/displayOptions=3094', '--/rtx/materialDb/syncLoads=True', '--/rtx/hydra/materialSyncLoads=True', '--/omni.kit.plugin/syncUsdLoads=True', '--/app/renderer/resolution/width=1280', '--/app/renderer/resolution/height=720', '--/app/window/width=1440', '--/app/window/height=900', '--/renderer/multiGpu/enabled=True', '--/app/fastShutdown=True', '--ext-folder', '/isaac-sim/exts', '--ext-folder', '/isaac-sim/apps', '--/physics/cudaDevice=0', '--portable', '--no-window', '--/app/window/hideUi=1', '--allow-root']
Passing the following args to the base kit application:  []
Warp 1.2.1 initialized:
   CUDA Toolkit 11.8, Driver 13.0
   Devices:
     "cpu"      : "x86_64"
     "cuda:0"   : "Tesla T4" (15 GiB, sm_75, mempool enabled)
   Kernel cache:
     /root/.cache/warp/1.2.1
SIMULATIONAPP OK
WORLD CREATED
WORLD RESET OK
PHYSICS STEP 1 OK
PHYSICS STEP 10 OK
2026-05-29 22:06:31 [441,941ms] [Warning] [omni.kit.imgui_renderer.plugin] _createExtendCursor: No windowing.
2026-05-29 22:06:31 [441,941ms] [Warning] [omni.kit.imgui_renderer.plugin] _createExtendCursor: No windowing.
[443.472s] Simulation App Startup Complete
2026-05-29 22:06:41 [451,022ms] [Warning] [carb.windowing-glfw.plugin] GLFW initialization failed.
2026-05-29 22:06:41 [451,022ms] [Warning] [carb] Failed to startup plugin carb.windowing-glfw.plugin (interfaces: [carb::windowing::IGLContext v1.0],[carb::windowing::IWindowing v1.4]) (impl: carb.windowing-glfw.plugin)
2026-05-29 22:06:41 [451,149ms] [Warning] [omni.usd] Unexpected reference count of 2 for UsdStage 'anon:0x2a8d13a0:World0.usd' while being closed in UsdContext (this may indicate it is still resident in memory).
[451.576s] Simulation App Shutting Down
