[Info] [carb] Logging to file: /isaac-sim/kit/logs/Kit/Isaac-Sim/4.2/kit_20260529_231112.log
2026-05-29 23:11:12 [0ms] [Warning] [omni.kit.app.plugin] No crash reporter present, dumps uploading isn't available.
[1.957s] [ext: omni.blobkey-1.1.2] startup
[1.971s] [ext: omni.kit.async_engine-0.0.1] startup
[4.977s] [ext: omni.stats-1.0.1] startup
[5.012s] [ext: omni.datastore-0.0.0] startup
[5.715s] [ext: omni.client-1.2.0] startup
[6.196s] [ext: omni.ujitso.default-1.0.0] startup
[6.216s] [ext: omni.gpu_foundation.shadercache.vulkan-1.0.0] startup
[6.274s] [ext: omni.hsscclient-1.1.1] startup
[6.294s] [ext: omni.assets.plugins-0.0.0] startup
[6.425s] [ext: omni.gpu_foundation-0.0.0] startup
[6.746s] [ext: carb.windowing.plugins-1.0.0] startup
2026-05-29 23:11:18 [6,530ms] [Warning] [carb.windowing-glfw.plugin] GLFW initialization failed.
2026-05-29 23:11:18 [6,530ms] [Warning] [carb] Failed to startup plugin carb.windowing-glfw.plugin (interfaces: [carb::windowing::IGLContext v1.0],[carb::windowing::IWindowing v1.4]) (impl: carb.windowing-glfw.plugin)
[6.778s] [ext: omni.kit.renderer.init-0.0.0] startup
2026-05-29 23:11:18 [6,613ms] [Warning] [omni.platforminfo.plugin] failed to open the default display.  Can't verify X Server version.

|---------------------------------------------------------------------------------------------|
| Driver Version: 580.159.03    | Graphics API: Vulkan
|=============================================================================================|
| GPU | Name                             | Active | LDA | GPU Memory | Vendor-ID | LUID       |
|     |                                  |        |     |            | Device-ID | UUID       |
|     |                                  |        |     |            | Bus-ID    |            |
|---------------------------------------------------------------------------------------------|
| 0   | Tesla T4                         | Yes: 0 |     | 15606   MB | 10de      | 0          |
|     |                                  |        |     |            | 1eb8      | ddfd322a.. |
|     |                                  |        |     |            | 0         |            |
|=============================================================================================|
| OS: 22.04.3 LTS (Jammy Jellyfish) ubuntu, Version: 22.04.3, Kernel: 5.15.0-179-generic
| Processor: Intel(R) Xeon(R) Gold 6152 CPU @ 2.10GHz | Cores: 2 | Logical: 4
|---------------------------------------------------------------------------------------------|
| Total Memory (MB): 7936 | Free Memory: 6652
| Total Page/Swap (MB): 0 | Free Page/Swap: 0
|---------------------------------------------------------------------------------------------|
2026-05-29 23:11:22 [10,323ms] [Warning] [gpu.foundation.plugin] ECC is enabled on physical device 0
[11.120s] [ext: omni.kit.pipapi-0.0.0] startup
[11.153s] [ext: omni.kit.pip_archive-0.0.0] startup
[11.154s] [ext: omni.pip.compute-1.4.0] startup
[11.156s] [ext: omni.pip.cloud-1.1.3] startup
[11.200s] [ext: omni.isaac.core_archive-2.3.0] startup
[11.201s] [ext: omni.materialx.libs-1.0.4] startup
[11.326s] [ext: omni.isaac.ml_archive-2.0.1] startup
[11.328s] [ext: omni.kit.telemetry-0.5.0] startup
[11.416s] [ext: omni.usd.config-1.0.4] startup
[11.431s] [ext: omni.gpucompute.plugins-0.0.0] startup
[11.437s] [ext: omni.usd.libs-1.0.1] startup
[12.259s] [ext: omni.iray.libs-0.0.0] startup
[12.740s] [ext: omni.mdl.neuraylib-0.2.8] startup
[12.767s] [ext: omni.mdl-55.0.1] startup
[13.556s] [ext: omni.kit.usd.mdl-1.0.1] startup
[14.699s] [ext: omni.kit.loop-isaac-1.2.0] startup
[14.718s] [ext: omni.kit.test-1.1.0] startup
[15.856s] [ext: omni.appwindow-1.1.8] startup
2026-05-29 23:11:27 [15,614ms] [Warning] [carb.windowing-glfw.plugin] GLFW initialization failed.
2026-05-29 23:11:27 [15,614ms] [Warning] [carb] Failed to startup plugin carb.windowing-glfw.plugin (interfaces: [carb::windowing::IGLContext v1.0],[carb::windowing::IWindowing v1.4]) (impl: carb.windowing-glfw.plugin)
[15.866s] [ext: omni.kit.renderer.core-1.0.2] startup
2026-05-29 23:11:27 [15,753ms] [Warning] [carb.windowing-glfw.plugin] GLFW initialization failed.
2026-05-29 23:11:27 [15,753ms] [Warning] [carb] Failed to startup plugin carb.windowing-glfw.plugin (interfaces: [carb::windowing::IGLContext v1.0],[carb::windowing::IWindowing v1.4]) (impl: carb.windowing-glfw.plugin)
2026-05-29 23:11:27 [15,766ms] [Warning] [carb.windowing-glfw.plugin] GLFW initialization failed.
2026-05-29 23:11:27 [15,767ms] [Warning] [carb] Failed to startup plugin carb.windowing-glfw.plugin (interfaces: [carb::windowing::IGLContext v1.0],[carb::windowing::IWindowing v1.4]) (impl: carb.windowing-glfw.plugin)
[16.038s] [ext: omni.kit.renderer.capture-0.0.0] startup
[16.142s] [ext: omni.kit.renderer.imgui-1.0.1] startup
2026-05-29 23:11:28 [15,974ms] [Warning] [carb.windowing-glfw.plugin] GLFW initialization failed.
2026-05-29 23:11:28 [15,974ms] [Warning] [carb] Failed to startup plugin carb.windowing-glfw.plugin (interfaces: [carb::windowing::IGLContext v1.0],[carb::windowing::IWindowing v1.4]) (impl: carb.windowing-glfw.plugin)
2026-05-29 23:11:28 [15,978ms] [Warning] [carb.windowing-glfw.plugin] GLFW initialization failed.
2026-05-29 23:11:28 [15,978ms] [Warning] [carb] Failed to startup plugin carb.windowing-glfw.plugin (interfaces: [carb::windowing::IGLContext v1.0],[carb::windowing::IWindowing v1.4]) (impl: carb.windowing-glfw.plugin)
2026-05-29 23:11:28 [15,980ms] [Warning] [carb.windowing-glfw.plugin] GLFW initialization failed.
2026-05-29 23:11:28 [15,980ms] [Warning] [carb] Failed to startup plugin carb.windowing-glfw.plugin (interfaces: [carb::windowing::IGLContext v1.0],[carb::windowing::IWindowing v1.4]) (impl: carb.windowing-glfw.plugin)
[16.475s] [ext: omni.ui-2.25.22] startup
[16.651s] [ext: omni.kit.mainwindow-1.0.3] startup
[16.657s] [ext: carb.audio-0.1.0] startup
[17.091s] [ext: omni.uiaudio-1.0.0] startup
[17.102s] [ext: omni.kit.uiapp-0.0.0] startup
[17.102s] [ext: omni.usd.schema.isaac-2.1.0] startup
[17.244s] [ext: omni.usd.schema.audio-0.0.0] startup
[17.259s] [ext: omni.usd.schema.anim-0.0.0] startup
[17.385s] [ext: omni.usd.schema.geospatial-0.0.0] startup
[17.396s] [ext: omni.usd.schema.semantics-0.0.0] startup
[17.411s] [ext: omni.usd.schema.omnigraph-1.0.0] startup
[17.527s] [ext: omni.anim.navigation.schema-106.1.0] startup
[17.560s] [ext: omni.usd.schema.scene.visualization-2.0.2] startup
[17.569s] [ext: omni.usd.schema.omniscripting-1.0.0] startup
[17.582s] [ext: omni.anim.graph.schema-106.1.0] startup
[17.648s] [ext: omni.usd.schema.physx-106.1.9] startup
[17.839s] [ext: omni.usd.schema.forcefield-106.1.9] startup
[17.873s] [ext: omni.graph.exec-0.9.4] startup
[17.884s] [ext: omni.kit.usd_undo-0.1.8] startup
[17.894s] [ext: omni.kit.actions.core-1.0.0] startup
[17.911s] [ext: omni.kit.exec.core-0.13.4] startup
[17.945s] [ext: omni.usd_resolver-1.0.0] startup
[17.961s] [ext: omni.kit.commands-1.4.9] startup
[18.097s] [ext: omni.activity.core-1.0.1] startup
[18.138s] [ext: omni.usd.core-1.4.1] startup
[18.142s] [ext: omni.resourcemonitor-105.0.1] startup
[18.185s] [ext: omni.kit.window.popup_dialog-2.0.24] startup
[18.224s] [ext: omni.timeline-1.0.10] startup
[18.258s] [ext: omni.kit.widget.nucleus_connector-1.1.9] startup
[18.295s] [ext: usdrt.scenegraph-7.5.0] startup
[18.550s] [ext: omni.kit.audiodeviceenum-1.0.1] startup
[18.667s] [ext: omni.hydra.usdrt_delegate-7.5.1] startup
[18.839s] [ext: omni.hydra.scene_delegate-0.3.3] startup
[18.863s] [ext: omni.usd-1.12.2] startup
[19.099s] [ext: omni.kit.menu.core-1.0.4] startup
[19.113s] [ext: omni.kit.collaboration.telemetry-1.0.0] startup
[19.115s] [ext: omni.kit.property.adapter.core-1.0.1] startup
[19.122s] [ext: omni.kit.menu.utils-1.5.27] startup
[19.400s] [ext: omni.kit.clipboard-1.0.4] startup
[19.413s] [ext: omni.kit.collaboration.channel_manager-1.0.12] startup
[19.452s] [ext: omni.kit.property.adapter.usd-1.0.1] startup
[19.528s] [ext: omni.kit.widget.options_menu-1.1.6] startup
[19.680s] [ext: omni.kit.widget.graph-1.12.15] startup
[20.147s] [ext: omni.kit.widget.searchfield-1.1.8] startup
[20.168s] [ext: omni.kit.widget.filter-1.1.4] startup
[20.178s] [ext: omni.kit.property.adapter.fabric-1.0.1] startup
[20.206s] [ext: omni.ui_query-1.1.4] startup
[20.221s] [ext: omni.kit.window.extensions-1.4.11] startup
[20.327s] [ext: omni.kit.usd.layers-2.1.36] startup
[20.541s] [ext: omni.kit.widget.context_menu-1.2.2] startup
[20.559s] [ext: omni.hydra.rtx.shadercache.vulkan-1.0.0] startup
[20.580s] [ext: omni.kit.notification_manager-1.0.9] startup
[20.670s] [ext: omni.kit.hotkeys.core-1.3.5] startup
[20.672s] [ext: omni.kit.context_menu-1.8.1] startup
[20.744s] [ext: omni.kit.widget.prompt-1.0.7] startup
[20.832s] [ext: omni.kit.helper.file_utils-0.1.8] startup
[20.859s] [ext: omni.kit.widget.nucleus_info-1.0.2] startup
[20.862s] [ext: omni.kit.widget.filebrowser-2.10.51] startup
[20.929s] [ext: omni.kit.search_core-1.0.5] startup
[20.934s] [ext: omni.kit.widget.path_field-2.0.10] startup
[20.960s] [ext: omni.ui.scene-1.10.3] startup
[20.981s] [ext: omni.kit.widget.search_delegate-1.0.5] startup
[21.012s] [ext: omni.kit.widget.options_button-1.0.3] startup
[21.019s] [ext: omni.kit.widget.browser_bar-2.0.10] startup
[21.043s] [ext: omni.volume-0.5.0] startup
[21.322s] [ext: omni.kit.window.filepicker-2.10.40] startup
[21.618s] [ext: omni.ujitso.processor.texture-1.0.0] startup
[21.620s] [ext: omni.kit.window.file_exporter-1.0.30] startup
[21.629s] [ext: omni.ujitso.client-0.0.0] startup
[21.630s] [ext: omni.kit.widget.stage-2.11.2] startup
[21.747s] [ext: omni.kit.widget.live_session_management.ui-1.0.1] startup
[21.799s] [ext: omni.kit.collaboration.presence_layer-1.0.9] startup
[21.830s] [ext: omni.hydra.rtx-1.0.0] startup
[22.057s] [ext: omni.inspect-1.0.1] startup
[22.087s] [ext: omni.kit.widget.searchable_combobox-1.0.6] startup
[22.095s] [ext: omni.kit.window.file_importer-1.1.12] startup
[22.101s] [ext: omni.kit.stage_template.core-1.1.22] startup
[22.107s] [ext: omni.kit.widget.settings-1.2.2] startup
[22.127s] [ext: omni.kit.window.file-1.3.54] startup
[22.156s] [ext: omni.kit.window.drop_support-1.0.3] startup
[22.158s] [ext: omni.kit.window.content_browser_registry-0.0.6] startup
[22.162s] [ext: omni.kit.window.preferences-1.6.0] startup
[22.240s] [ext: omni.kit.window.content_browser-2.9.18] startup
[22.301s] [ext: omni.kit.widget.live_session_management-1.2.20] startup
[22.322s] [ext: omni.kit.widget.text_editor-1.0.2] startup
[22.326s] [ext: omni.kit.hydra_texture-1.3.9] startup
[22.366s] [ext: omni.kit.viewport.legacy_gizmos-1.1.0] startup
[22.371s] [ext: omni.kit.raycast.query-1.0.5] startup
[22.416s] [ext: omni.kit.material.library-1.5.6] startup
[22.577s] [ext: omni.kit.widget.viewport-106.1.0] startup
[22.617s] [ext: omni.kit.viewport.registry-104.0.6] startup
[22.638s] [ext: omni.hydra.engine.stats-1.0.2] startup
[22.643s] [ext: omni.kit.widget.highlight_label-1.0.2] startup
[22.646s] [ext: omni.kit.viewport.window-107.0.6] startup
[22.776s] [ext: omni.kit.window.property-1.11.3] startup
[22.811s] [ext: omni.graph.core-2.179.2] startup
[22.826s] [ext: omni.graph.tools-1.79.0] startup
[23.447s] [ext: omni.kit.viewport.utility-1.0.17] startup
[23.475s] [ext: omni.kit.property.usd-4.2.8] startup
[23.689s] [ext: omni.debugdraw-0.1.3] startup
[23.724s] [ext: omni.graph-1.140.0] startup
[25.212s] [ext: omni.graph.ui-1.70.2] startup
[25.419s] [ext: omni.kvdb-106.1.9] startup
[25.478s] [ext: omni.graph.image.core-0.4.5] startup
[25.484s] [ext: omni.localcache-106.1.9] startup
[25.529s] [ext: omni.graph.image.nodes-1.1.0] startup
[25.535s] [ext: omni.usdphysics-106.1.9] startup
[25.545s] [ext: omni.physx.foundation-106.1.9] startup
[25.597s] [ext: omni.convexdecomposition-106.1.9] startup
[25.633s] [ext: omni.graph.nodes-1.146.1] startup
[25.880s] [ext: omni.physx.cooking-106.1.9] startup
[25.920s] [ext: omni.kit.primitive.mesh-1.0.17] startup
[25.976s] [ext: omni.physx-106.1.9] startup
[26.412s] [ext: omni.kit.stage_templates-1.2.5] startup
[26.445s] [ext: omni.isaac.version-1.1.0] startup
[26.465s] [ext: omni.kit.widget.material_preview-1.0.16] startup
[26.489s] [ext: omni.isaac.nucleus-0.3.1] startup
[26.511s] [ext: omni.physics.tensors-106.1.9] startup
[26.571s] [ext: omni.physx.stageupdate-106.1.9] startup
[26.663s] [ext: omni.graph.action_core-1.1.6] startup
[26.693s] [ext: omni.warp.core-1.2.1] startup
[27.264s] [ext: omni.physx.tensors-106.1.9] startup
[27.296s] [ext: omni.graph.scriptnode-1.20.1] startup
[27.303s] [ext: omni.kit.manipulator.viewport-107.0.0] startup
[27.321s] [ext: omni.graph.action_nodes-1.24.0] startup
[27.345s] [ext: omni.kit.ui_test-1.3.2] startup
[27.411s] [ext: omni.isaac.core-3.19.5] startup
[37.818s] [ext: omni.graph.visualization.nodes-2.1.1] startup
[37.840s] [ext: omni.graph.action-1.102.1] startup
[37.844s] [ext: omni.kit.window.cursor-1.1.2] startup
[37.860s] [ext: omni.isaac.ui-0.16.0] startup
[38.078s] [ext: omni.kit.viewport.menubar.core-106.1.0] startup
[38.256s] [ext: omni.kit.graph.delegate.default-1.2.2] startup
[38.261s] [ext: omni.syntheticdata-0.6.9] startup
[38.694s] [ext: omni.kit.graph.usd.commands-1.3.1] startup
[38.705s] [ext: omni.kit.graph.editor.core-1.5.3] startup
[38.803s] [ext: omni.kit.numpy.common-0.1.2] startup
[38.810s] [ext: omni.warp-1.2.1] startup
[38.918s] [ext: omni.kit.window.material_graph-1.8.18] startup
[39.509s] [ext: omni.isaac.dynamic_control-1.3.8] startup
[39.579s] [ext: omni.replicator.core-1.11.20] startup
2026-05-29 23:11:51 [39,508ms] [Warning] [omni.replicator.core.scripts.annotators] Annotator PostProcessDispatch is already registered, overwriting annotator template
[40.834s] [ext: omni.isaac.lula-3.0.1] startup
[40.975s] [ext: omni.isaac.surface_gripper-1.0.1] startup
[41.005s] [ext: omni.isaac.core_nodes-1.16.3] startup
[41.114s] [ext: omni.isaac.motion_generation-7.1.0] startup
[41.367s] [ext: omni.isaac.manipulators-2.1.0] startup
[41.462s] [ext: omni.isaac.franka-0.4.1] startup
[41.500s] [ext: omni.kit.graph.widget.variables-2.1.0] startup
[41.535s] [ext: omni.kit.graph.delegate.modern-1.10.6] startup
[41.633s] [ext: omni.isaac.cortex-0.3.9] startup
[41.644s] [ext: omni.graph.window.core-1.113.1] startup
[41.860s] [ext: omni.isaac.wheeled_robots-2.3.3] startup
[42.047s] [ext: omni.isaac.cortex.sample_behaviors-1.0.6] startup
[42.055s] [ext: omni.graph.window.generic-1.26.0] startup
[42.116s] [ext: omni.isaac.menu-0.7.3] startup
[42.157s] [ext: omni.kit.widget.live-2.1.8] startup
[42.199s] [ext: omni.kit.actions.window-1.1.1] startup
[42.288s] [ext: omni.kit.widget.cache_indicator-2.0.10] startup
[42.881s] [ext: omni.kit.hotkeys.window-1.4.5] startup
2026-05-29 23:11:54 [42,635ms] [Warning] [omni.kit.widget.cache_indicator.cache_state_menu] Unable to detect Omniverse Cache Server. Consider installing it for better IO performance.
[42.923s] [ext: omni.kit.ui.actions-1.0.2] startup
[42.929s] [ext: omni.kit.widget.stage_icons-1.0.5] startup
[42.933s] [ext: omni.kit.menu.common-1.1.7] startup
[42.939s] [ext: omni.kit.selection-0.1.4] startup
[42.946s] [ext: omni.isaac.kit-1.13.2] startup
[42.947s] [ext: omni.isaac.block_world-1.0.0] startup
[42.955s] [ext: omni.kit.window.stage-2.5.10] startup
[42.969s] [ext: omni.isaac.debug_draw-1.1.0] startup
[42.980s] [ext: omni.kit.menu.edit-1.1.24] startup
[43.006s] [ext: omni.kit.menu.file-1.1.14] startup
[43.012s] [ext: omni.kit.profiler.window-2.2.3] startup
[43.061s] [ext: omni.kit.menu.stage-1.2.5] startup
[43.068s] [ext: omni.isaac.occupancy_map-1.0.3] startup
[43.094s] [ext: omni.importer.mjcf-1.1.1] startup
[43.277s] [ext: omni.graph.window.action-1.28.0] startup
[43.298s] [ext: omni.kit.property.camera-1.0.8] startup
[43.308s] [ext: omni.kit.property.light-1.0.10] startup
[43.313s] [ext: omni.kit.property.geometry-1.3.1] startup
[43.336s] [ext: omni.hydra.scene_api-0.1.2] startup
[43.364s] [ext: omni.kit.property.audio-1.0.14] startup
[43.384s] [ext: omni.kit.property.render-1.1.2] startup
[43.389s] [ext: omni.kit.property.transform-1.5.9] startup
[43.456s] [ext: omni.kit.property.material-1.10.8] startup
[43.501s] [ext: omni.kit.widget.layers-1.8.0] startup
[43.596s] [ext: omni.kit.property.isaac-0.2.3] startup
[43.607s] [ext: omni.kit.property.bundle-1.3.1] startup
[43.615s] [ext: omni.sensors.nv.common-1.2.2-isaac-1] startup
[44.124s] [ext: omni.kit.property.layer-1.1.8] startup
[44.138s] [ext: omni.kit.stage_column.payload-2.0.0] startup
[44.147s] [ext: omni.isaac.scene_blox-0.1.2] startup
[44.150s] [ext: omni.sensors.nv.materials-1.2.1-isaac-1] startup
[44.269s] [ext: omni.sensors.nv.wpm-1.2.1-isaac-1] startup
[44.295s] [ext: omni.kit.viewport.actions-106.0.2] startup
[44.324s] [ext: omni.sensors.nv.lidar-1.2.2-isaac-1] startup
[44.399s] [ext: omni.sensors.nv.radar-1.2.1-isaac-1] startup
[44.411s] [ext: omni.kit.viewport.menubar.display-107.0.2] startup
[44.428s] [ext: omni.kit.manipulator.transform-104.7.4] startup
[44.461s] [ext: omni.kit.widget.toolbar-1.7.2] startup
[44.507s] [ext: omni.sensors.tiled-0.0.6] startup
[44.512s] [ext: omni.sensors.nv.ids-1.1.0-isaac-1] startup
[44.530s] [ext: omni.isaac.range_sensor-3.1.2] startup
[44.663s] [ext: omni.usdphysics.ui-106.1.9] startup
[44.731s] [ext: omni.physx.commands-106.1.9] startup
[44.775s] [ext: omni.kit.manipulator.tool.snap-1.5.11] startup
[44.822s] [ext: omni.isaac.sensor-12.9.1] startup
[45.074s] [ext: omni.kit.manipulator.selector-1.1.1] startup
[45.091s] [ext: omni.physx.ui-106.1.9] startup
[45.339s] [ext: omni.isaac.quadruped-2.0.1] startup
[45.386s] [ext: omni.kit.viewport.manipulator.transform-107.0.2] startup
[45.401s] [ext: omni.physx.demos-106.1.9] startup
[45.601s] [ext: omni.kit.property.physx-106.1.9] startup
[45.882s] [ext: omni.kit.widget.calendar-1.0.8] startup
[45.892s] [ext: omni.kit.manipulator.prim.core-107.0.4] startup
[45.952s] [ext: omni.fabric.commands-1.1.5] startup
[45.984s] [ext: omni.physx.vehicle-106.1.9] startup
[46.135s] [ext: omni.kit.widget.extended_searchfield-1.0.28] startup
[46.182s] [ext: omni.kit.manipulator.prim.fabric-107.0.3] startup
[46.194s] [ext: omni.kit.manipulator.prim.usd-107.0.2] startup
[46.201s] [ext: omni.kit.widget.timeline-105.0.1] startup
[46.225s] [ext: omni.kit.window.commands-0.2.6] startup
[46.235s] [ext: omni.physx.camera-106.1.9] startup
[46.269s] [ext: omni.kit.manipulator.camera-105.0.5] startup
[46.300s] [ext: omni.kit.viewport.menubar.camera-107.0.2] startup
[46.328s] [ext: omni.kit.manipulator.prim-107.0.0] startup
[46.330s] [ext: omni.kit.manipulator.selection-106.0.1] startup
[46.336s] [ext: omni.kit.window.toolbar-1.6.1] startup
[46.344s] [ext: omni.kit.stage_column.variant-1.0.13] startup
[46.351s] [ext: omni.kit.viewport.menubar.render-106.1.1] startup
[46.369s] [ext: omni.kit.viewport.menubar.settings-107.0.3] startup
[46.400s] [ext: omni.physx.cct-106.1.9] startup
[46.446s] [ext: omni.physx.graph-106.1.9] startup
[46.535s] [ext: omni.physx.supportui-106.1.9] startup
[46.659s] [ext: omni.physx.telemetry-106.1.9] startup
[46.679s] [ext: omni.graph.ui_nodes-1.26.0] startup
[46.710s] [ext: omni.kit.viewport.bundle-104.0.1] startup
[46.713s] [ext: omni.isaac.universal_robots-0.3.5] startup
[46.744s] [ext: omni.kit.window.console-0.2.13] startup
[46.808s] [ext: omni.kit.window.script_editor-1.7.6] startup
[46.855s] [ext: omni.kit.menu.create-1.0.16] startup
[46.905s] [ext: omni.graph.bundle.action-2.4.1] startup
[46.949s] [ext: omni.physx.bundle-106.1.9] startup
[46.950s] [ext: omni.rtx.window.settings-0.6.17] startup
[47.053s] [ext: omni.kit.window.status_bar-0.1.7] startup
[47.177s] [ext: omni.kit.window.title-1.1.5] startup
[47.198s] [ext: omni.replicator.isaac-1.15.2] startup
[47.602s] [ext: omni.replicator.replicator_yaml-2.0.6] startup
[47.799s] [ext: omni.rtx.settings.core-0.6.3] startup
[47.865s] [ext: omni.kit.viewport.menubar.lighting-106.0.2] startup
[47.889s] [ext: semantics.schema.editor-0.3.8] startup
[47.900s] [ext: semantics.schema.property-1.0.4] startup
[47.906s] [ext: omni.kit.viewport.rtx-104.0.1] startup
[47.908s] [ext: omni.isaac.utils-1.0.1] startup
[47.922s] [ext: omni.isaac.cloner-0.8.1] startup
[47.936s] [ext: omni.importer.urdf-1.14.1] startup
[48.071s] [ext: omni.kit.window.stats-0.1.6] startup
[48.090s] [ext: omni.isaac.sim.python-4.2.0] startup
[48.094s] Simulation App Starting
[427.502s] app ready
Starting kit application with the following args:  ['/isaac-sim/exts/omni.isaac.kit/omni/isaac/kit/simulation_app.py', '/isaac-sim/apps/omni.isaac.sim.python.kit', '--/app/tokens/exe-path=/isaac-sim/kit', '--/persistent/app/viewport/displayOptions=3094', '--/rtx/materialDb/syncLoads=True', '--/rtx/hydra/materialSyncLoads=True', '--/omni.kit.plugin/syncUsdLoads=True', '--/app/renderer/resolution/width=1280', '--/app/renderer/resolution/height=720', '--/app/window/width=1440', '--/app/window/height=900', '--/renderer/multiGpu/enabled=True', '--/app/fastShutdown=True', '--ext-folder', '/isaac-sim/exts', '--ext-folder', '/isaac-sim/apps', '--/physics/cudaDevice=0', '--portable', '--no-window', '--/app/window/hideUi=1', '--allow-root']
Passing the following args to the base kit application:  []
Warp 1.2.1 initialized:
   CUDA Toolkit 11.8, Driver 13.0
   Devices:
     "cpu"      : "x86_64"
     "cuda:0"   : "Tesla T4" (15 GiB, sm_75, mempool enabled)
   Kernel cache:
     /root/.cache/warp/1.2.1
SIMULATIONAPP OK
WORLD CREATED
add_reference_to_stage() SIN EXCEPCION
WAITING FOR STAGE LOAD
STAGE LOAD COMPLETE
WORLD RESET OK
STAGE OBJECT ACQUIRED

ROOT CHILD COUNT: 7
ROOT CHILDREN:
  /Render
  /physicsScene
  /World
  /OmniverseKit_Persp
  /OmniverseKit_Front
  /OmniverseKit_Top
  /OmniverseKit_Right

G1 PRIM VALID: True
G1 PRIM TYPE: Xform
G1 PRIM PATH: /World/G1

TOTAL PRIMS: 188

ARTICULATION ROOT CANDIDATES:
  /World/G1
2026-05-29 23:18:20 [428,054ms] [Warning] [omni.kit.imgui_renderer.plugin] _createExtendCursor: No windowing.
2026-05-29 23:18:20 [428,054ms] [Warning] [omni.kit.imgui_renderer.plugin] _createExtendCursor: No windowing.
[428.581s] Simulation App Startup Complete
2026-05-29 23:18:40 [447,931ms] [Warning] [omni.physx.plugin] Detected an articulation at /World/G1 with more than 4 velocity iterations being added to a TGS scene.The related behavior changed recently, please consult the changelog. This warning will only print once.
2026-05-29 23:18:46 [454,742ms] [Warning] [carb.windowing-glfw.plugin] GLFW initialization failed.
2026-05-29 23:18:46 [454,743ms] [Warning] [carb] Failed to startup plugin carb.windowing-glfw.plugin (interfaces: [carb::windowing::IGLContext v1.0],[carb::windowing::IWindowing v1.4]) (impl: carb.windowing-glfw.plugin)
2026-05-29 23:18:47 [454,852ms] [Warning] [omni.usd] Unexpected reference count of 2 for UsdStage 'anon:0x7fa0c22e80a0:World0.usd' while being closed in UsdContext (this may indicate it is still resident in memory).
[455.303s] Simulation App Shutting Down
