[Info] [carb] Logging to file: /isaac-sim/kit/logs/Kit/Isaac-Sim/4.2/kit_20260601_165140.log
2026-06-01 16:51:40 [0ms] [Warning] [omni.kit.app.plugin] No crash reporter present, dumps uploading isn't available.
[0.182s] [ext: omni.blobkey-1.1.2] startup
[0.183s] [ext: omni.kit.async_engine-0.0.1] startup
[1.317s] [ext: omni.stats-1.0.1] startup
[1.319s] [ext: omni.datastore-0.0.0] startup
[1.329s] [ext: omni.client-1.2.0] startup
[1.381s] [ext: omni.ujitso.default-1.0.0] startup
[1.382s] [ext: omni.gpu_foundation.shadercache.vulkan-1.0.0] startup
[1.399s] [ext: omni.hsscclient-1.1.1] startup
[1.400s] [ext: omni.assets.plugins-0.0.0] startup
[1.403s] [ext: omni.gpu_foundation-0.0.0] startup
[1.415s] [ext: carb.windowing.plugins-1.0.0] startup
2026-06-01 16:51:41 [1,351ms] [Warning] [carb.windowing-glfw.plugin] GLFW initialization failed.
2026-06-01 16:51:41 [1,351ms] [Warning] [carb] Failed to startup plugin carb.windowing-glfw.plugin (interfaces: [carb::windowing::IGLContext v1.0],[carb::windowing::IWindowing v1.4]) (impl: carb.windowing-glfw.plugin)
[1.416s] [ext: omni.kit.renderer.init-0.0.0] startup
2026-06-01 16:51:41 [1,388ms] [Warning] [omni.platforminfo.plugin] failed to open the default display.  Can't verify X Server version.

|---------------------------------------------------------------------------------------------|
| Driver Version: 580.159.03    | Graphics API: Vulkan
|=============================================================================================|
| GPU | Name                             | Active | LDA | GPU Memory | Vendor-ID | LUID       |
|     |                                  |        |     |            | Device-ID | UUID       |
|     |                                  |        |     |            | Bus-ID    |            |
|---------------------------------------------------------------------------------------------|
| 0   | Tesla T4                         | Yes: 0 |     | 15606   MB | 10de      | 0          |
|     |                                  |        |     |            | 1eb8      | ddfd322a.. |
|     |                                  |        |     |            | 0         |            |
|=============================================================================================|
| OS: 22.04.3 LTS (Jammy Jellyfish) ubuntu, Version: 22.04.3, Kernel: 5.15.0-179-generic
| Processor: Intel(R) Xeon(R) Gold 6152 CPU @ 2.10GHz | Cores: 2 | Logical: 4
|---------------------------------------------------------------------------------------------|
| Total Memory (MB): 7936 | Free Memory: 6636
| Total Page/Swap (MB): 0 | Free Page/Swap: 0
|---------------------------------------------------------------------------------------------|
2026-06-01 16:51:42 [2,388ms] [Warning] [gpu.foundation.plugin] ECC is enabled on physical device 0
[2.725s] [ext: omni.kit.pipapi-0.0.0] startup
[2.737s] [ext: omni.kit.pip_archive-0.0.0] startup
[2.738s] [ext: omni.pip.compute-1.4.0] startup
[2.739s] [ext: omni.pip.cloud-1.1.3] startup
[2.764s] [ext: omni.isaac.core_archive-2.3.0] startup
[2.765s] [ext: omni.materialx.libs-1.0.4] startup
[2.781s] [ext: omni.isaac.ml_archive-2.0.1] startup
[2.782s] [ext: omni.kit.telemetry-0.5.0] startup
[2.828s] [ext: omni.usd.config-1.0.4] startup
[2.848s] [ext: omni.gpucompute.plugins-0.0.0] startup
[2.849s] [ext: omni.usd.libs-1.0.1] startup
[2.995s] [ext: omni.iray.libs-0.0.0] startup
[3.005s] [ext: omni.mdl.neuraylib-0.2.8] startup
[3.009s] [ext: omni.mdl-55.0.1] startup
[3.249s] [ext: omni.kit.usd.mdl-1.0.1] startup
[3.466s] [ext: omni.kit.loop-isaac-1.2.0] startup
[3.468s] [ext: omni.kit.test-1.1.0] startup
[3.854s] [ext: omni.appwindow-1.1.8] startup
2026-06-01 16:51:44 [3,791ms] [Warning] [carb.windowing-glfw.plugin] GLFW initialization failed.
2026-06-01 16:51:44 [3,791ms] [Warning] [carb] Failed to startup plugin carb.windowing-glfw.plugin (interfaces: [carb::windowing::IGLContext v1.0],[carb::windowing::IWindowing v1.4]) (impl: carb.windowing-glfw.plugin)
[3.858s] [ext: omni.kit.renderer.core-1.0.2] startup
2026-06-01 16:51:44 [3,866ms] [Warning] [carb.windowing-glfw.plugin] GLFW initialization failed.
2026-06-01 16:51:44 [3,866ms] [Warning] [carb] Failed to startup plugin carb.windowing-glfw.plugin (interfaces: [carb::windowing::IGLContext v1.0],[carb::windowing::IWindowing v1.4]) (impl: carb.windowing-glfw.plugin)
2026-06-01 16:51:44 [3,889ms] [Warning] [carb.windowing-glfw.plugin] GLFW initialization failed.
2026-06-01 16:51:44 [3,889ms] [Warning] [carb] Failed to startup plugin carb.windowing-glfw.plugin (interfaces: [carb::windowing::IGLContext v1.0],[carb::windowing::IWindowing v1.4]) (impl: carb.windowing-glfw.plugin)
[3.957s] [ext: omni.kit.renderer.capture-0.0.0] startup
[3.961s] [ext: omni.kit.renderer.imgui-1.0.1] startup
2026-06-01 16:51:44 [3,901ms] [Warning] [carb.windowing-glfw.plugin] GLFW initialization failed.
2026-06-01 16:51:44 [3,901ms] [Warning] [carb] Failed to startup plugin carb.windowing-glfw.plugin (interfaces: [carb::windowing::IGLContext v1.0],[carb::windowing::IWindowing v1.4]) (impl: carb.windowing-glfw.plugin)
2026-06-01 16:51:44 [3,905ms] [Warning] [carb.windowing-glfw.plugin] GLFW initialization failed.
2026-06-01 16:51:44 [3,905ms] [Warning] [carb] Failed to startup plugin carb.windowing-glfw.plugin (interfaces: [carb::windowing::IGLContext v1.0],[carb::windowing::IWindowing v1.4]) (impl: carb.windowing-glfw.plugin)
2026-06-01 16:51:44 [3,906ms] [Warning] [carb.windowing-glfw.plugin] GLFW initialization failed.
2026-06-01 16:51:44 [3,906ms] [Warning] [carb] Failed to startup plugin carb.windowing-glfw.plugin (interfaces: [carb::windowing::IGLContext v1.0],[carb::windowing::IWindowing v1.4]) (impl: carb.windowing-glfw.plugin)
[4.196s] [ext: omni.ui-2.25.22] startup
[4.222s] [ext: omni.kit.mainwindow-1.0.3] startup
[4.226s] [ext: carb.audio-0.1.0] startup
[4.246s] [ext: omni.uiaudio-1.0.0] startup
[4.248s] [ext: omni.kit.uiapp-0.0.0] startup
[4.248s] [ext: omni.usd.schema.isaac-2.1.0] startup
[4.262s] [ext: omni.usd.schema.audio-0.0.0] startup
[4.268s] [ext: omni.usd.schema.anim-0.0.0] startup
[4.305s] [ext: omni.usd.schema.geospatial-0.0.0] startup
[4.310s] [ext: omni.usd.schema.semantics-0.0.0] startup
[4.314s] [ext: omni.usd.schema.omnigraph-1.0.0] startup
[4.325s] [ext: omni.anim.navigation.schema-106.1.0] startup
[4.331s] [ext: omni.usd.schema.scene.visualization-2.0.2] startup
[4.334s] [ext: omni.usd.schema.omniscripting-1.0.0] startup
[4.342s] [ext: omni.anim.graph.schema-106.1.0] startup
[4.353s] [ext: omni.usd.schema.physx-106.1.9] startup
[4.405s] [ext: omni.usd.schema.forcefield-106.1.9] startup
[4.414s] [ext: omni.graph.exec-0.9.4] startup
[4.415s] [ext: omni.kit.usd_undo-0.1.8] startup
[4.418s] [ext: omni.kit.actions.core-1.0.0] startup
[4.421s] [ext: omni.kit.exec.core-0.13.4] startup
[4.426s] [ext: omni.usd_resolver-1.0.0] startup
[4.433s] [ext: omni.kit.commands-1.4.9] startup
[4.449s] [ext: omni.activity.core-1.0.1] startup
[4.452s] [ext: omni.usd.core-1.4.1] startup
[4.456s] [ext: omni.resourcemonitor-105.0.1] startup
[4.460s] [ext: omni.kit.window.popup_dialog-2.0.24] startup
[4.475s] [ext: omni.timeline-1.0.10] startup
[4.478s] [ext: omni.kit.widget.nucleus_connector-1.1.9] startup
[4.491s] [ext: usdrt.scenegraph-7.5.0] startup
[4.563s] [ext: omni.kit.audiodeviceenum-1.0.1] startup
[4.568s] [ext: omni.hydra.usdrt_delegate-7.5.1] startup
[4.589s] [ext: omni.hydra.scene_delegate-0.3.3] startup
[4.596s] [ext: omni.usd-1.12.2] startup
[4.738s] [ext: omni.kit.menu.core-1.0.4] startup
[4.743s] [ext: omni.kit.collaboration.telemetry-1.0.0] startup
[4.744s] [ext: omni.kit.property.adapter.core-1.0.1] startup
[4.750s] [ext: omni.kit.menu.utils-1.5.27] startup
[4.797s] [ext: omni.kit.clipboard-1.0.4] startup
[4.798s] [ext: omni.kit.collaboration.channel_manager-1.0.12] startup
[4.806s] [ext: omni.kit.property.adapter.usd-1.0.1] startup
[4.810s] [ext: omni.kit.widget.options_menu-1.1.6] startup
[4.827s] [ext: omni.kit.widget.graph-1.12.15] startup
[4.882s] [ext: omni.kit.widget.searchfield-1.1.8] startup
[4.891s] [ext: omni.kit.widget.filter-1.1.4] startup
[4.894s] [ext: omni.kit.property.adapter.fabric-1.0.1] startup
[4.901s] [ext: omni.ui_query-1.1.4] startup
[4.906s] [ext: omni.kit.window.extensions-1.4.11] startup
[4.961s] [ext: omni.kit.usd.layers-2.1.36] startup
[5.007s] [ext: omni.kit.widget.context_menu-1.2.2] startup
[5.016s] [ext: omni.hydra.rtx.shadercache.vulkan-1.0.0] startup
[5.018s] [ext: omni.kit.notification_manager-1.0.9] startup
[5.033s] [ext: omni.kit.hotkeys.core-1.3.5] startup
[5.034s] [ext: omni.kit.context_menu-1.8.1] startup
[5.048s] [ext: omni.kit.widget.prompt-1.0.7] startup
[5.053s] [ext: omni.kit.helper.file_utils-0.1.8] startup
[5.060s] [ext: omni.kit.widget.nucleus_info-1.0.2] startup
[5.063s] [ext: omni.kit.widget.filebrowser-2.10.51] startup
[5.105s] [ext: omni.kit.search_core-1.0.5] startup
[5.109s] [ext: omni.kit.widget.path_field-2.0.10] startup
[5.115s] [ext: omni.ui.scene-1.10.3] startup
[5.125s] [ext: omni.kit.widget.search_delegate-1.0.5] startup
[5.132s] [ext: omni.kit.widget.options_button-1.0.3] startup
[5.134s] [ext: omni.kit.widget.browser_bar-2.0.10] startup
[5.143s] [ext: omni.volume-0.5.0] startup
[5.148s] [ext: omni.kit.window.filepicker-2.10.40] startup
[5.260s] [ext: omni.ujitso.processor.texture-1.0.0] startup
[5.262s] [ext: omni.kit.window.file_exporter-1.0.30] startup
[5.269s] [ext: omni.ujitso.client-0.0.0] startup
[5.269s] [ext: omni.kit.widget.stage-2.11.2] startup
[5.338s] [ext: omni.kit.widget.live_session_management.ui-1.0.1] startup
[5.355s] [ext: omni.kit.collaboration.presence_layer-1.0.9] startup
[5.369s] [ext: omni.hydra.rtx-1.0.0] startup
[5.397s] [ext: omni.inspect-1.0.1] startup
[5.400s] [ext: omni.kit.widget.searchable_combobox-1.0.6] startup
[5.406s] [ext: omni.kit.window.file_importer-1.1.12] startup
[5.412s] [ext: omni.kit.stage_template.core-1.1.22] startup
[5.415s] [ext: omni.kit.widget.settings-1.2.2] startup
[5.432s] [ext: omni.kit.window.file-1.3.54] startup
[5.454s] [ext: omni.kit.window.drop_support-1.0.3] startup
[5.456s] [ext: omni.kit.window.content_browser_registry-0.0.6] startup
[5.459s] [ext: omni.kit.window.preferences-1.6.0] startup
[5.485s] [ext: omni.kit.window.content_browser-2.9.18] startup
[5.527s] [ext: omni.kit.widget.live_session_management-1.2.20] startup
[5.544s] [ext: omni.kit.widget.text_editor-1.0.2] startup
[5.546s] [ext: omni.kit.hydra_texture-1.3.9] startup
[5.553s] [ext: omni.kit.viewport.legacy_gizmos-1.1.0] startup
[5.557s] [ext: omni.kit.raycast.query-1.0.5] startup
[5.566s] [ext: omni.kit.material.library-1.5.6] startup
[5.632s] [ext: omni.kit.widget.viewport-106.1.0] startup
[5.662s] [ext: omni.kit.viewport.registry-104.0.6] startup
[5.664s] [ext: omni.hydra.engine.stats-1.0.2] startup
[5.669s] [ext: omni.kit.widget.highlight_label-1.0.2] startup
[5.672s] [ext: omni.kit.viewport.window-107.0.6] startup
[5.750s] [ext: omni.kit.window.property-1.11.3] startup
[5.764s] [ext: omni.graph.core-2.179.2] startup
[5.768s] [ext: omni.graph.tools-1.79.0] startup
[5.941s] [ext: omni.kit.viewport.utility-1.0.17] startup
[5.948s] [ext: omni.kit.property.usd-4.2.8] startup
[6.052s] [ext: omni.debugdraw-0.1.3] startup
[6.058s] [ext: omni.graph-1.140.0] startup
[6.259s] [ext: omni.graph.ui-1.70.2] startup
[6.364s] [ext: omni.kvdb-106.1.9] startup
[6.373s] [ext: omni.graph.image.core-0.4.5] startup
[6.376s] [ext: omni.localcache-106.1.9] startup
[6.380s] [ext: omni.graph.image.nodes-1.1.0] startup
[6.385s] [ext: omni.usdphysics-106.1.9] startup
[6.391s] [ext: omni.physx.foundation-106.1.9] startup
[6.394s] [ext: omni.convexdecomposition-106.1.9] startup
[6.403s] [ext: omni.graph.nodes-1.146.1] startup
[6.419s] [ext: omni.physx.cooking-106.1.9] startup
[6.440s] [ext: omni.kit.primitive.mesh-1.0.17] startup
[6.469s] [ext: omni.physx-106.1.9] startup
[6.502s] [ext: omni.kit.stage_templates-1.2.5] startup
[6.516s] [ext: omni.isaac.version-1.1.0] startup
[6.519s] [ext: omni.kit.widget.material_preview-1.0.16] startup
[6.532s] [ext: omni.isaac.nucleus-0.3.1] startup
[6.541s] [ext: omni.physics.tensors-106.1.9] startup
[6.569s] [ext: omni.physx.stageupdate-106.1.9] startup
[6.577s] [ext: omni.graph.action_core-1.1.6] startup
[6.585s] [ext: omni.warp.core-1.2.1] startup
[6.904s] [ext: omni.physx.tensors-106.1.9] startup
[6.914s] [ext: omni.graph.scriptnode-1.20.1] startup
[6.918s] [ext: omni.kit.manipulator.viewport-107.0.0] startup
[6.932s] [ext: omni.graph.action_nodes-1.24.0] startup
[6.956s] [ext: omni.kit.ui_test-1.3.2] startup
[6.990s] [ext: omni.isaac.core-3.19.5] startup
[11.878s] [ext: omni.graph.visualization.nodes-2.1.1] startup
[11.896s] [ext: omni.graph.action-1.102.1] startup
[11.900s] [ext: omni.kit.window.cursor-1.1.2] startup
[11.911s] [ext: omni.isaac.ui-0.16.0] startup
[11.984s] [ext: omni.kit.viewport.menubar.core-106.1.0] startup
[12.067s] [ext: omni.kit.graph.delegate.default-1.2.2] startup
[12.071s] [ext: omni.syntheticdata-0.6.9] startup
[12.250s] [ext: omni.kit.graph.usd.commands-1.3.1] startup
[12.259s] [ext: omni.kit.graph.editor.core-1.5.3] startup
[12.325s] [ext: omni.kit.numpy.common-0.1.2] startup
[12.331s] [ext: omni.warp-1.2.1] startup
[12.383s] [ext: omni.kit.window.material_graph-1.8.18] startup
[12.796s] [ext: omni.isaac.dynamic_control-1.3.8] startup
[12.881s] [ext: omni.replicator.core-1.11.20] startup
2026-06-01 16:51:53 [13,037ms] [Warning] [omni.replicator.core.scripts.annotators] Annotator PostProcessDispatch is already registered, overwriting annotator template
[13.742s] [ext: omni.isaac.lula-3.0.1] startup
[13.766s] [ext: omni.isaac.surface_gripper-1.0.1] startup
[13.793s] [ext: omni.isaac.core_nodes-1.16.3] startup
[13.910s] [ext: omni.isaac.motion_generation-7.1.0] startup
[14.154s] [ext: omni.isaac.manipulators-2.1.0] startup
[14.255s] [ext: omni.isaac.franka-0.4.1] startup
[14.286s] [ext: omni.kit.graph.widget.variables-2.1.0] startup
[14.331s] [ext: omni.kit.graph.delegate.modern-1.10.6] startup
[14.409s] [ext: omni.isaac.cortex-0.3.9] startup
[14.417s] [ext: omni.graph.window.core-1.113.1] startup
[14.602s] [ext: omni.isaac.wheeled_robots-2.3.3] startup
[14.693s] [ext: omni.isaac.cortex.sample_behaviors-1.0.6] startup
[14.702s] [ext: omni.graph.window.generic-1.26.0] startup
[14.756s] [ext: omni.isaac.menu-0.7.3] startup
[14.789s] [ext: omni.kit.widget.live-2.1.8] startup
[14.820s] [ext: omni.kit.actions.window-1.1.1] startup
[14.938s] [ext: omni.kit.widget.cache_indicator-2.0.10] startup
[15.383s] [ext: omni.kit.hotkeys.window-1.4.5] startup
2026-06-01 16:51:55 [15,320ms] [Warning] [omni.kit.widget.cache_indicator.cache_state_menu] Unable to detect Omniverse Cache Server. Consider installing it for better IO performance.
[15.423s] [ext: omni.kit.ui.actions-1.0.2] startup
[15.429s] [ext: omni.kit.widget.stage_icons-1.0.5] startup
[15.433s] [ext: omni.kit.menu.common-1.1.7] startup
[15.439s] [ext: omni.kit.selection-0.1.4] startup
[15.446s] [ext: omni.isaac.kit-1.13.2] startup
[15.447s] [ext: omni.isaac.block_world-1.0.0] startup
[15.456s] [ext: omni.kit.window.stage-2.5.10] startup
[15.470s] [ext: omni.isaac.debug_draw-1.1.0] startup
[15.480s] [ext: omni.kit.menu.edit-1.1.24] startup
[15.500s] [ext: omni.kit.menu.file-1.1.14] startup
[15.510s] [ext: omni.kit.profiler.window-2.2.3] startup
[15.550s] [ext: omni.kit.menu.stage-1.2.5] startup
[15.558s] [ext: omni.isaac.occupancy_map-1.0.3] startup
[15.571s] [ext: omni.importer.mjcf-1.1.1] startup
[15.600s] [ext: omni.graph.window.action-1.28.0] startup
[15.618s] [ext: omni.kit.property.camera-1.0.8] startup
[15.626s] [ext: omni.kit.property.light-1.0.10] startup
[15.633s] [ext: omni.kit.property.geometry-1.3.1] startup
[15.650s] [ext: omni.hydra.scene_api-0.1.2] startup
[15.659s] [ext: omni.kit.property.audio-1.0.14] startup
[15.671s] [ext: omni.kit.property.render-1.1.2] startup
[15.676s] [ext: omni.kit.property.transform-1.5.9] startup
[15.721s] [ext: omni.kit.property.material-1.10.8] startup
[15.760s] [ext: omni.kit.widget.layers-1.8.0] startup
[15.842s] [ext: omni.kit.property.isaac-0.2.3] startup
[15.851s] [ext: omni.kit.property.bundle-1.3.1] startup
[15.859s] [ext: omni.sensors.nv.common-1.2.2-isaac-1] startup
[15.878s] [ext: omni.kit.property.layer-1.1.8] startup
[15.891s] [ext: omni.kit.stage_column.payload-2.0.0] startup
[15.898s] [ext: omni.isaac.scene_blox-0.1.2] startup
[15.901s] [ext: omni.sensors.nv.materials-1.2.1-isaac-1] startup
[15.907s] [ext: omni.sensors.nv.wpm-1.2.1-isaac-1] startup
[15.909s] [ext: omni.kit.viewport.actions-106.0.2] startup
[15.926s] [ext: omni.sensors.nv.lidar-1.2.2-isaac-1] startup
[15.935s] [ext: omni.sensors.nv.radar-1.2.1-isaac-1] startup
[15.945s] [ext: omni.kit.viewport.menubar.display-107.0.2] startup
[15.954s] [ext: omni.kit.manipulator.transform-104.7.4] startup
[15.970s] [ext: omni.kit.widget.toolbar-1.7.2] startup
[16.004s] [ext: omni.sensors.tiled-0.0.6] startup
[16.008s] [ext: omni.sensors.nv.ids-1.1.0-isaac-1] startup
[16.015s] [ext: omni.isaac.range_sensor-3.1.2] startup
[16.111s] [ext: omni.usdphysics.ui-106.1.9] startup
[16.165s] [ext: omni.physx.commands-106.1.9] startup
[16.199s] [ext: omni.kit.manipulator.tool.snap-1.5.11] startup
[16.237s] [ext: omni.isaac.sensor-12.9.1] startup
[16.408s] [ext: omni.kit.manipulator.selector-1.1.1] startup
[16.426s] [ext: omni.physx.ui-106.1.9] startup
[16.624s] [ext: omni.isaac.quadruped-2.0.1] startup
[16.675s] [ext: omni.kit.viewport.manipulator.transform-107.0.2] startup
[16.688s] [ext: omni.physx.demos-106.1.9] startup
[16.872s] [ext: omni.kit.property.physx-106.1.9] startup
[17.061s] [ext: omni.kit.widget.calendar-1.0.8] startup
[17.072s] [ext: omni.kit.manipulator.prim.core-107.0.4] startup
[17.119s] [ext: omni.fabric.commands-1.1.5] startup
[17.142s] [ext: omni.physx.vehicle-106.1.9] startup
[17.260s] [ext: omni.kit.widget.extended_searchfield-1.0.28] startup
[17.310s] [ext: omni.kit.manipulator.prim.fabric-107.0.3] startup
[17.322s] [ext: omni.kit.manipulator.prim.usd-107.0.2] startup
[17.329s] [ext: omni.kit.widget.timeline-105.0.1] startup
[17.357s] [ext: omni.kit.window.commands-0.2.6] startup
[17.366s] [ext: omni.physx.camera-106.1.9] startup
[17.389s] [ext: omni.kit.manipulator.camera-105.0.5] startup
[17.420s] [ext: omni.kit.viewport.menubar.camera-107.0.2] startup
[17.449s] [ext: omni.kit.manipulator.prim-107.0.0] startup
[17.451s] [ext: omni.kit.manipulator.selection-106.0.1] startup
[17.457s] [ext: omni.kit.window.toolbar-1.6.1] startup
[17.464s] [ext: omni.kit.stage_column.variant-1.0.13] startup
[17.475s] [ext: omni.kit.viewport.menubar.render-106.1.1] startup
[17.492s] [ext: omni.kit.viewport.menubar.settings-107.0.3] startup
[17.529s] [ext: omni.physx.cct-106.1.9] startup
[17.569s] [ext: omni.physx.graph-106.1.9] startup
[17.642s] [ext: omni.physx.supportui-106.1.9] startup
[17.720s] [ext: omni.physx.telemetry-106.1.9] startup
[17.750s] [ext: omni.graph.ui_nodes-1.26.0] startup
[17.773s] [ext: omni.kit.viewport.bundle-104.0.1] startup
[17.776s] [ext: omni.isaac.universal_robots-0.3.5] startup
[17.797s] [ext: omni.kit.window.console-0.2.13] startup
[17.862s] [ext: omni.kit.window.script_editor-1.7.6] startup
[17.897s] [ext: omni.kit.menu.create-1.0.16] startup
[17.923s] [ext: omni.graph.bundle.action-2.4.1] startup
[17.947s] [ext: omni.physx.bundle-106.1.9] startup
[17.952s] [ext: omni.rtx.window.settings-0.6.17] startup
[18.065s] [ext: omni.kit.window.status_bar-0.1.7] startup
[18.133s] [ext: omni.kit.window.title-1.1.5] startup
[18.173s] [ext: omni.replicator.isaac-1.15.2] startup
[18.544s] [ext: omni.replicator.replicator_yaml-2.0.6] startup
[18.751s] [ext: omni.rtx.settings.core-0.6.3] startup
[18.806s] [ext: omni.kit.viewport.menubar.lighting-106.0.2] startup
[18.845s] [ext: semantics.schema.editor-0.3.8] startup
[18.866s] [ext: semantics.schema.property-1.0.4] startup
[18.872s] [ext: omni.kit.viewport.rtx-104.0.1] startup
[18.874s] [ext: omni.isaac.utils-1.0.1] startup
[18.881s] [ext: omni.isaac.cloner-0.8.1] startup
[18.894s] [ext: omni.importer.urdf-1.14.1] startup
[19.019s] [ext: omni.kit.window.stats-0.1.6] startup
[19.024s] [ext: omni.isaac.sim.python-4.2.0] startup
[19.028s] Simulation App Starting
[371.474s] app ready
Starting kit application with the following args:  ['/isaac-sim/exts/omni.isaac.kit/omni/isaac/kit/simulation_app.py', '/isaac-sim/apps/omni.isaac.sim.python.kit', '--/app/tokens/exe-path=/isaac-sim/kit', '--/persistent/app/viewport/displayOptions=3094', '--/rtx/materialDb/syncLoads=True', '--/rtx/hydra/materialSyncLoads=True', '--/omni.kit.plugin/syncUsdLoads=True', '--/app/renderer/resolution/width=1280', '--/app/renderer/resolution/height=720', '--/app/window/width=1440', '--/app/window/height=900', '--/renderer/multiGpu/enabled=True', '--/app/fastShutdown=True', '--ext-folder', '/isaac-sim/exts', '--ext-folder', '/isaac-sim/apps', '--/physics/cudaDevice=0', '--portable', '--no-window', '--/app/window/hideUi=1', '--allow-root']
Passing the following args to the base kit application:  []
Warp 1.2.1 initialized:
   CUDA Toolkit 11.8, Driver 13.0
   Devices:
     "cpu"      : "x86_64"
     "cuda:0"   : "Tesla T4" (15 GiB, sm_75, mempool enabled)
   Kernel cache:
     /root/.cache/warp/1.2.1
SIMULATIONAPP OK
WORLD CREATED
DEFAULT GROUND PLANE ADDED
STAGE LOAD COMPLETE
WORLD RESET OK
INITIAL POSITIONS CAPTURED — NUM DOF: 37
POSE STEP   0 | X=-0.00003 Y=+0.00001 Z=+0.10048 | DX=+0.00000 DY=+0.00000 DZ=+0.00000 | XY_NORM=0.00000 | W=1.00000 DW=+0.00000
POSE STEP  10 | X=+0.00479 Y=+0.00366 Z=+0.59107 | DX=+0.00482 DY=+0.00365 DZ=+0.49058 | XY_NORM=0.00605 | W=0.99986 DW=-0.00014
POSE STEP  20 | X=+0.09771 Y=+0.01979 Z=+0.88942 | DX=+0.09774 DY=+0.01979 DZ=+0.78894 | XY_NORM=0.09973 | W=0.99665 DW=-0.00335
POSE STEP  30 | X=+0.18837 Y=+0.02417 Z=+0.87678 | DX=+0.18840 DY=+0.02416 DZ=+0.77630 | XY_NORM=0.18995 | W=0.99179 DW=-0.00821
POSE STEP  40 | X=+0.28859 Y=+0.02821 Z=+0.68984 | DX=+0.28862 DY=+0.02820 DZ=+0.58936 | XY_NORM=0.29000 | W=0.96552 DW=-0.03448
POSE STEP  50 | X=+0.48286 Y=-0.00132 Z=+0.60266 | DX=+0.48289 DY=-0.00133 DZ=+0.50217 | XY_NORM=0.48290 | W=0.85900 DW=-0.14100
POSE STEP  60 | X=+0.68083 Y=-0.03576 Z=+0.27883 | DX=+0.68086 DY=-0.03576 DZ=+0.17834 | XY_NORM=0.68179 | W=0.71674 DW=-0.28326
LOOP COMPLETE
2026-06-01 16:57:52 [372,178ms] [Warning] [omni.kit.imgui_renderer.plugin] _createExtendCursor: No windowing.
2026-06-01 16:57:52 [372,178ms] [Warning] [omni.kit.imgui_renderer.plugin] _createExtendCursor: No windowing.
[374.813s] Simulation App Startup Complete
2026-06-01 16:58:23 [403,298ms] [Warning] [omni.physx.plugin] Detected an articulation at /World/G1 with more than 4 velocity iterations being added to a TGS scene.The related behavior changed recently, please consult the changelog. This warning will only print once.
2026-06-01 16:58:30 [409,563ms] [Warning] [carb.windowing-glfw.plugin] GLFW initialization failed.
2026-06-01 16:58:30 [409,563ms] [Warning] [carb] Failed to startup plugin carb.windowing-glfw.plugin (interfaces: [carb::windowing::IGLContext v1.0],[carb::windowing::IWindowing v1.4]) (impl: carb.windowing-glfw.plugin)
2026-06-01 16:58:30 [409,804ms] [Warning] [omni.usd] Unexpected reference count of 2 for UsdStage 'anon:0x3c055a70:World0.usd' while being closed in UsdContext (this may indicate it is still resident in memory).
[410.056s] Simulation App Shutting Down
