[Info] [carb] Logging to file: /isaac-sim/kit/logs/Kit/Isaac-Sim/4.2/kit_20260601_213137.log
2026-06-01 21:31:37 [0ms] [Warning] [omni.kit.app.plugin] No crash reporter present, dumps uploading isn't available.
[0.337s] [ext: omni.blobkey-1.1.2] startup
[0.338s] [ext: omni.kit.async_engine-0.0.1] startup
[1.906s] [ext: omni.stats-1.0.1] startup
[1.908s] [ext: omni.datastore-0.0.0] startup
[1.917s] [ext: omni.client-1.2.0] startup
[1.973s] [ext: omni.ujitso.default-1.0.0] startup
[1.974s] [ext: omni.gpu_foundation.shadercache.vulkan-1.0.0] startup
[1.990s] [ext: omni.hsscclient-1.1.1] startup
[1.991s] [ext: omni.assets.plugins-0.0.0] startup
[1.994s] [ext: omni.gpu_foundation-0.0.0] startup
[2.010s] [ext: carb.windowing.plugins-1.0.0] startup
2026-06-01 21:31:38 [1,887ms] [Warning] [carb.windowing-glfw.plugin] GLFW initialization failed.
2026-06-01 21:31:38 [1,887ms] [Warning] [carb] Failed to startup plugin carb.windowing-glfw.plugin (interfaces: [carb::windowing::IGLContext v1.0],[carb::windowing::IWindowing v1.4]) (impl: carb.windowing-glfw.plugin)
[2.011s] [ext: omni.kit.renderer.init-0.0.0] startup
2026-06-01 21:31:38 [1,920ms] [Warning] [omni.platforminfo.plugin] failed to open the default display.  Can't verify X Server version.

|---------------------------------------------------------------------------------------------|
| Driver Version: 580.159.03    | Graphics API: Vulkan
|=============================================================================================|
| GPU | Name                             | Active | LDA | GPU Memory | Vendor-ID | LUID       |
|     |                                  |        |     |            | Device-ID | UUID       |
|     |                                  |        |     |            | Bus-ID    |            |
|---------------------------------------------------------------------------------------------|
| 0   | Tesla T4                         | Yes: 0 |     | 15606   MB | 10de      | 0          |
|     |                                  |        |     |            | 1eb8      | ddfd322a.. |
|     |                                  |        |     |            | 0         |            |
|=============================================================================================|
| OS: 22.04.3 LTS (Jammy Jellyfish) ubuntu, Version: 22.04.3, Kernel: 5.15.0-179-generic
| Processor: Intel(R) Xeon(R) Gold 6152 CPU @ 2.10GHz | Cores: 2 | Logical: 4
|---------------------------------------------------------------------------------------------|
| Total Memory (MB): 7936 | Free Memory: 6640
| Total Page/Swap (MB): 0 | Free Page/Swap: 0
|---------------------------------------------------------------------------------------------|
2026-06-01 21:31:40 [3,027ms] [Warning] [gpu.foundation.plugin] ECC is enabled on physical device 0
[3.440s] [ext: omni.kit.pipapi-0.0.0] startup
[3.446s] [ext: omni.kit.pip_archive-0.0.0] startup
[3.447s] [ext: omni.pip.compute-1.4.0] startup
[3.448s] [ext: omni.pip.cloud-1.1.3] startup
[3.473s] [ext: omni.isaac.core_archive-2.3.0] startup
[3.474s] [ext: omni.materialx.libs-1.0.4] startup
[3.490s] [ext: omni.isaac.ml_archive-2.0.1] startup
[3.491s] [ext: omni.kit.telemetry-0.5.0] startup
[3.537s] [ext: omni.usd.config-1.0.4] startup
[3.558s] [ext: omni.gpucompute.plugins-0.0.0] startup
[3.559s] [ext: omni.usd.libs-1.0.1] startup
[3.728s] [ext: omni.iray.libs-0.0.0] startup
[3.743s] [ext: omni.mdl.neuraylib-0.2.8] startup
[3.748s] [ext: omni.mdl-55.0.1] startup
[3.987s] [ext: omni.kit.usd.mdl-1.0.1] startup
[4.204s] [ext: omni.kit.loop-isaac-1.2.0] startup
[4.206s] [ext: omni.kit.test-1.1.0] startup
[4.597s] [ext: omni.appwindow-1.1.8] startup
2026-06-01 21:31:41 [4,475ms] [Warning] [carb.windowing-glfw.plugin] GLFW initialization failed.
2026-06-01 21:31:41 [4,475ms] [Warning] [carb] Failed to startup plugin carb.windowing-glfw.plugin (interfaces: [carb::windowing::IGLContext v1.0],[carb::windowing::IWindowing v1.4]) (impl: carb.windowing-glfw.plugin)
[4.601s] [ext: omni.kit.renderer.core-1.0.2] startup
2026-06-01 21:31:41 [4,553ms] [Warning] [carb.windowing-glfw.plugin] GLFW initialization failed.
2026-06-01 21:31:41 [4,553ms] [Warning] [carb] Failed to startup plugin carb.windowing-glfw.plugin (interfaces: [carb::windowing::IGLContext v1.0],[carb::windowing::IWindowing v1.4]) (impl: carb.windowing-glfw.plugin)
2026-06-01 21:31:41 [4,567ms] [Warning] [carb.windowing-glfw.plugin] GLFW initialization failed.
2026-06-01 21:31:41 [4,567ms] [Warning] [carb] Failed to startup plugin carb.windowing-glfw.plugin (interfaces: [carb::windowing::IGLContext v1.0],[carb::windowing::IWindowing v1.4]) (impl: carb.windowing-glfw.plugin)
[4.694s] [ext: omni.kit.renderer.capture-0.0.0] startup
[4.698s] [ext: omni.kit.renderer.imgui-1.0.1] startup
2026-06-01 21:31:41 [4,578ms] [Warning] [carb.windowing-glfw.plugin] GLFW initialization failed.
2026-06-01 21:31:41 [4,578ms] [Warning] [carb] Failed to startup plugin carb.windowing-glfw.plugin (interfaces: [carb::windowing::IGLContext v1.0],[carb::windowing::IWindowing v1.4]) (impl: carb.windowing-glfw.plugin)
2026-06-01 21:31:41 [4,582ms] [Warning] [carb.windowing-glfw.plugin] GLFW initialization failed.
2026-06-01 21:31:41 [4,582ms] [Warning] [carb] Failed to startup plugin carb.windowing-glfw.plugin (interfaces: [carb::windowing::IGLContext v1.0],[carb::windowing::IWindowing v1.4]) (impl: carb.windowing-glfw.plugin)
2026-06-01 21:31:41 [4,584ms] [Warning] [carb.windowing-glfw.plugin] GLFW initialization failed.
2026-06-01 21:31:41 [4,584ms] [Warning] [carb] Failed to startup plugin carb.windowing-glfw.plugin (interfaces: [carb::windowing::IGLContext v1.0],[carb::windowing::IWindowing v1.4]) (impl: carb.windowing-glfw.plugin)
[4.934s] [ext: omni.ui-2.25.22] startup
[4.958s] [ext: omni.kit.mainwindow-1.0.3] startup
[4.962s] [ext: carb.audio-0.1.0] startup
[4.985s] [ext: omni.uiaudio-1.0.0] startup
[5.000s] [ext: omni.kit.uiapp-0.0.0] startup
[5.000s] [ext: omni.usd.schema.isaac-2.1.0] startup
[5.014s] [ext: omni.usd.schema.audio-0.0.0] startup
[5.020s] [ext: omni.usd.schema.anim-0.0.0] startup
[5.056s] [ext: omni.usd.schema.geospatial-0.0.0] startup
[5.061s] [ext: omni.usd.schema.semantics-0.0.0] startup
[5.065s] [ext: omni.usd.schema.omnigraph-1.0.0] startup
[5.075s] [ext: omni.anim.navigation.schema-106.1.0] startup
[5.081s] [ext: omni.usd.schema.scene.visualization-2.0.2] startup
[5.084s] [ext: omni.usd.schema.omniscripting-1.0.0] startup
[5.092s] [ext: omni.anim.graph.schema-106.1.0] startup
[5.102s] [ext: omni.usd.schema.physx-106.1.9] startup
[5.153s] [ext: omni.usd.schema.forcefield-106.1.9] startup
[5.162s] [ext: omni.graph.exec-0.9.4] startup
[5.163s] [ext: omni.kit.usd_undo-0.1.8] startup
[5.165s] [ext: omni.kit.actions.core-1.0.0] startup
[5.169s] [ext: omni.kit.exec.core-0.13.4] startup
[5.174s] [ext: omni.usd_resolver-1.0.0] startup
[5.180s] [ext: omni.kit.commands-1.4.9] startup
[5.196s] [ext: omni.activity.core-1.0.1] startup
[5.199s] [ext: omni.usd.core-1.4.1] startup
[5.202s] [ext: omni.resourcemonitor-105.0.1] startup
[5.206s] [ext: omni.kit.window.popup_dialog-2.0.24] startup
[5.221s] [ext: omni.timeline-1.0.10] startup
[5.224s] [ext: omni.kit.widget.nucleus_connector-1.1.9] startup
[5.236s] [ext: usdrt.scenegraph-7.5.0] startup
[5.307s] [ext: omni.kit.audiodeviceenum-1.0.1] startup
[5.310s] [ext: omni.hydra.usdrt_delegate-7.5.1] startup
[5.331s] [ext: omni.hydra.scene_delegate-0.3.3] startup
[5.338s] [ext: omni.usd-1.12.2] startup
[5.476s] [ext: omni.kit.menu.core-1.0.4] startup
[5.480s] [ext: omni.kit.collaboration.telemetry-1.0.0] startup
[5.482s] [ext: omni.kit.property.adapter.core-1.0.1] startup
[5.488s] [ext: omni.kit.menu.utils-1.5.27] startup
[5.532s] [ext: omni.kit.clipboard-1.0.4] startup
[5.533s] [ext: omni.kit.collaboration.channel_manager-1.0.12] startup
[5.540s] [ext: omni.kit.property.adapter.usd-1.0.1] startup
[5.544s] [ext: omni.kit.widget.options_menu-1.1.6] startup
[5.560s] [ext: omni.kit.widget.graph-1.12.15] startup
[5.612s] [ext: omni.kit.widget.searchfield-1.1.8] startup
[5.620s] [ext: omni.kit.widget.filter-1.1.4] startup
[5.623s] [ext: omni.kit.property.adapter.fabric-1.0.1] startup
[5.630s] [ext: omni.ui_query-1.1.4] startup
[5.635s] [ext: omni.kit.window.extensions-1.4.11] startup
[5.694s] [ext: omni.kit.usd.layers-2.1.36] startup
[5.737s] [ext: omni.kit.widget.context_menu-1.2.2] startup
[5.744s] [ext: omni.hydra.rtx.shadercache.vulkan-1.0.0] startup
[5.746s] [ext: omni.kit.notification_manager-1.0.9] startup
[5.759s] [ext: omni.kit.hotkeys.core-1.3.5] startup
[5.761s] [ext: omni.kit.context_menu-1.8.1] startup
[5.774s] [ext: omni.kit.widget.prompt-1.0.7] startup
[5.779s] [ext: omni.kit.helper.file_utils-0.1.8] startup
[5.785s] [ext: omni.kit.widget.nucleus_info-1.0.2] startup
[5.788s] [ext: omni.kit.widget.filebrowser-2.10.51] startup
[5.829s] [ext: omni.kit.search_core-1.0.5] startup
[5.832s] [ext: omni.kit.widget.path_field-2.0.10] startup
[5.838s] [ext: omni.ui.scene-1.10.3] startup
[5.847s] [ext: omni.kit.widget.search_delegate-1.0.5] startup
[5.854s] [ext: omni.kit.widget.options_button-1.0.3] startup
[5.856s] [ext: omni.kit.widget.browser_bar-2.0.10] startup
[5.861s] [ext: omni.volume-0.5.0] startup
[5.866s] [ext: omni.kit.window.filepicker-2.10.40] startup
[5.975s] [ext: omni.ujitso.processor.texture-1.0.0] startup
[5.976s] [ext: omni.kit.window.file_exporter-1.0.30] startup
[5.983s] [ext: omni.ujitso.client-0.0.0] startup
[5.984s] [ext: omni.kit.widget.stage-2.11.2] startup
[6.051s] [ext: omni.kit.widget.live_session_management.ui-1.0.1] startup
[6.069s] [ext: omni.kit.collaboration.presence_layer-1.0.9] startup
[6.083s] [ext: omni.hydra.rtx-1.0.0] startup
[6.111s] [ext: omni.inspect-1.0.1] startup
[6.114s] [ext: omni.kit.widget.searchable_combobox-1.0.6] startup
[6.120s] [ext: omni.kit.window.file_importer-1.1.12] startup
[6.126s] [ext: omni.kit.stage_template.core-1.1.22] startup
[6.129s] [ext: omni.kit.widget.settings-1.2.2] startup
[6.146s] [ext: omni.kit.window.file-1.3.54] startup
[6.168s] [ext: omni.kit.window.drop_support-1.0.3] startup
[6.170s] [ext: omni.kit.window.content_browser_registry-0.0.6] startup
[6.173s] [ext: omni.kit.window.preferences-1.6.0] startup
[6.199s] [ext: omni.kit.window.content_browser-2.9.18] startup
[6.240s] [ext: omni.kit.widget.live_session_management-1.2.20] startup
[6.258s] [ext: omni.kit.widget.text_editor-1.0.2] startup
[6.261s] [ext: omni.kit.hydra_texture-1.3.9] startup
[6.268s] [ext: omni.kit.viewport.legacy_gizmos-1.1.0] startup
[6.272s] [ext: omni.kit.raycast.query-1.0.5] startup
[6.281s] [ext: omni.kit.material.library-1.5.6] startup
[6.347s] [ext: omni.kit.widget.viewport-106.1.0] startup
[6.376s] [ext: omni.kit.viewport.registry-104.0.6] startup
[6.379s] [ext: omni.hydra.engine.stats-1.0.2] startup
[6.383s] [ext: omni.kit.widget.highlight_label-1.0.2] startup
[6.386s] [ext: omni.kit.viewport.window-107.0.6] startup
[6.464s] [ext: omni.kit.window.property-1.11.3] startup
[6.478s] [ext: omni.graph.core-2.179.2] startup
[6.482s] [ext: omni.graph.tools-1.79.0] startup
[6.655s] [ext: omni.kit.viewport.utility-1.0.17] startup
[6.663s] [ext: omni.kit.property.usd-4.2.8] startup
[6.768s] [ext: omni.debugdraw-0.1.3] startup
[6.774s] [ext: omni.graph-1.140.0] startup
[6.976s] [ext: omni.graph.ui-1.70.2] startup
[7.080s] [ext: omni.kvdb-106.1.9] startup
[7.089s] [ext: omni.graph.image.core-0.4.5] startup
[7.093s] [ext: omni.localcache-106.1.9] startup
[7.096s] [ext: omni.graph.image.nodes-1.1.0] startup
[7.101s] [ext: omni.usdphysics-106.1.9] startup
[7.108s] [ext: omni.physx.foundation-106.1.9] startup
[7.112s] [ext: omni.convexdecomposition-106.1.9] startup
[7.121s] [ext: omni.graph.nodes-1.146.1] startup
[7.138s] [ext: omni.physx.cooking-106.1.9] startup
[7.160s] [ext: omni.kit.primitive.mesh-1.0.17] startup
[7.185s] [ext: omni.physx-106.1.9] startup
[7.214s] [ext: omni.kit.stage_templates-1.2.5] startup
[7.225s] [ext: omni.isaac.version-1.1.0] startup
[7.229s] [ext: omni.kit.widget.material_preview-1.0.16] startup
[7.240s] [ext: omni.isaac.nucleus-0.3.1] startup
[7.247s] [ext: omni.physics.tensors-106.1.9] startup
[7.275s] [ext: omni.physx.stageupdate-106.1.9] startup
[7.282s] [ext: omni.graph.action_core-1.1.6] startup
[7.290s] [ext: omni.warp.core-1.2.1] startup
[7.592s] [ext: omni.physx.tensors-106.1.9] startup
[7.602s] [ext: omni.graph.scriptnode-1.20.1] startup
[7.606s] [ext: omni.kit.manipulator.viewport-107.0.0] startup
[7.618s] [ext: omni.graph.action_nodes-1.24.0] startup
[7.644s] [ext: omni.kit.ui_test-1.3.2] startup
[7.685s] [ext: omni.isaac.core-3.19.5] startup
[14.994s] [ext: omni.graph.visualization.nodes-2.1.1] startup
[15.013s] [ext: omni.graph.action-1.102.1] startup
[15.017s] [ext: omni.kit.window.cursor-1.1.2] startup
[15.024s] [ext: omni.isaac.ui-0.16.0] startup
[15.102s] [ext: omni.kit.viewport.menubar.core-106.1.0] startup
[15.174s] [ext: omni.kit.graph.delegate.default-1.2.2] startup
[15.176s] [ext: omni.syntheticdata-0.6.9] startup
[15.350s] [ext: omni.kit.graph.usd.commands-1.3.1] startup
[15.359s] [ext: omni.kit.graph.editor.core-1.5.3] startup
[15.421s] [ext: omni.kit.numpy.common-0.1.2] startup
[15.427s] [ext: omni.warp-1.2.1] startup
[15.475s] [ext: omni.kit.window.material_graph-1.8.18] startup
[15.912s] [ext: omni.isaac.dynamic_control-1.3.8] startup
[16.027s] [ext: omni.replicator.core-1.11.20] startup
2026-06-01 21:31:53 [16,094ms] [Warning] [omni.replicator.core.scripts.annotators] Annotator PostProcessDispatch is already registered, overwriting annotator template
[17.041s] [ext: omni.isaac.lula-3.0.1] startup
[17.085s] [ext: omni.isaac.surface_gripper-1.0.1] startup
[17.113s] [ext: omni.isaac.core_nodes-1.16.3] startup
[17.232s] [ext: omni.isaac.motion_generation-7.1.0] startup
[17.479s] [ext: omni.isaac.manipulators-2.1.0] startup
[17.565s] [ext: omni.isaac.franka-0.4.1] startup
[17.599s] [ext: omni.kit.graph.widget.variables-2.1.0] startup
[17.648s] [ext: omni.kit.graph.delegate.modern-1.10.6] startup
[17.746s] [ext: omni.isaac.cortex-0.3.9] startup
[17.754s] [ext: omni.graph.window.core-1.113.1] startup
[17.940s] [ext: omni.isaac.wheeled_robots-2.3.3] startup
[18.110s] [ext: omni.isaac.cortex.sample_behaviors-1.0.6] startup
[18.123s] [ext: omni.graph.window.generic-1.26.0] startup
[18.170s] [ext: omni.isaac.menu-0.7.3] startup
[18.203s] [ext: omni.kit.widget.live-2.1.8] startup
[18.237s] [ext: omni.kit.actions.window-1.1.1] startup
[18.315s] [ext: omni.kit.widget.cache_indicator-2.0.10] startup
[18.819s] [ext: omni.kit.hotkeys.window-1.4.5] startup
2026-06-01 21:31:55 [18,697ms] [Warning] [omni.kit.widget.cache_indicator.cache_state_menu] Unable to detect Omniverse Cache Server. Consider installing it for better IO performance.
[18.857s] [ext: omni.kit.ui.actions-1.0.2] startup
[18.863s] [ext: omni.kit.widget.stage_icons-1.0.5] startup
[18.867s] [ext: omni.kit.menu.common-1.1.7] startup
[18.872s] [ext: omni.kit.selection-0.1.4] startup
[18.880s] [ext: omni.isaac.kit-1.13.2] startup
[18.882s] [ext: omni.isaac.block_world-1.0.0] startup
[18.890s] [ext: omni.kit.window.stage-2.5.10] startup
[18.904s] [ext: omni.isaac.debug_draw-1.1.0] startup
[18.922s] [ext: omni.kit.menu.edit-1.1.24] startup
[18.947s] [ext: omni.kit.menu.file-1.1.14] startup
[18.953s] [ext: omni.kit.profiler.window-2.2.3] startup
[18.996s] [ext: omni.kit.menu.stage-1.2.5] startup
[19.004s] [ext: omni.isaac.occupancy_map-1.0.3] startup
[19.021s] [ext: omni.importer.mjcf-1.1.1] startup
[19.063s] [ext: omni.graph.window.action-1.28.0] startup
[19.084s] [ext: omni.kit.property.camera-1.0.8] startup
[19.092s] [ext: omni.kit.property.light-1.0.10] startup
[19.100s] [ext: omni.kit.property.geometry-1.3.1] startup
[19.118s] [ext: omni.hydra.scene_api-0.1.2] startup
[19.132s] [ext: omni.kit.property.audio-1.0.14] startup
[19.144s] [ext: omni.kit.property.render-1.1.2] startup
[19.150s] [ext: omni.kit.property.transform-1.5.9] startup
[19.189s] [ext: omni.kit.property.material-1.10.8] startup
[19.230s] [ext: omni.kit.widget.layers-1.8.0] startup
[19.319s] [ext: omni.kit.property.isaac-0.2.3] startup
[19.330s] [ext: omni.kit.property.bundle-1.3.1] startup
[19.337s] [ext: omni.sensors.nv.common-1.2.2-isaac-1] startup
[19.660s] [ext: omni.kit.property.layer-1.1.8] startup
[19.673s] [ext: omni.kit.stage_column.payload-2.0.0] startup
[19.682s] [ext: omni.isaac.scene_blox-0.1.2] startup
[19.684s] [ext: omni.sensors.nv.materials-1.2.1-isaac-1] startup
[19.690s] [ext: omni.sensors.nv.wpm-1.2.1-isaac-1] startup
[19.693s] [ext: omni.kit.viewport.actions-106.0.2] startup
[19.708s] [ext: omni.sensors.nv.lidar-1.2.2-isaac-1] startup
[19.731s] [ext: omni.sensors.nv.radar-1.2.1-isaac-1] startup
[19.762s] [ext: omni.kit.viewport.menubar.display-107.0.2] startup
[19.770s] [ext: omni.kit.manipulator.transform-104.7.4] startup
[19.786s] [ext: omni.kit.widget.toolbar-1.7.2] startup
[19.819s] [ext: omni.sensors.tiled-0.0.6] startup
[19.823s] [ext: omni.sensors.nv.ids-1.1.0-isaac-1] startup
[19.864s] [ext: omni.isaac.range_sensor-3.1.2] startup
[19.974s] [ext: omni.usdphysics.ui-106.1.9] startup
[20.033s] [ext: omni.physx.commands-106.1.9] startup
[20.064s] [ext: omni.kit.manipulator.tool.snap-1.5.11] startup
[20.105s] [ext: omni.isaac.sensor-12.9.1] startup
[20.340s] [ext: omni.kit.manipulator.selector-1.1.1] startup
[20.357s] [ext: omni.physx.ui-106.1.9] startup
[20.578s] [ext: omni.isaac.quadruped-2.0.1] startup
[20.630s] [ext: omni.kit.viewport.manipulator.transform-107.0.2] startup
[20.643s] [ext: omni.physx.demos-106.1.9] startup
[20.833s] [ext: omni.kit.property.physx-106.1.9] startup
[21.065s] [ext: omni.kit.widget.calendar-1.0.8] startup
[21.074s] [ext: omni.kit.manipulator.prim.core-107.0.4] startup
[21.123s] [ext: omni.fabric.commands-1.1.5] startup
[21.159s] [ext: omni.physx.vehicle-106.1.9] startup
[21.331s] [ext: omni.kit.widget.extended_searchfield-1.0.28] startup
[21.381s] [ext: omni.kit.manipulator.prim.fabric-107.0.3] startup
[21.394s] [ext: omni.kit.manipulator.prim.usd-107.0.2] startup
[21.402s] [ext: omni.kit.widget.timeline-105.0.1] startup
[21.426s] [ext: omni.kit.window.commands-0.2.6] startup
[21.435s] [ext: omni.physx.camera-106.1.9] startup
[21.463s] [ext: omni.kit.manipulator.camera-105.0.5] startup
[21.493s] [ext: omni.kit.viewport.menubar.camera-107.0.2] startup
[21.522s] [ext: omni.kit.manipulator.prim-107.0.0] startup
[21.523s] [ext: omni.kit.manipulator.selection-106.0.1] startup
[21.530s] [ext: omni.kit.window.toolbar-1.6.1] startup
[21.538s] [ext: omni.kit.stage_column.variant-1.0.13] startup
[21.547s] [ext: omni.kit.viewport.menubar.render-106.1.1] startup
[21.563s] [ext: omni.kit.viewport.menubar.settings-107.0.3] startup
[21.594s] [ext: omni.physx.cct-106.1.9] startup
[21.639s] [ext: omni.physx.graph-106.1.9] startup
[21.719s] [ext: omni.physx.supportui-106.1.9] startup
[21.850s] [ext: omni.physx.telemetry-106.1.9] startup
[21.872s] [ext: omni.graph.ui_nodes-1.26.0] startup
[21.959s] [ext: omni.kit.viewport.bundle-104.0.1] startup
[21.961s] [ext: omni.isaac.universal_robots-0.3.5] startup
[21.993s] [ext: omni.kit.window.console-0.2.13] startup
[22.040s] [ext: omni.kit.window.script_editor-1.7.6] startup
[22.101s] [ext: omni.kit.menu.create-1.0.16] startup
[22.142s] [ext: omni.graph.bundle.action-2.4.1] startup
[22.166s] [ext: omni.physx.bundle-106.1.9] startup
[22.170s] [ext: omni.rtx.window.settings-0.6.17] startup
[22.302s] [ext: omni.kit.window.status_bar-0.1.7] startup
[22.394s] [ext: omni.kit.window.title-1.1.5] startup
[22.407s] [ext: omni.replicator.isaac-1.15.2] startup
[22.774s] [ext: omni.replicator.replicator_yaml-2.0.6] startup
[22.963s] [ext: omni.rtx.settings.core-0.6.3] startup
[23.017s] [ext: omni.kit.viewport.menubar.lighting-106.0.2] startup
[23.072s] [ext: semantics.schema.editor-0.3.8] startup
[23.097s] [ext: semantics.schema.property-1.0.4] startup
[23.106s] [ext: omni.kit.viewport.rtx-104.0.1] startup
[23.106s] [ext: omni.isaac.utils-1.0.1] startup
[23.116s] [ext: omni.isaac.cloner-0.8.1] startup
[23.128s] [ext: omni.importer.urdf-1.14.1] startup
[23.249s] [ext: omni.kit.window.stats-0.1.6] startup
[23.267s] [ext: omni.isaac.sim.python-4.2.0] startup
[23.280s] Simulation App Starting
[388.804s] app ready
Starting kit application with the following args:  ['/isaac-sim/exts/omni.isaac.kit/omni/isaac/kit/simulation_app.py', '/isaac-sim/apps/omni.isaac.sim.python.kit', '--/app/tokens/exe-path=/isaac-sim/kit', '--/persistent/app/viewport/displayOptions=3094', '--/rtx/materialDb/syncLoads=True', '--/rtx/hydra/materialSyncLoads=True', '--/omni.kit.plugin/syncUsdLoads=True', '--/app/renderer/resolution/width=1280', '--/app/renderer/resolution/height=720', '--/app/window/width=1440', '--/app/window/height=900', '--/renderer/multiGpu/enabled=True', '--/app/fastShutdown=True', '--ext-folder', '/isaac-sim/exts', '--ext-folder', '/isaac-sim/apps', '--/physics/cudaDevice=0', '--portable', '--no-window', '--/app/window/hideUi=1', '--allow-root']
Passing the following args to the base kit application:  []
Warp 1.2.1 initialized:
   CUDA Toolkit 11.8, Driver 13.0
   Devices:
     "cpu"      : "x86_64"
     "cuda:0"   : "Tesla T4" (15 GiB, sm_75, mempool enabled)
   Kernel cache:
     /root/.cache/warp/1.2.1
SIMULATIONAPP OK
WORLD CREATED
DEFAULT GROUND PLANE ADDED
STAGE LOAD COMPLETE
WORLD RESET OK
INITIAL POSITIONS CAPTURED — NUM DOF: 37
ARTICULATION_CONTROLLER OBTAINED: <class 'omni.isaac.core.controllers.articulation_controller.ArticulationController'>
KP BEFORE — min=572957824.0 max=572957824.0
KD BEFORE — min=0.0 max=0.0
KP UNIQUE COUNT BEFORE=1
KD UNIQUE COUNT BEFORE=1
KD TEST VALUE=10000000.0
SET_GAINS APPLIED — KD=10000000.0 on 37 DOF — save_to_usd=False
KP AFTER — min=572957824.0 max=572957824.0
KD AFTER — min=10000000.0 max=10000000.0
KD VERIFY OK
POSE STEP   0 | X=-0.00003 Y=+0.00001 Z=+0.10048 | DX=+0.00000 DY=+0.00000 DZ=+0.00000 | XY_NORM=0.00000 | W=1.00000 DW=+0.00000
POSE STEP  10 | X=-0.00033 Y=+0.00914 Z=+0.59064 | DX=-0.00030 DY=+0.00913 DZ=+0.49016 | XY_NORM=0.00913 | W=0.99968 DW=-0.00032
POSE STEP  20 | X=+0.07553 Y=+0.02073 Z=+0.83971 | DX=+0.07556 DY=+0.02073 DZ=+0.73922 | XY_NORM=0.07835 | W=0.99452 DW=-0.00548
POSE STEP  30 | X=+0.15323 Y=+0.02993 Z=+0.77364 | DX=+0.15326 DY=+0.02992 DZ=+0.67316 | XY_NORM=0.15616 | W=0.97765 DW=-0.02235
POSE STEP  40 | X=+0.28946 Y=+0.05330 Z=+0.60329 | DX=+0.28950 DY=+0.05330 DZ=+0.50281 | XY_NORM=0.29436 | W=0.93285 DW=-0.06715
POSE STEP  50 | X=+0.56882 Y=+0.11445 Z=+0.46146 | DX=+0.56885 DY=+0.11445 DZ=+0.36097 | XY_NORM=0.58025 | W=0.82588 DW=-0.17412
POSE STEP  60 | X=+0.83810 Y=+0.17046 Z=+0.20441 | DX=+0.83813 DY=+0.17045 DZ=+0.10393 | XY_NORM=0.85528 | W=0.73963 DW=-0.26037
LOOP COMPLETE
2026-06-01 21:38:06 [389,429ms] [Warning] [omni.kit.imgui_renderer.plugin] _createExtendCursor: No windowing.
2026-06-01 21:38:06 [389,429ms] [Warning] [omni.kit.imgui_renderer.plugin] _createExtendCursor: No windowing.
[389.963s] Simulation App Startup Complete
2026-06-01 21:38:29 [412,384ms] [Warning] [omni.physx.plugin] Detected an articulation at /World/G1 with more than 4 velocity iterations being added to a TGS scene.The related behavior changed recently, please consult the changelog. This warning will only print once.
2026-06-01 21:38:34 [417,539ms] [Warning] [carb.windowing-glfw.plugin] GLFW initialization failed.
2026-06-01 21:38:34 [417,539ms] [Warning] [carb] Failed to startup plugin carb.windowing-glfw.plugin (interfaces: [carb::windowing::IGLContext v1.0],[carb::windowing::IWindowing v1.4]) (impl: carb.windowing-glfw.plugin)
2026-06-01 21:38:34 [417,648ms] [Warning] [omni.usd] Unexpected reference count of 2 for UsdStage 'anon:0x3e7bd1e0:World0.usd' while being closed in UsdContext (this may indicate it is still resident in memory).
[417.955s] Simulation App Shutting Down
