[Info] [carb] Logging to file: /isaac-sim/kit/logs/Kit/Isaac-Sim/4.2/kit_20260601_203454.log
2026-06-01 20:34:54 [0ms] [Warning] [omni.kit.app.plugin] No crash reporter present, dumps uploading isn't available.
[0.226s] [ext: omni.blobkey-1.1.2] startup
[0.226s] [ext: omni.kit.async_engine-0.0.1] startup
[2.841s] [ext: omni.stats-1.0.1] startup
[2.843s] [ext: omni.datastore-0.0.0] startup
[2.860s] [ext: omni.client-1.2.0] startup
[2.961s] [ext: omni.ujitso.default-1.0.0] startup
[2.974s] [ext: omni.gpu_foundation.shadercache.vulkan-1.0.0] startup
[3.004s] [ext: omni.hsscclient-1.1.1] startup
[3.005s] [ext: omni.assets.plugins-0.0.0] startup
[3.007s] [ext: omni.gpu_foundation-0.0.0] startup
[3.056s] [ext: carb.windowing.plugins-1.0.0] startup
2026-06-01 20:34:57 [2,985ms] [Warning] [carb.windowing-glfw.plugin] GLFW initialization failed.
2026-06-01 20:34:57 [2,985ms] [Warning] [carb] Failed to startup plugin carb.windowing-glfw.plugin (interfaces: [carb::windowing::IGLContext v1.0],[carb::windowing::IWindowing v1.4]) (impl: carb.windowing-glfw.plugin)
[3.060s] [ext: omni.kit.renderer.init-0.0.0] startup
2026-06-01 20:34:57 [3,030ms] [Warning] [omni.platforminfo.plugin] failed to open the default display.  Can't verify X Server version.

|---------------------------------------------------------------------------------------------|
| Driver Version: 580.159.03    | Graphics API: Vulkan
|=============================================================================================|
| GPU | Name                             | Active | LDA | GPU Memory | Vendor-ID | LUID       |
|     |                                  |        |     |            | Device-ID | UUID       |
|     |                                  |        |     |            | Bus-ID    |            |
|---------------------------------------------------------------------------------------------|
| 0   | Tesla T4                         | Yes: 0 |     | 15606   MB | 10de      | 0          |
|     |                                  |        |     |            | 1eb8      | ddfd322a.. |
|     |                                  |        |     |            | 0         |            |
|=============================================================================================|
| OS: 22.04.3 LTS (Jammy Jellyfish) ubuntu, Version: 22.04.3, Kernel: 5.15.0-179-generic
| Processor: Intel(R) Xeon(R) Gold 6152 CPU @ 2.10GHz | Cores: 2 | Logical: 4
|---------------------------------------------------------------------------------------------|
| Total Memory (MB): 7936 | Free Memory: 6638
| Total Page/Swap (MB): 0 | Free Page/Swap: 0
|---------------------------------------------------------------------------------------------|
2026-06-01 20:34:58 [4,197ms] [Warning] [gpu.foundation.plugin] ECC is enabled on physical device 0
[4.540s] [ext: omni.kit.pipapi-0.0.0] startup
[4.546s] [ext: omni.kit.pip_archive-0.0.0] startup
[4.547s] [ext: omni.pip.compute-1.4.0] startup
[4.548s] [ext: omni.pip.cloud-1.1.3] startup
[4.573s] [ext: omni.isaac.core_archive-2.3.0] startup
[4.574s] [ext: omni.materialx.libs-1.0.4] startup
[4.590s] [ext: omni.isaac.ml_archive-2.0.1] startup
[4.591s] [ext: omni.kit.telemetry-0.5.0] startup
[4.636s] [ext: omni.usd.config-1.0.4] startup
[4.657s] [ext: omni.gpucompute.plugins-0.0.0] startup
[4.657s] [ext: omni.usd.libs-1.0.1] startup
[4.807s] [ext: omni.iray.libs-0.0.0] startup
[4.816s] [ext: omni.mdl.neuraylib-0.2.8] startup
[4.821s] [ext: omni.mdl-55.0.1] startup
[5.058s] [ext: omni.kit.usd.mdl-1.0.1] startup
[5.271s] [ext: omni.kit.loop-isaac-1.2.0] startup
[5.273s] [ext: omni.kit.test-1.1.0] startup
[5.660s] [ext: omni.appwindow-1.1.8] startup
2026-06-01 20:34:59 [5,586ms] [Warning] [carb.windowing-glfw.plugin] GLFW initialization failed.
2026-06-01 20:34:59 [5,586ms] [Warning] [carb] Failed to startup plugin carb.windowing-glfw.plugin (interfaces: [carb::windowing::IGLContext v1.0],[carb::windowing::IWindowing v1.4]) (impl: carb.windowing-glfw.plugin)
[5.664s] [ext: omni.kit.renderer.core-1.0.2] startup
2026-06-01 20:35:00 [5,662ms] [Warning] [carb.windowing-glfw.plugin] GLFW initialization failed.
2026-06-01 20:35:00 [5,662ms] [Warning] [carb] Failed to startup plugin carb.windowing-glfw.plugin (interfaces: [carb::windowing::IGLContext v1.0],[carb::windowing::IWindowing v1.4]) (impl: carb.windowing-glfw.plugin)
2026-06-01 20:35:00 [5,674ms] [Warning] [carb.windowing-glfw.plugin] GLFW initialization failed.
2026-06-01 20:35:00 [5,674ms] [Warning] [carb] Failed to startup plugin carb.windowing-glfw.plugin (interfaces: [carb::windowing::IGLContext v1.0],[carb::windowing::IWindowing v1.4]) (impl: carb.windowing-glfw.plugin)
[5.752s] [ext: omni.kit.renderer.capture-0.0.0] startup
[5.756s] [ext: omni.kit.renderer.imgui-1.0.1] startup
2026-06-01 20:35:00 [5,685ms] [Warning] [carb.windowing-glfw.plugin] GLFW initialization failed.
2026-06-01 20:35:00 [5,685ms] [Warning] [carb] Failed to startup plugin carb.windowing-glfw.plugin (interfaces: [carb::windowing::IGLContext v1.0],[carb::windowing::IWindowing v1.4]) (impl: carb.windowing-glfw.plugin)
2026-06-01 20:35:00 [5,689ms] [Warning] [carb.windowing-glfw.plugin] GLFW initialization failed.
2026-06-01 20:35:00 [5,689ms] [Warning] [carb] Failed to startup plugin carb.windowing-glfw.plugin (interfaces: [carb::windowing::IGLContext v1.0],[carb::windowing::IWindowing v1.4]) (impl: carb.windowing-glfw.plugin)
2026-06-01 20:35:00 [5,691ms] [Warning] [carb.windowing-glfw.plugin] GLFW initialization failed.
2026-06-01 20:35:00 [5,691ms] [Warning] [carb] Failed to startup plugin carb.windowing-glfw.plugin (interfaces: [carb::windowing::IGLContext v1.0],[carb::windowing::IWindowing v1.4]) (impl: carb.windowing-glfw.plugin)
[5.993s] [ext: omni.ui-2.25.22] startup
[6.018s] [ext: omni.kit.mainwindow-1.0.3] startup
[6.021s] [ext: carb.audio-0.1.0] startup
[6.042s] [ext: omni.uiaudio-1.0.0] startup
[6.043s] [ext: omni.kit.uiapp-0.0.0] startup
[6.043s] [ext: omni.usd.schema.isaac-2.1.0] startup
[6.057s] [ext: omni.usd.schema.audio-0.0.0] startup
[6.063s] [ext: omni.usd.schema.anim-0.0.0] startup
[6.098s] [ext: omni.usd.schema.geospatial-0.0.0] startup
[6.103s] [ext: omni.usd.schema.semantics-0.0.0] startup
[6.107s] [ext: omni.usd.schema.omnigraph-1.0.0] startup
[6.118s] [ext: omni.anim.navigation.schema-106.1.0] startup
[6.124s] [ext: omni.usd.schema.scene.visualization-2.0.2] startup
[6.127s] [ext: omni.usd.schema.omniscripting-1.0.0] startup
[6.135s] [ext: omni.anim.graph.schema-106.1.0] startup
[6.146s] [ext: omni.usd.schema.physx-106.1.9] startup
[6.198s] [ext: omni.usd.schema.forcefield-106.1.9] startup
[6.207s] [ext: omni.graph.exec-0.9.4] startup
[6.208s] [ext: omni.kit.usd_undo-0.1.8] startup
[6.210s] [ext: omni.kit.actions.core-1.0.0] startup
[6.213s] [ext: omni.kit.exec.core-0.13.4] startup
[6.218s] [ext: omni.usd_resolver-1.0.0] startup
[6.225s] [ext: omni.kit.commands-1.4.9] startup
[6.241s] [ext: omni.activity.core-1.0.1] startup
[6.244s] [ext: omni.usd.core-1.4.1] startup
[6.248s] [ext: omni.resourcemonitor-105.0.1] startup
[6.252s] [ext: omni.kit.window.popup_dialog-2.0.24] startup
[6.267s] [ext: omni.timeline-1.0.10] startup
[6.270s] [ext: omni.kit.widget.nucleus_connector-1.1.9] startup
[6.282s] [ext: usdrt.scenegraph-7.5.0] startup
[6.354s] [ext: omni.kit.audiodeviceenum-1.0.1] startup
[6.357s] [ext: omni.hydra.usdrt_delegate-7.5.1] startup
[6.378s] [ext: omni.hydra.scene_delegate-0.3.3] startup
[6.384s] [ext: omni.usd-1.12.2] startup
[6.523s] [ext: omni.kit.menu.core-1.0.4] startup
[6.528s] [ext: omni.kit.collaboration.telemetry-1.0.0] startup
[6.529s] [ext: omni.kit.property.adapter.core-1.0.1] startup
[6.535s] [ext: omni.kit.menu.utils-1.5.27] startup
[6.587s] [ext: omni.kit.clipboard-1.0.4] startup
[6.589s] [ext: omni.kit.collaboration.channel_manager-1.0.12] startup
[6.596s] [ext: omni.kit.property.adapter.usd-1.0.1] startup
[6.600s] [ext: omni.kit.widget.options_menu-1.1.6] startup
[6.617s] [ext: omni.kit.widget.graph-1.12.15] startup
[6.673s] [ext: omni.kit.widget.searchfield-1.1.8] startup
[6.682s] [ext: omni.kit.widget.filter-1.1.4] startup
[6.685s] [ext: omni.kit.property.adapter.fabric-1.0.1] startup
[6.692s] [ext: omni.ui_query-1.1.4] startup
[6.697s] [ext: omni.kit.window.extensions-1.4.11] startup
[6.754s] [ext: omni.kit.usd.layers-2.1.36] startup
[6.797s] [ext: omni.kit.widget.context_menu-1.2.2] startup
[6.807s] [ext: omni.hydra.rtx.shadercache.vulkan-1.0.0] startup
[6.809s] [ext: omni.kit.notification_manager-1.0.9] startup
[6.823s] [ext: omni.kit.hotkeys.core-1.3.5] startup
[6.824s] [ext: omni.kit.context_menu-1.8.1] startup
[6.838s] [ext: omni.kit.widget.prompt-1.0.7] startup
[6.843s] [ext: omni.kit.helper.file_utils-0.1.8] startup
[6.857s] [ext: omni.kit.widget.nucleus_info-1.0.2] startup
[6.860s] [ext: omni.kit.widget.filebrowser-2.10.51] startup
[6.901s] [ext: omni.kit.search_core-1.0.5] startup
[6.905s] [ext: omni.kit.widget.path_field-2.0.10] startup
[6.911s] [ext: omni.ui.scene-1.10.3] startup
[6.920s] [ext: omni.kit.widget.search_delegate-1.0.5] startup
[6.927s] [ext: omni.kit.widget.options_button-1.0.3] startup
[6.929s] [ext: omni.kit.widget.browser_bar-2.0.10] startup
[6.935s] [ext: omni.volume-0.5.0] startup
[6.940s] [ext: omni.kit.window.filepicker-2.10.40] startup
[7.053s] [ext: omni.ujitso.processor.texture-1.0.0] startup
[7.054s] [ext: omni.kit.window.file_exporter-1.0.30] startup
[7.062s] [ext: omni.ujitso.client-0.0.0] startup
[7.062s] [ext: omni.kit.widget.stage-2.11.2] startup
[7.131s] [ext: omni.kit.widget.live_session_management.ui-1.0.1] startup
[7.209s] [ext: omni.kit.collaboration.presence_layer-1.0.9] startup
[7.223s] [ext: omni.hydra.rtx-1.0.0] startup
[7.249s] [ext: omni.inspect-1.0.1] startup
[7.252s] [ext: omni.kit.widget.searchable_combobox-1.0.6] startup
[7.258s] [ext: omni.kit.window.file_importer-1.1.12] startup
[7.264s] [ext: omni.kit.stage_template.core-1.1.22] startup
[7.267s] [ext: omni.kit.widget.settings-1.2.2] startup
[7.284s] [ext: omni.kit.window.file-1.3.54] startup
[7.305s] [ext: omni.kit.window.drop_support-1.0.3] startup
[7.307s] [ext: omni.kit.window.content_browser_registry-0.0.6] startup
[7.310s] [ext: omni.kit.window.preferences-1.6.0] startup
[7.333s] [ext: omni.kit.window.content_browser-2.9.18] startup
[7.375s] [ext: omni.kit.widget.live_session_management-1.2.20] startup
[7.392s] [ext: omni.kit.widget.text_editor-1.0.2] startup
[7.394s] [ext: omni.kit.hydra_texture-1.3.9] startup
[7.401s] [ext: omni.kit.viewport.legacy_gizmos-1.1.0] startup
[7.405s] [ext: omni.kit.raycast.query-1.0.5] startup
[7.413s] [ext: omni.kit.material.library-1.5.6] startup
[7.479s] [ext: omni.kit.widget.viewport-106.1.0] startup
[7.509s] [ext: omni.kit.viewport.registry-104.0.6] startup
[7.512s] [ext: omni.hydra.engine.stats-1.0.2] startup
[7.516s] [ext: omni.kit.widget.highlight_label-1.0.2] startup
[7.519s] [ext: omni.kit.viewport.window-107.0.6] startup
[7.598s] [ext: omni.kit.window.property-1.11.3] startup
[7.612s] [ext: omni.graph.core-2.179.2] startup
[7.615s] [ext: omni.graph.tools-1.79.0] startup
[7.787s] [ext: omni.kit.viewport.utility-1.0.17] startup
[7.794s] [ext: omni.kit.property.usd-4.2.8] startup
[7.901s] [ext: omni.debugdraw-0.1.3] startup
[7.907s] [ext: omni.graph-1.140.0] startup
[9.057s] [ext: omni.graph.ui-1.70.2] startup
[9.172s] [ext: omni.kvdb-106.1.9] startup
[9.181s] [ext: omni.graph.image.core-0.4.5] startup
[9.184s] [ext: omni.localcache-106.1.9] startup
[9.187s] [ext: omni.graph.image.nodes-1.1.0] startup
[9.193s] [ext: omni.usdphysics-106.1.9] startup
[9.198s] [ext: omni.physx.foundation-106.1.9] startup
[9.202s] [ext: omni.convexdecomposition-106.1.9] startup
[9.210s] [ext: omni.graph.nodes-1.146.1] startup
[9.227s] [ext: omni.physx.cooking-106.1.9] startup
[9.249s] [ext: omni.kit.primitive.mesh-1.0.17] startup
[9.272s] [ext: omni.physx-106.1.9] startup
[9.300s] [ext: omni.kit.stage_templates-1.2.5] startup
[9.311s] [ext: omni.isaac.version-1.1.0] startup
[9.315s] [ext: omni.kit.widget.material_preview-1.0.16] startup
[9.326s] [ext: omni.isaac.nucleus-0.3.1] startup
[9.333s] [ext: omni.physics.tensors-106.1.9] startup
[9.360s] [ext: omni.physx.stageupdate-106.1.9] startup
[9.373s] [ext: omni.graph.action_core-1.1.6] startup
[9.380s] [ext: omni.warp.core-1.2.1] startup
[9.743s] [ext: omni.physx.tensors-106.1.9] startup
[9.754s] [ext: omni.graph.scriptnode-1.20.1] startup
[9.758s] [ext: omni.kit.manipulator.viewport-107.0.0] startup
[9.769s] [ext: omni.graph.action_nodes-1.24.0] startup
[9.794s] [ext: omni.kit.ui_test-1.3.2] startup
[9.825s] [ext: omni.isaac.core-3.19.5] startup
[14.943s] [ext: omni.graph.visualization.nodes-2.1.1] startup
[14.959s] [ext: omni.graph.action-1.102.1] startup
[14.963s] [ext: omni.kit.window.cursor-1.1.2] startup
[14.976s] [ext: omni.isaac.ui-0.16.0] startup
[15.049s] [ext: omni.kit.viewport.menubar.core-106.1.0] startup
[15.119s] [ext: omni.kit.graph.delegate.default-1.2.2] startup
[15.123s] [ext: omni.syntheticdata-0.6.9] startup
[15.271s] [ext: omni.kit.graph.usd.commands-1.3.1] startup
[15.280s] [ext: omni.kit.graph.editor.core-1.5.3] startup
[15.341s] [ext: omni.kit.numpy.common-0.1.2] startup
[15.347s] [ext: omni.warp-1.2.1] startup
[15.399s] [ext: omni.kit.window.material_graph-1.8.18] startup
[15.853s] [ext: omni.isaac.dynamic_control-1.3.8] startup
[15.979s] [ext: omni.replicator.core-1.11.20] startup
2026-06-01 20:35:10 [16,154ms] [Warning] [omni.replicator.core.scripts.annotators] Annotator PostProcessDispatch is already registered, overwriting annotator template
[17.780s] [ext: omni.isaac.lula-3.0.1] startup
[17.821s] [ext: omni.isaac.surface_gripper-1.0.1] startup
[17.846s] [ext: omni.isaac.core_nodes-1.16.3] startup
[17.943s] [ext: omni.isaac.motion_generation-7.1.0] startup
[18.175s] [ext: omni.isaac.manipulators-2.1.0] startup
[18.290s] [ext: omni.isaac.franka-0.4.1] startup
[18.326s] [ext: omni.kit.graph.widget.variables-2.1.0] startup
[18.361s] [ext: omni.kit.graph.delegate.modern-1.10.6] startup
[18.444s] [ext: omni.isaac.cortex-0.3.9] startup
[18.455s] [ext: omni.graph.window.core-1.113.1] startup
[18.684s] [ext: omni.isaac.wheeled_robots-2.3.3] startup
[18.776s] [ext: omni.isaac.cortex.sample_behaviors-1.0.6] startup
[18.786s] [ext: omni.graph.window.generic-1.26.0] startup
[18.850s] [ext: omni.isaac.menu-0.7.3] startup
[18.886s] [ext: omni.kit.widget.live-2.1.8] startup
[18.915s] [ext: omni.kit.actions.window-1.1.1] startup
[19.012s] [ext: omni.kit.widget.cache_indicator-2.0.10] startup
[19.457s] [ext: omni.kit.hotkeys.window-1.4.5] startup
2026-06-01 20:35:13 [19,385ms] [Warning] [omni.kit.widget.cache_indicator.cache_state_menu] Unable to detect Omniverse Cache Server. Consider installing it for better IO performance.
[19.496s] [ext: omni.kit.ui.actions-1.0.2] startup
[19.502s] [ext: omni.kit.widget.stage_icons-1.0.5] startup
[19.506s] [ext: omni.kit.menu.common-1.1.7] startup
[19.511s] [ext: omni.kit.selection-0.1.4] startup
[19.518s] [ext: omni.isaac.kit-1.13.2] startup
[19.519s] [ext: omni.isaac.block_world-1.0.0] startup
[19.526s] [ext: omni.kit.window.stage-2.5.10] startup
[19.539s] [ext: omni.isaac.debug_draw-1.1.0] startup
[19.547s] [ext: omni.kit.menu.edit-1.1.24] startup
[19.571s] [ext: omni.kit.menu.file-1.1.14] startup
[19.577s] [ext: omni.kit.profiler.window-2.2.3] startup
[19.621s] [ext: omni.kit.menu.stage-1.2.5] startup
[19.626s] [ext: omni.isaac.occupancy_map-1.0.3] startup
[19.638s] [ext: omni.importer.mjcf-1.1.1] startup
[19.936s] [ext: omni.graph.window.action-1.28.0] startup
[19.958s] [ext: omni.kit.property.camera-1.0.8] startup
[19.966s] [ext: omni.kit.property.light-1.0.10] startup
[19.973s] [ext: omni.kit.property.geometry-1.3.1] startup
[19.992s] [ext: omni.hydra.scene_api-0.1.2] startup
[20.001s] [ext: omni.kit.property.audio-1.0.14] startup
[20.013s] [ext: omni.kit.property.render-1.1.2] startup
[20.018s] [ext: omni.kit.property.transform-1.5.9] startup
[20.066s] [ext: omni.kit.property.material-1.10.8] startup
[20.103s] [ext: omni.kit.widget.layers-1.8.0] startup
[20.187s] [ext: omni.kit.property.isaac-0.2.3] startup
[20.196s] [ext: omni.kit.property.bundle-1.3.1] startup
[20.204s] [ext: omni.sensors.nv.common-1.2.2-isaac-1] startup
[20.381s] [ext: omni.kit.property.layer-1.1.8] startup
[20.395s] [ext: omni.kit.stage_column.payload-2.0.0] startup
[20.403s] [ext: omni.isaac.scene_blox-0.1.2] startup
[20.405s] [ext: omni.sensors.nv.materials-1.2.1-isaac-1] startup
[20.482s] [ext: omni.sensors.nv.wpm-1.2.1-isaac-1] startup
[20.557s] [ext: omni.kit.viewport.actions-106.0.2] startup
[20.572s] [ext: omni.sensors.nv.lidar-1.2.2-isaac-1] startup
[20.580s] [ext: omni.sensors.nv.radar-1.2.1-isaac-1] startup
[20.589s] [ext: omni.kit.viewport.menubar.display-107.0.2] startup
[20.599s] [ext: omni.kit.manipulator.transform-104.7.4] startup
[20.613s] [ext: omni.kit.widget.toolbar-1.7.2] startup
[20.652s] [ext: omni.sensors.tiled-0.0.6] startup
[20.656s] [ext: omni.sensors.nv.ids-1.1.0-isaac-1] startup
[20.663s] [ext: omni.isaac.range_sensor-3.1.2] startup
[20.772s] [ext: omni.usdphysics.ui-106.1.9] startup
[20.819s] [ext: omni.physx.commands-106.1.9] startup
[20.852s] [ext: omni.kit.manipulator.tool.snap-1.5.11] startup
[20.889s] [ext: omni.isaac.sensor-12.9.1] startup
[21.058s] [ext: omni.kit.manipulator.selector-1.1.1] startup
[21.075s] [ext: omni.physx.ui-106.1.9] startup
[21.252s] [ext: omni.isaac.quadruped-2.0.1] startup
[21.302s] [ext: omni.kit.viewport.manipulator.transform-107.0.2] startup
[21.315s] [ext: omni.physx.demos-106.1.9] startup
[21.514s] [ext: omni.kit.property.physx-106.1.9] startup
[21.712s] [ext: omni.kit.widget.calendar-1.0.8] startup
[21.721s] [ext: omni.kit.manipulator.prim.core-107.0.4] startup
[21.765s] [ext: omni.fabric.commands-1.1.5] startup
[21.801s] [ext: omni.physx.vehicle-106.1.9] startup
[21.921s] [ext: omni.kit.widget.extended_searchfield-1.0.28] startup
[21.970s] [ext: omni.kit.manipulator.prim.fabric-107.0.3] startup
[21.983s] [ext: omni.kit.manipulator.prim.usd-107.0.2] startup
[21.990s] [ext: omni.kit.widget.timeline-105.0.1] startup
[22.020s] [ext: omni.kit.window.commands-0.2.6] startup
[22.029s] [ext: omni.physx.camera-106.1.9] startup
[22.053s] [ext: omni.kit.manipulator.camera-105.0.5] startup
[22.084s] [ext: omni.kit.viewport.menubar.camera-107.0.2] startup
[22.119s] [ext: omni.kit.manipulator.prim-107.0.0] startup
[22.120s] [ext: omni.kit.manipulator.selection-106.0.1] startup
[22.128s] [ext: omni.kit.window.toolbar-1.6.1] startup
[22.135s] [ext: omni.kit.stage_column.variant-1.0.13] startup
[22.145s] [ext: omni.kit.viewport.menubar.render-106.1.1] startup
[22.165s] [ext: omni.kit.viewport.menubar.settings-107.0.3] startup
[22.197s] [ext: omni.physx.cct-106.1.9] startup
[22.233s] [ext: omni.physx.graph-106.1.9] startup
[22.300s] [ext: omni.physx.supportui-106.1.9] startup
[22.420s] [ext: omni.physx.telemetry-106.1.9] startup
[22.446s] [ext: omni.graph.ui_nodes-1.26.0] startup
[22.483s] [ext: omni.kit.viewport.bundle-104.0.1] startup
[22.484s] [ext: omni.isaac.universal_robots-0.3.5] startup
[22.515s] [ext: omni.kit.window.console-0.2.13] startup
[22.552s] [ext: omni.kit.window.script_editor-1.7.6] startup
[22.581s] [ext: omni.kit.menu.create-1.0.16] startup
[22.622s] [ext: omni.graph.bundle.action-2.4.1] startup
[22.665s] [ext: omni.physx.bundle-106.1.9] startup
[22.669s] [ext: omni.rtx.window.settings-0.6.17] startup
[22.747s] [ext: omni.kit.window.status_bar-0.1.7] startup
[22.865s] [ext: omni.kit.window.title-1.1.5] startup
[22.892s] [ext: omni.replicator.isaac-1.15.2] startup
[23.222s] [ext: omni.replicator.replicator_yaml-2.0.6] startup
[23.406s] [ext: omni.rtx.settings.core-0.6.3] startup
[23.472s] [ext: omni.kit.viewport.menubar.lighting-106.0.2] startup
[23.519s] [ext: semantics.schema.editor-0.3.8] startup
[23.540s] [ext: semantics.schema.property-1.0.4] startup
[23.547s] [ext: omni.kit.viewport.rtx-104.0.1] startup
[23.547s] [ext: omni.isaac.utils-1.0.1] startup
[23.557s] [ext: omni.isaac.cloner-0.8.1] startup
[23.567s] [ext: omni.importer.urdf-1.14.1] startup
[23.697s] [ext: omni.kit.window.stats-0.1.6] startup
[23.714s] [ext: omni.isaac.sim.python-4.2.0] startup
[23.718s] Simulation App Starting
[389.271s] app ready
Starting kit application with the following args:  ['/isaac-sim/exts/omni.isaac.kit/omni/isaac/kit/simulation_app.py', '/isaac-sim/apps/omni.isaac.sim.python.kit', '--/app/tokens/exe-path=/isaac-sim/kit', '--/persistent/app/viewport/displayOptions=3094', '--/rtx/materialDb/syncLoads=True', '--/rtx/hydra/materialSyncLoads=True', '--/omni.kit.plugin/syncUsdLoads=True', '--/app/renderer/resolution/width=1280', '--/app/renderer/resolution/height=720', '--/app/window/width=1440', '--/app/window/height=900', '--/renderer/multiGpu/enabled=True', '--/app/fastShutdown=True', '--ext-folder', '/isaac-sim/exts', '--ext-folder', '/isaac-sim/apps', '--/physics/cudaDevice=0', '--portable', '--no-window', '--/app/window/hideUi=1', '--allow-root']
Passing the following args to the base kit application:  []
Warp 1.2.1 initialized:
   CUDA Toolkit 11.8, Driver 13.0
   Devices:
     "cpu"      : "x86_64"
     "cuda:0"   : "Tesla T4" (15 GiB, sm_75, mempool enabled)
   Kernel cache:
     /root/.cache/warp/1.2.1
SIMULATIONAPP OK
WORLD CREATED
STAGE LOAD COMPLETE
WORLD RESET OK
ARTICULATION_CONTROLLER OBTAINED: <class 'omni.isaac.core.controllers.articulation_controller.ArticulationController'>

CONTROLLER DIR COUNT: 43
  GAIN SYMBOL: get_gains
  GAIN SYMBOL: set_gains

SIGNATURE INSPECTION:
  get_gains SIGNATURE: () -> Tuple[numpy.ndarray, numpy.ndarray]
  set_gains SIGNATURE: (kps: Optional[numpy.ndarray] = None, kds: Optional[numpy.ndarray] = None, save_to_usd: bool = False) -> None

DOCSTRING INSPECTION:
  get_gains DOCSTRING:
[summary]

        Raises:
            Exception: [description]

        Returns:
            Tuple[np.ndarray, np.ndarray]: [description]
        
  set_gains DOCSTRING:
[summary]

        Args:
            kps (Optional[np.ndarray], optional): [description]. Defaults to None.
            kds (Optional[np.ndarray], optional): [description]. Defaults to None.

        Raises:
            Exception: [description]
        

GET_GAINS CALL:
  RETURN TYPE: <class 'tuple'>
  TUPLE LENGTH: 2
  KP len=37 min=572957824.0 max=572957824.0 unique_count=1
    VALUES (first 5): [572957800.0, 572957800.0, 572957800.0, 572957800.0, 572957800.0]
    VALUES (last 2):  [572957800.0, 572957800.0]
  KD len=37 min=0.0 max=0.0 unique_count=1
    VALUES (first 5): [0.0, 0.0, 0.0, 0.0, 0.0]
    VALUES (last 2):  [0.0, 0.0]
2026-06-01 20:41:24 [390,088ms] [Warning] [omni.kit.imgui_renderer.plugin] _createExtendCursor: No windowing.
2026-06-01 20:41:24 [390,089ms] [Warning] [omni.kit.imgui_renderer.plugin] _createExtendCursor: No windowing.
[390.664s] Simulation App Startup Complete
2026-06-01 20:41:46 [412,632ms] [Warning] [omni.physx.plugin] Detected an articulation at /World/G1 with more than 4 velocity iterations being added to a TGS scene.The related behavior changed recently, please consult the changelog. This warning will only print once.
2026-06-01 20:41:51 [417,441ms] [Warning] [carb.windowing-glfw.plugin] GLFW initialization failed.
2026-06-01 20:41:51 [417,441ms] [Warning] [carb] Failed to startup plugin carb.windowing-glfw.plugin (interfaces: [carb::windowing::IGLContext v1.0],[carb::windowing::IWindowing v1.4]) (impl: carb.windowing-glfw.plugin)
2026-06-01 20:41:51 [417,543ms] [Warning] [omni.usd] Unexpected reference count of 2 for UsdStage 'anon:0x30578470:World0.usd' while being closed in UsdContext (this may indicate it is still resident in memory).
[417.808s] Simulation App Shutting Down
