[Info] [carb] Logging to file: /isaac-sim/kit/logs/Kit/Isaac-Sim/4.2/kit_20260529_221020.log
2026-05-29 22:10:20 [0ms] [Warning] [omni.kit.app.plugin] No crash reporter present, dumps uploading isn't available.
[3.167s] [ext: omni.blobkey-1.1.2] startup
[3.177s] [ext: omni.kit.async_engine-0.0.1] startup
[8.720s] [ext: omni.stats-1.0.1] startup
[8.771s] [ext: omni.datastore-0.0.0] startup
[9.408s] [ext: omni.client-1.2.0] startup
[9.875s] [ext: omni.ujitso.default-1.0.0] startup
[9.900s] [ext: omni.gpu_foundation.shadercache.vulkan-1.0.0] startup
[9.982s] [ext: omni.hsscclient-1.1.1] startup
[10.023s] [ext: omni.assets.plugins-0.0.0] startup
[10.195s] [ext: omni.gpu_foundation-0.0.0] startup
[11.180s] [ext: carb.windowing.plugins-1.0.0] startup
2026-05-29 22:10:31 [11,039ms] [Warning] [carb.windowing-glfw.plugin] GLFW initialization failed.
2026-05-29 22:10:31 [11,039ms] [Warning] [carb] Failed to startup plugin carb.windowing-glfw.plugin (interfaces: [carb::windowing::IGLContext v1.0],[carb::windowing::IWindowing v1.4]) (impl: carb.windowing-glfw.plugin)
[11.192s] [ext: omni.kit.renderer.init-0.0.0] startup
2026-05-29 22:10:31 [11,112ms] [Warning] [omni.platforminfo.plugin] failed to open the default display.  Can't verify X Server version.

|---------------------------------------------------------------------------------------------|
| Driver Version: 580.159.03    | Graphics API: Vulkan
|=============================================================================================|
| GPU | Name                             | Active | LDA | GPU Memory | Vendor-ID | LUID       |
|     |                                  |        |     |            | Device-ID | UUID       |
|     |                                  |        |     |            | Bus-ID    |            |
|---------------------------------------------------------------------------------------------|
| 0   | Tesla T4                         | Yes: 0 |     | 15606   MB | 10de      | 0          |
|     |                                  |        |     |            | 1eb8      | ddfd322a.. |
|     |                                  |        |     |            | 0         |            |
|=============================================================================================|
| OS: 22.04.3 LTS (Jammy Jellyfish) ubuntu, Version: 22.04.3, Kernel: 5.15.0-179-generic
| Processor: Intel(R) Xeon(R) Gold 6152 CPU @ 2.10GHz | Cores: 2 | Logical: 4
|---------------------------------------------------------------------------------------------|
| Total Memory (MB): 7936 | Free Memory: 6671
| Total Page/Swap (MB): 0 | Free Page/Swap: 0
|---------------------------------------------------------------------------------------------|
2026-05-29 22:10:35 [15,646ms] [Warning] [gpu.foundation.plugin] ECC is enabled on physical device 0
[16.307s] [ext: omni.kit.pipapi-0.0.0] startup
[16.524s] [ext: omni.kit.pip_archive-0.0.0] startup
[16.525s] [ext: omni.pip.compute-1.4.0] startup
[16.529s] [ext: omni.pip.cloud-1.1.3] startup
[16.563s] [ext: omni.isaac.core_archive-2.3.0] startup
[16.566s] [ext: omni.materialx.libs-1.0.4] startup
[16.685s] [ext: omni.isaac.ml_archive-2.0.1] startup
[16.686s] [ext: omni.kit.telemetry-0.5.0] startup
[16.792s] [ext: omni.usd.config-1.0.4] startup
[16.844s] [ext: omni.gpucompute.plugins-0.0.0] startup
[16.845s] [ext: omni.usd.libs-1.0.1] startup
[17.944s] [ext: omni.iray.libs-0.0.0] startup
[18.641s] [ext: omni.mdl.neuraylib-0.2.8] startup
[18.686s] [ext: omni.mdl-55.0.1] startup
[19.584s] [ext: omni.kit.usd.mdl-1.0.1] startup
[20.359s] [ext: omni.kit.loop-isaac-1.2.0] startup
[20.362s] [ext: omni.kit.test-1.1.0] startup
[21.547s] [ext: omni.appwindow-1.1.8] startup
2026-05-29 22:10:41 [21,396ms] [Warning] [carb.windowing-glfw.plugin] GLFW initialization failed.
2026-05-29 22:10:41 [21,396ms] [Warning] [carb] Failed to startup plugin carb.windowing-glfw.plugin (interfaces: [carb::windowing::IGLContext v1.0],[carb::windowing::IWindowing v1.4]) (impl: carb.windowing-glfw.plugin)
[21.552s] [ext: omni.kit.renderer.core-1.0.2] startup
2026-05-29 22:10:41 [21,479ms] [Warning] [carb.windowing-glfw.plugin] GLFW initialization failed.
2026-05-29 22:10:41 [21,479ms] [Warning] [carb] Failed to startup plugin carb.windowing-glfw.plugin (interfaces: [carb::windowing::IGLContext v1.0],[carb::windowing::IWindowing v1.4]) (impl: carb.windowing-glfw.plugin)
2026-05-29 22:10:41 [21,494ms] [Warning] [carb.windowing-glfw.plugin] GLFW initialization failed.
2026-05-29 22:10:41 [21,494ms] [Warning] [carb] Failed to startup plugin carb.windowing-glfw.plugin (interfaces: [carb::windowing::IGLContext v1.0],[carb::windowing::IWindowing v1.4]) (impl: carb.windowing-glfw.plugin)
[21.653s] [ext: omni.kit.renderer.capture-0.0.0] startup
[21.896s] [ext: omni.kit.renderer.imgui-1.0.1] startup
2026-05-29 22:10:41 [21,759ms] [Warning] [carb.windowing-glfw.plugin] GLFW initialization failed.
2026-05-29 22:10:41 [21,759ms] [Warning] [carb] Failed to startup plugin carb.windowing-glfw.plugin (interfaces: [carb::windowing::IGLContext v1.0],[carb::windowing::IWindowing v1.4]) (impl: carb.windowing-glfw.plugin)
2026-05-29 22:10:41 [21,764ms] [Warning] [carb.windowing-glfw.plugin] GLFW initialization failed.
2026-05-29 22:10:41 [21,764ms] [Warning] [carb] Failed to startup plugin carb.windowing-glfw.plugin (interfaces: [carb::windowing::IGLContext v1.0],[carb::windowing::IWindowing v1.4]) (impl: carb.windowing-glfw.plugin)
2026-05-29 22:10:41 [21,765ms] [Warning] [carb.windowing-glfw.plugin] GLFW initialization failed.
2026-05-29 22:10:41 [21,765ms] [Warning] [carb] Failed to startup plugin carb.windowing-glfw.plugin (interfaces: [carb::windowing::IGLContext v1.0],[carb::windowing::IWindowing v1.4]) (impl: carb.windowing-glfw.plugin)
[22.169s] [ext: omni.ui-2.25.22] startup
[22.484s] [ext: omni.kit.mainwindow-1.0.3] startup
[22.501s] [ext: carb.audio-0.1.0] startup
[22.860s] [ext: omni.uiaudio-1.0.0] startup
[22.885s] [ext: omni.kit.uiapp-0.0.0] startup
[22.885s] [ext: omni.usd.schema.isaac-2.1.0] startup
[23.006s] [ext: omni.usd.schema.audio-0.0.0] startup
[23.034s] [ext: omni.usd.schema.anim-0.0.0] startup
[23.897s] [ext: omni.usd.schema.geospatial-0.0.0] startup
[24.042s] [ext: omni.usd.schema.semantics-0.0.0] startup
[24.079s] [ext: omni.usd.schema.omnigraph-1.0.0] startup
[24.158s] [ext: omni.anim.navigation.schema-106.1.0] startup
[24.563s] [ext: omni.usd.schema.scene.visualization-2.0.2] startup
[24.588s] [ext: omni.usd.schema.omniscripting-1.0.0] startup
[24.603s] [ext: omni.anim.graph.schema-106.1.0] startup
[24.657s] [ext: omni.usd.schema.physx-106.1.9] startup
[24.965s] [ext: omni.usd.schema.forcefield-106.1.9] startup
[24.988s] [ext: omni.graph.exec-0.9.4] startup
[24.989s] [ext: omni.kit.usd_undo-0.1.8] startup
[25.019s] [ext: omni.kit.actions.core-1.0.0] startup
[25.681s] [ext: omni.kit.exec.core-0.13.4] startup
[25.785s] [ext: omni.usd_resolver-1.0.0] startup
[25.795s] [ext: omni.kit.commands-1.4.9] startup
[25.846s] [ext: omni.activity.core-1.0.1] startup
[25.849s] [ext: omni.usd.core-1.4.1] startup
[25.853s] [ext: omni.resourcemonitor-105.0.1] startup
[25.961s] [ext: omni.kit.window.popup_dialog-2.0.24] startup
[26.433s] [ext: omni.timeline-1.0.10] startup
[26.563s] [ext: omni.kit.widget.nucleus_connector-1.1.9] startup
[26.647s] [ext: usdrt.scenegraph-7.5.0] startup
[27.220s] [ext: omni.kit.audiodeviceenum-1.0.1] startup
[27.251s] [ext: omni.hydra.usdrt_delegate-7.5.1] startup
[27.909s] [ext: omni.hydra.scene_delegate-0.3.3] startup
[27.967s] [ext: omni.usd-1.12.2] startup
[28.392s] [ext: omni.kit.menu.core-1.0.4] startup
[28.410s] [ext: omni.kit.collaboration.telemetry-1.0.0] startup
[28.413s] [ext: omni.kit.property.adapter.core-1.0.1] startup
[28.420s] [ext: omni.kit.menu.utils-1.5.27] startup
[28.973s] [ext: omni.kit.clipboard-1.0.4] startup
[28.989s] [ext: omni.kit.collaboration.channel_manager-1.0.12] startup
[29.010s] [ext: omni.kit.property.adapter.usd-1.0.1] startup
[30.110s] [ext: omni.kit.widget.options_menu-1.1.6] startup
[30.876s] [ext: omni.kit.widget.graph-1.12.15] startup
[31.978s] [ext: omni.kit.widget.searchfield-1.1.8] startup
[32.041s] [ext: omni.kit.widget.filter-1.1.4] startup
[32.051s] [ext: omni.kit.property.adapter.fabric-1.0.1] startup
[32.117s] [ext: omni.ui_query-1.1.4] startup
[32.127s] [ext: omni.kit.window.extensions-1.4.11] startup
[32.260s] [ext: omni.kit.usd.layers-2.1.36] startup
[33.324s] [ext: omni.kit.widget.context_menu-1.2.2] startup
[33.758s] [ext: omni.hydra.rtx.shadercache.vulkan-1.0.0] startup
[33.787s] [ext: omni.kit.notification_manager-1.0.9] startup
[34.123s] [ext: omni.kit.hotkeys.core-1.3.5] startup
[34.125s] [ext: omni.kit.context_menu-1.8.1] startup
[34.471s] [ext: omni.kit.widget.prompt-1.0.7] startup
[34.527s] [ext: omni.kit.helper.file_utils-0.1.8] startup
[34.547s] [ext: omni.kit.widget.nucleus_info-1.0.2] startup
[34.551s] [ext: omni.kit.widget.filebrowser-2.10.51] startup
[34.662s] [ext: omni.kit.search_core-1.0.5] startup
[34.696s] [ext: omni.kit.widget.path_field-2.0.10] startup
[34.720s] [ext: omni.ui.scene-1.10.3] startup
[34.764s] [ext: omni.kit.widget.search_delegate-1.0.5] startup
[34.775s] [ext: omni.kit.widget.options_button-1.0.3] startup
[34.779s] [ext: omni.kit.widget.browser_bar-2.0.10] startup
[34.819s] [ext: omni.volume-0.5.0] startup
[35.702s] [ext: omni.kit.window.filepicker-2.10.40] startup
[36.471s] [ext: omni.ujitso.processor.texture-1.0.0] startup
[36.473s] [ext: omni.kit.window.file_exporter-1.0.30] startup
[36.482s] [ext: omni.ujitso.client-0.0.0] startup
[36.482s] [ext: omni.kit.widget.stage-2.11.2] startup
[36.742s] [ext: omni.kit.widget.live_session_management.ui-1.0.1] startup
[36.789s] [ext: omni.kit.collaboration.presence_layer-1.0.9] startup
[36.837s] [ext: omni.hydra.rtx-1.0.0] startup
[37.042s] [ext: omni.inspect-1.0.1] startup
[37.073s] [ext: omni.kit.widget.searchable_combobox-1.0.6] startup
[37.108s] [ext: omni.kit.window.file_importer-1.1.12] startup
[37.117s] [ext: omni.kit.stage_template.core-1.1.22] startup
[37.129s] [ext: omni.kit.widget.settings-1.2.2] startup
[37.149s] [ext: omni.kit.window.file-1.3.54] startup
[37.223s] [ext: omni.kit.window.drop_support-1.0.3] startup
[37.225s] [ext: omni.kit.window.content_browser_registry-0.0.6] startup
[37.229s] [ext: omni.kit.window.preferences-1.6.0] startup
[37.312s] [ext: omni.kit.window.content_browser-2.9.18] startup
[37.359s] [ext: omni.kit.widget.live_session_management-1.2.20] startup
[37.408s] [ext: omni.kit.widget.text_editor-1.0.2] startup
[37.411s] [ext: omni.kit.hydra_texture-1.3.9] startup
[37.442s] [ext: omni.kit.viewport.legacy_gizmos-1.1.0] startup
[37.446s] [ext: omni.kit.raycast.query-1.0.5] startup
[37.481s] [ext: omni.kit.material.library-1.5.6] startup
[37.651s] [ext: omni.kit.widget.viewport-106.1.0] startup
[37.682s] [ext: omni.kit.viewport.registry-104.0.6] startup
[37.702s] [ext: omni.hydra.engine.stats-1.0.2] startup
[37.706s] [ext: omni.kit.widget.highlight_label-1.0.2] startup
[37.710s] [ext: omni.kit.viewport.window-107.0.6] startup
[37.910s] [ext: omni.kit.window.property-1.11.3] startup
[37.967s] [ext: omni.graph.core-2.179.2] startup
[37.974s] [ext: omni.graph.tools-1.79.0] startup
[38.727s] [ext: omni.kit.viewport.utility-1.0.17] startup
[38.741s] [ext: omni.kit.property.usd-4.2.8] startup
[39.064s] [ext: omni.debugdraw-0.1.3] startup
[39.083s] [ext: omni.graph-1.140.0] startup
[40.652s] [ext: omni.graph.ui-1.70.2] startup
[40.865s] [ext: omni.kvdb-106.1.9] startup
[40.884s] [ext: omni.graph.image.core-0.4.5] startup
[40.887s] [ext: omni.localcache-106.1.9] startup
[40.891s] [ext: omni.graph.image.nodes-1.1.0] startup
[40.898s] [ext: omni.usdphysics-106.1.9] startup
[40.903s] [ext: omni.physx.foundation-106.1.9] startup
[40.932s] [ext: omni.convexdecomposition-106.1.9] startup
[40.944s] [ext: omni.graph.nodes-1.146.1] startup
[41.051s] [ext: omni.physx.cooking-106.1.9] startup
[41.104s] [ext: omni.kit.primitive.mesh-1.0.17] startup
[41.189s] [ext: omni.physx-106.1.9] startup
[41.446s] [ext: omni.kit.stage_templates-1.2.5] startup
[41.498s] [ext: omni.isaac.version-1.1.0] startup
[41.513s] [ext: omni.kit.widget.material_preview-1.0.16] startup
[41.530s] [ext: omni.isaac.nucleus-0.3.1] startup
[41.562s] [ext: omni.physics.tensors-106.1.9] startup
[41.625s] [ext: omni.physx.stageupdate-106.1.9] startup
[41.665s] [ext: omni.graph.action_core-1.1.6] startup
[41.692s] [ext: omni.warp.core-1.2.1] startup
[42.341s] [ext: omni.physx.tensors-106.1.9] startup
[42.373s] [ext: omni.graph.scriptnode-1.20.1] startup
[42.378s] [ext: omni.kit.manipulator.viewport-107.0.0] startup
[42.429s] [ext: omni.graph.action_nodes-1.24.0] startup
[42.507s] [ext: omni.kit.ui_test-1.3.2] startup
[42.557s] [ext: omni.isaac.core-3.19.5] startup
[56.179s] [ext: omni.graph.visualization.nodes-2.1.1] startup
[56.208s] [ext: omni.graph.action-1.102.1] startup
[56.212s] [ext: omni.kit.window.cursor-1.1.2] startup
[56.223s] [ext: omni.isaac.ui-0.16.0] startup
[56.462s] [ext: omni.kit.viewport.menubar.core-106.1.0] startup
[56.669s] [ext: omni.kit.graph.delegate.default-1.2.2] startup
[56.683s] [ext: omni.syntheticdata-0.6.9] startup
[57.118s] [ext: omni.kit.graph.usd.commands-1.3.1] startup
[57.534s] [ext: omni.kit.graph.editor.core-1.5.3] startup
[57.656s] [ext: omni.kit.numpy.common-0.1.2] startup
[57.675s] [ext: omni.warp-1.2.1] startup
[57.774s] [ext: omni.kit.window.material_graph-1.8.18] startup
[58.450s] [ext: omni.isaac.dynamic_control-1.3.8] startup
[58.535s] [ext: omni.replicator.core-1.11.20] startup
2026-05-29 22:11:19 [58,937ms] [Warning] [omni.replicator.core.scripts.annotators] Annotator PostProcessDispatch is already registered, overwriting annotator template
[62.515s] [ext: omni.isaac.lula-3.0.1] startup
[62.757s] [ext: omni.isaac.surface_gripper-1.0.1] startup
[62.834s] [ext: omni.isaac.core_nodes-1.16.3] startup
[63.020s] [ext: omni.isaac.motion_generation-7.1.0] startup
[63.309s] [ext: omni.isaac.manipulators-2.1.0] startup
[63.392s] [ext: omni.isaac.franka-0.4.1] startup
[63.438s] [ext: omni.kit.graph.widget.variables-2.1.0] startup
[63.485s] [ext: omni.kit.graph.delegate.modern-1.10.6] startup
[63.530s] [ext: omni.isaac.cortex-0.3.9] startup
[63.533s] [ext: omni.graph.window.core-1.113.1] startup
[63.721s] [ext: omni.isaac.wheeled_robots-2.3.3] startup
[63.917s] [ext: omni.isaac.cortex.sample_behaviors-1.0.6] startup
[63.926s] [ext: omni.graph.window.generic-1.26.0] startup
[63.961s] [ext: omni.isaac.menu-0.7.3] startup
[64.000s] [ext: omni.kit.widget.live-2.1.8] startup
[64.134s] [ext: omni.kit.actions.window-1.1.1] startup
[64.213s] [ext: omni.kit.widget.cache_indicator-2.0.10] startup
[64.815s] [ext: omni.kit.hotkeys.window-1.4.5] startup
2026-05-29 22:11:24 [64,665ms] [Warning] [omni.kit.widget.cache_indicator.cache_state_menu] Unable to detect Omniverse Cache Server. Consider installing it for better IO performance.
[64.873s] [ext: omni.kit.ui.actions-1.0.2] startup
[64.887s] [ext: omni.kit.widget.stage_icons-1.0.5] startup
[64.904s] [ext: omni.kit.menu.common-1.1.7] startup
[64.912s] [ext: omni.kit.selection-0.1.4] startup
[64.924s] [ext: omni.isaac.kit-1.13.2] startup
[64.925s] [ext: omni.isaac.block_world-1.0.0] startup
[64.943s] [ext: omni.kit.window.stage-2.5.10] startup
[64.962s] [ext: omni.isaac.debug_draw-1.1.0] startup
[64.970s] [ext: omni.kit.menu.edit-1.1.24] startup
[65.010s] [ext: omni.kit.menu.file-1.1.14] startup
[65.016s] [ext: omni.kit.profiler.window-2.2.3] startup
[65.098s] [ext: omni.kit.menu.stage-1.2.5] startup
[65.110s] [ext: omni.isaac.occupancy_map-1.0.3] startup
[65.139s] [ext: omni.importer.mjcf-1.1.1] startup
[65.382s] [ext: omni.graph.window.action-1.28.0] startup
[65.400s] [ext: omni.kit.property.camera-1.0.8] startup
[65.408s] [ext: omni.kit.property.light-1.0.10] startup
[65.433s] [ext: omni.kit.property.geometry-1.3.1] startup
[65.464s] [ext: omni.hydra.scene_api-0.1.2] startup
[65.483s] [ext: omni.kit.property.audio-1.0.14] startup
[65.507s] [ext: omni.kit.property.render-1.1.2] startup
[65.511s] [ext: omni.kit.property.transform-1.5.9] startup
[65.571s] [ext: omni.kit.property.material-1.10.8] startup
[65.665s] [ext: omni.kit.widget.layers-1.8.0] startup
[65.888s] [ext: omni.kit.property.isaac-0.2.3] startup
[65.908s] [ext: omni.kit.property.bundle-1.3.1] startup
[65.914s] [ext: omni.sensors.nv.common-1.2.2-isaac-1] startup
[66.316s] [ext: omni.kit.property.layer-1.1.8] startup
[66.337s] [ext: omni.kit.stage_column.payload-2.0.0] startup
[66.365s] [ext: omni.isaac.scene_blox-0.1.2] startup
[66.368s] [ext: omni.sensors.nv.materials-1.2.1-isaac-1] startup
[66.470s] [ext: omni.sensors.nv.wpm-1.2.1-isaac-1] startup
[66.490s] [ext: omni.kit.viewport.actions-106.0.2] startup
[66.505s] [ext: omni.sensors.nv.lidar-1.2.2-isaac-1] startup
[66.550s] [ext: omni.sensors.nv.radar-1.2.1-isaac-1] startup
[66.561s] [ext: omni.kit.viewport.menubar.display-107.0.2] startup
[66.569s] [ext: omni.kit.manipulator.transform-104.7.4] startup
[66.584s] [ext: omni.kit.widget.toolbar-1.7.2] startup
[66.710s] [ext: omni.sensors.tiled-0.0.6] startup
[66.714s] [ext: omni.sensors.nv.ids-1.1.0-isaac-1] startup
[66.742s] [ext: omni.isaac.range_sensor-3.1.2] startup
[66.993s] [ext: omni.usdphysics.ui-106.1.9] startup
[67.064s] [ext: omni.physx.commands-106.1.9] startup
[67.123s] [ext: omni.kit.manipulator.tool.snap-1.5.11] startup
[67.197s] [ext: omni.isaac.sensor-12.9.1] startup
[67.540s] [ext: omni.kit.manipulator.selector-1.1.1] startup
[67.570s] [ext: omni.physx.ui-106.1.9] startup
[67.820s] [ext: omni.isaac.quadruped-2.0.1] startup
[67.910s] [ext: omni.kit.viewport.manipulator.transform-107.0.2] startup
[67.923s] [ext: omni.physx.demos-106.1.9] startup
[68.245s] [ext: omni.kit.property.physx-106.1.9] startup
[68.732s] [ext: omni.kit.widget.calendar-1.0.8] startup
[68.749s] [ext: omni.kit.manipulator.prim.core-107.0.4] startup
[69.078s] [ext: omni.fabric.commands-1.1.5] startup
[69.130s] [ext: omni.physx.vehicle-106.1.9] startup
[69.323s] [ext: omni.kit.widget.extended_searchfield-1.0.28] startup
[69.416s] [ext: omni.kit.manipulator.prim.fabric-107.0.3] startup
[69.443s] [ext: omni.kit.manipulator.prim.usd-107.0.2] startup
[69.460s] [ext: omni.kit.widget.timeline-105.0.1] startup
[69.503s] [ext: omni.kit.window.commands-0.2.6] startup
[69.518s] [ext: omni.physx.camera-106.1.9] startup
[69.559s] [ext: omni.kit.manipulator.camera-105.0.5] startup
[69.661s] [ext: omni.kit.viewport.menubar.camera-107.0.2] startup
[69.744s] [ext: omni.kit.manipulator.prim-107.0.0] startup
[69.745s] [ext: omni.kit.manipulator.selection-106.0.1] startup
[69.759s] [ext: omni.kit.window.toolbar-1.6.1] startup
[69.773s] [ext: omni.kit.stage_column.variant-1.0.13] startup
[69.785s] [ext: omni.kit.viewport.menubar.render-106.1.1] startup
[69.812s] [ext: omni.kit.viewport.menubar.settings-107.0.3] startup
[69.867s] [ext: omni.physx.cct-106.1.9] startup
[69.921s] [ext: omni.physx.graph-106.1.9] startup
[70.029s] [ext: omni.physx.supportui-106.1.9] startup
[70.258s] [ext: omni.physx.telemetry-106.1.9] startup
[70.280s] [ext: omni.graph.ui_nodes-1.26.0] startup
[70.325s] [ext: omni.kit.viewport.bundle-104.0.1] startup
[70.328s] [ext: omni.isaac.universal_robots-0.3.5] startup
[70.345s] [ext: omni.kit.window.console-0.2.13] startup
[70.383s] [ext: omni.kit.window.script_editor-1.7.6] startup
[70.447s] [ext: omni.kit.menu.create-1.0.16] startup
[70.492s] [ext: omni.graph.bundle.action-2.4.1] startup
[70.508s] [ext: omni.physx.bundle-106.1.9] startup
[70.513s] [ext: omni.rtx.window.settings-0.6.17] startup
[70.638s] [ext: omni.kit.window.status_bar-0.1.7] startup
[70.715s] [ext: omni.kit.window.title-1.1.5] startup
[70.746s] [ext: omni.replicator.isaac-1.15.2] startup
[71.081s] [ext: omni.replicator.replicator_yaml-2.0.6] startup
[71.328s] [ext: omni.rtx.settings.core-0.6.3] startup
[71.390s] [ext: omni.kit.viewport.menubar.lighting-106.0.2] startup
[71.418s] [ext: semantics.schema.editor-0.3.8] startup
[71.445s] [ext: semantics.schema.property-1.0.4] startup
[71.455s] [ext: omni.kit.viewport.rtx-104.0.1] startup
[71.455s] [ext: omni.isaac.utils-1.0.1] startup
[71.474s] [ext: omni.isaac.cloner-0.8.1] startup
[71.492s] [ext: omni.importer.urdf-1.14.1] startup
[71.883s] [ext: omni.kit.window.stats-0.1.6] startup
[71.897s] [ext: omni.isaac.sim.python-4.2.0] startup
[71.904s] Simulation App Starting
[432.938s] app ready
Starting kit application with the following args:  ['/isaac-sim/exts/omni.isaac.kit/omni/isaac/kit/simulation_app.py', '/isaac-sim/apps/omni.isaac.sim.python.kit', '--/app/tokens/exe-path=/isaac-sim/kit', '--/persistent/app/viewport/displayOptions=3094', '--/rtx/materialDb/syncLoads=True', '--/rtx/hydra/materialSyncLoads=True', '--/omni.kit.plugin/syncUsdLoads=True', '--/app/renderer/resolution/width=1280', '--/app/renderer/resolution/height=720', '--/app/window/width=1440', '--/app/window/height=900', '--/renderer/multiGpu/enabled=True', '--/app/fastShutdown=True', '--ext-folder', '/isaac-sim/exts', '--ext-folder', '/isaac-sim/apps', '--/physics/cudaDevice=0', '--portable', '--no-window', '--/app/window/hideUi=1', '--allow-root']
Passing the following args to the base kit application:  []
Warp 1.2.1 initialized:
   CUDA Toolkit 11.8, Driver 13.0
   Devices:
     "cpu"      : "x86_64"
     "cuda:0"   : "Tesla T4" (15 GiB, sm_75, mempool enabled)
   Kernel cache:
     /root/.cache/warp/1.2.1
SIMULATIONAPP OK
WORLD CREATED
2026-05-29 22:17:33 [433,563ms] [Warning] [omni.kit.imgui_renderer.plugin] _createExtendCursor: No windowing.
2026-05-29 22:17:33 [433,563ms] [Warning] [omni.kit.imgui_renderer.plugin] _createExtendCursor: No windowing.
[435.089s] Simulation App Startup Complete
[443.308s] Simulation App Shutting Down
