[Info] [carb] Logging to file: /isaac-sim/kit/logs/Kit/Isaac-Sim/4.2/kit_20260601_205055.log
2026-06-01 20:50:55 [0ms] [Warning] [omni.kit.app.plugin] No crash reporter present, dumps uploading isn't available.
[1.091s] [ext: omni.blobkey-1.1.2] startup
[1.095s] [ext: omni.kit.async_engine-0.0.1] startup
[4.088s] [ext: omni.stats-1.0.1] startup
[4.097s] [ext: omni.datastore-0.0.0] startup
[4.379s] [ext: omni.client-1.2.0] startup
[4.727s] [ext: omni.ujitso.default-1.0.0] startup
[4.728s] [ext: omni.gpu_foundation.shadercache.vulkan-1.0.0] startup
[4.744s] [ext: omni.hsscclient-1.1.1] startup
[4.745s] [ext: omni.assets.plugins-0.0.0] startup
[4.747s] [ext: omni.gpu_foundation-0.0.0] startup
[4.759s] [ext: carb.windowing.plugins-1.0.0] startup
2026-06-01 20:50:59 [4,648ms] [Warning] [carb.windowing-glfw.plugin] GLFW initialization failed.
2026-06-01 20:50:59 [4,648ms] [Warning] [carb] Failed to startup plugin carb.windowing-glfw.plugin (interfaces: [carb::windowing::IGLContext v1.0],[carb::windowing::IWindowing v1.4]) (impl: carb.windowing-glfw.plugin)
[4.761s] [ext: omni.kit.renderer.init-0.0.0] startup
2026-06-01 20:50:59 [4,680ms] [Warning] [omni.platforminfo.plugin] failed to open the default display.  Can't verify X Server version.

|---------------------------------------------------------------------------------------------|
| Driver Version: 580.159.03    | Graphics API: Vulkan
|=============================================================================================|
| GPU | Name                             | Active | LDA | GPU Memory | Vendor-ID | LUID       |
|     |                                  |        |     |            | Device-ID | UUID       |
|     |                                  |        |     |            | Bus-ID    |            |
|---------------------------------------------------------------------------------------------|
| 0   | Tesla T4                         | Yes: 0 |     | 15606   MB | 10de      | 0          |
|     |                                  |        |     |            | 1eb8      | ddfd322a.. |
|     |                                  |        |     |            | 0         |            |
|=============================================================================================|
| OS: 22.04.3 LTS (Jammy Jellyfish) ubuntu, Version: 22.04.3, Kernel: 5.15.0-179-generic
| Processor: Intel(R) Xeon(R) Gold 6152 CPU @ 2.10GHz | Cores: 2 | Logical: 4
|---------------------------------------------------------------------------------------------|
| Total Memory (MB): 7936 | Free Memory: 6641
| Total Page/Swap (MB): 0 | Free Page/Swap: 0
|---------------------------------------------------------------------------------------------|
2026-06-01 20:51:01 [6,149ms] [Warning] [gpu.foundation.plugin] ECC is enabled on physical device 0
[6.525s] [ext: omni.kit.pipapi-0.0.0] startup
[6.532s] [ext: omni.kit.pip_archive-0.0.0] startup
[6.533s] [ext: omni.pip.compute-1.4.0] startup
[6.534s] [ext: omni.pip.cloud-1.1.3] startup
[6.558s] [ext: omni.isaac.core_archive-2.3.0] startup
[6.559s] [ext: omni.materialx.libs-1.0.4] startup
[6.576s] [ext: omni.isaac.ml_archive-2.0.1] startup
[6.577s] [ext: omni.kit.telemetry-0.5.0] startup
[6.624s] [ext: omni.usd.config-1.0.4] startup
[6.644s] [ext: omni.gpucompute.plugins-0.0.0] startup
[6.645s] [ext: omni.usd.libs-1.0.1] startup
[6.919s] [ext: omni.iray.libs-0.0.0] startup
[6.932s] [ext: omni.mdl.neuraylib-0.2.8] startup
[6.936s] [ext: omni.mdl-55.0.1] startup
[7.167s] [ext: omni.kit.usd.mdl-1.0.1] startup
[7.374s] [ext: omni.kit.loop-isaac-1.2.0] startup
[7.376s] [ext: omni.kit.test-1.1.0] startup
[7.760s] [ext: omni.appwindow-1.1.8] startup
2026-06-01 20:51:02 [7,649ms] [Warning] [carb.windowing-glfw.plugin] GLFW initialization failed.
2026-06-01 20:51:02 [7,649ms] [Warning] [carb] Failed to startup plugin carb.windowing-glfw.plugin (interfaces: [carb::windowing::IGLContext v1.0],[carb::windowing::IWindowing v1.4]) (impl: carb.windowing-glfw.plugin)
[7.764s] [ext: omni.kit.renderer.core-1.0.2] startup
2026-06-01 20:51:02 [7,728ms] [Warning] [carb.windowing-glfw.plugin] GLFW initialization failed.
2026-06-01 20:51:02 [7,728ms] [Warning] [carb] Failed to startup plugin carb.windowing-glfw.plugin (interfaces: [carb::windowing::IGLContext v1.0],[carb::windowing::IWindowing v1.4]) (impl: carb.windowing-glfw.plugin)
2026-06-01 20:51:02 [7,742ms] [Warning] [carb.windowing-glfw.plugin] GLFW initialization failed.
2026-06-01 20:51:02 [7,742ms] [Warning] [carb] Failed to startup plugin carb.windowing-glfw.plugin (interfaces: [carb::windowing::IGLContext v1.0],[carb::windowing::IWindowing v1.4]) (impl: carb.windowing-glfw.plugin)
[7.856s] [ext: omni.kit.renderer.capture-0.0.0] startup
[7.861s] [ext: omni.kit.renderer.imgui-1.0.1] startup
2026-06-01 20:51:02 [7,753ms] [Warning] [carb.windowing-glfw.plugin] GLFW initialization failed.
2026-06-01 20:51:02 [7,753ms] [Warning] [carb] Failed to startup plugin carb.windowing-glfw.plugin (interfaces: [carb::windowing::IGLContext v1.0],[carb::windowing::IWindowing v1.4]) (impl: carb.windowing-glfw.plugin)
2026-06-01 20:51:02 [7,757ms] [Warning] [carb.windowing-glfw.plugin] GLFW initialization failed.
2026-06-01 20:51:02 [7,757ms] [Warning] [carb] Failed to startup plugin carb.windowing-glfw.plugin (interfaces: [carb::windowing::IGLContext v1.0],[carb::windowing::IWindowing v1.4]) (impl: carb.windowing-glfw.plugin)
2026-06-01 20:51:02 [7,758ms] [Warning] [carb.windowing-glfw.plugin] GLFW initialization failed.
2026-06-01 20:51:02 [7,758ms] [Warning] [carb] Failed to startup plugin carb.windowing-glfw.plugin (interfaces: [carb::windowing::IGLContext v1.0],[carb::windowing::IWindowing v1.4]) (impl: carb.windowing-glfw.plugin)
[8.095s] [ext: omni.ui-2.25.22] startup
[8.120s] [ext: omni.kit.mainwindow-1.0.3] startup
[8.124s] [ext: carb.audio-0.1.0] startup
[8.145s] [ext: omni.uiaudio-1.0.0] startup
[8.147s] [ext: omni.kit.uiapp-0.0.0] startup
[8.147s] [ext: omni.usd.schema.isaac-2.1.0] startup
[8.161s] [ext: omni.usd.schema.audio-0.0.0] startup
[8.167s] [ext: omni.usd.schema.anim-0.0.0] startup
[8.204s] [ext: omni.usd.schema.geospatial-0.0.0] startup
[8.209s] [ext: omni.usd.schema.semantics-0.0.0] startup
[8.213s] [ext: omni.usd.schema.omnigraph-1.0.0] startup
[8.224s] [ext: omni.anim.navigation.schema-106.1.0] startup
[8.230s] [ext: omni.usd.schema.scene.visualization-2.0.2] startup
[8.234s] [ext: omni.usd.schema.omniscripting-1.0.0] startup
[8.242s] [ext: omni.anim.graph.schema-106.1.0] startup
[8.252s] [ext: omni.usd.schema.physx-106.1.9] startup
[8.304s] [ext: omni.usd.schema.forcefield-106.1.9] startup
[8.313s] [ext: omni.graph.exec-0.9.4] startup
[8.314s] [ext: omni.kit.usd_undo-0.1.8] startup
[8.317s] [ext: omni.kit.actions.core-1.0.0] startup
[8.320s] [ext: omni.kit.exec.core-0.13.4] startup
[8.325s] [ext: omni.usd_resolver-1.0.0] startup
[8.332s] [ext: omni.kit.commands-1.4.9] startup
[8.348s] [ext: omni.activity.core-1.0.1] startup
[8.351s] [ext: omni.usd.core-1.4.1] startup
[8.354s] [ext: omni.resourcemonitor-105.0.1] startup
[8.358s] [ext: omni.kit.window.popup_dialog-2.0.24] startup
[8.374s] [ext: omni.timeline-1.0.10] startup
[8.377s] [ext: omni.kit.widget.nucleus_connector-1.1.9] startup
[8.389s] [ext: usdrt.scenegraph-7.5.0] startup
[8.462s] [ext: omni.kit.audiodeviceenum-1.0.1] startup
[8.465s] [ext: omni.hydra.usdrt_delegate-7.5.1] startup
[8.487s] [ext: omni.hydra.scene_delegate-0.3.3] startup
[8.493s] [ext: omni.usd-1.12.2] startup
[8.635s] [ext: omni.kit.menu.core-1.0.4] startup
[8.639s] [ext: omni.kit.collaboration.telemetry-1.0.0] startup
[8.641s] [ext: omni.kit.property.adapter.core-1.0.1] startup
[8.647s] [ext: omni.kit.menu.utils-1.5.27] startup
[8.691s] [ext: omni.kit.clipboard-1.0.4] startup
[8.693s] [ext: omni.kit.collaboration.channel_manager-1.0.12] startup
[8.699s] [ext: omni.kit.property.adapter.usd-1.0.1] startup
[8.703s] [ext: omni.kit.widget.options_menu-1.1.6] startup
[8.719s] [ext: omni.kit.widget.graph-1.12.15] startup
[8.772s] [ext: omni.kit.widget.searchfield-1.1.8] startup
[8.781s] [ext: omni.kit.widget.filter-1.1.4] startup
[8.784s] [ext: omni.kit.property.adapter.fabric-1.0.1] startup
[8.791s] [ext: omni.ui_query-1.1.4] startup
[8.796s] [ext: omni.kit.window.extensions-1.4.11] startup
[8.849s] [ext: omni.kit.usd.layers-2.1.36] startup
[8.892s] [ext: omni.kit.widget.context_menu-1.2.2] startup
[8.899s] [ext: omni.hydra.rtx.shadercache.vulkan-1.0.0] startup
[8.901s] [ext: omni.kit.notification_manager-1.0.9] startup
[8.915s] [ext: omni.kit.hotkeys.core-1.3.5] startup
[8.916s] [ext: omni.kit.context_menu-1.8.1] startup
[8.930s] [ext: omni.kit.widget.prompt-1.0.7] startup
[8.935s] [ext: omni.kit.helper.file_utils-0.1.8] startup
[8.942s] [ext: omni.kit.widget.nucleus_info-1.0.2] startup
[8.945s] [ext: omni.kit.widget.filebrowser-2.10.51] startup
[8.987s] [ext: omni.kit.search_core-1.0.5] startup
[8.991s] [ext: omni.kit.widget.path_field-2.0.10] startup
[8.997s] [ext: omni.ui.scene-1.10.3] startup
[9.006s] [ext: omni.kit.widget.search_delegate-1.0.5] startup
[9.013s] [ext: omni.kit.widget.options_button-1.0.3] startup
[9.016s] [ext: omni.kit.widget.browser_bar-2.0.10] startup
[9.024s] [ext: omni.volume-0.5.0] startup
[9.029s] [ext: omni.kit.window.filepicker-2.10.40] startup
[9.143s] [ext: omni.ujitso.processor.texture-1.0.0] startup
[9.145s] [ext: omni.kit.window.file_exporter-1.0.30] startup
[9.151s] [ext: omni.ujitso.client-0.0.0] startup
[9.152s] [ext: omni.kit.widget.stage-2.11.2] startup
[9.221s] [ext: omni.kit.widget.live_session_management.ui-1.0.1] startup
[9.238s] [ext: omni.kit.collaboration.presence_layer-1.0.9] startup
[9.252s] [ext: omni.hydra.rtx-1.0.0] startup
[9.279s] [ext: omni.inspect-1.0.1] startup
[9.282s] [ext: omni.kit.widget.searchable_combobox-1.0.6] startup
[9.288s] [ext: omni.kit.window.file_importer-1.1.12] startup
[9.294s] [ext: omni.kit.stage_template.core-1.1.22] startup
[9.297s] [ext: omni.kit.widget.settings-1.2.2] startup
[9.313s] [ext: omni.kit.window.file-1.3.54] startup
[9.334s] [ext: omni.kit.window.drop_support-1.0.3] startup
[9.336s] [ext: omni.kit.window.content_browser_registry-0.0.6] startup
[9.339s] [ext: omni.kit.window.preferences-1.6.0] startup
[9.363s] [ext: omni.kit.window.content_browser-2.9.18] startup
[9.403s] [ext: omni.kit.widget.live_session_management-1.2.20] startup
[9.419s] [ext: omni.kit.widget.text_editor-1.0.2] startup
[9.422s] [ext: omni.kit.hydra_texture-1.3.9] startup
[9.428s] [ext: omni.kit.viewport.legacy_gizmos-1.1.0] startup
[9.432s] [ext: omni.kit.raycast.query-1.0.5] startup
[9.441s] [ext: omni.kit.material.library-1.5.6] startup
[9.503s] [ext: omni.kit.widget.viewport-106.1.0] startup
[9.531s] [ext: omni.kit.viewport.registry-104.0.6] startup
[9.533s] [ext: omni.hydra.engine.stats-1.0.2] startup
[9.537s] [ext: omni.kit.widget.highlight_label-1.0.2] startup
[9.540s] [ext: omni.kit.viewport.window-107.0.6] startup
[9.616s] [ext: omni.kit.window.property-1.11.3] startup
[9.629s] [ext: omni.graph.core-2.179.2] startup
[9.632s] [ext: omni.graph.tools-1.79.0] startup
[9.806s] [ext: omni.kit.viewport.utility-1.0.17] startup
[9.814s] [ext: omni.kit.property.usd-4.2.8] startup
[9.919s] [ext: omni.debugdraw-0.1.3] startup
[9.925s] [ext: omni.graph-1.140.0] startup
[10.125s] [ext: omni.graph.ui-1.70.2] startup
[10.229s] [ext: omni.kvdb-106.1.9] startup
[10.238s] [ext: omni.graph.image.core-0.4.5] startup
[10.241s] [ext: omni.localcache-106.1.9] startup
[10.245s] [ext: omni.graph.image.nodes-1.1.0] startup
[10.250s] [ext: omni.usdphysics-106.1.9] startup
[10.281s] [ext: omni.physx.foundation-106.1.9] startup
[10.286s] [ext: omni.convexdecomposition-106.1.9] startup
[10.294s] [ext: omni.graph.nodes-1.146.1] startup
[10.311s] [ext: omni.physx.cooking-106.1.9] startup
[10.333s] [ext: omni.kit.primitive.mesh-1.0.17] startup
[10.361s] [ext: omni.physx-106.1.9] startup
[10.390s] [ext: omni.kit.stage_templates-1.2.5] startup
[10.403s] [ext: omni.isaac.version-1.1.0] startup
[10.406s] [ext: omni.kit.widget.material_preview-1.0.16] startup
[10.417s] [ext: omni.isaac.nucleus-0.3.1] startup
[10.424s] [ext: omni.physics.tensors-106.1.9] startup
[10.452s] [ext: omni.physx.stageupdate-106.1.9] startup
[10.459s] [ext: omni.graph.action_core-1.1.6] startup
[10.465s] [ext: omni.warp.core-1.2.1] startup
[10.764s] [ext: omni.physx.tensors-106.1.9] startup
[10.773s] [ext: omni.graph.scriptnode-1.20.1] startup
[10.777s] [ext: omni.kit.manipulator.viewport-107.0.0] startup
[10.789s] [ext: omni.graph.action_nodes-1.24.0] startup
[10.812s] [ext: omni.kit.ui_test-1.3.2] startup
[10.846s] [ext: omni.isaac.core-3.19.5] startup
[16.279s] [ext: omni.graph.visualization.nodes-2.1.1] startup
[16.297s] [ext: omni.graph.action-1.102.1] startup
[16.301s] [ext: omni.kit.window.cursor-1.1.2] startup
[16.312s] [ext: omni.isaac.ui-0.16.0] startup
[16.384s] [ext: omni.kit.viewport.menubar.core-106.1.0] startup
[16.454s] [ext: omni.kit.graph.delegate.default-1.2.2] startup
[16.458s] [ext: omni.syntheticdata-0.6.9] startup
[16.652s] [ext: omni.kit.graph.usd.commands-1.3.1] startup
[16.661s] [ext: omni.kit.graph.editor.core-1.5.3] startup
[16.724s] [ext: omni.kit.numpy.common-0.1.2] startup
[16.731s] [ext: omni.warp-1.2.1] startup
[16.776s] [ext: omni.kit.window.material_graph-1.8.18] startup
[17.207s] [ext: omni.isaac.dynamic_control-1.3.8] startup
[17.290s] [ext: omni.replicator.core-1.11.20] startup
2026-06-01 20:51:12 [17,409ms] [Warning] [omni.replicator.core.scripts.annotators] Annotator PostProcessDispatch is already registered, overwriting annotator template
[18.337s] [ext: omni.isaac.lula-3.0.1] startup
[18.393s] [ext: omni.isaac.surface_gripper-1.0.1] startup
[18.427s] [ext: omni.isaac.core_nodes-1.16.3] startup
[18.561s] [ext: omni.isaac.motion_generation-7.1.0] startup
[18.772s] [ext: omni.isaac.manipulators-2.1.0] startup
[18.868s] [ext: omni.isaac.franka-0.4.1] startup
[18.910s] [ext: omni.kit.graph.widget.variables-2.1.0] startup
[18.968s] [ext: omni.kit.graph.delegate.modern-1.10.6] startup
[19.041s] [ext: omni.isaac.cortex-0.3.9] startup
[19.049s] [ext: omni.graph.window.core-1.113.1] startup
[19.264s] [ext: omni.isaac.wheeled_robots-2.3.3] startup
[19.564s] [ext: omni.isaac.cortex.sample_behaviors-1.0.6] startup
[19.577s] [ext: omni.graph.window.generic-1.26.0] startup
[19.631s] [ext: omni.isaac.menu-0.7.3] startup
[19.667s] [ext: omni.kit.widget.live-2.1.8] startup
[19.702s] [ext: omni.kit.actions.window-1.1.1] startup
[19.772s] [ext: omni.kit.widget.cache_indicator-2.0.10] startup
[20.259s] [ext: omni.kit.hotkeys.window-1.4.5] startup
2026-06-01 20:51:15 [20,148ms] [Warning] [omni.kit.widget.cache_indicator.cache_state_menu] Unable to detect Omniverse Cache Server. Consider installing it for better IO performance.
[20.302s] [ext: omni.kit.ui.actions-1.0.2] startup
[20.308s] [ext: omni.kit.widget.stage_icons-1.0.5] startup
[20.313s] [ext: omni.kit.menu.common-1.1.7] startup
[20.318s] [ext: omni.kit.selection-0.1.4] startup
[20.325s] [ext: omni.isaac.kit-1.13.2] startup
[20.326s] [ext: omni.isaac.block_world-1.0.0] startup
[20.334s] [ext: omni.kit.window.stage-2.5.10] startup
[20.347s] [ext: omni.isaac.debug_draw-1.1.0] startup
[20.359s] [ext: omni.kit.menu.edit-1.1.24] startup
[20.381s] [ext: omni.kit.menu.file-1.1.14] startup
[20.388s] [ext: omni.kit.profiler.window-2.2.3] startup
[20.430s] [ext: omni.kit.menu.stage-1.2.5] startup
[20.437s] [ext: omni.isaac.occupancy_map-1.0.3] startup
[20.471s] [ext: omni.importer.mjcf-1.1.1] startup
[20.524s] [ext: omni.graph.window.action-1.28.0] startup
[20.543s] [ext: omni.kit.property.camera-1.0.8] startup
[20.550s] [ext: omni.kit.property.light-1.0.10] startup
[20.557s] [ext: omni.kit.property.geometry-1.3.1] startup
[20.573s] [ext: omni.hydra.scene_api-0.1.2] startup
[20.601s] [ext: omni.kit.property.audio-1.0.14] startup
[20.619s] [ext: omni.kit.property.render-1.1.2] startup
[20.624s] [ext: omni.kit.property.transform-1.5.9] startup
[20.661s] [ext: omni.kit.property.material-1.10.8] startup
[20.698s] [ext: omni.kit.widget.layers-1.8.0] startup
[20.774s] [ext: omni.kit.property.isaac-0.2.3] startup
[20.786s] [ext: omni.kit.property.bundle-1.3.1] startup
[20.793s] [ext: omni.sensors.nv.common-1.2.2-isaac-1] startup
[21.137s] [ext: omni.kit.property.layer-1.1.8] startup
[21.148s] [ext: omni.kit.stage_column.payload-2.0.0] startup
[21.155s] [ext: omni.isaac.scene_blox-0.1.2] startup
[21.158s] [ext: omni.sensors.nv.materials-1.2.1-isaac-1] startup
[21.191s] [ext: omni.sensors.nv.wpm-1.2.1-isaac-1] startup
[21.193s] [ext: omni.kit.viewport.actions-106.0.2] startup
[21.208s] [ext: omni.sensors.nv.lidar-1.2.2-isaac-1] startup
[21.247s] [ext: omni.sensors.nv.radar-1.2.1-isaac-1] startup
[21.298s] [ext: omni.kit.viewport.menubar.display-107.0.2] startup
[21.306s] [ext: omni.kit.manipulator.transform-104.7.4] startup
[21.320s] [ext: omni.kit.widget.toolbar-1.7.2] startup
[21.353s] [ext: omni.sensors.tiled-0.0.6] startup
[21.363s] [ext: omni.sensors.nv.ids-1.1.0-isaac-1] startup
[21.382s] [ext: omni.isaac.range_sensor-3.1.2] startup
[21.497s] [ext: omni.usdphysics.ui-106.1.9] startup
[21.561s] [ext: omni.physx.commands-106.1.9] startup
[21.594s] [ext: omni.kit.manipulator.tool.snap-1.5.11] startup
[21.630s] [ext: omni.isaac.sensor-12.9.1] startup
[21.926s] [ext: omni.kit.manipulator.selector-1.1.1] startup
[21.939s] [ext: omni.physx.ui-106.1.9] startup
[22.148s] [ext: omni.isaac.quadruped-2.0.1] startup
[22.198s] [ext: omni.kit.viewport.manipulator.transform-107.0.2] startup
[22.211s] [ext: omni.physx.demos-106.1.9] startup
[22.406s] [ext: omni.kit.property.physx-106.1.9] startup
[22.732s] [ext: omni.kit.widget.calendar-1.0.8] startup
[22.742s] [ext: omni.kit.manipulator.prim.core-107.0.4] startup
[22.798s] [ext: omni.fabric.commands-1.1.5] startup
[22.822s] [ext: omni.physx.vehicle-106.1.9] startup
[22.938s] [ext: omni.kit.widget.extended_searchfield-1.0.28] startup
[22.987s] [ext: omni.kit.manipulator.prim.fabric-107.0.3] startup
[23.000s] [ext: omni.kit.manipulator.prim.usd-107.0.2] startup
[23.007s] [ext: omni.kit.widget.timeline-105.0.1] startup
[23.032s] [ext: omni.kit.window.commands-0.2.6] startup
[23.042s] [ext: omni.physx.camera-106.1.9] startup
[23.084s] [ext: omni.kit.manipulator.camera-105.0.5] startup
[23.116s] [ext: omni.kit.viewport.menubar.camera-107.0.2] startup
[23.145s] [ext: omni.kit.manipulator.prim-107.0.0] startup
[23.146s] [ext: omni.kit.manipulator.selection-106.0.1] startup
[23.153s] [ext: omni.kit.window.toolbar-1.6.1] startup
[23.159s] [ext: omni.kit.stage_column.variant-1.0.13] startup
[23.168s] [ext: omni.kit.viewport.menubar.render-106.1.1] startup
[23.187s] [ext: omni.kit.viewport.menubar.settings-107.0.3] startup
[23.218s] [ext: omni.physx.cct-106.1.9] startup
[23.255s] [ext: omni.physx.graph-106.1.9] startup
[23.441s] [ext: omni.physx.supportui-106.1.9] startup
[23.530s] [ext: omni.physx.telemetry-106.1.9] startup
[23.559s] [ext: omni.graph.ui_nodes-1.26.0] startup
[23.603s] [ext: omni.kit.viewport.bundle-104.0.1] startup
[23.604s] [ext: omni.isaac.universal_robots-0.3.5] startup
[23.643s] [ext: omni.kit.window.console-0.2.13] startup
[23.702s] [ext: omni.kit.window.script_editor-1.7.6] startup
[23.746s] [ext: omni.kit.menu.create-1.0.16] startup
[23.788s] [ext: omni.graph.bundle.action-2.4.1] startup
[23.813s] [ext: omni.physx.bundle-106.1.9] startup
[23.816s] [ext: omni.rtx.window.settings-0.6.17] startup
[23.918s] [ext: omni.kit.window.status_bar-0.1.7] startup
[24.041s] [ext: omni.kit.window.title-1.1.5] startup
[24.064s] [ext: omni.replicator.isaac-1.15.2] startup
[24.426s] [ext: omni.replicator.replicator_yaml-2.0.6] startup
[24.672s] [ext: omni.rtx.settings.core-0.6.3] startup
[24.782s] [ext: omni.kit.viewport.menubar.lighting-106.0.2] startup
[24.817s] [ext: semantics.schema.editor-0.3.8] startup
[24.829s] [ext: semantics.schema.property-1.0.4] startup
[24.837s] [ext: omni.kit.viewport.rtx-104.0.1] startup
[24.838s] [ext: omni.isaac.utils-1.0.1] startup
[24.848s] [ext: omni.isaac.cloner-0.8.1] startup
[24.860s] [ext: omni.importer.urdf-1.14.1] startup
[25.002s] [ext: omni.kit.window.stats-0.1.6] startup
[25.019s] [ext: omni.isaac.sim.python-4.2.0] startup
[25.023s] Simulation App Starting
[395.803s] app ready
Starting kit application with the following args:  ['/isaac-sim/exts/omni.isaac.kit/omni/isaac/kit/simulation_app.py', '/isaac-sim/apps/omni.isaac.sim.python.kit', '--/app/tokens/exe-path=/isaac-sim/kit', '--/persistent/app/viewport/displayOptions=3094', '--/rtx/materialDb/syncLoads=True', '--/rtx/hydra/materialSyncLoads=True', '--/omni.kit.plugin/syncUsdLoads=True', '--/app/renderer/resolution/width=1280', '--/app/renderer/resolution/height=720', '--/app/window/width=1440', '--/app/window/height=900', '--/renderer/multiGpu/enabled=True', '--/app/fastShutdown=True', '--ext-folder', '/isaac-sim/exts', '--ext-folder', '/isaac-sim/apps', '--/physics/cudaDevice=0', '--portable', '--no-window', '--/app/window/hideUi=1', '--allow-root']
Passing the following args to the base kit application:  []
Warp 1.2.1 initialized:
   CUDA Toolkit 11.8, Driver 13.0
   Devices:
     "cpu"      : "x86_64"
     "cuda:0"   : "Tesla T4" (15 GiB, sm_75, mempool enabled)
   Kernel cache:
     /root/.cache/warp/1.2.1
SIMULATIONAPP OK
WORLD CREATED
DEFAULT GROUND PLANE ADDED
STAGE LOAD COMPLETE
WORLD RESET OK
INITIAL POSITIONS CAPTURED — NUM DOF: 37
ARTICULATION_CONTROLLER OBTAINED: <class 'omni.isaac.core.controllers.articulation_controller.ArticulationController'>
KP BEFORE — min=572957824.0 max=572957824.0
KD BEFORE — min=0.0 max=0.0
KP UNIQUE COUNT BEFORE=1
KD UNIQUE COUNT BEFORE=1
KD TEST VALUE=5700000.0
SET_GAINS APPLIED — KD=5700000.0 on 37 DOF — save_to_usd=False
KP AFTER — min=572957824.0 max=572957824.0
KD AFTER — min=5700000.0 max=5700000.0
KD VERIFY OK
POSE STEP   0 | X=-0.00003 Y=+0.00001 Z=+0.10048 | DX=+0.00000 DY=+0.00000 DZ=+0.00000 | XY_NORM=0.00000 | W=1.00000 DW=+0.00000
POSE STEP  10 | X=+0.00043 Y=+0.00970 Z=+0.59015 | DX=+0.00046 DY=+0.00969 DZ=+0.48967 | XY_NORM=0.00970 | W=0.99977 DW=-0.00023
POSE STEP  20 | X=+0.08789 Y=+0.01715 Z=+0.90022 | DX=+0.08792 DY=+0.01715 DZ=+0.79974 | XY_NORM=0.08957 | W=0.99288 DW=-0.00712
POSE STEP  30 | X=+0.17410 Y=+0.02551 Z=+0.90668 | DX=+0.17413 DY=+0.02551 DZ=+0.80619 | XY_NORM=0.17599 | W=0.97738 DW=-0.02262
POSE STEP  40 | X=+0.27149 Y=+0.03961 Z=+0.69604 | DX=+0.27152 DY=+0.03960 DZ=+0.59555 | XY_NORM=0.27439 | W=0.95213 DW=-0.04787
POSE STEP  50 | X=+0.49687 Y=+0.10908 Z=+0.68641 | DX=+0.49690 DY=+0.10907 DZ=+0.58593 | XY_NORM=0.50873 | W=0.91943 DW=-0.08057
POSE STEP  60 | X=+0.74921 Y=+0.19638 Z=+0.49605 | DX=+0.74924 DY=+0.19637 DZ=+0.39556 | XY_NORM=0.77455 | W=0.85421 DW=-0.14579
LOOP COMPLETE
2026-06-01 20:57:31 [396,443ms] [Warning] [omni.kit.imgui_renderer.plugin] _createExtendCursor: No windowing.
2026-06-01 20:57:31 [396,444ms] [Warning] [omni.kit.imgui_renderer.plugin] _createExtendCursor: No windowing.
[396.904s] Simulation App Startup Complete
2026-06-01 20:58:00 [425,271ms] [Warning] [omni.physx.plugin] Detected an articulation at /World/G1 with more than 4 velocity iterations being added to a TGS scene.The related behavior changed recently, please consult the changelog. This warning will only print once.
2026-06-01 20:58:07 [432,385ms] [Warning] [carb.windowing-glfw.plugin] GLFW initialization failed.
2026-06-01 20:58:07 [432,385ms] [Warning] [carb] Failed to startup plugin carb.windowing-glfw.plugin (interfaces: [carb::windowing::IGLContext v1.0],[carb::windowing::IWindowing v1.4]) (impl: carb.windowing-glfw.plugin)
2026-06-01 20:58:08 [433,028ms] [Warning] [omni.usd] Unexpected reference count of 2 for UsdStage 'anon:0x7f008c7ef1a0:World0.usd' while being closed in UsdContext (this may indicate it is still resident in memory).
[433.350s] Simulation App Shutting Down
