[Info] [carb] Logging to file: /isaac-sim/kit/logs/Kit/Isaac-Sim/4.2/kit_20260601_185025.log
2026-06-01 18:50:25 [0ms] [Warning] [omni.kit.app.plugin] No crash reporter present, dumps uploading isn't available.
[2.626s] [ext: omni.blobkey-1.1.2] startup
[2.681s] [ext: omni.kit.async_engine-0.0.1] startup
[6.049s] [ext: omni.stats-1.0.1] startup
[6.103s] [ext: omni.datastore-0.0.0] startup
[6.680s] [ext: omni.client-1.2.0] startup
[6.912s] [ext: omni.ujitso.default-1.0.0] startup
[6.937s] [ext: omni.gpu_foundation.shadercache.vulkan-1.0.0] startup
[7.025s] [ext: omni.hsscclient-1.1.1] startup
[7.053s] [ext: omni.assets.plugins-0.0.0] startup
[7.215s] [ext: omni.gpu_foundation-0.0.0] startup
[7.690s] [ext: carb.windowing.plugins-1.0.0] startup
2026-06-01 18:50:33 [7,500ms] [Warning] [carb.windowing-glfw.plugin] GLFW initialization failed.
2026-06-01 18:50:33 [7,500ms] [Warning] [carb] Failed to startup plugin carb.windowing-glfw.plugin (interfaces: [carb::windowing::IGLContext v1.0],[carb::windowing::IWindowing v1.4]) (impl: carb.windowing-glfw.plugin)
[7.703s] [ext: omni.kit.renderer.init-0.0.0] startup
2026-06-01 18:50:33 [7,580ms] [Warning] [omni.platforminfo.plugin] failed to open the default display.  Can't verify X Server version.

|---------------------------------------------------------------------------------------------|
| Driver Version: 580.159.03    | Graphics API: Vulkan
|=============================================================================================|
| GPU | Name                             | Active | LDA | GPU Memory | Vendor-ID | LUID       |
|     |                                  |        |     |            | Device-ID | UUID       |
|     |                                  |        |     |            | Bus-ID    |            |
|---------------------------------------------------------------------------------------------|
| 0   | Tesla T4                         | Yes: 0 |     | 15606   MB | 10de      | 0          |
|     |                                  |        |     |            | 1eb8      | ddfd322a.. |
|     |                                  |        |     |            | 0         |            |
|=============================================================================================|
| OS: 22.04.3 LTS (Jammy Jellyfish) ubuntu, Version: 22.04.3, Kernel: 5.15.0-179-generic
| Processor: Intel(R) Xeon(R) Gold 6152 CPU @ 2.10GHz | Cores: 2 | Logical: 4
|---------------------------------------------------------------------------------------------|
| Total Memory (MB): 7936 | Free Memory: 6649
| Total Page/Swap (MB): 0 | Free Page/Swap: 0
|---------------------------------------------------------------------------------------------|
2026-06-01 18:50:37 [12,299ms] [Warning] [gpu.foundation.plugin] ECC is enabled on physical device 0
[12.912s] [ext: omni.kit.pipapi-0.0.0] startup
[12.928s] [ext: omni.kit.pip_archive-0.0.0] startup
[12.929s] [ext: omni.pip.compute-1.4.0] startup
[12.930s] [ext: omni.pip.cloud-1.1.3] startup
[12.977s] [ext: omni.isaac.core_archive-2.3.0] startup
[12.978s] [ext: omni.materialx.libs-1.0.4] startup
[13.365s] [ext: omni.isaac.ml_archive-2.0.1] startup
[13.366s] [ext: omni.kit.telemetry-0.5.0] startup
[13.523s] [ext: omni.usd.config-1.0.4] startup
[13.551s] [ext: omni.gpucompute.plugins-0.0.0] startup
[13.558s] [ext: omni.usd.libs-1.0.1] startup
[14.940s] [ext: omni.iray.libs-0.0.0] startup
[15.915s] [ext: omni.mdl.neuraylib-0.2.8] startup
[15.938s] [ext: omni.mdl-55.0.1] startup
[16.411s] [ext: omni.kit.usd.mdl-1.0.1] startup
[16.925s] [ext: omni.kit.loop-isaac-1.2.0] startup
[16.940s] [ext: omni.kit.test-1.1.0] startup
[18.267s] [ext: omni.appwindow-1.1.8] startup
2026-06-01 18:50:43 [18,086ms] [Warning] [carb.windowing-glfw.plugin] GLFW initialization failed.
2026-06-01 18:50:43 [18,086ms] [Warning] [carb] Failed to startup plugin carb.windowing-glfw.plugin (interfaces: [carb::windowing::IGLContext v1.0],[carb::windowing::IWindowing v1.4]) (impl: carb.windowing-glfw.plugin)
[18.293s] [ext: omni.kit.renderer.core-1.0.2] startup
2026-06-01 18:50:43 [18,216ms] [Warning] [carb.windowing-glfw.plugin] GLFW initialization failed.
2026-06-01 18:50:43 [18,216ms] [Warning] [carb] Failed to startup plugin carb.windowing-glfw.plugin (interfaces: [carb::windowing::IGLContext v1.0],[carb::windowing::IWindowing v1.4]) (impl: carb.windowing-glfw.plugin)
2026-06-01 18:50:43 [18,233ms] [Warning] [carb.windowing-glfw.plugin] GLFW initialization failed.
2026-06-01 18:50:43 [18,233ms] [Warning] [carb] Failed to startup plugin carb.windowing-glfw.plugin (interfaces: [carb::windowing::IGLContext v1.0],[carb::windowing::IWindowing v1.4]) (impl: carb.windowing-glfw.plugin)
[18.439s] [ext: omni.kit.renderer.capture-0.0.0] startup
[18.467s] [ext: omni.kit.renderer.imgui-1.0.1] startup
2026-06-01 18:50:44 [18,346ms] [Warning] [carb.windowing-glfw.plugin] GLFW initialization failed.
2026-06-01 18:50:44 [18,346ms] [Warning] [carb] Failed to startup plugin carb.windowing-glfw.plugin (interfaces: [carb::windowing::IGLContext v1.0],[carb::windowing::IWindowing v1.4]) (impl: carb.windowing-glfw.plugin)
2026-06-01 18:50:44 [18,350ms] [Warning] [carb.windowing-glfw.plugin] GLFW initialization failed.
2026-06-01 18:50:44 [18,350ms] [Warning] [carb] Failed to startup plugin carb.windowing-glfw.plugin (interfaces: [carb::windowing::IGLContext v1.0],[carb::windowing::IWindowing v1.4]) (impl: carb.windowing-glfw.plugin)
2026-06-01 18:50:44 [18,352ms] [Warning] [carb.windowing-glfw.plugin] GLFW initialization failed.
2026-06-01 18:50:44 [18,352ms] [Warning] [carb] Failed to startup plugin carb.windowing-glfw.plugin (interfaces: [carb::windowing::IGLContext v1.0],[carb::windowing::IWindowing v1.4]) (impl: carb.windowing-glfw.plugin)
[18.801s] [ext: omni.ui-2.25.22] startup
[18.992s] [ext: omni.kit.mainwindow-1.0.3] startup
[19.009s] [ext: carb.audio-0.1.0] startup
[19.320s] [ext: omni.uiaudio-1.0.0] startup
[19.325s] [ext: omni.kit.uiapp-0.0.0] startup
[19.325s] [ext: omni.usd.schema.isaac-2.1.0] startup
[19.409s] [ext: omni.usd.schema.audio-0.0.0] startup
[19.416s] [ext: omni.usd.schema.anim-0.0.0] startup
[19.515s] [ext: omni.usd.schema.geospatial-0.0.0] startup
[19.546s] [ext: omni.usd.schema.semantics-0.0.0] startup
[19.566s] [ext: omni.usd.schema.omnigraph-1.0.0] startup
[19.598s] [ext: omni.anim.navigation.schema-106.1.0] startup
[19.630s] [ext: omni.usd.schema.scene.visualization-2.0.2] startup
[19.633s] [ext: omni.usd.schema.omniscripting-1.0.0] startup
[19.650s] [ext: omni.anim.graph.schema-106.1.0] startup
[19.735s] [ext: omni.usd.schema.physx-106.1.9] startup
[20.012s] [ext: omni.usd.schema.forcefield-106.1.9] startup
[20.070s] [ext: omni.graph.exec-0.9.4] startup
[20.104s] [ext: omni.kit.usd_undo-0.1.8] startup
[20.157s] [ext: omni.kit.actions.core-1.0.0] startup
[20.243s] [ext: omni.kit.exec.core-0.13.4] startup
[20.297s] [ext: omni.usd_resolver-1.0.0] startup
[20.328s] [ext: omni.kit.commands-1.4.9] startup
[20.388s] [ext: omni.activity.core-1.0.1] startup
[20.401s] [ext: omni.usd.core-1.4.1] startup
[20.405s] [ext: omni.resourcemonitor-105.0.1] startup
[20.455s] [ext: omni.kit.window.popup_dialog-2.0.24] startup
[20.535s] [ext: omni.timeline-1.0.10] startup
[20.566s] [ext: omni.kit.widget.nucleus_connector-1.1.9] startup
[20.613s] [ext: usdrt.scenegraph-7.5.0] startup
[20.952s] [ext: omni.kit.audiodeviceenum-1.0.1] startup
[20.974s] [ext: omni.hydra.usdrt_delegate-7.5.1] startup
[21.111s] [ext: omni.hydra.scene_delegate-0.3.3] startup
[21.142s] [ext: omni.usd-1.12.2] startup
[21.771s] [ext: omni.kit.menu.core-1.0.4] startup
[21.782s] [ext: omni.kit.collaboration.telemetry-1.0.0] startup
[21.792s] [ext: omni.kit.property.adapter.core-1.0.1] startup
[21.797s] [ext: omni.kit.menu.utils-1.5.27] startup
[21.911s] [ext: omni.kit.clipboard-1.0.4] startup
[21.922s] [ext: omni.kit.collaboration.channel_manager-1.0.12] startup
[21.942s] [ext: omni.kit.property.adapter.usd-1.0.1] startup
[21.968s] [ext: omni.kit.widget.options_menu-1.1.6] startup
[22.002s] [ext: omni.kit.widget.graph-1.12.15] startup
[22.245s] [ext: omni.kit.widget.searchfield-1.1.8] startup
[22.257s] [ext: omni.kit.widget.filter-1.1.4] startup
[22.264s] [ext: omni.kit.property.adapter.fabric-1.0.1] startup
[22.285s] [ext: omni.ui_query-1.1.4] startup
[22.292s] [ext: omni.kit.window.extensions-1.4.11] startup
[22.394s] [ext: omni.kit.usd.layers-2.1.36] startup
[22.516s] [ext: omni.kit.widget.context_menu-1.2.2] startup
[22.525s] [ext: omni.hydra.rtx.shadercache.vulkan-1.0.0] startup
[22.528s] [ext: omni.kit.notification_manager-1.0.9] startup
[22.559s] [ext: omni.kit.hotkeys.core-1.3.5] startup
[22.560s] [ext: omni.kit.context_menu-1.8.1] startup
[22.595s] [ext: omni.kit.widget.prompt-1.0.7] startup
[22.602s] [ext: omni.kit.helper.file_utils-0.1.8] startup
[22.622s] [ext: omni.kit.widget.nucleus_info-1.0.2] startup
[22.625s] [ext: omni.kit.widget.filebrowser-2.10.51] startup
[22.698s] [ext: omni.kit.search_core-1.0.5] startup
[22.702s] [ext: omni.kit.widget.path_field-2.0.10] startup
[22.721s] [ext: omni.ui.scene-1.10.3] startup
[22.731s] [ext: omni.kit.widget.search_delegate-1.0.5] startup
[22.903s] [ext: omni.kit.widget.options_button-1.0.3] startup
[22.906s] [ext: omni.kit.widget.browser_bar-2.0.10] startup
[22.912s] [ext: omni.volume-0.5.0] startup
[23.206s] [ext: omni.kit.window.filepicker-2.10.40] startup
[23.403s] [ext: omni.ujitso.processor.texture-1.0.0] startup
[23.405s] [ext: omni.kit.window.file_exporter-1.0.30] startup
[23.440s] [ext: omni.ujitso.client-0.0.0] startup
[23.441s] [ext: omni.kit.widget.stage-2.11.2] startup
[23.582s] [ext: omni.kit.widget.live_session_management.ui-1.0.1] startup
[23.601s] [ext: omni.kit.collaboration.presence_layer-1.0.9] startup
[23.639s] [ext: omni.hydra.rtx-1.0.0] startup
[23.842s] [ext: omni.inspect-1.0.1] startup
[23.858s] [ext: omni.kit.widget.searchable_combobox-1.0.6] startup
[23.865s] [ext: omni.kit.window.file_importer-1.1.12] startup
[23.871s] [ext: omni.kit.stage_template.core-1.1.22] startup
[23.877s] [ext: omni.kit.widget.settings-1.2.2] startup
[23.894s] [ext: omni.kit.window.file-1.3.54] startup
[23.917s] [ext: omni.kit.window.drop_support-1.0.3] startup
[23.920s] [ext: omni.kit.window.content_browser_registry-0.0.6] startup
[23.923s] [ext: omni.kit.window.preferences-1.6.0] startup
[23.990s] [ext: omni.kit.window.content_browser-2.9.18] startup
[24.036s] [ext: omni.kit.widget.live_session_management-1.2.20] startup
[24.074s] [ext: omni.kit.widget.text_editor-1.0.2] startup
[24.077s] [ext: omni.kit.hydra_texture-1.3.9] startup
[24.097s] [ext: omni.kit.viewport.legacy_gizmos-1.1.0] startup
[24.101s] [ext: omni.kit.raycast.query-1.0.5] startup
[24.118s] [ext: omni.kit.material.library-1.5.6] startup
[24.221s] [ext: omni.kit.widget.viewport-106.1.0] startup
[24.255s] [ext: omni.kit.viewport.registry-104.0.6] startup
[24.266s] [ext: omni.hydra.engine.stats-1.0.2] startup
[24.271s] [ext: omni.kit.widget.highlight_label-1.0.2] startup
[24.274s] [ext: omni.kit.viewport.window-107.0.6] startup
[24.395s] [ext: omni.kit.window.property-1.11.3] startup
[24.421s] [ext: omni.graph.core-2.179.2] startup
[24.434s] [ext: omni.graph.tools-1.79.0] startup
[24.839s] [ext: omni.kit.viewport.utility-1.0.17] startup
[24.859s] [ext: omni.kit.property.usd-4.2.8] startup
[25.162s] [ext: omni.debugdraw-0.1.3] startup
[25.208s] [ext: omni.graph-1.140.0] startup
[26.984s] [ext: omni.graph.ui-1.70.2] startup
[27.181s] [ext: omni.kvdb-106.1.9] startup
[27.212s] [ext: omni.graph.image.core-0.4.5] startup
[27.223s] [ext: omni.localcache-106.1.9] startup
[27.234s] [ext: omni.graph.image.nodes-1.1.0] startup
[27.253s] [ext: omni.usdphysics-106.1.9] startup
[27.259s] [ext: omni.physx.foundation-106.1.9] startup
[27.290s] [ext: omni.convexdecomposition-106.1.9] startup
[27.307s] [ext: omni.graph.nodes-1.146.1] startup
[27.356s] [ext: omni.physx.cooking-106.1.9] startup
[27.379s] [ext: omni.kit.primitive.mesh-1.0.17] startup
[27.420s] [ext: omni.physx-106.1.9] startup
[27.664s] [ext: omni.kit.stage_templates-1.2.5] startup
[27.691s] [ext: omni.isaac.version-1.1.0] startup
[27.695s] [ext: omni.kit.widget.material_preview-1.0.16] startup
[27.736s] [ext: omni.isaac.nucleus-0.3.1] startup
[27.749s] [ext: omni.physics.tensors-106.1.9] startup
[27.802s] [ext: omni.physx.stageupdate-106.1.9] startup
[27.821s] [ext: omni.graph.action_core-1.1.6] startup
[27.865s] [ext: omni.warp.core-1.2.1] startup
[28.690s] [ext: omni.physx.tensors-106.1.9] startup
[28.721s] [ext: omni.graph.scriptnode-1.20.1] startup
[28.726s] [ext: omni.kit.manipulator.viewport-107.0.0] startup
[28.745s] [ext: omni.graph.action_nodes-1.24.0] startup
[28.770s] [ext: omni.kit.ui_test-1.3.2] startup
[28.813s] [ext: omni.isaac.core-3.19.5] startup
[43.104s] [ext: omni.graph.visualization.nodes-2.1.1] startup
[43.130s] [ext: omni.graph.action-1.102.1] startup
[43.134s] [ext: omni.kit.window.cursor-1.1.2] startup
[43.144s] [ext: omni.isaac.ui-0.16.0] startup
[43.321s] [ext: omni.kit.viewport.menubar.core-106.1.0] startup
[43.507s] [ext: omni.kit.graph.delegate.default-1.2.2] startup
[43.510s] [ext: omni.syntheticdata-0.6.9] startup
[43.796s] [ext: omni.kit.graph.usd.commands-1.3.1] startup
[43.808s] [ext: omni.kit.graph.editor.core-1.5.3] startup
[43.935s] [ext: omni.kit.numpy.common-0.1.2] startup
[43.948s] [ext: omni.warp-1.2.1] startup
[44.029s] [ext: omni.kit.window.material_graph-1.8.18] startup
[44.645s] [ext: omni.isaac.dynamic_control-1.3.8] startup
[44.712s] [ext: omni.replicator.core-1.11.20] startup
2026-06-01 18:51:10 [45,023ms] [Warning] [omni.replicator.core.scripts.annotators] Annotator PostProcessDispatch is already registered, overwriting annotator template
[47.479s] [ext: omni.isaac.lula-3.0.1] startup
[47.699s] [ext: omni.isaac.surface_gripper-1.0.1] startup
[47.748s] [ext: omni.isaac.core_nodes-1.16.3] startup
[47.903s] [ext: omni.isaac.motion_generation-7.1.0] startup
[48.185s] [ext: omni.isaac.manipulators-2.1.0] startup
[48.239s] [ext: omni.isaac.franka-0.4.1] startup
[48.302s] [ext: omni.kit.graph.widget.variables-2.1.0] startup
[48.361s] [ext: omni.kit.graph.delegate.modern-1.10.6] startup
[48.445s] [ext: omni.isaac.cortex-0.3.9] startup
[48.447s] [ext: omni.graph.window.core-1.113.1] startup
[48.822s] [ext: omni.isaac.wheeled_robots-2.3.3] startup
[48.956s] [ext: omni.isaac.cortex.sample_behaviors-1.0.6] startup
[48.966s] [ext: omni.graph.window.generic-1.26.0] startup
[49.011s] [ext: omni.isaac.menu-0.7.3] startup
[49.057s] [ext: omni.kit.widget.live-2.1.8] startup
[49.099s] [ext: omni.kit.actions.window-1.1.1] startup
[49.186s] [ext: omni.kit.widget.cache_indicator-2.0.10] startup
[49.922s] [ext: omni.kit.hotkeys.window-1.4.5] startup
2026-06-01 18:51:15 [49,721ms] [Warning] [omni.kit.widget.cache_indicator.cache_state_menu] Unable to detect Omniverse Cache Server. Consider installing it for better IO performance.
[49.982s] [ext: omni.kit.ui.actions-1.0.2] startup
[50.000s] [ext: omni.kit.widget.stage_icons-1.0.5] startup
[50.004s] [ext: omni.kit.menu.common-1.1.7] startup
[50.015s] [ext: omni.kit.selection-0.1.4] startup
[50.039s] [ext: omni.isaac.kit-1.13.2] startup
[50.041s] [ext: omni.isaac.block_world-1.0.0] startup
[50.064s] [ext: omni.kit.window.stage-2.5.10] startup
[50.083s] [ext: omni.isaac.debug_draw-1.1.0] startup
[50.092s] [ext: omni.kit.menu.edit-1.1.24] startup
[50.165s] [ext: omni.kit.menu.file-1.1.14] startup
[50.175s] [ext: omni.kit.profiler.window-2.2.3] startup
[50.273s] [ext: omni.kit.menu.stage-1.2.5] startup
[50.295s] [ext: omni.isaac.occupancy_map-1.0.3] startup
[50.326s] [ext: omni.importer.mjcf-1.1.1] startup
[50.716s] [ext: omni.graph.window.action-1.28.0] startup
[50.735s] [ext: omni.kit.property.camera-1.0.8] startup
[50.762s] [ext: omni.kit.property.light-1.0.10] startup
[50.777s] [ext: omni.kit.property.geometry-1.3.1] startup
[50.869s] [ext: omni.hydra.scene_api-0.1.2] startup
[50.899s] [ext: omni.kit.property.audio-1.0.14] startup
[50.940s] [ext: omni.kit.property.render-1.1.2] startup
[50.944s] [ext: omni.kit.property.transform-1.5.9] startup
[51.024s] [ext: omni.kit.property.material-1.10.8] startup
[51.114s] [ext: omni.kit.widget.layers-1.8.0] startup
[51.277s] [ext: omni.kit.property.isaac-0.2.3] startup
[51.306s] [ext: omni.kit.property.bundle-1.3.1] startup
[51.317s] [ext: omni.sensors.nv.common-1.2.2-isaac-1] startup
[51.633s] [ext: omni.kit.property.layer-1.1.8] startup
[51.650s] [ext: omni.kit.stage_column.payload-2.0.0] startup
[51.659s] [ext: omni.isaac.scene_blox-0.1.2] startup
[51.662s] [ext: omni.sensors.nv.materials-1.2.1-isaac-1] startup
[51.747s] [ext: omni.sensors.nv.wpm-1.2.1-isaac-1] startup
[51.796s] [ext: omni.kit.viewport.actions-106.0.2] startup
[51.822s] [ext: omni.sensors.nv.lidar-1.2.2-isaac-1] startup
[51.863s] [ext: omni.sensors.nv.radar-1.2.1-isaac-1] startup
[51.921s] [ext: omni.kit.viewport.menubar.display-107.0.2] startup
[51.946s] [ext: omni.kit.manipulator.transform-104.7.4] startup
[51.981s] [ext: omni.kit.widget.toolbar-1.7.2] startup
[52.063s] [ext: omni.sensors.tiled-0.0.6] startup
[52.097s] [ext: omni.sensors.nv.ids-1.1.0-isaac-1] startup
[52.108s] [ext: omni.isaac.range_sensor-3.1.2] startup
[52.332s] [ext: omni.usdphysics.ui-106.1.9] startup
[52.399s] [ext: omni.physx.commands-106.1.9] startup
[52.478s] [ext: omni.kit.manipulator.tool.snap-1.5.11] startup
[52.526s] [ext: omni.isaac.sensor-12.9.1] startup
[52.937s] [ext: omni.kit.manipulator.selector-1.1.1] startup
[52.955s] [ext: omni.physx.ui-106.1.9] startup
[53.245s] [ext: omni.isaac.quadruped-2.0.1] startup
[53.350s] [ext: omni.kit.viewport.manipulator.transform-107.0.2] startup
[53.359s] [ext: omni.physx.demos-106.1.9] startup
[53.624s] [ext: omni.kit.property.physx-106.1.9] startup
[54.011s] [ext: omni.kit.widget.calendar-1.0.8] startup
[54.021s] [ext: omni.kit.manipulator.prim.core-107.0.4] startup
[54.202s] [ext: omni.fabric.commands-1.1.5] startup
[54.227s] [ext: omni.physx.vehicle-106.1.9] startup
[54.420s] [ext: omni.kit.widget.extended_searchfield-1.0.28] startup
[54.502s] [ext: omni.kit.manipulator.prim.fabric-107.0.3] startup
[54.536s] [ext: omni.kit.manipulator.prim.usd-107.0.2] startup
[54.561s] [ext: omni.kit.widget.timeline-105.0.1] startup
[54.599s] [ext: omni.kit.window.commands-0.2.6] startup
[54.619s] [ext: omni.physx.camera-106.1.9] startup
[54.651s] [ext: omni.kit.manipulator.camera-105.0.5] startup
[54.709s] [ext: omni.kit.viewport.menubar.camera-107.0.2] startup
[54.789s] [ext: omni.kit.manipulator.prim-107.0.0] startup
[54.790s] [ext: omni.kit.manipulator.selection-106.0.1] startup
[54.797s] [ext: omni.kit.window.toolbar-1.6.1] startup
[54.905s] [ext: omni.kit.stage_column.variant-1.0.13] startup
[54.918s] [ext: omni.kit.viewport.menubar.render-106.1.1] startup
[54.936s] [ext: omni.kit.viewport.menubar.settings-107.0.3] startup
[54.993s] [ext: omni.physx.cct-106.1.9] startup
[55.049s] [ext: omni.physx.graph-106.1.9] startup
[55.164s] [ext: omni.physx.supportui-106.1.9] startup
[55.383s] [ext: omni.physx.telemetry-106.1.9] startup
[55.406s] [ext: omni.graph.ui_nodes-1.26.0] startup
[55.470s] [ext: omni.kit.viewport.bundle-104.0.1] startup
[55.473s] [ext: omni.isaac.universal_robots-0.3.5] startup
[55.490s] [ext: omni.kit.window.console-0.2.13] startup
[55.561s] [ext: omni.kit.window.script_editor-1.7.6] startup
[55.698s] [ext: omni.kit.menu.create-1.0.16] startup
[55.751s] [ext: omni.graph.bundle.action-2.4.1] startup
[55.775s] [ext: omni.physx.bundle-106.1.9] startup
[55.778s] [ext: omni.rtx.window.settings-0.6.17] startup
[55.946s] [ext: omni.kit.window.status_bar-0.1.7] startup
[56.000s] [ext: omni.kit.window.title-1.1.5] startup
[56.013s] [ext: omni.replicator.isaac-1.15.2] startup
[56.303s] [ext: omni.replicator.replicator_yaml-2.0.6] startup
[56.575s] [ext: omni.rtx.settings.core-0.6.3] startup
[56.657s] [ext: omni.kit.viewport.menubar.lighting-106.0.2] startup
[56.686s] [ext: semantics.schema.editor-0.3.8] startup
[56.712s] [ext: semantics.schema.property-1.0.4] startup
[56.726s] [ext: omni.kit.viewport.rtx-104.0.1] startup
[56.726s] [ext: omni.isaac.utils-1.0.1] startup
[56.741s] [ext: omni.isaac.cloner-0.8.1] startup
[56.762s] [ext: omni.importer.urdf-1.14.1] startup
[56.918s] [ext: omni.kit.window.stats-0.1.6] startup
[56.938s] [ext: omni.isaac.sim.python-4.2.0] startup
[56.941s] Simulation App Starting
[421.662s] app ready
Starting kit application with the following args:  ['/isaac-sim/exts/omni.isaac.kit/omni/isaac/kit/simulation_app.py', '/isaac-sim/apps/omni.isaac.sim.python.kit', '--/app/tokens/exe-path=/isaac-sim/kit', '--/persistent/app/viewport/displayOptions=3094', '--/rtx/materialDb/syncLoads=True', '--/rtx/hydra/materialSyncLoads=True', '--/omni.kit.plugin/syncUsdLoads=True', '--/app/renderer/resolution/width=1280', '--/app/renderer/resolution/height=720', '--/app/window/width=1440', '--/app/window/height=900', '--/renderer/multiGpu/enabled=True', '--/app/fastShutdown=True', '--ext-folder', '/isaac-sim/exts', '--ext-folder', '/isaac-sim/apps', '--/physics/cudaDevice=0', '--portable', '--no-window', '--/app/window/hideUi=1', '--allow-root']
Passing the following args to the base kit application:  []
Warp 1.2.1 initialized:
   CUDA Toolkit 11.8, Driver 13.0
   Devices:
     "cpu"      : "x86_64"
     "cuda:0"   : "Tesla T4" (15 GiB, sm_75, mempool enabled)
   Kernel cache:
     /root/.cache/warp/1.2.1
SIMULATIONAPP OK
WORLD CREATED
STAGE LOAD COMPLETE
WORLD RESET OK
STAGE ACQUIRED OK
TOTAL PRIMS UNDER /World/G1: 176
RIGID BODY COUNT: 44
COLLIDER COUNT: 40
MASS API COUNT: 44
JOINT TYPE COUNT: 43
JOINT CANDIDATE COUNT: 43
DRIVE API COUNT (angular): 37
FOOT/ANKLE CANDIDATES: 16

RIGID BODY MASS TABLE:
  RB: /World/G1/pelvis | mass=2.859999895095825 | com=(0, 0, -0.07605) | inertia=(0.007914301, 0.0069837, 0.0059403977)
  RB: /World/G1/left_hip_pitch_link | mass=1.2990000247955322 | com=(0.001962, 0.049392, -0.000941) | inertia=(0.0013878515, 0.0008694701, 0.00095547823)
  RB: /World/G1/left_hip_roll_link | mass=1.4459999799728394 | com=(0.024757, -0.001036, -0.086323) | inertia=(0.0024410584, 0.0023042492, 0.0014289923)
  RB: /World/G1/left_hip_yaw_link | mass=2.052000045776367 | com=(-0.053554, -0.011477, -0.14067) | inertia=(0.010786844, 0.011447548, 0.0021450082)
  RB: /World/G1/left_knee_link | mass=2.252000093460083 | com=(0.005505, 0.006534, -0.116629) | inertia=(0.012438211, 0.012741786, 0.0019252413)
  RB: /World/G1/left_ankle_pitch_link | mass=0.07400000095367432 | com=(-0.007269, 0, 0.011137) | inertia=(0.0000069194975, 0.0000189, 0.000014080503)
  RB: /World/G1/left_ankle_roll_link | mass=0.39100000262260437 | com=(0.024762, 0.00002, -0.012526) | inertia=(0.00014925527, 0.0010656998, 0.0011039448)
  RB: /World/G1/pelvis_contour_link | mass=9.999999974752427e-07 | com=(-inf, -inf, -inf) | inertia=(0.00001, 0.00001, 0.00001)
  RB: /World/G1/right_hip_pitch_link | mass=1.2990000247955322 | com=(0.001962, -0.049392, -0.000941) | inertia=(0.0013878515, 0.0008694701, 0.00095547823)
  RB: /World/G1/right_hip_roll_link | mass=1.4459999799728394 | com=(0.024757, 0.001036, -0.086323) | inertia=(0.0024410584, 0.0023042492, 0.0014289923)
  RB: /World/G1/right_hip_yaw_link | mass=2.052000045776367 | com=(-0.053554, 0.011477, -0.14067) | inertia=(0.010786844, 0.011447548, 0.0021450082)
  RB: /World/G1/right_knee_link | mass=2.252000093460083 | com=(0.005505, -0.006534, -0.116629) | inertia=(0.012438211, 0.012741786, 0.0019252413)
  RB: /World/G1/right_ankle_pitch_link | mass=0.07400000095367432 | com=(-0.007269, 0, 0.011137) | inertia=(0.0000069194975, 0.0000189, 0.000014080503)
  RB: /World/G1/right_ankle_roll_link | mass=0.39100000262260437 | com=(0.024762, -0.00002, -0.012526) | inertia=(0.00014925527, 0.0010656998, 0.0011039448)
  RB: /World/G1/torso_link | mass=6.339598178863525 | com=(0.001971223, 0.0026690203, 0.16936511) | inertia=(0.060389407, 0.043562796, 0.033369973)
  RB: /World/G1/head_link | mass=1.179765224456787 | com=(0.0013806685, 0.0002843095, 0.42034188) | inertia=(0.0054635843, 0.0055290256, 0.0016223849)
  RB: /World/G1/imu_link | mass=9.999999974752427e-07 | com=(-inf, -inf, -inf) | inertia=(0.00001, 0.00001, 0.00001)
  RB: /World/G1/left_shoulder_pitch_link | mass=0.7129999995231628 | com=(-0.001431, 0.048811, 0.001304) | inertia=(0.0004664207, 0.00041099868, 0.00044018068)
  RB: /World/G1/left_shoulder_roll_link | mass=0.6420000195503235 | com=(-0.003415, 0.006955, -0.064598) | inertia=(0.00061602896, 0.0006835143, 0.00037285677)
  RB: /World/G1/left_shoulder_yaw_link | mass=0.7129999995231628 | com=(0.000375, -0.00444, -0.072374) | inertia=(0.0009646609, 0.0009778735, 0.0003790655)
  RB: /World/G1/left_elbow_pitch_link | mass=0.6010000109672546 | com=(0.064497, 0.002873, 0) | inertia=(0.00025371008, 0.0004954899, 0.0004712)
  RB: /World/G1/left_elbow_roll_link | mass=0.22699999809265137 | com=(0.081811, 0.001454, 0.001) | inertia=(0.00010803956, 0.0009775343, 0.000968326)
  RB: /World/G1/left_palm_link | mass=0.2812604308128357 | com=(0.055784225, 0.0014850938, -0.00032670144) | inertia=(0.00017606202, 0.0003111581, 0.00018939693)
  RB: /World/G1/left_five_link | mass=0.04884688928723335 | com=(0.036256123, -0.0015725046, 0.00026989917) | inertia=(0.0000038318985, 0.000008917422, 0.000008648733)
  RB: /World/G1/left_six_link | mass=0.013858349993824959 | com=(0.023759108, 0.0013525729, 0.00011966865) | inertia=(9.399497e-7, 0.0000025533757, 0.0000020439873)
  RB: /World/G1/left_three_link | mass=0.04884688928723335 | com=(0.036256123, -0.0015725046, 0.00026989917) | inertia=(0.0000038318985, 0.000008917422, 0.000008648733)
  RB: /World/G1/left_four_link | mass=0.013858349993824959 | com=(0.023759108, 0.0013525729, 0.00011966865) | inertia=(9.399497e-7, 0.0000025533757, 0.0000020439873)
  RB: /World/G1/left_zero_link | mass=0.05098927021026611 | com=(-0.026046645, -0.008775112, 0.00001086048) | inertia=(0.0000072336516, 0.0000045805814, 0.000008680476)
  RB: /World/G1/left_one_link | mass=0.04776204004883766 | com=(-0.0018153815, -0.032705717, -0.00018587118) | inertia=(0.000008030511, 0.000003652816, 0.000007845495)
  RB: /World/G1/left_two_link | mass=0.013858349993824959 | com=(-0.0013525729, -0.023759108, -0.00011966865) | inertia=(0.0000025533757, 9.399497e-7, 0.0000020439873)
  RB: /World/G1/logo_link | mass=0.0010000000474974513 | com=(-0.003065565, 0.00005625032, 0.24526459) | inertia=(8.954866e-7, 0.00000644935, 0.0000068862373)
  RB: /World/G1/right_shoulder_pitch_link | mass=0.7129999995231628 | com=(-0.001431, -0.048811, 0.001304) | inertia=(0.0004664207, 0.00041099868, 0.00044018068)
  RB: /World/G1/right_shoulder_roll_link | mass=0.6420000195503235 | com=(-0.003415, -0.006955, -0.064598) | inertia=(0.00061602896, 0.0006835143, 0.00037285677)
  RB: /World/G1/right_shoulder_yaw_link | mass=0.7129999995231628 | com=(0.000375, 0.00444, -0.072374) | inertia=(0.0009646609, 0.0009778735, 0.0003790655)
  RB: /World/G1/right_elbow_pitch_link | mass=0.6010000109672546 | com=(0.064497, -0.002873, 0) | inertia=(0.00025371008, 0.0004954899, 0.0004712)
  RB: /World/G1/right_elbow_roll_link | mass=0.22699999809265137 | com=(0.081811, -0.001454, 0.001) | inertia=(0.00010803956, 0.0009775343, 0.000968326)
  RB: /World/G1/right_palm_link | mass=0.2812604308128357 | com=(0.055784225, -0.0014850938, -0.00032670144) | inertia=(0.00017606202, 0.0003111581, 0.00018939693)
  RB: /World/G1/right_five_link | mass=0.04884688928723335 | com=(0.036256123, 0.0015725046, 0.00026989917) | inertia=(0.0000038318985, 0.000008917422, 0.000008648733)
  RB: /World/G1/right_six_link | mass=0.013858349993824959 | com=(0.023759108, -0.0013525729, 0.00011966865) | inertia=(9.399497e-7, 0.0000025533757, 0.0000020439873)
  RB: /World/G1/right_three_link | mass=0.04884688928723335 | com=(0.036256123, 0.0015725046, 0.00026989917) | inertia=(0.0000038318985, 0.000008917422, 0.000008648733)
  RB: /World/G1/right_four_link | mass=0.013858349993824959 | com=(0.023759108, -0.0013525729, 0.00011966865) | inertia=(9.399497e-7, 0.0000025533757, 0.0000020439873)
  RB: /World/G1/right_zero_link | mass=0.05098927021026611 | com=(-0.026046645, 0.008775112, 0.00001086048) | inertia=(0.0000072336516, 0.0000045805814, 0.000008680476)
  RB: /World/G1/right_one_link | mass=0.04776204004883766 | com=(-0.0018153815, 0.032705717, -0.00018587118) | inertia=(0.000008030511, 0.000003652816, 0.000007845495)
  RB: /World/G1/right_two_link | mass=0.013858349993824959 | com=(-0.0013525729, 0.023759108, -0.00011966865) | inertia=(0.0000025533757, 9.399497e-7, 0.0000020439873)

COLLIDER TABLE:
  COL: /World/G1/pelvis/collisions | type=Mesh | approx=convexHull enabled=True
  COL: /World/G1/left_hip_pitch_link/collisions | type=Mesh | approx=convexHull enabled=True
  COL: /World/G1/left_hip_roll_link/collisions | type=Mesh | approx=convexHull enabled=True
  COL: /World/G1/left_hip_yaw_link/collisions | type=Mesh | approx=convexHull enabled=True
  COL: /World/G1/left_knee_link/collisions | type=Cylinder | approx=None enabled=True
  COL: /World/G1/left_ankle_pitch_link/collisions | type=Mesh | approx=convexHull enabled=True
  COL: /World/G1/left_ankle_roll_link/collisions | type=Mesh | approx=convexHull enabled=True
  COL: /World/G1/right_hip_pitch_link/collisions | type=Mesh | approx=convexHull enabled=True
  COL: /World/G1/right_hip_roll_link/collisions | type=Mesh | approx=convexHull enabled=True
  COL: /World/G1/right_hip_yaw_link/collisions | type=Mesh | approx=convexHull enabled=True
  COL: /World/G1/right_knee_link/collisions | type=Cylinder | approx=None enabled=True
  COL: /World/G1/right_ankle_pitch_link/collisions | type=Mesh | approx=convexHull enabled=True
  COL: /World/G1/right_ankle_roll_link/collisions | type=Mesh | approx=convexHull enabled=True
  COL: /World/G1/torso_link/collisions | type=Mesh | approx=convexHull enabled=True
  COL: /World/G1/head_link/collisions | type=Mesh | approx=convexHull enabled=True
  COL: /World/G1/left_shoulder_pitch_link/collisions | type=Mesh | approx=convexHull enabled=True
  COL: /World/G1/left_shoulder_roll_link/collisions | type=Cylinder | approx=None enabled=True
  COL: /World/G1/left_shoulder_yaw_link/collisions | type=Mesh | approx=convexHull enabled=True
  COL: /World/G1/left_elbow_pitch_link/collisions | type=Mesh | approx=convexHull enabled=True
  COL: /World/G1/left_elbow_roll_link/collisions | type=Mesh | approx=convexHull enabled=True
  COL: /World/G1/left_palm_link/collisions | type=Mesh | approx=convexHull enabled=True
  COL: /World/G1/left_five_link/collisions | type=Mesh | approx=convexHull enabled=True
  COL: /World/G1/left_six_link/collisions | type=Mesh | approx=convexHull enabled=True
  COL: /World/G1/left_three_link/collisions | type=Mesh | approx=convexHull enabled=True
  COL: /World/G1/left_four_link/collisions | type=Mesh | approx=convexHull enabled=True
  COL: /World/G1/left_one_link/collisions | type=Cube | approx=None enabled=True
  COL: /World/G1/left_two_link/collisions | type=Mesh | approx=convexHull enabled=True
  COL: /World/G1/logo_link/collisions | type=Mesh | approx=convexHull enabled=True
  COL: /World/G1/right_shoulder_pitch_link/collisions | type=Mesh | approx=convexHull enabled=True
  COL: /World/G1/right_shoulder_roll_link/collisions | type=Cylinder | approx=None enabled=True
  COL: /World/G1/right_shoulder_yaw_link/collisions | type=Mesh | approx=convexHull enabled=True
  COL: /World/G1/right_elbow_pitch_link/collisions | type=Mesh | approx=convexHull enabled=True
  COL: /World/G1/right_elbow_roll_link/collisions | type=Mesh | approx=convexHull enabled=True
  COL: /World/G1/right_palm_link/collisions | type=Mesh | approx=convexHull enabled=True
  COL: /World/G1/right_five_link/collisions | type=Mesh | approx=convexHull enabled=True
  COL: /World/G1/right_six_link/collisions | type=Mesh | approx=convexHull enabled=True
  COL: /World/G1/right_three_link/collisions | type=Mesh | approx=convexHull enabled=True
  COL: /World/G1/right_four_link/collisions | type=Mesh | approx=convexHull enabled=True
  COL: /World/G1/right_one_link/collisions | type=Cube | approx=None enabled=True
  COL: /World/G1/right_two_link/collisions | type=Mesh | approx=convexHull enabled=True

JOINT CANDIDATE TABLE:
  JOINT CANDIDATE: /World/G1/pelvis/left_hip_pitch_joint type=PhysicsRevoluteJoint typeJoint=True | drive=True | lower=-134.6450653076172 upper=174.7521209716797 | stiff=10000000.0 damp=0.0 maxF=88.0 tgtPos=0.0
  JOINT CANDIDATE: /World/G1/pelvis/pelvis_contour_joint type=PhysicsFixedJoint typeJoint=True | drive=False | lower=None upper=None | stiff=None damp=None maxF=None tgtPos=None
  JOINT CANDIDATE: /World/G1/pelvis/right_hip_pitch_joint type=PhysicsRevoluteJoint typeJoint=True | drive=True | lower=-134.6450653076172 upper=174.7521209716797 | stiff=10000000.0 damp=0.0 maxF=88.0 tgtPos=0.0
  JOINT CANDIDATE: /World/G1/pelvis/torso_joint type=PhysicsRevoluteJoint typeJoint=True | drive=True | lower=-150.00035095214844 upper=150.00035095214844 | stiff=10000000.0 damp=0.0 maxF=88.0 tgtPos=0.0
  JOINT CANDIDATE: /World/G1/left_hip_pitch_link/left_hip_roll_joint type=PhysicsRevoluteJoint typeJoint=True | drive=True | lower=-14.89690113067627 upper=144.95831298828125 | stiff=10000000.0 damp=0.0 maxF=88.0 tgtPos=0.0
  JOINT CANDIDATE: /World/G1/left_hip_roll_link/left_hip_yaw_joint type=PhysicsRevoluteJoint typeJoint=True | drive=True | lower=-157.56338500976562 upper=157.56338500976562 | stiff=10000000.0 damp=0.0 maxF=88.0 tgtPos=0.0
  JOINT CANDIDATE: /World/G1/left_hip_yaw_link/left_knee_joint type=PhysicsRevoluteJoint typeJoint=True | drive=True | lower=-19.187782287597656 upper=145.81201171875 | stiff=10000000.0 damp=0.0 maxF=139.0 tgtPos=0.0
  JOINT CANDIDATE: /World/G1/left_knee_link/left_ankle_pitch_joint type=PhysicsRevoluteJoint typeJoint=True | drive=True | lower=-38.96112823486328 upper=41.8259162902832 | stiff=10000000.0 damp=0.0 maxF=40.0 tgtPos=0.0
  JOINT CANDIDATE: /World/G1/left_ankle_pitch_link/left_ankle_roll_joint type=PhysicsRevoluteJoint typeJoint=True | drive=True | lower=-15.000033378601074 upper=15.000033378601074 | stiff=10000000.0 damp=0.0 maxF=40.0 tgtPos=0.0
  JOINT CANDIDATE: /World/G1/right_hip_pitch_link/right_hip_roll_joint type=PhysicsRevoluteJoint typeJoint=True | drive=True | lower=-144.95831298828125 upper=14.89690113067627 | stiff=10000000.0 damp=0.0 maxF=88.0 tgtPos=0.0
  JOINT CANDIDATE: /World/G1/right_hip_roll_link/right_hip_yaw_joint type=PhysicsRevoluteJoint typeJoint=True | drive=True | lower=-157.56338500976562 upper=157.56338500976562 | stiff=10000000.0 damp=0.0 maxF=88.0 tgtPos=0.0
  JOINT CANDIDATE: /World/G1/right_hip_yaw_link/right_knee_joint type=PhysicsRevoluteJoint typeJoint=True | drive=True | lower=-19.187782287597656 upper=145.81201171875 | stiff=10000000.0 damp=0.0 maxF=139.0 tgtPos=0.0
  JOINT CANDIDATE: /World/G1/right_knee_link/right_ankle_pitch_joint type=PhysicsRevoluteJoint typeJoint=True | drive=True | lower=-38.96112823486328 upper=41.8259162902832 | stiff=10000000.0 damp=0.0 maxF=40.0 tgtPos=0.0
  JOINT CANDIDATE: /World/G1/right_ankle_pitch_link/right_ankle_roll_joint type=PhysicsRevoluteJoint typeJoint=True | drive=True | lower=-15.000033378601074 upper=15.000033378601074 | stiff=10000000.0 damp=0.0 maxF=40.0 tgtPos=0.0
  JOINT CANDIDATE: /World/G1/torso_link/head_joint type=PhysicsFixedJoint typeJoint=True | drive=False | lower=None upper=None | stiff=None damp=None maxF=None tgtPos=None
  JOINT CANDIDATE: /World/G1/torso_link/imu_joint type=PhysicsFixedJoint typeJoint=True | drive=False | lower=None upper=None | stiff=None damp=None maxF=None tgtPos=None
  JOINT CANDIDATE: /World/G1/torso_link/left_shoulder_pitch_joint type=PhysicsRevoluteJoint typeJoint=True | drive=True | lower=-170.00228881835938 upper=159.9984588623047 | stiff=10000000.0 damp=0.0 maxF=21.0 tgtPos=0.0
  JOINT CANDIDATE: /World/G1/torso_link/logo_joint type=PhysicsFixedJoint typeJoint=True | drive=False | lower=None upper=None | stiff=None damp=None maxF=None tgtPos=None
  JOINT CANDIDATE: /World/G1/torso_link/right_shoulder_pitch_joint type=PhysicsRevoluteJoint typeJoint=True | drive=True | lower=-170.00228881835938 upper=159.9984588623047 | stiff=10000000.0 damp=0.0 maxF=21.0 tgtPos=0.0
  JOINT CANDIDATE: /World/G1/left_shoulder_pitch_link/left_shoulder_roll_joint type=PhysicsRevoluteJoint typeJoint=True | drive=True | lower=-90.99715423583984 upper=129.00143432617188 | stiff=10000000.0 damp=0.0 maxF=21.0 tgtPos=0.0
  JOINT CANDIDATE: /World/G1/left_shoulder_roll_link/left_shoulder_yaw_joint type=PhysicsRevoluteJoint typeJoint=True | drive=True | lower=-150.00035095214844 upper=150.00035095214844 | stiff=10000000.0 damp=0.0 maxF=21.0 tgtPos=0.0
  JOINT CANDIDATE: /World/G1/left_shoulder_yaw_link/left_elbow_pitch_joint type=PhysicsRevoluteJoint typeJoint=True | drive=True | lower=-12.994681358337402 upper=195.9973907470703 | stiff=10000000.0 damp=0.0 maxF=21.0 tgtPos=0.0
  JOINT CANDIDATE: /World/G1/left_elbow_pitch_link/left_elbow_roll_joint type=PhysicsRevoluteJoint typeJoint=True | drive=True | lower=-119.99454498291016 upper=119.99454498291016 | stiff=10000000.0 damp=0.0 maxF=21.0 tgtPos=0.0
  JOINT CANDIDATE: /World/G1/left_elbow_roll_link/left_palm_joint type=PhysicsFixedJoint typeJoint=True | drive=False | lower=None upper=None | stiff=None damp=None maxF=None tgtPos=None
  JOINT CANDIDATE: /World/G1/left_palm_link/left_five_joint type=PhysicsRevoluteJoint typeJoint=True | drive=True | lower=-105.42423248291016 upper=17.18873405456543 | stiff=10000000.0 damp=0.0 maxF=0.699999988079071 tgtPos=0.0
  JOINT CANDIDATE: /World/G1/left_palm_link/left_three_joint type=PhysicsRevoluteJoint typeJoint=True | drive=True | lower=-105.42423248291016 upper=17.18873405456543 | stiff=10000000.0 damp=0.0 maxF=0.699999988079071 tgtPos=0.0
  JOINT CANDIDATE: /World/G1/left_palm_link/left_zero_joint type=PhysicsRevoluteJoint typeJoint=True | drive=True | lower=-29.999954223632812 upper=29.999954223632812 | stiff=10000000.0 damp=0.0 maxF=0.699999988079071 tgtPos=0.0
  JOINT CANDIDATE: /World/G1/left_five_link/left_six_joint type=PhysicsRevoluteJoint typeJoint=True | drive=True | lower=-105.42423248291016 upper=0.0 | stiff=10000000.0 damp=0.0 maxF=0.699999988079071 tgtPos=0.0
  JOINT CANDIDATE: /World/G1/left_three_link/left_four_joint type=PhysicsRevoluteJoint typeJoint=True | drive=True | lower=-105.42423248291016 upper=0.0 | stiff=10000000.0 damp=0.0 maxF=0.699999988079071 tgtPos=0.0
  JOINT CANDIDATE: /World/G1/left_zero_link/left_one_joint type=PhysicsRevoluteJoint typeJoint=True | drive=True | lower=-57.2957763671875 upper=68.75493621826172 | stiff=10000000.0 damp=0.0 maxF=0.699999988079071 tgtPos=0.0
  JOINT CANDIDATE: /World/G1/left_one_link/left_two_joint type=PhysicsRevoluteJoint typeJoint=True | drive=True | lower=0.0 upper=105.42423248291016 | stiff=10000000.0 damp=0.0 maxF=0.699999988079071 tgtPos=0.0
  JOINT CANDIDATE: /World/G1/right_shoulder_pitch_link/right_shoulder_roll_joint type=PhysicsRevoluteJoint typeJoint=True | drive=True | lower=-129.00143432617188 upper=90.99715423583984 | stiff=10000000.0 damp=0.0 maxF=21.0 tgtPos=0.0
  JOINT CANDIDATE: /World/G1/right_shoulder_roll_link/right_shoulder_yaw_joint type=PhysicsRevoluteJoint typeJoint=True | drive=True | lower=-150.00035095214844 upper=150.00035095214844 | stiff=10000000.0 damp=0.0 maxF=21.0 tgtPos=0.0
  JOINT CANDIDATE: /World/G1/right_shoulder_yaw_link/right_elbow_pitch_joint type=PhysicsRevoluteJoint typeJoint=True | drive=True | lower=-12.994681358337402 upper=195.9973907470703 | stiff=10000000.0 damp=0.0 maxF=21.0 tgtPos=0.0
  JOINT CANDIDATE: /World/G1/right_elbow_pitch_link/right_elbow_roll_joint type=PhysicsRevoluteJoint typeJoint=True | drive=True | lower=-119.99454498291016 upper=119.99454498291016 | stiff=10000000.0 damp=0.0 maxF=21.0 tgtPos=0.0
  JOINT CANDIDATE: /World/G1/right_elbow_roll_link/right_palm_joint type=PhysicsFixedJoint typeJoint=True | drive=False | lower=None upper=None | stiff=None damp=None maxF=None tgtPos=None
  JOINT CANDIDATE: /World/G1/right_palm_link/right_five_joint type=PhysicsRevoluteJoint typeJoint=True | drive=True | lower=-17.18873405456543 upper=105.42423248291016 | stiff=10000000.0 damp=0.0 maxF=0.699999988079071 tgtPos=0.0
  JOINT CANDIDATE: /World/G1/right_palm_link/right_three_joint type=PhysicsRevoluteJoint typeJoint=True | drive=True | lower=-17.18873405456543 upper=105.42423248291016 | stiff=10000000.0 damp=0.0 maxF=0.699999988079071 tgtPos=0.0
  JOINT CANDIDATE: /World/G1/right_palm_link/right_zero_joint type=PhysicsRevoluteJoint typeJoint=True | drive=True | lower=-29.999954223632812 upper=29.999954223632812 | stiff=10000000.0 damp=0.0 maxF=0.699999988079071 tgtPos=0.0
  JOINT CANDIDATE: /World/G1/right_five_link/right_six_joint type=PhysicsRevoluteJoint typeJoint=True | drive=True | lower=0.0 upper=105.42423248291016 | stiff=10000000.0 damp=0.0 maxF=0.699999988079071 tgtPos=0.0
  JOINT CANDIDATE: /World/G1/right_three_link/right_four_joint type=PhysicsRevoluteJoint typeJoint=True | drive=True | lower=0.0 upper=105.42423248291016 | stiff=10000000.0 damp=0.0 maxF=0.699999988079071 tgtPos=0.0
  JOINT CANDIDATE: /World/G1/right_zero_link/right_one_joint type=PhysicsRevoluteJoint typeJoint=True | drive=True | lower=-68.75493621826172 upper=57.2957763671875 | stiff=10000000.0 damp=0.0 maxF=0.699999988079071 tgtPos=0.0
  JOINT CANDIDATE: /World/G1/right_one_link/right_two_joint type=PhysicsRevoluteJoint typeJoint=True | drive=True | lower=-105.42423248291016 upper=0.0 | stiff=10000000.0 damp=0.0 maxF=0.699999988079071 tgtPos=0.0

FOOT/ANKLE CANDIDATES:
  CANDIDATE: /World/G1/left_knee_link/left_ankle_pitch_joint type=PhysicsRevoluteJoint schemas=['PhysxJointAPI', 'PhysicsJointStateAPI:angular', 'PhysicsDriveAPI:angular']
  CANDIDATE: /World/G1/left_ankle_pitch_link type=Xform schemas=['PhysicsRigidBodyAPI', 'PhysicsMassAPI']
  CANDIDATE: /World/G1/left_ankle_pitch_link/visuals type=Mesh schemas=[]
  CANDIDATE: /World/G1/left_ankle_pitch_link/collisions type=Mesh schemas=['PhysicsCollisionAPI', 'PhysicsMeshCollisionAPI']
  CANDIDATE: /World/G1/left_ankle_pitch_link/left_ankle_roll_joint type=PhysicsRevoluteJoint schemas=['PhysxJointAPI', 'PhysicsJointStateAPI:angular', 'PhysicsDriveAPI:angular']
  CANDIDATE: /World/G1/left_ankle_roll_link type=Xform schemas=['PhysicsRigidBodyAPI', 'PhysicsMassAPI']
  CANDIDATE: /World/G1/left_ankle_roll_link/visuals type=Mesh schemas=[]
  CANDIDATE: /World/G1/left_ankle_roll_link/collisions type=Mesh schemas=['PhysicsCollisionAPI', 'PhysicsMeshCollisionAPI']
  CANDIDATE: /World/G1/right_knee_link/right_ankle_pitch_joint type=PhysicsRevoluteJoint schemas=['PhysxJointAPI', 'PhysicsJointStateAPI:angular', 'PhysicsDriveAPI:angular']
  CANDIDATE: /World/G1/right_ankle_pitch_link type=Xform schemas=['PhysicsRigidBodyAPI', 'PhysicsMassAPI']
  CANDIDATE: /World/G1/right_ankle_pitch_link/visuals type=Mesh schemas=[]
  CANDIDATE: /World/G1/right_ankle_pitch_link/collisions type=Mesh schemas=['PhysicsCollisionAPI', 'PhysicsMeshCollisionAPI']
  CANDIDATE: /World/G1/right_ankle_pitch_link/right_ankle_roll_joint type=PhysicsRevoluteJoint schemas=['PhysxJointAPI', 'PhysicsJointStateAPI:angular', 'PhysicsDriveAPI:angular']
  CANDIDATE: /World/G1/right_ankle_roll_link type=Xform schemas=['PhysicsRigidBodyAPI', 'PhysicsMassAPI']
  CANDIDATE: /World/G1/right_ankle_roll_link/visuals type=Mesh schemas=[]
  CANDIDATE: /World/G1/right_ankle_roll_link/collisions type=Mesh schemas=['PhysicsCollisionAPI', 'PhysicsMeshCollisionAPI']

POTENTIAL ISSUES:
  POTENTIAL ISSUE DAMPING ZERO/NONE: /World/G1/pelvis/left_hip_pitch_joint damp=0.0
  OBSERVATION NO DRIVE: /World/G1/pelvis/pelvis_contour_joint
  POTENTIAL ISSUE NO LIMITS: /World/G1/pelvis/pelvis_contour_joint lower=None upper=None
  POTENTIAL ISSUE DAMPING ZERO/NONE: /World/G1/pelvis/right_hip_pitch_joint damp=0.0
  POTENTIAL ISSUE DAMPING ZERO/NONE: /World/G1/pelvis/torso_joint damp=0.0
  POTENTIAL ISSUE DAMPING ZERO/NONE: /World/G1/left_hip_pitch_link/left_hip_roll_joint damp=0.0
  POTENTIAL ISSUE DAMPING ZERO/NONE: /World/G1/left_hip_roll_link/left_hip_yaw_joint damp=0.0
  POTENTIAL ISSUE DAMPING ZERO/NONE: /World/G1/left_hip_yaw_link/left_knee_joint damp=0.0
  POTENTIAL ISSUE DAMPING ZERO/NONE: /World/G1/left_knee_link/left_ankle_pitch_joint damp=0.0
  POTENTIAL ISSUE DAMPING ZERO/NONE: /World/G1/left_ankle_pitch_link/left_ankle_roll_joint damp=0.0
  POTENTIAL ISSUE DAMPING ZERO/NONE: /World/G1/right_hip_pitch_link/right_hip_roll_joint damp=0.0
  POTENTIAL ISSUE DAMPING ZERO/NONE: /World/G1/right_hip_roll_link/right_hip_yaw_joint damp=0.0
  POTENTIAL ISSUE DAMPING ZERO/NONE: /World/G1/right_hip_yaw_link/right_knee_joint damp=0.0
  POTENTIAL ISSUE DAMPING ZERO/NONE: /World/G1/right_knee_link/right_ankle_pitch_joint damp=0.0
  POTENTIAL ISSUE DAMPING ZERO/NONE: /World/G1/right_ankle_pitch_link/right_ankle_roll_joint damp=0.0
  OBSERVATION NO DRIVE: /World/G1/torso_link/head_joint
  POTENTIAL ISSUE NO LIMITS: /World/G1/torso_link/head_joint lower=None upper=None
  OBSERVATION NO DRIVE: /World/G1/torso_link/imu_joint
  POTENTIAL ISSUE NO LIMITS: /World/G1/torso_link/imu_joint lower=None upper=None
  POTENTIAL ISSUE DAMPING ZERO/NONE: /World/G1/torso_link/left_shoulder_pitch_joint damp=0.0
  OBSERVATION NO DRIVE: /World/G1/torso_link/logo_joint
  POTENTIAL ISSUE NO LIMITS: /World/G1/torso_link/logo_joint lower=None upper=None
  POTENTIAL ISSUE DAMPING ZERO/NONE: /World/G1/torso_link/right_shoulder_pitch_joint damp=0.0
  POTENTIAL ISSUE DAMPING ZERO/NONE: /World/G1/left_shoulder_pitch_link/left_shoulder_roll_joint damp=0.0
  POTENTIAL ISSUE DAMPING ZERO/NONE: /World/G1/left_shoulder_roll_link/left_shoulder_yaw_joint damp=0.0
  POTENTIAL ISSUE DAMPING ZERO/NONE: /World/G1/left_shoulder_yaw_link/left_elbow_pitch_joint damp=0.0
  POTENTIAL ISSUE DAMPING ZERO/NONE: /World/G1/left_elbow_pitch_link/left_elbow_roll_joint damp=0.0
  OBSERVATION NO DRIVE: /World/G1/left_elbow_roll_link/left_palm_joint
  POTENTIAL ISSUE NO LIMITS: /World/G1/left_elbow_roll_link/left_palm_joint lower=None upper=None
  POTENTIAL ISSUE DAMPING ZERO/NONE: /World/G1/left_palm_link/left_five_joint damp=0.0
  POTENTIAL ISSUE DAMPING ZERO/NONE: /World/G1/left_palm_link/left_three_joint damp=0.0
  POTENTIAL ISSUE DAMPING ZERO/NONE: /World/G1/left_palm_link/left_zero_joint damp=0.0
  POTENTIAL ISSUE DAMPING ZERO/NONE: /World/G1/left_five_link/left_six_joint damp=0.0
  POTENTIAL ISSUE DAMPING ZERO/NONE: /World/G1/left_three_link/left_four_joint damp=0.0
  POTENTIAL ISSUE DAMPING ZERO/NONE: /World/G1/left_zero_link/left_one_joint damp=0.0
  POTENTIAL ISSUE DAMPING ZERO/NONE: /World/G1/left_one_link/left_two_joint damp=0.0
  POTENTIAL ISSUE DAMPING ZERO/NONE: /World/G1/right_shoulder_pitch_link/right_shoulder_roll_joint damp=0.0
  POTENTIAL ISSUE DAMPING ZERO/NONE: /World/G1/right_shoulder_roll_link/right_shoulder_yaw_joint damp=0.0
  POTENTIAL ISSUE DAMPING ZERO/NONE: /World/G1/right_shoulder_yaw_link/right_elbow_pitch_joint damp=0.0
  POTENTIAL ISSUE DAMPING ZERO/NONE: /World/G1/right_elbow_pitch_link/right_elbow_roll_joint damp=0.0
  OBSERVATION NO DRIVE: /World/G1/right_elbow_roll_link/right_palm_joint
  POTENTIAL ISSUE NO LIMITS: /World/G1/right_elbow_roll_link/right_palm_joint lower=None upper=None
  POTENTIAL ISSUE DAMPING ZERO/NONE: /World/G1/right_palm_link/right_five_joint damp=0.0
  POTENTIAL ISSUE DAMPING ZERO/NONE: /World/G1/right_palm_link/right_three_joint damp=0.0
  POTENTIAL ISSUE DAMPING ZERO/NONE: /World/G1/right_palm_link/right_zero_joint damp=0.0
  POTENTIAL ISSUE DAMPING ZERO/NONE: /World/G1/right_five_link/right_six_joint damp=0.0
  POTENTIAL ISSUE DAMPING ZERO/NONE: /World/G1/right_three_link/right_four_joint damp=0.0
  POTENTIAL ISSUE DAMPING ZERO/NONE: /World/G1/right_zero_link/right_one_joint damp=0.0
  POTENTIAL ISSUE DAMPING ZERO/NONE: /World/G1/right_one_link/right_two_joint damp=0.0
  TOTAL POTENTIAL ISSUES: 43
  TOTAL OBSERVATIONS: 6

AUDIT COMPLETE
2026-06-01 18:57:27 [422,320ms] [Warning] [omni.kit.imgui_renderer.plugin] _createExtendCursor: No windowing.
2026-06-01 18:57:27 [422,320ms] [Warning] [omni.kit.imgui_renderer.plugin] _createExtendCursor: No windowing.
[422.965s] Simulation App Startup Complete
2026-06-01 18:57:48 [442,623ms] [Warning] [omni.physx.plugin] Detected an articulation at /World/G1 with more than 4 velocity iterations being added to a TGS scene.The related behavior changed recently, please consult the changelog. This warning will only print once.
2026-06-01 18:57:53 [447,621ms] [Warning] [carb.windowing-glfw.plugin] GLFW initialization failed.
2026-06-01 18:57:53 [447,621ms] [Warning] [carb] Failed to startup plugin carb.windowing-glfw.plugin (interfaces: [carb::windowing::IGLContext v1.0],[carb::windowing::IWindowing v1.4]) (impl: carb.windowing-glfw.plugin)
2026-06-01 18:57:53 [447,739ms] [Warning] [omni.usd] Unexpected reference count of 2 for UsdStage 'anon:0x7f6756718a70:World0.usd' while being closed in UsdContext (this may indicate it is still resident in memory).
[448.132s] Simulation App Shutting Down
