[Info] [carb] Logging to file: /isaac-sim/kit/logs/Kit/Isaac-Sim/4.2/kit_20260601_195437.log
2026-06-01 19:54:37 [0ms] [Warning] [omni.kit.app.plugin] No crash reporter present, dumps uploading isn't available.
[1.503s] [ext: omni.blobkey-1.1.2] startup
[1.504s] [ext: omni.kit.async_engine-0.0.1] startup
[4.494s] [ext: omni.stats-1.0.1] startup
[4.504s] [ext: omni.datastore-0.0.0] startup
[4.592s] [ext: omni.client-1.2.0] startup
[4.897s] [ext: omni.ujitso.default-1.0.0] startup
[4.903s] [ext: omni.gpu_foundation.shadercache.vulkan-1.0.0] startup
[4.933s] [ext: omni.hsscclient-1.1.1] startup
[4.937s] [ext: omni.assets.plugins-0.0.0] startup
[4.966s] [ext: omni.gpu_foundation-0.0.0] startup
[5.291s] [ext: carb.windowing.plugins-1.0.0] startup
2026-06-01 19:54:42 [5,013ms] [Warning] [carb.windowing-glfw.plugin] GLFW initialization failed.
2026-06-01 19:54:42 [5,013ms] [Warning] [carb] Failed to startup plugin carb.windowing-glfw.plugin (interfaces: [carb::windowing::IGLContext v1.0],[carb::windowing::IWindowing v1.4]) (impl: carb.windowing-glfw.plugin)
[5.295s] [ext: omni.kit.renderer.init-0.0.0] startup
2026-06-01 19:54:43 [5,053ms] [Warning] [omni.platforminfo.plugin] failed to open the default display.  Can't verify X Server version.

|---------------------------------------------------------------------------------------------|
| Driver Version: 580.159.03    | Graphics API: Vulkan
|=============================================================================================|
| GPU | Name                             | Active | LDA | GPU Memory | Vendor-ID | LUID       |
|     |                                  |        |     |            | Device-ID | UUID       |
|     |                                  |        |     |            | Bus-ID    |            |
|---------------------------------------------------------------------------------------------|
| 0   | Tesla T4                         | Yes: 0 |     | 15606   MB | 10de      | 0          |
|     |                                  |        |     |            | 1eb8      | ddfd322a.. |
|     |                                  |        |     |            | 0         |            |
|=============================================================================================|
| OS: 22.04.3 LTS (Jammy Jellyfish) ubuntu, Version: 22.04.3, Kernel: 5.15.0-179-generic
| Processor: Intel(R) Xeon(R) Gold 6152 CPU @ 2.10GHz | Cores: 2 | Logical: 4
|---------------------------------------------------------------------------------------------|
| Total Memory (MB): 7936 | Free Memory: 6644
| Total Page/Swap (MB): 0 | Free Page/Swap: 0
|---------------------------------------------------------------------------------------------|
2026-06-01 19:54:46 [8,246ms] [Warning] [gpu.foundation.plugin] ECC is enabled on physical device 0
[9.194s] [ext: omni.kit.pipapi-0.0.0] startup
[9.245s] [ext: omni.kit.pip_archive-0.0.0] startup
[9.246s] [ext: omni.pip.compute-1.4.0] startup
[9.247s] [ext: omni.pip.cloud-1.1.3] startup
[9.272s] [ext: omni.isaac.core_archive-2.3.0] startup
[9.273s] [ext: omni.materialx.libs-1.0.4] startup
[9.371s] [ext: omni.isaac.ml_archive-2.0.1] startup
[9.372s] [ext: omni.kit.telemetry-0.5.0] startup
[9.471s] [ext: omni.usd.config-1.0.4] startup
[9.511s] [ext: omni.gpucompute.plugins-0.0.0] startup
[9.513s] [ext: omni.usd.libs-1.0.1] startup
[10.510s] [ext: omni.iray.libs-0.0.0] startup
[11.227s] [ext: omni.mdl.neuraylib-0.2.8] startup
[11.246s] [ext: omni.mdl-55.0.1] startup
[12.191s] [ext: omni.kit.usd.mdl-1.0.1] startup
[13.034s] [ext: omni.kit.loop-isaac-1.2.0] startup
[13.042s] [ext: omni.kit.test-1.1.0] startup
[14.165s] [ext: omni.appwindow-1.1.8] startup
2026-06-01 19:54:51 [13,885ms] [Warning] [carb.windowing-glfw.plugin] GLFW initialization failed.
2026-06-01 19:54:51 [13,886ms] [Warning] [carb] Failed to startup plugin carb.windowing-glfw.plugin (interfaces: [carb::windowing::IGLContext v1.0],[carb::windowing::IWindowing v1.4]) (impl: carb.windowing-glfw.plugin)
[14.173s] [ext: omni.kit.renderer.core-1.0.2] startup
2026-06-01 19:54:52 [14,149ms] [Warning] [carb.windowing-glfw.plugin] GLFW initialization failed.
2026-06-01 19:54:52 [14,149ms] [Warning] [carb] Failed to startup plugin carb.windowing-glfw.plugin (interfaces: [carb::windowing::IGLContext v1.0],[carb::windowing::IWindowing v1.4]) (impl: carb.windowing-glfw.plugin)
2026-06-01 19:54:52 [14,162ms] [Warning] [carb.windowing-glfw.plugin] GLFW initialization failed.
2026-06-01 19:54:52 [14,162ms] [Warning] [carb] Failed to startup plugin carb.windowing-glfw.plugin (interfaces: [carb::windowing::IGLContext v1.0],[carb::windowing::IWindowing v1.4]) (impl: carb.windowing-glfw.plugin)
[14.448s] [ext: omni.kit.renderer.capture-0.0.0] startup
[14.461s] [ext: omni.kit.renderer.imgui-1.0.1] startup
2026-06-01 19:54:52 [14,245ms] [Warning] [carb.windowing-glfw.plugin] GLFW initialization failed.
2026-06-01 19:54:52 [14,245ms] [Warning] [carb] Failed to startup plugin carb.windowing-glfw.plugin (interfaces: [carb::windowing::IGLContext v1.0],[carb::windowing::IWindowing v1.4]) (impl: carb.windowing-glfw.plugin)
2026-06-01 19:54:52 [14,249ms] [Warning] [carb.windowing-glfw.plugin] GLFW initialization failed.
2026-06-01 19:54:52 [14,249ms] [Warning] [carb] Failed to startup plugin carb.windowing-glfw.plugin (interfaces: [carb::windowing::IGLContext v1.0],[carb::windowing::IWindowing v1.4]) (impl: carb.windowing-glfw.plugin)
2026-06-01 19:54:52 [14,250ms] [Warning] [carb.windowing-glfw.plugin] GLFW initialization failed.
2026-06-01 19:54:52 [14,250ms] [Warning] [carb] Failed to startup plugin carb.windowing-glfw.plugin (interfaces: [carb::windowing::IGLContext v1.0],[carb::windowing::IWindowing v1.4]) (impl: carb.windowing-glfw.plugin)
[14.772s] [ext: omni.ui-2.25.22] startup
[15.022s] [ext: omni.kit.mainwindow-1.0.3] startup
[15.026s] [ext: carb.audio-0.1.0] startup
[15.588s] [ext: omni.uiaudio-1.0.0] startup
[15.594s] [ext: omni.kit.uiapp-0.0.0] startup
[15.594s] [ext: omni.usd.schema.isaac-2.1.0] startup
[15.637s] [ext: omni.usd.schema.audio-0.0.0] startup
[15.648s] [ext: omni.usd.schema.anim-0.0.0] startup
[15.692s] [ext: omni.usd.schema.geospatial-0.0.0] startup
[15.701s] [ext: omni.usd.schema.semantics-0.0.0] startup
[15.709s] [ext: omni.usd.schema.omnigraph-1.0.0] startup
[15.731s] [ext: omni.anim.navigation.schema-106.1.0] startup
[15.737s] [ext: omni.usd.schema.scene.visualization-2.0.2] startup
[15.740s] [ext: omni.usd.schema.omniscripting-1.0.0] startup
[15.749s] [ext: omni.anim.graph.schema-106.1.0] startup
[15.773s] [ext: omni.usd.schema.physx-106.1.9] startup
[15.910s] [ext: omni.usd.schema.forcefield-106.1.9] startup
[15.923s] [ext: omni.graph.exec-0.9.4] startup
[15.935s] [ext: omni.kit.usd_undo-0.1.8] startup
[15.941s] [ext: omni.kit.actions.core-1.0.0] startup
[15.949s] [ext: omni.kit.exec.core-0.13.4] startup
[15.967s] [ext: omni.usd_resolver-1.0.0] startup
[16.007s] [ext: omni.kit.commands-1.4.9] startup
[16.032s] [ext: omni.activity.core-1.0.1] startup
[16.041s] [ext: omni.usd.core-1.4.1] startup
[16.045s] [ext: omni.resourcemonitor-105.0.1] startup
[16.054s] [ext: omni.kit.window.popup_dialog-2.0.24] startup
[16.082s] [ext: omni.timeline-1.0.10] startup
[16.089s] [ext: omni.kit.widget.nucleus_connector-1.1.9] startup
[16.110s] [ext: usdrt.scenegraph-7.5.0] startup
[16.272s] [ext: omni.kit.audiodeviceenum-1.0.1] startup
[16.302s] [ext: omni.hydra.usdrt_delegate-7.5.1] startup
[16.336s] [ext: omni.hydra.scene_delegate-0.3.3] startup
[16.343s] [ext: omni.usd-1.12.2] startup
[16.640s] [ext: omni.kit.menu.core-1.0.4] startup
[16.645s] [ext: omni.kit.collaboration.telemetry-1.0.0] startup
[16.655s] [ext: omni.kit.property.adapter.core-1.0.1] startup
[16.660s] [ext: omni.kit.menu.utils-1.5.27] startup
[16.763s] [ext: omni.kit.clipboard-1.0.4] startup
[16.769s] [ext: omni.kit.collaboration.channel_manager-1.0.12] startup
[16.778s] [ext: omni.kit.property.adapter.usd-1.0.1] startup
[16.786s] [ext: omni.kit.widget.options_menu-1.1.6] startup
[16.804s] [ext: omni.kit.widget.graph-1.12.15] startup
[16.929s] [ext: omni.kit.widget.searchfield-1.1.8] startup
[16.942s] [ext: omni.kit.widget.filter-1.1.4] startup
[16.948s] [ext: omni.kit.property.adapter.fabric-1.0.1] startup
[16.957s] [ext: omni.ui_query-1.1.4] startup
[16.962s] [ext: omni.kit.window.extensions-1.4.11] startup
[17.025s] [ext: omni.kit.usd.layers-2.1.36] startup
[17.082s] [ext: omni.kit.widget.context_menu-1.2.2] startup
[17.095s] [ext: omni.hydra.rtx.shadercache.vulkan-1.0.0] startup
[17.098s] [ext: omni.kit.notification_manager-1.0.9] startup
[17.116s] [ext: omni.kit.hotkeys.core-1.3.5] startup
[17.117s] [ext: omni.kit.context_menu-1.8.1] startup
[17.136s] [ext: omni.kit.widget.prompt-1.0.7] startup
[17.140s] [ext: omni.kit.helper.file_utils-0.1.8] startup
[17.149s] [ext: omni.kit.widget.nucleus_info-1.0.2] startup
[17.152s] [ext: omni.kit.widget.filebrowser-2.10.51] startup
[17.230s] [ext: omni.kit.search_core-1.0.5] startup
[17.235s] [ext: omni.kit.widget.path_field-2.0.10] startup
[17.249s] [ext: omni.ui.scene-1.10.3] startup
[17.263s] [ext: omni.kit.widget.search_delegate-1.0.5] startup
[17.431s] [ext: omni.kit.widget.options_button-1.0.3] startup
[17.433s] [ext: omni.kit.widget.browser_bar-2.0.10] startup
[17.439s] [ext: omni.volume-0.5.0] startup
[17.698s] [ext: omni.kit.window.filepicker-2.10.40] startup
[17.844s] [ext: omni.ujitso.processor.texture-1.0.0] startup
[17.846s] [ext: omni.kit.window.file_exporter-1.0.30] startup
[17.864s] [ext: omni.ujitso.client-0.0.0] startup
[17.865s] [ext: omni.kit.widget.stage-2.11.2] startup
[17.951s] [ext: omni.kit.widget.live_session_management.ui-1.0.1] startup
[17.971s] [ext: omni.kit.collaboration.presence_layer-1.0.9] startup
[17.999s] [ext: omni.hydra.rtx-1.0.0] startup
[18.110s] [ext: omni.inspect-1.0.1] startup
[18.117s] [ext: omni.kit.widget.searchable_combobox-1.0.6] startup
[18.124s] [ext: omni.kit.window.file_importer-1.1.12] startup
[18.131s] [ext: omni.kit.stage_template.core-1.1.22] startup
[18.139s] [ext: omni.kit.widget.settings-1.2.2] startup
[18.156s] [ext: omni.kit.window.file-1.3.54] startup
[18.178s] [ext: omni.kit.window.drop_support-1.0.3] startup
[18.181s] [ext: omni.kit.window.content_browser_registry-0.0.6] startup
[18.184s] [ext: omni.kit.window.preferences-1.6.0] startup
[18.220s] [ext: omni.kit.window.content_browser-2.9.18] startup
[18.265s] [ext: omni.kit.widget.live_session_management-1.2.20] startup
[18.291s] [ext: omni.kit.widget.text_editor-1.0.2] startup
[18.294s] [ext: omni.kit.hydra_texture-1.3.9] startup
[18.321s] [ext: omni.kit.viewport.legacy_gizmos-1.1.0] startup
[18.337s] [ext: omni.kit.raycast.query-1.0.5] startup
[18.392s] [ext: omni.kit.material.library-1.5.6] startup
[18.569s] [ext: omni.kit.widget.viewport-106.1.0] startup
[18.609s] [ext: omni.kit.viewport.registry-104.0.6] startup
[18.612s] [ext: omni.hydra.engine.stats-1.0.2] startup
[18.617s] [ext: omni.kit.widget.highlight_label-1.0.2] startup
[18.620s] [ext: omni.kit.viewport.window-107.0.6] startup
[18.710s] [ext: omni.kit.window.property-1.11.3] startup
[18.726s] [ext: omni.graph.core-2.179.2] startup
[18.733s] [ext: omni.graph.tools-1.79.0] startup
[19.158s] [ext: omni.kit.viewport.utility-1.0.17] startup
[19.165s] [ext: omni.kit.property.usd-4.2.8] startup
[19.305s] [ext: omni.debugdraw-0.1.3] startup
[19.315s] [ext: omni.graph-1.140.0] startup
[20.923s] [ext: omni.graph.ui-1.70.2] startup
[21.077s] [ext: omni.kvdb-106.1.9] startup
[21.098s] [ext: omni.graph.image.core-0.4.5] startup
[21.103s] [ext: omni.localcache-106.1.9] startup
[21.116s] [ext: omni.graph.image.nodes-1.1.0] startup
[21.124s] [ext: omni.usdphysics-106.1.9] startup
[21.140s] [ext: omni.physx.foundation-106.1.9] startup
[21.159s] [ext: omni.convexdecomposition-106.1.9] startup
[21.170s] [ext: omni.graph.nodes-1.146.1] startup
[21.221s] [ext: omni.physx.cooking-106.1.9] startup
[21.249s] [ext: omni.kit.primitive.mesh-1.0.17] startup
[21.277s] [ext: omni.physx-106.1.9] startup
[21.477s] [ext: omni.kit.stage_templates-1.2.5] startup
[21.489s] [ext: omni.isaac.version-1.1.0] startup
[21.493s] [ext: omni.kit.widget.material_preview-1.0.16] startup
[21.505s] [ext: omni.isaac.nucleus-0.3.1] startup
[21.512s] [ext: omni.physics.tensors-106.1.9] startup
[21.542s] [ext: omni.physx.stageupdate-106.1.9] startup
[21.558s] [ext: omni.graph.action_core-1.1.6] startup
[21.651s] [ext: omni.warp.core-1.2.1] startup
[22.233s] [ext: omni.physx.tensors-106.1.9] startup
[22.262s] [ext: omni.graph.scriptnode-1.20.1] startup
[22.268s] [ext: omni.kit.manipulator.viewport-107.0.0] startup
[22.281s] [ext: omni.graph.action_nodes-1.24.0] startup
[22.303s] [ext: omni.kit.ui_test-1.3.2] startup
[22.337s] [ext: omni.isaac.core-3.19.5] startup
[32.267s] [ext: omni.graph.visualization.nodes-2.1.1] startup
[32.285s] [ext: omni.graph.action-1.102.1] startup
[32.288s] [ext: omni.kit.window.cursor-1.1.2] startup
[32.295s] [ext: omni.isaac.ui-0.16.0] startup
[32.375s] [ext: omni.kit.viewport.menubar.core-106.1.0] startup
[32.445s] [ext: omni.kit.graph.delegate.default-1.2.2] startup
[32.448s] [ext: omni.syntheticdata-0.6.9] startup
[32.614s] [ext: omni.kit.graph.usd.commands-1.3.1] startup
[32.621s] [ext: omni.kit.graph.editor.core-1.5.3] startup
[32.658s] [ext: omni.kit.numpy.common-0.1.2] startup
[32.694s] [ext: omni.warp-1.2.1] startup
[32.746s] [ext: omni.kit.window.material_graph-1.8.18] startup
[33.173s] [ext: omni.isaac.dynamic_control-1.3.8] startup
[33.268s] [ext: omni.replicator.core-1.11.20] startup
2026-06-01 19:55:11 [33,202ms] [Warning] [omni.replicator.core.scripts.annotators] Annotator PostProcessDispatch is already registered, overwriting annotator template
[34.197s] [ext: omni.isaac.lula-3.0.1] startup
[34.251s] [ext: omni.isaac.surface_gripper-1.0.1] startup
[34.282s] [ext: omni.isaac.core_nodes-1.16.3] startup
[34.375s] [ext: omni.isaac.motion_generation-7.1.0] startup
[34.615s] [ext: omni.isaac.manipulators-2.1.0] startup
[34.694s] [ext: omni.isaac.franka-0.4.1] startup
[34.730s] [ext: omni.kit.graph.widget.variables-2.1.0] startup
[34.775s] [ext: omni.kit.graph.delegate.modern-1.10.6] startup
[34.855s] [ext: omni.isaac.cortex-0.3.9] startup
[34.866s] [ext: omni.graph.window.core-1.113.1] startup
[35.083s] [ext: omni.isaac.wheeled_robots-2.3.3] startup
[35.218s] [ext: omni.isaac.cortex.sample_behaviors-1.0.6] startup
[35.251s] [ext: omni.graph.window.generic-1.26.0] startup
[35.298s] [ext: omni.isaac.menu-0.7.3] startup
[35.331s] [ext: omni.kit.widget.live-2.1.8] startup
[35.376s] [ext: omni.kit.actions.window-1.1.1] startup
[35.481s] [ext: omni.kit.widget.cache_indicator-2.0.10] startup
[35.948s] [ext: omni.kit.hotkeys.window-1.4.5] startup
2026-06-01 19:55:13 [35,668ms] [Warning] [omni.kit.widget.cache_indicator.cache_state_menu] Unable to detect Omniverse Cache Server. Consider installing it for better IO performance.
[35.985s] [ext: omni.kit.ui.actions-1.0.2] startup
[35.991s] [ext: omni.kit.widget.stage_icons-1.0.5] startup
[36.012s] [ext: omni.kit.menu.common-1.1.7] startup
[36.017s] [ext: omni.kit.selection-0.1.4] startup
[36.028s] [ext: omni.isaac.kit-1.13.2] startup
[36.029s] [ext: omni.isaac.block_world-1.0.0] startup
[36.036s] [ext: omni.kit.window.stage-2.5.10] startup
[36.050s] [ext: omni.isaac.debug_draw-1.1.0] startup
[36.066s] [ext: omni.kit.menu.edit-1.1.24] startup
[36.088s] [ext: omni.kit.menu.file-1.1.14] startup
[36.097s] [ext: omni.kit.profiler.window-2.2.3] startup
[36.143s] [ext: omni.kit.menu.stage-1.2.5] startup
[36.148s] [ext: omni.isaac.occupancy_map-1.0.3] startup
[36.177s] [ext: omni.importer.mjcf-1.1.1] startup
[36.212s] [ext: omni.graph.window.action-1.28.0] startup
[36.233s] [ext: omni.kit.property.camera-1.0.8] startup
[36.241s] [ext: omni.kit.property.light-1.0.10] startup
[36.249s] [ext: omni.kit.property.geometry-1.3.1] startup
[36.265s] [ext: omni.hydra.scene_api-0.1.2] startup
[36.298s] [ext: omni.kit.property.audio-1.0.14] startup
[36.314s] [ext: omni.kit.property.render-1.1.2] startup
[36.319s] [ext: omni.kit.property.transform-1.5.9] startup
[36.364s] [ext: omni.kit.property.material-1.10.8] startup
[36.408s] [ext: omni.kit.widget.layers-1.8.0] startup
[36.502s] [ext: omni.kit.property.isaac-0.2.3] startup
[36.513s] [ext: omni.kit.property.bundle-1.3.1] startup
[36.520s] [ext: omni.sensors.nv.common-1.2.2-isaac-1] startup
[36.613s] [ext: omni.kit.property.layer-1.1.8] startup
[36.625s] [ext: omni.kit.stage_column.payload-2.0.0] startup
[36.633s] [ext: omni.isaac.scene_blox-0.1.2] startup
[36.636s] [ext: omni.sensors.nv.materials-1.2.1-isaac-1] startup
[36.669s] [ext: omni.sensors.nv.wpm-1.2.1-isaac-1] startup
[36.674s] [ext: omni.kit.viewport.actions-106.0.2] startup
[36.688s] [ext: omni.sensors.nv.lidar-1.2.2-isaac-1] startup
[36.727s] [ext: omni.sensors.nv.radar-1.2.1-isaac-1] startup
[36.750s] [ext: omni.kit.viewport.menubar.display-107.0.2] startup
[36.760s] [ext: omni.kit.manipulator.transform-104.7.4] startup
[36.774s] [ext: omni.kit.widget.toolbar-1.7.2] startup
[36.807s] [ext: omni.sensors.tiled-0.0.6] startup
[36.821s] [ext: omni.sensors.nv.ids-1.1.0-isaac-1] startup
[36.844s] [ext: omni.isaac.range_sensor-3.1.2] startup
[36.944s] [ext: omni.usdphysics.ui-106.1.9] startup
[37.000s] [ext: omni.physx.commands-106.1.9] startup
[37.039s] [ext: omni.kit.manipulator.tool.snap-1.5.11] startup
[37.073s] [ext: omni.isaac.sensor-12.9.1] startup
[37.305s] [ext: omni.kit.manipulator.selector-1.1.1] startup
[37.323s] [ext: omni.physx.ui-106.1.9] startup
[37.515s] [ext: omni.isaac.quadruped-2.0.1] startup
[37.559s] [ext: omni.kit.viewport.manipulator.transform-107.0.2] startup
[37.572s] [ext: omni.physx.demos-106.1.9] startup
[37.760s] [ext: omni.kit.property.physx-106.1.9] startup
[37.970s] [ext: omni.kit.widget.calendar-1.0.8] startup
[37.979s] [ext: omni.kit.manipulator.prim.core-107.0.4] startup
[38.024s] [ext: omni.fabric.commands-1.1.5] startup
[38.046s] [ext: omni.physx.vehicle-106.1.9] startup
[38.211s] [ext: omni.kit.widget.extended_searchfield-1.0.28] startup
[38.267s] [ext: omni.kit.manipulator.prim.fabric-107.0.3] startup
[38.281s] [ext: omni.kit.manipulator.prim.usd-107.0.2] startup
[38.288s] [ext: omni.kit.widget.timeline-105.0.1] startup
[38.312s] [ext: omni.kit.window.commands-0.2.6] startup
[38.322s] [ext: omni.physx.camera-106.1.9] startup
[38.349s] [ext: omni.kit.manipulator.camera-105.0.5] startup
[38.382s] [ext: omni.kit.viewport.menubar.camera-107.0.2] startup
[38.412s] [ext: omni.kit.manipulator.prim-107.0.0] startup
[38.413s] [ext: omni.kit.manipulator.selection-106.0.1] startup
[38.420s] [ext: omni.kit.window.toolbar-1.6.1] startup
[38.426s] [ext: omni.kit.stage_column.variant-1.0.13] startup
[38.436s] [ext: omni.kit.viewport.menubar.render-106.1.1] startup
[38.453s] [ext: omni.kit.viewport.menubar.settings-107.0.3] startup
[38.491s] [ext: omni.physx.cct-106.1.9] startup
[38.527s] [ext: omni.physx.graph-106.1.9] startup
[38.593s] [ext: omni.physx.supportui-106.1.9] startup
[38.677s] [ext: omni.physx.telemetry-106.1.9] startup
[38.707s] [ext: omni.graph.ui_nodes-1.26.0] startup
[38.738s] [ext: omni.kit.viewport.bundle-104.0.1] startup
[38.738s] [ext: omni.isaac.universal_robots-0.3.5] startup
[38.783s] [ext: omni.kit.window.console-0.2.13] startup
[38.839s] [ext: omni.kit.window.script_editor-1.7.6] startup
[38.868s] [ext: omni.kit.menu.create-1.0.16] startup
[38.911s] [ext: omni.graph.bundle.action-2.4.1] startup
[38.964s] [ext: omni.physx.bundle-106.1.9] startup
[38.970s] [ext: omni.rtx.window.settings-0.6.17] startup
[39.040s] [ext: omni.kit.window.status_bar-0.1.7] startup
[39.181s] [ext: omni.kit.window.title-1.1.5] startup
[39.194s] [ext: omni.replicator.isaac-1.15.2] startup
[39.522s] [ext: omni.replicator.replicator_yaml-2.0.6] startup
[39.705s] [ext: omni.rtx.settings.core-0.6.3] startup
[39.778s] [ext: omni.kit.viewport.menubar.lighting-106.0.2] startup
[39.809s] [ext: semantics.schema.editor-0.3.8] startup
[39.821s] [ext: semantics.schema.property-1.0.4] startup
[39.828s] [ext: omni.kit.viewport.rtx-104.0.1] startup
[39.830s] [ext: omni.isaac.utils-1.0.1] startup
[39.840s] [ext: omni.isaac.cloner-0.8.1] startup
[39.849s] [ext: omni.importer.urdf-1.14.1] startup
[40.055s] [ext: omni.kit.window.stats-0.1.6] startup
[40.060s] [ext: omni.isaac.sim.python-4.2.0] startup
[40.064s] Simulation App Starting
[411.624s] app ready
Starting kit application with the following args:  ['/isaac-sim/exts/omni.isaac.kit/omni/isaac/kit/simulation_app.py', '/isaac-sim/apps/omni.isaac.sim.python.kit', '--/app/tokens/exe-path=/isaac-sim/kit', '--/persistent/app/viewport/displayOptions=3094', '--/rtx/materialDb/syncLoads=True', '--/rtx/hydra/materialSyncLoads=True', '--/omni.kit.plugin/syncUsdLoads=True', '--/app/renderer/resolution/width=1280', '--/app/renderer/resolution/height=720', '--/app/window/width=1440', '--/app/window/height=900', '--/renderer/multiGpu/enabled=True', '--/app/fastShutdown=True', '--ext-folder', '/isaac-sim/exts', '--ext-folder', '/isaac-sim/apps', '--/physics/cudaDevice=0', '--portable', '--no-window', '--/app/window/hideUi=1', '--allow-root']
Passing the following args to the base kit application:  []
Warp 1.2.1 initialized:
   CUDA Toolkit 11.8, Driver 13.0
   Devices:
     "cpu"      : "x86_64"
     "cuda:0"   : "Tesla T4" (15 GiB, sm_75, mempool enabled)
   Kernel cache:
     /root/.cache/warp/1.2.1
SIMULATIONAPP OK
ARTICULATION_CONTROLLER IMPORT: OK via omni.isaac.core.controllers
  TYPE: <class 'type'>
  IS CLASS: True
  SYMBOLS COUNT: 12
  SYMBOL: apply_action
  SYMBOL: get_applied_action
  SYMBOL: get_effort_modes
  SYMBOL: get_gains
  SYMBOL: get_joint_limits
  SYMBOL: get_max_efforts
  SYMBOL: initialize
  SYMBOL: set_effort_modes
  SYMBOL: set_gains
  SYMBOL: set_max_efforts
  SYMBOL: switch_control_mode
  SYMBOL: switch_dof_control_mode
ARTICULATION_ACTION IMPORT: OK via omni.isaac.core.utils.types
  TYPE: <class 'type'>
  IS CLASS: True
  SYMBOLS COUNT: 3
  SYMBOL: get_dict
  SYMBOL: get_dof_action
  SYMBOL: get_length
SUMMARY ARTICULATION_CONTROLLER AVAILABLE: True
SUMMARY ARTICULATION_ACTION AVAILABLE: True
2026-06-01 20:01:30 [412,190ms] [Warning] [omni.kit.imgui_renderer.plugin] _createExtendCursor: No windowing.
2026-06-01 20:01:30 [412,190ms] [Warning] [omni.kit.imgui_renderer.plugin] _createExtendCursor: No windowing.
[412.958s] Simulation App Startup Complete
[417.437s] Simulation App Shutting Down
