[Info] [carb] Logging to file: /isaac-sim/kit/logs/Kit/Isaac-Sim/4.2/kit_20260530_060818.log
2026-05-30 06:08:18 [0ms] [Warning] [omni.kit.app.plugin] No crash reporter present, dumps uploading isn't available.
[0.392s] [ext: omni.blobkey-1.1.2] startup
[0.398s] [ext: omni.kit.async_engine-0.0.1] startup
[4.355s] [ext: omni.stats-1.0.1] startup
[4.397s] [ext: omni.datastore-0.0.0] startup
[4.651s] [ext: omni.client-1.2.0] startup
[5.519s] [ext: omni.ujitso.default-1.0.0] startup
[5.554s] [ext: omni.gpu_foundation.shadercache.vulkan-1.0.0] startup
[5.573s] [ext: omni.hsscclient-1.1.1] startup
[5.584s] [ext: omni.assets.plugins-0.0.0] startup
[5.620s] [ext: omni.gpu_foundation-0.0.0] startup
[6.253s] [ext: carb.windowing.plugins-1.0.0] startup
2026-05-30 06:08:24 [5,992ms] [Warning] [carb.windowing-glfw.plugin] GLFW initialization failed.
2026-05-30 06:08:24 [5,992ms] [Warning] [carb] Failed to startup plugin carb.windowing-glfw.plugin (interfaces: [carb::windowing::IGLContext v1.0],[carb::windowing::IWindowing v1.4]) (impl: carb.windowing-glfw.plugin)
[6.269s] [ext: omni.kit.renderer.init-0.0.0] startup
2026-05-30 06:08:24 [6,091ms] [Warning] [omni.platforminfo.plugin] failed to open the default display.  Can't verify X Server version.

|---------------------------------------------------------------------------------------------|
| Driver Version: 580.159.03    | Graphics API: Vulkan
|=============================================================================================|
| GPU | Name                             | Active | LDA | GPU Memory | Vendor-ID | LUID       |
|     |                                  |        |     |            | Device-ID | UUID       |
|     |                                  |        |     |            | Bus-ID    |            |
|---------------------------------------------------------------------------------------------|
| 0   | Tesla T4                         | Yes: 0 |     | 15606   MB | 10de      | 0          |
|     |                                  |        |     |            | 1eb8      | ddfd322a.. |
|     |                                  |        |     |            | 0         |            |
|=============================================================================================|
| OS: 22.04.3 LTS (Jammy Jellyfish) ubuntu, Version: 22.04.3, Kernel: 5.15.0-179-generic
| Processor: Intel(R) Xeon(R) Gold 6152 CPU @ 2.10GHz | Cores: 2 | Logical: 4
|---------------------------------------------------------------------------------------------|
| Total Memory (MB): 7936 | Free Memory: 6549
| Total Page/Swap (MB): 0 | Free Page/Swap: 0
|---------------------------------------------------------------------------------------------|
2026-05-30 06:08:27 [9,489ms] [Warning] [gpu.foundation.plugin] ECC is enabled on physical device 0
[10.255s] [ext: omni.kit.pipapi-0.0.0] startup
[10.267s] [ext: omni.kit.pip_archive-0.0.0] startup
[10.268s] [ext: omni.pip.compute-1.4.0] startup
[10.270s] [ext: omni.pip.cloud-1.1.3] startup
[10.313s] [ext: omni.isaac.core_archive-2.3.0] startup
[10.314s] [ext: omni.materialx.libs-1.0.4] startup
[10.373s] [ext: omni.isaac.ml_archive-2.0.1] startup
[10.374s] [ext: omni.kit.telemetry-0.5.0] startup
[10.458s] [ext: omni.usd.config-1.0.4] startup
[10.500s] [ext: omni.gpucompute.plugins-0.0.0] startup
[10.508s] [ext: omni.usd.libs-1.0.1] startup
[11.130s] [ext: omni.iray.libs-0.0.0] startup
[11.397s] [ext: omni.mdl.neuraylib-0.2.8] startup
[11.411s] [ext: omni.mdl-55.0.1] startup
[11.690s] [ext: omni.kit.usd.mdl-1.0.1] startup
[12.151s] [ext: omni.kit.loop-isaac-1.2.0] startup
[12.153s] [ext: omni.kit.test-1.1.0] startup
[12.519s] [ext: omni.appwindow-1.1.8] startup
2026-05-30 06:08:30 [12,244ms] [Warning] [carb.windowing-glfw.plugin] GLFW initialization failed.
2026-05-30 06:08:30 [12,244ms] [Warning] [carb] Failed to startup plugin carb.windowing-glfw.plugin (interfaces: [carb::windowing::IGLContext v1.0],[carb::windowing::IWindowing v1.4]) (impl: carb.windowing-glfw.plugin)
[12.523s] [ext: omni.kit.renderer.core-1.0.2] startup
2026-05-30 06:08:30 [12,321ms] [Warning] [carb.windowing-glfw.plugin] GLFW initialization failed.
2026-05-30 06:08:30 [12,322ms] [Warning] [carb] Failed to startup plugin carb.windowing-glfw.plugin (interfaces: [carb::windowing::IGLContext v1.0],[carb::windowing::IWindowing v1.4]) (impl: carb.windowing-glfw.plugin)
2026-05-30 06:08:30 [12,337ms] [Warning] [carb.windowing-glfw.plugin] GLFW initialization failed.
2026-05-30 06:08:30 [12,337ms] [Warning] [carb] Failed to startup plugin carb.windowing-glfw.plugin (interfaces: [carb::windowing::IGLContext v1.0],[carb::windowing::IWindowing v1.4]) (impl: carb.windowing-glfw.plugin)
[12.616s] [ext: omni.kit.renderer.capture-0.0.0] startup
[12.620s] [ext: omni.kit.renderer.imgui-1.0.1] startup
2026-05-30 06:08:30 [12,348ms] [Warning] [carb.windowing-glfw.plugin] GLFW initialization failed.
2026-05-30 06:08:30 [12,348ms] [Warning] [carb] Failed to startup plugin carb.windowing-glfw.plugin (interfaces: [carb::windowing::IGLContext v1.0],[carb::windowing::IWindowing v1.4]) (impl: carb.windowing-glfw.plugin)
2026-05-30 06:08:30 [12,352ms] [Warning] [carb.windowing-glfw.plugin] GLFW initialization failed.
2026-05-30 06:08:30 [12,352ms] [Warning] [carb] Failed to startup plugin carb.windowing-glfw.plugin (interfaces: [carb::windowing::IGLContext v1.0],[carb::windowing::IWindowing v1.4]) (impl: carb.windowing-glfw.plugin)
2026-05-30 06:08:30 [12,353ms] [Warning] [carb.windowing-glfw.plugin] GLFW initialization failed.
2026-05-30 06:08:30 [12,353ms] [Warning] [carb] Failed to startup plugin carb.windowing-glfw.plugin (interfaces: [carb::windowing::IGLContext v1.0],[carb::windowing::IWindowing v1.4]) (impl: carb.windowing-glfw.plugin)
[12.854s] [ext: omni.ui-2.25.22] startup
[12.880s] [ext: omni.kit.mainwindow-1.0.3] startup
[12.883s] [ext: carb.audio-0.1.0] startup
[12.905s] [ext: omni.uiaudio-1.0.0] startup
[12.906s] [ext: omni.kit.uiapp-0.0.0] startup
[12.907s] [ext: omni.usd.schema.isaac-2.1.0] startup
[12.921s] [ext: omni.usd.schema.audio-0.0.0] startup
[12.927s] [ext: omni.usd.schema.anim-0.0.0] startup
[12.964s] [ext: omni.usd.schema.geospatial-0.0.0] startup
[12.969s] [ext: omni.usd.schema.semantics-0.0.0] startup
[12.973s] [ext: omni.usd.schema.omnigraph-1.0.0] startup
[12.984s] [ext: omni.anim.navigation.schema-106.1.0] startup
[12.990s] [ext: omni.usd.schema.scene.visualization-2.0.2] startup
[12.993s] [ext: omni.usd.schema.omniscripting-1.0.0] startup
[13.002s] [ext: omni.anim.graph.schema-106.1.0] startup
[13.012s] [ext: omni.usd.schema.physx-106.1.9] startup
[13.064s] [ext: omni.usd.schema.forcefield-106.1.9] startup
[13.073s] [ext: omni.graph.exec-0.9.4] startup
[13.074s] [ext: omni.kit.usd_undo-0.1.8] startup
[13.077s] [ext: omni.kit.actions.core-1.0.0] startup
[13.080s] [ext: omni.kit.exec.core-0.13.4] startup
[13.085s] [ext: omni.usd_resolver-1.0.0] startup
[13.092s] [ext: omni.kit.commands-1.4.9] startup
[13.108s] [ext: omni.activity.core-1.0.1] startup
[13.111s] [ext: omni.usd.core-1.4.1] startup
[13.115s] [ext: omni.resourcemonitor-105.0.1] startup
[13.119s] [ext: omni.kit.window.popup_dialog-2.0.24] startup
[13.134s] [ext: omni.timeline-1.0.10] startup
[13.137s] [ext: omni.kit.widget.nucleus_connector-1.1.9] startup
[13.149s] [ext: usdrt.scenegraph-7.5.0] startup
[13.225s] [ext: omni.kit.audiodeviceenum-1.0.1] startup
[13.362s] [ext: omni.hydra.usdrt_delegate-7.5.1] startup
[13.454s] [ext: omni.hydra.scene_delegate-0.3.3] startup
[13.461s] [ext: omni.usd-1.12.2] startup
[13.695s] [ext: omni.kit.menu.core-1.0.4] startup
[13.701s] [ext: omni.kit.collaboration.telemetry-1.0.0] startup
[13.706s] [ext: omni.kit.property.adapter.core-1.0.1] startup
[13.716s] [ext: omni.kit.menu.utils-1.5.27] startup
[13.857s] [ext: omni.kit.clipboard-1.0.4] startup
[13.875s] [ext: omni.kit.collaboration.channel_manager-1.0.12] startup
[13.896s] [ext: omni.kit.property.adapter.usd-1.0.1] startup
[13.935s] [ext: omni.kit.widget.options_menu-1.1.6] startup
[14.052s] [ext: omni.kit.widget.graph-1.12.15] startup
[14.220s] [ext: omni.kit.widget.searchfield-1.1.8] startup
[14.233s] [ext: omni.kit.widget.filter-1.1.4] startup
[14.246s] [ext: omni.kit.property.adapter.fabric-1.0.1] startup
[14.263s] [ext: omni.ui_query-1.1.4] startup
[14.278s] [ext: omni.kit.window.extensions-1.4.11] startup
[14.345s] [ext: omni.kit.usd.layers-2.1.36] startup
[14.462s] [ext: omni.kit.widget.context_menu-1.2.2] startup
[14.484s] [ext: omni.hydra.rtx.shadercache.vulkan-1.0.0] startup
[14.500s] [ext: omni.kit.notification_manager-1.0.9] startup
[14.518s] [ext: omni.kit.hotkeys.core-1.3.5] startup
[14.519s] [ext: omni.kit.context_menu-1.8.1] startup
[14.551s] [ext: omni.kit.widget.prompt-1.0.7] startup
[14.593s] [ext: omni.kit.helper.file_utils-0.1.8] startup
[14.599s] [ext: omni.kit.widget.nucleus_info-1.0.2] startup
[14.610s] [ext: omni.kit.widget.filebrowser-2.10.51] startup
[14.687s] [ext: omni.kit.search_core-1.0.5] startup
[14.690s] [ext: omni.kit.widget.path_field-2.0.10] startup
[14.697s] [ext: omni.ui.scene-1.10.3] startup
[14.722s] [ext: omni.kit.widget.search_delegate-1.0.5] startup
[14.735s] [ext: omni.kit.widget.options_button-1.0.3] startup
[14.741s] [ext: omni.kit.widget.browser_bar-2.0.10] startup
[14.762s] [ext: omni.volume-0.5.0] startup
[14.774s] [ext: omni.kit.window.filepicker-2.10.40] startup
[14.971s] [ext: omni.ujitso.processor.texture-1.0.0] startup
[14.972s] [ext: omni.kit.window.file_exporter-1.0.30] startup
[15.004s] [ext: omni.ujitso.client-0.0.0] startup
[15.005s] [ext: omni.kit.widget.stage-2.11.2] startup
[15.097s] [ext: omni.kit.widget.live_session_management.ui-1.0.1] startup
[15.119s] [ext: omni.kit.collaboration.presence_layer-1.0.9] startup
[15.155s] [ext: omni.hydra.rtx-1.0.0] startup
[15.225s] [ext: omni.inspect-1.0.1] startup
[15.247s] [ext: omni.kit.widget.searchable_combobox-1.0.6] startup
[15.254s] [ext: omni.kit.window.file_importer-1.1.12] startup
[15.263s] [ext: omni.kit.stage_template.core-1.1.22] startup
[15.270s] [ext: omni.kit.widget.settings-1.2.2] startup
[15.290s] [ext: omni.kit.window.file-1.3.54] startup
[15.312s] [ext: omni.kit.window.drop_support-1.0.3] startup
[15.316s] [ext: omni.kit.window.content_browser_registry-0.0.6] startup
[15.320s] [ext: omni.kit.window.preferences-1.6.0] startup
[15.396s] [ext: omni.kit.window.content_browser-2.9.18] startup
[15.543s] [ext: omni.kit.widget.live_session_management-1.2.20] startup
[15.562s] [ext: omni.kit.widget.text_editor-1.0.2] startup
[15.569s] [ext: omni.kit.hydra_texture-1.3.9] startup
[15.602s] [ext: omni.kit.viewport.legacy_gizmos-1.1.0] startup
[15.607s] [ext: omni.kit.raycast.query-1.0.5] startup
[15.677s] [ext: omni.kit.material.library-1.5.6] startup
[15.783s] [ext: omni.kit.widget.viewport-106.1.0] startup
[15.849s] [ext: omni.kit.viewport.registry-104.0.6] startup
[15.860s] [ext: omni.hydra.engine.stats-1.0.2] startup
[15.865s] [ext: omni.kit.widget.highlight_label-1.0.2] startup
[15.869s] [ext: omni.kit.viewport.window-107.0.6] startup
[16.153s] [ext: omni.kit.window.property-1.11.3] startup
[16.211s] [ext: omni.graph.core-2.179.2] startup
[16.215s] [ext: omni.graph.tools-1.79.0] startup
[16.582s] [ext: omni.kit.viewport.utility-1.0.17] startup
[16.589s] [ext: omni.kit.property.usd-4.2.8] startup
[16.783s] [ext: omni.debugdraw-0.1.3] startup
[16.836s] [ext: omni.graph-1.140.0] startup
[17.490s] [ext: omni.graph.ui-1.70.2] startup
[17.642s] [ext: omni.kvdb-106.1.9] startup
[17.651s] [ext: omni.graph.image.core-0.4.5] startup
[17.654s] [ext: omni.localcache-106.1.9] startup
[17.658s] [ext: omni.graph.image.nodes-1.1.0] startup
[17.663s] [ext: omni.usdphysics-106.1.9] startup
[17.668s] [ext: omni.physx.foundation-106.1.9] startup
[17.672s] [ext: omni.convexdecomposition-106.1.9] startup
[17.680s] [ext: omni.graph.nodes-1.146.1] startup
[17.697s] [ext: omni.physx.cooking-106.1.9] startup
[17.719s] [ext: omni.kit.primitive.mesh-1.0.17] startup
[17.744s] [ext: omni.physx-106.1.9] startup
[17.774s] [ext: omni.kit.stage_templates-1.2.5] startup
[17.786s] [ext: omni.isaac.version-1.1.0] startup
[17.790s] [ext: omni.kit.widget.material_preview-1.0.16] startup
[17.801s] [ext: omni.isaac.nucleus-0.3.1] startup
[17.808s] [ext: omni.physics.tensors-106.1.9] startup
[17.838s] [ext: omni.physx.stageupdate-106.1.9] startup
[17.845s] [ext: omni.graph.action_core-1.1.6] startup
[17.852s] [ext: omni.warp.core-1.2.1] startup
[18.176s] [ext: omni.physx.tensors-106.1.9] startup
[18.186s] [ext: omni.graph.scriptnode-1.20.1] startup
[18.190s] [ext: omni.kit.manipulator.viewport-107.0.0] startup
[18.205s] [ext: omni.graph.action_nodes-1.24.0] startup
[18.228s] [ext: omni.kit.ui_test-1.3.2] startup
[18.262s] [ext: omni.isaac.core-3.19.5] startup
[24.411s] [ext: omni.graph.visualization.nodes-2.1.1] startup
[24.428s] [ext: omni.graph.action-1.102.1] startup
[24.432s] [ext: omni.kit.window.cursor-1.1.2] startup
[24.443s] [ext: omni.isaac.ui-0.16.0] startup
[24.517s] [ext: omni.kit.viewport.menubar.core-106.1.0] startup
[24.597s] [ext: omni.kit.graph.delegate.default-1.2.2] startup
[24.601s] [ext: omni.syntheticdata-0.6.9] startup
[24.769s] [ext: omni.kit.graph.usd.commands-1.3.1] startup
[24.778s] [ext: omni.kit.graph.editor.core-1.5.3] startup
[24.841s] [ext: omni.kit.numpy.common-0.1.2] startup
[24.848s] [ext: omni.warp-1.2.1] startup
[24.898s] [ext: omni.kit.window.material_graph-1.8.18] startup
[25.354s] [ext: omni.isaac.dynamic_control-1.3.8] startup
[25.483s] [ext: omni.replicator.core-1.11.20] startup
2026-05-30 06:08:43 [25,609ms] [Warning] [omni.replicator.core.scripts.annotators] Annotator PostProcessDispatch is already registered, overwriting annotator template
[27.453s] [ext: omni.isaac.lula-3.0.1] startup
[27.596s] [ext: omni.isaac.surface_gripper-1.0.1] startup
[27.634s] [ext: omni.isaac.core_nodes-1.16.3] startup
[27.837s] [ext: omni.isaac.motion_generation-7.1.0] startup
[28.326s] [ext: omni.isaac.manipulators-2.1.0] startup
[28.358s] [ext: omni.isaac.franka-0.4.1] startup
[28.674s] [ext: omni.kit.graph.widget.variables-2.1.0] startup
[28.727s] [ext: omni.kit.graph.delegate.modern-1.10.6] startup
[29.002s] [ext: omni.isaac.cortex-0.3.9] startup
[29.011s] [ext: omni.graph.window.core-1.113.1] startup
[29.202s] [ext: omni.isaac.wheeled_robots-2.3.3] startup
[29.893s] [ext: omni.isaac.cortex.sample_behaviors-1.0.6] startup
[29.901s] [ext: omni.graph.window.generic-1.26.0] startup
[29.955s] [ext: omni.isaac.menu-0.7.3] startup
[29.994s] [ext: omni.kit.widget.live-2.1.8] startup
[30.029s] [ext: omni.kit.actions.window-1.1.1] startup
[30.105s] [ext: omni.kit.widget.cache_indicator-2.0.10] startup
[31.179s] [ext: omni.kit.hotkeys.window-1.4.5] startup
2026-05-30 06:08:49 [30,905ms] [Warning] [omni.kit.widget.cache_indicator.cache_state_menu] Unable to detect Omniverse Cache Server. Consider installing it for better IO performance.
[31.312s] [ext: omni.kit.ui.actions-1.0.2] startup
[31.332s] [ext: omni.kit.widget.stage_icons-1.0.5] startup
[31.336s] [ext: omni.kit.menu.common-1.1.7] startup
[31.346s] [ext: omni.kit.selection-0.1.4] startup
[31.363s] [ext: omni.isaac.kit-1.13.2] startup
[31.364s] [ext: omni.isaac.block_world-1.0.0] startup
[31.477s] [ext: omni.kit.window.stage-2.5.10] startup
[31.577s] [ext: omni.isaac.debug_draw-1.1.0] startup
[31.588s] [ext: omni.kit.menu.edit-1.1.24] startup
[31.638s] [ext: omni.kit.menu.file-1.1.14] startup
[31.647s] [ext: omni.kit.profiler.window-2.2.3] startup
[31.743s] [ext: omni.kit.menu.stage-1.2.5] startup
[31.763s] [ext: omni.isaac.occupancy_map-1.0.3] startup
[31.828s] [ext: omni.importer.mjcf-1.1.1] startup
[32.018s] [ext: omni.graph.window.action-1.28.0] startup
[32.037s] [ext: omni.kit.property.camera-1.0.8] startup
[32.047s] [ext: omni.kit.property.light-1.0.10] startup
[32.081s] [ext: omni.kit.property.geometry-1.3.1] startup
[32.116s] [ext: omni.hydra.scene_api-0.1.2] startup
[32.145s] [ext: omni.kit.property.audio-1.0.14] startup
[32.173s] [ext: omni.kit.property.render-1.1.2] startup
[32.177s] [ext: omni.kit.property.transform-1.5.9] startup
[32.261s] [ext: omni.kit.property.material-1.10.8] startup
[32.389s] [ext: omni.kit.widget.layers-1.8.0] startup
[32.523s] [ext: omni.kit.property.isaac-0.2.3] startup
[32.544s] [ext: omni.kit.property.bundle-1.3.1] startup
[32.556s] [ext: omni.sensors.nv.common-1.2.2-isaac-1] startup
[33.250s] [ext: omni.kit.property.layer-1.1.8] startup
[33.266s] [ext: omni.kit.stage_column.payload-2.0.0] startup
[33.274s] [ext: omni.isaac.scene_blox-0.1.2] startup
[33.277s] [ext: omni.sensors.nv.materials-1.2.1-isaac-1] startup
[33.556s] [ext: omni.sensors.nv.wpm-1.2.1-isaac-1] startup
[33.601s] [ext: omni.kit.viewport.actions-106.0.2] startup
[33.644s] [ext: omni.sensors.nv.lidar-1.2.2-isaac-1] startup
[33.716s] [ext: omni.sensors.nv.radar-1.2.1-isaac-1] startup
[33.765s] [ext: omni.kit.viewport.menubar.display-107.0.2] startup
[33.788s] [ext: omni.kit.manipulator.transform-104.7.4] startup
[33.979s] [ext: omni.kit.widget.toolbar-1.7.2] startup
[34.123s] [ext: omni.sensors.tiled-0.0.6] startup
[34.128s] [ext: omni.sensors.nv.ids-1.1.0-isaac-1] startup
[34.277s] [ext: omni.isaac.range_sensor-3.1.2] startup
[34.614s] [ext: omni.usdphysics.ui-106.1.9] startup
[34.685s] [ext: omni.physx.commands-106.1.9] startup
[34.723s] [ext: omni.kit.manipulator.tool.snap-1.5.11] startup
[34.785s] [ext: omni.isaac.sensor-12.9.1] startup
[35.271s] [ext: omni.kit.manipulator.selector-1.1.1] startup
[35.289s] [ext: omni.physx.ui-106.1.9] startup
[35.590s] [ext: omni.isaac.quadruped-2.0.1] startup
[35.633s] [ext: omni.kit.viewport.manipulator.transform-107.0.2] startup
[35.646s] [ext: omni.physx.demos-106.1.9] startup
[35.887s] [ext: omni.kit.property.physx-106.1.9] startup
[36.372s] [ext: omni.kit.widget.calendar-1.0.8] startup
[36.382s] [ext: omni.kit.manipulator.prim.core-107.0.4] startup
[36.454s] [ext: omni.fabric.commands-1.1.5] startup
[36.487s] [ext: omni.physx.vehicle-106.1.9] startup
[36.640s] [ext: omni.kit.widget.extended_searchfield-1.0.28] startup
[36.718s] [ext: omni.kit.manipulator.prim.fabric-107.0.3] startup
[36.731s] [ext: omni.kit.manipulator.prim.usd-107.0.2] startup
[36.739s] [ext: omni.kit.widget.timeline-105.0.1] startup
[36.787s] [ext: omni.kit.window.commands-0.2.6] startup
[36.798s] [ext: omni.physx.camera-106.1.9] startup
[36.851s] [ext: omni.kit.manipulator.camera-105.0.5] startup
[36.925s] [ext: omni.kit.viewport.menubar.camera-107.0.2] startup
[37.050s] [ext: omni.kit.manipulator.prim-107.0.0] startup
[37.050s] [ext: omni.kit.manipulator.selection-106.0.1] startup
[37.087s] [ext: omni.kit.window.toolbar-1.6.1] startup
[37.103s] [ext: omni.kit.stage_column.variant-1.0.13] startup
[37.138s] [ext: omni.kit.viewport.menubar.render-106.1.1] startup
[37.156s] [ext: omni.kit.viewport.menubar.settings-107.0.3] startup
[37.189s] [ext: omni.physx.cct-106.1.9] startup
[37.334s] [ext: omni.physx.graph-106.1.9] startup
[37.449s] [ext: omni.physx.supportui-106.1.9] startup
[37.741s] [ext: omni.physx.telemetry-106.1.9] startup
[37.788s] [ext: omni.graph.ui_nodes-1.26.0] startup
[37.818s] [ext: omni.kit.viewport.bundle-104.0.1] startup
[37.821s] [ext: omni.isaac.universal_robots-0.3.5] startup
[37.850s] [ext: omni.kit.window.console-0.2.13] startup
[37.933s] [ext: omni.kit.window.script_editor-1.7.6] startup
[37.978s] [ext: omni.kit.menu.create-1.0.16] startup
[38.007s] [ext: omni.graph.bundle.action-2.4.1] startup
[38.028s] [ext: omni.physx.bundle-106.1.9] startup
[38.032s] [ext: omni.rtx.window.settings-0.6.17] startup
[38.177s] [ext: omni.kit.window.status_bar-0.1.7] startup
[38.238s] [ext: omni.kit.window.title-1.1.5] startup
[38.261s] [ext: omni.replicator.isaac-1.15.2] startup
[38.865s] [ext: omni.replicator.replicator_yaml-2.0.6] startup
[39.083s] [ext: omni.rtx.settings.core-0.6.3] startup
[39.112s] [ext: omni.kit.viewport.menubar.lighting-106.0.2] startup
[39.142s] [ext: semantics.schema.editor-0.3.8] startup
[39.152s] [ext: semantics.schema.property-1.0.4] startup
[39.161s] [ext: omni.kit.viewport.rtx-104.0.1] startup
[39.162s] [ext: omni.isaac.utils-1.0.1] startup
[39.174s] [ext: omni.isaac.cloner-0.8.1] startup
[39.183s] [ext: omni.importer.urdf-1.14.1] startup
[39.311s] [ext: omni.kit.window.stats-0.1.6] startup
[39.315s] [ext: omni.isaac.sim.python-4.2.0] startup
[39.319s] Simulation App Starting
2026-05-30 06:09:33 [74,996ms] [Warning] [carb.tasking.plugin] carb.tasking is likely stuck. All threads are busy with same tasks for more than 1 seconds with waiting tasks. Starting an emergency helper thread.
[426.886s] app ready
Starting kit application with the following args:  ['/isaac-sim/exts/omni.isaac.kit/omni/isaac/kit/simulation_app.py', '/isaac-sim/apps/omni.isaac.sim.python.kit', '--/app/tokens/exe-path=/isaac-sim/kit', '--/persistent/app/viewport/displayOptions=3094', '--/rtx/materialDb/syncLoads=True', '--/rtx/hydra/materialSyncLoads=True', '--/omni.kit.plugin/syncUsdLoads=True', '--/app/renderer/resolution/width=1280', '--/app/renderer/resolution/height=720', '--/app/window/width=1440', '--/app/window/height=900', '--/renderer/multiGpu/enabled=True', '--/app/fastShutdown=True', '--ext-folder', '/isaac-sim/exts', '--ext-folder', '/isaac-sim/apps', '--/physics/cudaDevice=0', '--portable', '--no-window', '--/app/window/hideUi=1', '--allow-root']
Passing the following args to the base kit application:  []
Warp 1.2.1 initialized:
   CUDA Toolkit 11.8, Driver 13.0
   Devices:
     "cpu"      : "x86_64"
     "cuda:0"   : "Tesla T4" (15 GiB, sm_75, mempool enabled)
   Kernel cache:
     /root/.cache/warp/1.2.1
SIMULATIONAPP OK
WORLD CREATED
WAITING FOR STAGE LOAD
STAGE LOAD COMPLETE
WORLD RESET OK

POSE STEP 0
  POSITION XYZ: [-3.7252903e-09  4.6566129e-10 -8.1748813e-03]
  ORIENTATION QUAT: [9.9999988e-01 0.0000000e+00 0.0000000e+00 2.3283064e-10]

STEP LOOP START: 60 steps, reporting every 10 steps

POSE STEP 10
  POSITION XYZ: [-1.2572855e-08 -5.3551048e-09 -2.1255003e-01]
  ORIENTATION QUAT: [ 1.0000000e+00  0.0000000e+00 -9.3132257e-10  2.0372681e-10]
  DELTA XYZ: [-8.8475645e-09 -5.8207661e-09 -2.0437515e-01]
  DELTA ORIENTATION QUAT: [ 1.1920929e-07  0.0000000e+00 -9.3132257e-10 -2.9103830e-11]

POSE STEP 20
  POSITION XYZ: [-1.2572855e-08 -5.3551048e-09 -6.8942505e-01]
  ORIENTATION QUAT: [ 1.0000000e+00  0.0000000e+00 -9.3132257e-10  2.0372681e-10]
  DELTA XYZ: [-8.8475645e-09 -5.8207661e-09 -6.8125015e-01]
  DELTA ORIENTATION QUAT: [ 1.1920929e-07  0.0000000e+00 -9.3132257e-10 -2.9103830e-11]

POSE STEP 30
  POSITION XYZ: [-1.2572855e-08 -5.3551048e-09 -1.4387991e+00]
  ORIENTATION QUAT: [ 1.0000000e+00  0.0000000e+00 -9.3132257e-10  2.0372681e-10]
  DELTA XYZ: [-8.8475645e-09 -5.8207661e-09 -1.4306242e+00]
  DELTA ORIENTATION QUAT: [ 1.1920929e-07  0.0000000e+00 -9.3132257e-10 -2.9103830e-11]

POSE STEP 40
  POSITION XYZ: [-1.2572855e-08 -5.3551048e-09 -2.4606748e+00]
  ORIENTATION QUAT: [ 1.0000000e+00  0.0000000e+00 -9.3132257e-10  2.0372681e-10]
  DELTA XYZ: [-8.8475645e-09 -5.8207661e-09 -2.4524999e+00]
  DELTA ORIENTATION QUAT: [ 1.1920929e-07  0.0000000e+00 -9.3132257e-10 -2.9103830e-11]

POSE STEP 50
  POSITION XYZ: [-1.2572855e-08 -5.3551048e-09 -3.7550480e+00]
  ORIENTATION QUAT: [ 1.0000000e+00  0.0000000e+00 -9.3132257e-10  2.0372681e-10]
  DELTA XYZ: [-8.8475645e-09 -5.8207661e-09 -3.7468731e+00]
  DELTA ORIENTATION QUAT: [ 1.1920929e-07  0.0000000e+00 -9.3132257e-10 -2.9103830e-11]

POSE STEP 60
  POSITION XYZ: [-1.2572855e-08 -5.3551048e-09 -5.3219233e+00]
  ORIENTATION QUAT: [ 1.0000000e+00  0.0000000e+00 -9.3132257e-10  2.0372681e-10]
  DELTA XYZ: [-8.8475645e-09 -5.8207661e-09 -5.3137484e+00]
  DELTA ORIENTATION QUAT: [ 1.1920929e-07  0.0000000e+00 -9.3132257e-10 -2.9103830e-11]

STEPS COMPLETE
2026-05-30 06:15:25 [427,400ms] [Warning] [omni.kit.imgui_renderer.plugin] _createExtendCursor: No windowing.
2026-05-30 06:15:25 [427,400ms] [Warning] [omni.kit.imgui_renderer.plugin] _createExtendCursor: No windowing.
[428.495s] Simulation App Startup Complete
2026-05-30 06:15:48 [450,776ms] [Warning] [omni.physx.plugin] Detected an articulation at /World/G1 with more than 4 velocity iterations being added to a TGS scene.The related behavior changed recently, please consult the changelog. This warning will only print once.
2026-05-30 06:15:54 [456,718ms] [Warning] [carb.windowing-glfw.plugin] GLFW initialization failed.
2026-05-30 06:15:54 [456,718ms] [Warning] [carb] Failed to startup plugin carb.windowing-glfw.plugin (interfaces: [carb::windowing::IGLContext v1.0],[carb::windowing::IWindowing v1.4]) (impl: carb.windowing-glfw.plugin)
2026-05-30 06:15:55 [456,846ms] [Warning] [omni.usd] Unexpected reference count of 2 for UsdStage 'anon:0x22ab4a50:World0.usd' while being closed in UsdContext (this may indicate it is still resident in memory).
[457.327s] Simulation App Shutting Down
