[Info] [carb] Logging to file: /root/.nvidia-omniverse/logs/Kit/Isaac-Sim Minimal Loop Python/4.5/kit_20260615_200557.log
[0.831s] [ext: omni.kit.async_engine-0.0.1] startup
[1.894s] [ext: omni.metrics.core-0.0.1] startup
[1.895s] [ext: omni.client.lib-1.0.0] startup
[1.956s] [ext: omni.blobkey-1.1.2] startup
[1.957s] [ext: omni.stats-1.0.1] startup
[1.959s] [ext: omni.datastore-0.0.0] startup
[1.968s] [ext: omni.client-1.2.2] startup
[1.977s] [ext: omni.ujitso.default-1.0.0] startup
[1.980s] [ext: omni.hsscclient-1.1.1] startup
2026-06-15 20:05:58 [1,965ms] [Warning] [omni.datastore] OmniHub is inaccessible
[1.992s] [ext: omni.gpu_foundation.shadercache.vulkan-1.0.0] startup
[2.009s] [ext: omni.assets.plugins-0.0.0] startup
[2.012s] [ext: omni.gpu_foundation-0.0.0] startup
[2.025s] [ext: carb.windowing.plugins-1.0.0] startup
2026-06-15 20:05:59 [2,010ms] [Warning] [carb.windowing-glfw.plugin] GLFW initialization failed.
2026-06-15 20:05:59 [2,010ms] [Warning] [carb] Failed to startup plugin carb.windowing-glfw.plugin (interfaces: [carb::windowing::IGLContext v1.0],[carb::windowing::IWindowing v1.5]) (impl: carb.windowing-glfw.plugin)
[2.027s] [ext: omni.kit.renderer.init-0.0.0] startup
2026-06-15 20:05:59 [2,044ms] [Warning] [omni.platforminfo.plugin] failed to open the default display.  Can't verify X Server version.

|---------------------------------------------------------------------------------------------|
| Driver Version: 580.159.03    | Graphics API: Vulkan
|=============================================================================================|
| GPU | Name                             | Active | LDA | GPU Memory | Vendor-ID | LUID       |
|     |                                  |        |     |            | Device-ID | UUID       |
|     |                                  |        |     |            | Bus-ID    |            |
|---------------------------------------------------------------------------------------------|
| 0   | Tesla T4                         | Yes: 0 |     | 15606   MB | 10de      | 0          |
|     |                                  |        |     |            | 1eb8      | ddfd322a.. |
|     |                                  |        |     |            | 0         |            |
|=============================================================================================|
| OS: 22.04.5 LTS (Jammy Jellyfish) ubuntu, Version: 22.04.5, Kernel: 5.15.0-181-generic
| Processor: Intel(R) Xeon(R) Gold 6152 CPU @ 2.10GHz
| Cores: 2 | Logical Cores: 4
|---------------------------------------------------------------------------------------------|
| Total Memory (MB): 32092 | Free Memory: 30436
| Total Page/Swap (MB): 0 | Free Page/Swap: 0
|---------------------------------------------------------------------------------------------|
2026-06-15 20:06:01 [4,448ms] [Warning] [gpu.foundation.plugin] ECC is enabled on physical device 0
[4.748s] [ext: omni.kit.pipapi-0.0.0] startup
[4.755s] [ext: omni.kit.pip_archive-0.0.0] startup
[4.756s] [ext: omni.pip.compute-1.4.5] startup
[4.757s] [ext: omni.materialx.libs-1.0.6] startup
[4.774s] [ext: omni.pip.cloud-1.1.7] startup
[4.799s] [ext: omni.isaac.core_archive-2.3.3] startup
[4.800s] [ext: omni.usd.config-1.0.5] startup
[4.810s] [ext: omni.gpucompute.plugins-0.0.0] startup
[4.811s] [ext: omni.usd.libs-1.0.1] startup
[4.930s] [ext: omni.kit.loop-isaac-1.2.1] startup
[4.932s] [ext: omni.kit.test-1.1.2] startup
[5.390s] [ext: omni.mdl-55.0.1] startup
[5.644s] [ext: omni.iray.libs-0.0.0] startup
[5.654s] [ext: omni.mdl.neuraylib-0.2.10] startup
[5.661s] [ext: omni.kit.usd.mdl-1.0.7] startup
[5.913s] [ext: omni.isaac.ml_archive-2.1.2] startup
[5.914s] [ext: omni.usd.schema.anim-0.0.0] startup
[5.953s] [ext: isaacsim.robot.schema-3.1.2] startup
[5.969s] [ext: omni.usd.schema.geospatial-0.0.0] startup
[5.974s] [ext: omni.usd.schema.audio-0.0.0] startup
[5.981s] [ext: omni.usd.schema.omnigraph-1.0.0] startup
[5.991s] [ext: omni.usd.schema.physx-106.5.7] startup
[6.043s] [ext: omni.usd.schema.semantics-0.0.0] startup
[6.048s] [ext: omni.appwindow-1.1.9] startup
2026-06-15 20:06:03 [6,033ms] [Warning] [carb.windowing-glfw.plugin] GLFW initialization failed.
2026-06-15 20:06:03 [6,033ms] [Warning] [carb] Failed to startup plugin carb.windowing-glfw.plugin (interfaces: [carb::windowing::IGLContext v1.0],[carb::windowing::IWindowing v1.5]) (impl: carb.windowing-glfw.plugin)
[6.053s] [ext: omni.kit.renderer.core-1.0.2] startup
2026-06-15 20:06:03 [6,052ms] [Warning] [carb.windowing-glfw.plugin] GLFW initialization failed.
2026-06-15 20:06:03 [6,052ms] [Warning] [carb] Failed to startup plugin carb.windowing-glfw.plugin (interfaces: [carb::windowing::IGLContext v1.0],[carb::windowing::IWindowing v1.5]) (impl: carb.windowing-glfw.plugin)
2026-06-15 20:06:03 [6,062ms] [Warning] [carb.windowing-glfw.plugin] GLFW initialization failed.
2026-06-15 20:06:03 [6,062ms] [Warning] [carb] Failed to startup plugin carb.windowing-glfw.plugin (interfaces: [carb::windowing::IGLContext v1.0],[carb::windowing::IWindowing v1.5]) (impl: carb.windowing-glfw.plugin)
[6.082s] [ext: omni.kit.renderer.capture-0.0.0] startup
[6.088s] [ext: omni.kit.renderer.imgui-1.0.2] startup
2026-06-15 20:06:03 [6,077ms] [Warning] [carb.windowing-glfw.plugin] GLFW initialization failed.
2026-06-15 20:06:03 [6,077ms] [Warning] [carb] Failed to startup plugin carb.windowing-glfw.plugin (interfaces: [carb::windowing::IGLContext v1.0],[carb::windowing::IWindowing v1.5]) (impl: carb.windowing-glfw.plugin)
2026-06-15 20:06:03 [6,080ms] [Warning] [carb.windowing-glfw.plugin] GLFW initialization failed.
2026-06-15 20:06:03 [6,080ms] [Warning] [carb] Failed to startup plugin carb.windowing-glfw.plugin (interfaces: [carb::windowing::IGLContext v1.0],[carb::windowing::IWindowing v1.5]) (impl: carb.windowing-glfw.plugin)
2026-06-15 20:06:03 [6,082ms] [Warning] [carb.windowing-glfw.plugin] GLFW initialization failed.
2026-06-15 20:06:03 [6,082ms] [Warning] [carb] Failed to startup plugin carb.windowing-glfw.plugin (interfaces: [carb::windowing::IGLContext v1.0],[carb::windowing::IWindowing v1.5]) (impl: carb.windowing-glfw.plugin)
[6.302s] [ext: omni.ui-2.26.5] startup
[6.333s] [ext: omni.kit.actions.core-1.0.0] startup
[6.340s] [ext: omni.kit.window.popup_dialog-2.0.24] startup
[6.356s] [ext: omni.kit.commands-1.4.9] startup
[6.373s] [ext: omni.graph.exec-0.9.4] startup
[6.374s] [ext: carb.audio-0.1.0] startup
[6.398s] [ext: omni.usd_resolver-1.0.0] startup
[6.406s] [ext: omni.kit.usd_undo-0.1.8] startup
[6.409s] [ext: omni.kit.exec.core-0.13.4] startup
[6.414s] [ext: omni.kit.audiodeviceenum-1.0.1] startup
[6.418s] [ext: omni.usd.core-1.4.2] startup
[6.422s] [ext: omni.timeline-1.0.11] startup
[6.427s] [ext: omni.kit.widget.nucleus_connector-1.1.10] startup
[6.440s] [ext: omni.hydra.scene_delegate-0.3.3] startup
[6.448s] [ext: omni.usd-1.12.4] startup
[6.596s] [ext: omni.kit.graph.usd.commands-1.3.1] startup
[6.605s] [ext: omni.kit.widget.graph-1.12.17] startup
[6.671s] [ext: omni.kit.menu.core-1.1.2] startup
[6.677s] [ext: omni.kit.widget.searchfield-1.1.8] startup
[6.687s] [ext: omni.kit.graph.delegate.default-1.2.2] startup
[6.688s] [ext: omni.index.libs-380600.1777.0] startup
[6.688s] [ext: omni.kit.menu.utils-1.7.7] startup
[6.748s] [ext: omni.kit.graph.editor.core-1.5.3] startup
[6.769s] [ext: omni.index-1.0.1] startup
[6.770s] [ext: omni.hydra.rtx.shadercache.vulkan-1.0.0] startup
[6.773s] [ext: omni.kit.usd.layers-2.2.0] startup
[6.820s] [ext: usdrt.scenegraph-7.5.1] startup
[6.902s] [ext: omni.inspect-1.0.1] startup
[6.904s] [ext: omni.graph.tools-1.79.1] startup
[7.099s] [ext: omni.graph.core-2.181.8] startup
[7.104s] [ext: omni.ujitso.processor.texture-1.0.0] startup
[7.106s] [ext: omni.graph-1.140.2] startup
[7.868s] [ext: omni.volume-0.5.0] startup
[7.881s] [ext: omni.ujitso.client-0.0.0] startup
[7.883s] [ext: omni.graph.scriptnode-1.40.1] startup
[7.887s] [ext: omni.hydra.rtx-1.0.0] startup
2026-06-15 20:06:04 [7,882ms] [Warning] [omni.log] Source: omni.hydra was already registered.
[7.926s] [ext: omni.kit.primitive.mesh-1.0.17] startup
[7.960s] [ext: omni.kit.widget.path_field-2.0.11] startup
[7.969s] [ext: omni.kit.clipboard-1.0.5] startup
[7.971s] [ext: omni.kit.hydra_texture-1.4.0] startup
[7.980s] [ext: omni.kit.stage_template.core-1.1.22] startup
[7.985s] [ext: omni.kit.widget.material_preview-1.0.16] startup
[7.997s] [ext: omni.kit.stage_templates-1.2.6] startup
[8.009s] [ext: omni.kit.widget.browser_bar-2.0.10] startup
[8.017s] [ext: omni.kit.widget.options_menu-1.1.6] startup
[8.038s] [ext: omni.kit.notification_manager-1.0.9] startup
[8.053s] [ext: omni.kit.helper.file_utils-0.1.9] startup
[8.062s] [ext: omni.kit.widget.options_button-1.0.3] startup
[8.066s] [ext: omni.ui.scene-1.11.2] startup
[8.075s] [ext: omni.kit.widget.filebrowser-2.10.52] startup
[8.118s] [ext: omni.kit.widget.context_menu-1.2.4] startup
[8.128s] [ext: omni.activity.core-1.0.1] startup
[8.132s] [ext: omni.convexdecomposition-106.5.7] startup
[8.141s] [ext: omni.kit.window.filepicker-2.11.7] startup
[8.257s] [ext: omni.kvdb-106.5.7] startup
[8.262s] [ext: omni.usdphysics-106.5.7] startup
[8.268s] [ext: omni.physx.foundation-106.5.7] startup
[8.272s] [ext: omni.localcache-106.5.7] startup
[8.276s] [ext: omni.kit.hotkeys.core-1.3.10] startup
[8.279s] [ext: omni.kit.context_menu-1.8.3] startup
[8.297s] [ext: omni.physx.cooking-106.5.7] startup
[8.312s] [ext: omni.kit.window.file_exporter-1.0.31] startup
[8.321s] [ext: omni.kit.widget.filter-1.1.4] startup
[8.327s] [ext: isaacsim.core.deprecation_manager-0.2.2] startup
[8.332s] [ext: omni.physx-106.5.7] startup
[8.370s] [ext: omni.kit.widget.stage-2.11.6] startup
[8.451s] [ext: isaacsim.core.version-2.0.2] startup
[8.455s] [ext: omni.physx.stageupdate-106.5.7] startup
[8.465s] [ext: omni.kit.numpy.common-0.1.2] startup
[8.471s] [ext: omni.graph.image.core-0.6.0] startup
[8.473s] [ext: isaacsim.storage.native-1.0.6] startup
[8.480s] [ext: omni.isaac.dynamic_control-1.3.15] startup
2026-06-15 20:06:05 [8,476ms] [Warning] [omni.isaac.dynamic_control] omni.isaac.dynamic_control is deprecated as of Isaac Sim 4.5. No action is needed from end-users.
[8.494s] [ext: omni.graph.image.nodes-1.3.0] startup
[8.497s] [ext: omni.warp.core-1.5.0] startup
[8.974s] [ext: omni.graph.action_core-1.1.7] startup
[8.980s] [ext: omni.hydra.engine.stats-1.0.3] startup
[8.987s] [ext: isaacsim.core.utils-2.2.8] startup
[8.996s] [ext: omni.graph.nodes-1.162.1] startup
[9.017s] [ext: omni.graph.action_nodes-1.40.1] startup
[9.025s] [ext: omni.kit.widget.viewport-107.0.7] startup
[9.073s] [ext: omni.kit.viewport.registry-104.0.6] startup
[9.079s] [ext: omni.kit.material.library-1.5.15] startup
[9.137s] [ext: omni.graph.action-1.120.0] startup
[9.140s] [ext: omni.physics.tensors-106.5.7] startup
[9.253s] [ext: omni.kit.viewport.window-107.0.8] startup
[9.339s] [ext: omni.kit.widget.settings-1.2.2] startup
[9.359s] [ext: omni.physx.tensors-106.5.7] startup
[9.369s] [ext: omni.kit.viewport.utility-1.0.18] startup
[9.377s] [ext: omni.kit.window.preferences-1.7.0] startup
[9.418s] [ext: isaacsim.core.simulation_manager-0.3.3] startup
[13.853s] [ext: omni.warp-1.5.0] startup
[13.889s] [ext: omni.syntheticdata-0.6.10] startup
2026-06-15 20:06:11 [14,039ms] [Error] [omni.syntheticdata.scripts.extension] SyntheticData extension needs at least a stageFrameHistoryCount of 3
[14.070s] [ext: omni.kit.window.material_graph-1.8.19] startup
[14.514s] [ext: isaacsim.core.prims-0.3.7] startup
[14.685s] [ext: omni.replicator.core-1.11.35] startup
Warp 1.5.0 initialized:
   CUDA Toolkit 11.8, Driver 13.0
   Devices:
     "cpu"      : "x86_64"
     "cuda:0"   : "Tesla T4" (15 GiB, sm_75, mempool enabled)
   Kernel cache:
     /root/.cache/warp/1.5.0
2026-06-15 20:06:12 [15,007ms] [Warning] [omni.replicator.core.scripts.extension] No material configuration file, adding configuration to material settings directly.
[15.031s] [ext: isaacsim.core.api-4.2.16] startup
[15.288s] [ext: isaacsim.core.nodes-2.1.4] startup
[15.349s] [ext: isaacsim.sensors.physics-0.3.5] startup
[15.427s] [ext: isaacsim.g1.obstelem_contact_3c2a-0.1.0] startup
=== OBSTELEM_CONTACT_3C2A STARTUP OK ===
[15.441s] [ext: combo_single-4.5.0] startup
=== RCLPY + 6 PUBLISHERS OK ===
[16.688s] app ready
2026-06-15 20:06:14 [16,990ms] [Warning] [rtx.neuraylib.plugin] [IRAY:RENDER]   1.1   IRAY   rend warn : CUDA device 0 (Tesla T4): ECC is enabled, this will reduce rendering performance (it is strongly recommended to disable ECC with iray)
2026-06-15 20:06:14 [17,086ms] [Warning] [rtx.scenedb.plugin] SceneDbContext : TLAS limit buffer size 2921508224
2026-06-15 20:06:14 [17,086ms] [Warning] [rtx.scenedb.plugin] SceneDbContext : TLAS limit : valid true, within: false
2026-06-15 20:06:14 [17,314ms] [Warning] [omni.usd-abi.plugin] No setting was found for '/rtx-defaults-transient/meshlights/forceDisable'
2026-06-15 20:06:24 [27,831ms] [Warning] [isaacsim.sensors.physics.scripts.imu_sensor] Creating a new IMU prim at path /World/G1/torso_link/imu_sensor
2026-06-15 20:06:25 [28,031ms] [Warning] [omni.physx.plugin] Detected an articulation at /World/G1 with more than 4 velocity iterations being added to a TGS scene.The related behavior changed recently, please consult the changelog. This warning will only print once.
=== G1 + IMU + CONTACTS READY === num_dof: 37
=== P4E SKIP PRE-AUDIT FALL ===
=== P4E ZERO_CONTROL_CONTACT_PERSISTENCE START ===
P4E COLUMNS step base_z W L LF LN R RF RN mean_joint_err
2026-06-15 20:06:25 [28,512ms] [Warning] [isaacsim.sensors.physics.plugin] *** warning: get_contact_sensor_raw_data is deprecated and will replaced in the next release
P4E step=000 base_z=0.720000 W=1.000000 L=True LF=2.618445 LN=1 R=True RF=1.019465 RN=1 mean_joint_err=0.000000
P4E step=001 base_z=0.735708 W=0.999988 L=True LF=91.103195 LN=1 R=True RF=90.189651 RN=1 mean_joint_err=0.016735
P4E step=005 base_z=0.732066 W=0.999967 L=True LF=159.914948 LN=1 R=True RF=157.042267 RN=1 mean_joint_err=0.000784
P4E step=010 base_z=0.731815 W=0.999971 L=True LF=86.682930 LN=1 R=True RF=250.971069 RN=1 mean_joint_err=0.000177
P4E step=025 base_z=0.731632 W=0.999905 L=True LF=207.776810 LN=1 R=True RF=124.625351 RN=1 mean_joint_err=0.001204
P4E step=050 base_z=0.731877 W=0.999877 L=True LF=242.926117 LN=1 R=True RF=63.331978 RN=1 mean_joint_err=0.000255
P4E step=100 base_z=0.731792 W=0.999769 L=True LF=188.758575 LN=1 R=True RF=141.147430 RN=1 mean_joint_err=0.000325
P4E step=150 base_z=0.732017 W=0.999754 L=True LF=31.627535 LN=1 R=True RF=282.221527 RN=1 mean_joint_err=0.000332
P4E step=250 base_z=0.732163 W=0.999711 L=True LF=138.350800 LN=1 R=True RF=186.512222 RN=1 mean_joint_err=0.000778
=== P4E ZERO_CONTROL_CONTACT_PERSISTENCE END ===
