[Info] [carb] Logging to file: /root/.nvidia-omniverse/logs/Kit/Isaac-Sim Minimal Loop Python/4.5/kit_20260615_203124.log
[0.833s] [ext: omni.kit.async_engine-0.0.1] startup
[1.889s] [ext: omni.metrics.core-0.0.1] startup
[1.889s] [ext: omni.client.lib-1.0.0] startup
[1.947s] [ext: omni.blobkey-1.1.2] startup
[1.947s] [ext: omni.stats-1.0.1] startup
[1.950s] [ext: omni.datastore-0.0.0] startup
[1.959s] [ext: omni.client-1.2.2] startup
[1.968s] [ext: omni.ujitso.default-1.0.0] startup
[1.971s] [ext: omni.hsscclient-1.1.1] startup
2026-06-15 20:31:26 [1,950ms] [Warning] [omni.datastore] OmniHub is inaccessible
[1.979s] [ext: omni.gpu_foundation.shadercache.vulkan-1.0.0] startup
[2.000s] [ext: omni.assets.plugins-0.0.0] startup
[2.003s] [ext: omni.gpu_foundation-0.0.0] startup
[2.016s] [ext: carb.windowing.plugins-1.0.0] startup
2026-06-15 20:31:26 [1,994ms] [Warning] [carb.windowing-glfw.plugin] GLFW initialization failed.
2026-06-15 20:31:26 [1,994ms] [Warning] [carb] Failed to startup plugin carb.windowing-glfw.plugin (interfaces: [carb::windowing::IGLContext v1.0],[carb::windowing::IWindowing v1.5]) (impl: carb.windowing-glfw.plugin)
[2.018s] [ext: omni.kit.renderer.init-0.0.0] startup
2026-06-15 20:31:26 [2,025ms] [Warning] [omni.platforminfo.plugin] failed to open the default display.  Can't verify X Server version.

|---------------------------------------------------------------------------------------------|
| Driver Version: 580.159.03    | Graphics API: Vulkan
|=============================================================================================|
| GPU | Name                             | Active | LDA | GPU Memory | Vendor-ID | LUID       |
|     |                                  |        |     |            | Device-ID | UUID       |
|     |                                  |        |     |            | Bus-ID    |            |
|---------------------------------------------------------------------------------------------|
| 0   | Tesla T4                         | Yes: 0 |     | 15606   MB | 10de      | 0          |
|     |                                  |        |     |            | 1eb8      | ddfd322a.. |
|     |                                  |        |     |            | 0         |            |
|=============================================================================================|
| OS: 22.04.5 LTS (Jammy Jellyfish) ubuntu, Version: 22.04.5, Kernel: 5.15.0-181-generic
| Processor: Intel(R) Xeon(R) Gold 6152 CPU @ 2.10GHz
| Cores: 2 | Logical Cores: 4
|---------------------------------------------------------------------------------------------|
| Total Memory (MB): 32092 | Free Memory: 30437
| Total Page/Swap (MB): 0 | Free Page/Swap: 0
|---------------------------------------------------------------------------------------------|
2026-06-15 20:31:29 [4,425ms] [Warning] [gpu.foundation.plugin] ECC is enabled on physical device 0
[4.744s] [ext: omni.kit.pipapi-0.0.0] startup
[4.751s] [ext: omni.kit.pip_archive-0.0.0] startup
[4.752s] [ext: omni.pip.compute-1.4.5] startup
[4.753s] [ext: omni.materialx.libs-1.0.6] startup
[4.770s] [ext: omni.pip.cloud-1.1.7] startup
[4.799s] [ext: omni.isaac.core_archive-2.3.3] startup
[4.800s] [ext: omni.usd.config-1.0.5] startup
[4.811s] [ext: omni.gpucompute.plugins-0.0.0] startup
[4.812s] [ext: omni.usd.libs-1.0.1] startup
[4.963s] [ext: omni.kit.loop-isaac-1.2.1] startup
[4.966s] [ext: omni.kit.test-1.1.2] startup
[5.423s] [ext: omni.mdl-55.0.1] startup
[5.684s] [ext: omni.iray.libs-0.0.0] startup
[5.693s] [ext: omni.mdl.neuraylib-0.2.10] startup
[5.701s] [ext: omni.kit.usd.mdl-1.0.7] startup
[5.930s] [ext: omni.isaac.ml_archive-2.1.2] startup
[5.931s] [ext: omni.usd.schema.anim-0.0.0] startup
[5.971s] [ext: isaacsim.robot.schema-3.1.2] startup
[5.987s] [ext: omni.usd.schema.geospatial-0.0.0] startup
[5.992s] [ext: omni.usd.schema.audio-0.0.0] startup
[5.999s] [ext: omni.usd.schema.omnigraph-1.0.0] startup
[6.012s] [ext: omni.usd.schema.physx-106.5.7] startup
[6.069s] [ext: omni.usd.schema.semantics-0.0.0] startup
[6.074s] [ext: omni.appwindow-1.1.9] startup
2026-06-15 20:31:30 [6,053ms] [Warning] [carb.windowing-glfw.plugin] GLFW initialization failed.
2026-06-15 20:31:30 [6,053ms] [Warning] [carb] Failed to startup plugin carb.windowing-glfw.plugin (interfaces: [carb::windowing::IGLContext v1.0],[carb::windowing::IWindowing v1.5]) (impl: carb.windowing-glfw.plugin)
[6.079s] [ext: omni.kit.renderer.core-1.0.2] startup
2026-06-15 20:31:30 [6,076ms] [Warning] [carb.windowing-glfw.plugin] GLFW initialization failed.
2026-06-15 20:31:30 [6,076ms] [Warning] [carb] Failed to startup plugin carb.windowing-glfw.plugin (interfaces: [carb::windowing::IGLContext v1.0],[carb::windowing::IWindowing v1.5]) (impl: carb.windowing-glfw.plugin)
2026-06-15 20:31:30 [6,087ms] [Warning] [carb.windowing-glfw.plugin] GLFW initialization failed.
2026-06-15 20:31:30 [6,087ms] [Warning] [carb] Failed to startup plugin carb.windowing-glfw.plugin (interfaces: [carb::windowing::IGLContext v1.0],[carb::windowing::IWindowing v1.5]) (impl: carb.windowing-glfw.plugin)
[6.115s] [ext: omni.kit.renderer.capture-0.0.0] startup
[6.122s] [ext: omni.kit.renderer.imgui-1.0.2] startup
2026-06-15 20:31:30 [6,104ms] [Warning] [carb.windowing-glfw.plugin] GLFW initialization failed.
2026-06-15 20:31:30 [6,104ms] [Warning] [carb] Failed to startup plugin carb.windowing-glfw.plugin (interfaces: [carb::windowing::IGLContext v1.0],[carb::windowing::IWindowing v1.5]) (impl: carb.windowing-glfw.plugin)
2026-06-15 20:31:30 [6,107ms] [Warning] [carb.windowing-glfw.plugin] GLFW initialization failed.
2026-06-15 20:31:30 [6,107ms] [Warning] [carb] Failed to startup plugin carb.windowing-glfw.plugin (interfaces: [carb::windowing::IGLContext v1.0],[carb::windowing::IWindowing v1.5]) (impl: carb.windowing-glfw.plugin)
2026-06-15 20:31:30 [6,109ms] [Warning] [carb.windowing-glfw.plugin] GLFW initialization failed.
2026-06-15 20:31:30 [6,109ms] [Warning] [carb] Failed to startup plugin carb.windowing-glfw.plugin (interfaces: [carb::windowing::IGLContext v1.0],[carb::windowing::IWindowing v1.5]) (impl: carb.windowing-glfw.plugin)
[6.347s] [ext: omni.ui-2.26.5] startup
[6.374s] [ext: omni.kit.actions.core-1.0.0] startup
[6.381s] [ext: omni.kit.window.popup_dialog-2.0.24] startup
[6.400s] [ext: omni.kit.commands-1.4.9] startup
[6.416s] [ext: omni.graph.exec-0.9.4] startup
[6.417s] [ext: carb.audio-0.1.0] startup
[6.442s] [ext: omni.usd_resolver-1.0.0] startup
[6.450s] [ext: omni.kit.usd_undo-0.1.8] startup
[6.453s] [ext: omni.kit.exec.core-0.13.4] startup
[6.458s] [ext: omni.kit.audiodeviceenum-1.0.1] startup
[6.462s] [ext: omni.usd.core-1.4.2] startup
[6.466s] [ext: omni.timeline-1.0.11] startup
[6.470s] [ext: omni.kit.widget.nucleus_connector-1.1.10] startup
[6.484s] [ext: omni.hydra.scene_delegate-0.3.3] startup
[6.492s] [ext: omni.usd-1.12.4] startup
[6.669s] [ext: omni.kit.graph.usd.commands-1.3.1] startup
[6.678s] [ext: omni.kit.widget.graph-1.12.17] startup
[6.734s] [ext: omni.kit.menu.core-1.1.2] startup
[6.739s] [ext: omni.kit.widget.searchfield-1.1.8] startup
[6.748s] [ext: omni.kit.graph.delegate.default-1.2.2] startup
[6.749s] [ext: omni.index.libs-380600.1777.0] startup
[6.749s] [ext: omni.kit.menu.utils-1.7.7] startup
[6.799s] [ext: omni.kit.graph.editor.core-1.5.3] startup
[6.822s] [ext: omni.index-1.0.1] startup
[6.823s] [ext: omni.hydra.rtx.shadercache.vulkan-1.0.0] startup
[6.826s] [ext: omni.kit.usd.layers-2.2.0] startup
[6.874s] [ext: usdrt.scenegraph-7.5.1] startup
[6.955s] [ext: omni.inspect-1.0.1] startup
[6.958s] [ext: omni.graph.tools-1.79.1] startup
[7.161s] [ext: omni.graph.core-2.181.8] startup
[7.167s] [ext: omni.ujitso.processor.texture-1.0.0] startup
[7.169s] [ext: omni.graph-1.140.2] startup
[7.863s] [ext: omni.volume-0.5.0] startup
[7.874s] [ext: omni.ujitso.client-0.0.0] startup
[7.876s] [ext: omni.graph.scriptnode-1.40.1] startup
[7.879s] [ext: omni.hydra.rtx-1.0.0] startup
2026-06-15 20:31:32 [7,867ms] [Warning] [omni.log] Source: omni.hydra was already registered.
[7.918s] [ext: omni.kit.primitive.mesh-1.0.17] startup
[7.952s] [ext: omni.kit.widget.path_field-2.0.11] startup
[7.961s] [ext: omni.kit.clipboard-1.0.5] startup
[7.964s] [ext: omni.kit.hydra_texture-1.4.0] startup
[7.972s] [ext: omni.kit.stage_template.core-1.1.22] startup
[7.977s] [ext: omni.kit.widget.material_preview-1.0.16] startup
[7.988s] [ext: omni.kit.stage_templates-1.2.6] startup
[7.999s] [ext: omni.kit.widget.browser_bar-2.0.10] startup
[8.006s] [ext: omni.kit.widget.options_menu-1.1.6] startup
[8.024s] [ext: omni.kit.notification_manager-1.0.9] startup
[8.040s] [ext: omni.kit.helper.file_utils-0.1.9] startup
[8.049s] [ext: omni.kit.widget.options_button-1.0.3] startup
[8.053s] [ext: omni.ui.scene-1.11.2] startup
[8.064s] [ext: omni.kit.widget.filebrowser-2.10.52] startup
[8.117s] [ext: omni.kit.widget.context_menu-1.2.4] startup
[8.127s] [ext: omni.activity.core-1.0.1] startup
[8.131s] [ext: omni.convexdecomposition-106.5.7] startup
[8.140s] [ext: omni.kit.window.filepicker-2.11.7] startup
[8.269s] [ext: omni.kvdb-106.5.7] startup
[8.274s] [ext: omni.usdphysics-106.5.7] startup
[8.279s] [ext: omni.physx.foundation-106.5.7] startup
[8.284s] [ext: omni.localcache-106.5.7] startup
[8.288s] [ext: omni.kit.hotkeys.core-1.3.10] startup
[8.291s] [ext: omni.kit.context_menu-1.8.3] startup
[8.309s] [ext: omni.physx.cooking-106.5.7] startup
[8.325s] [ext: omni.kit.window.file_exporter-1.0.31] startup
[8.334s] [ext: omni.kit.widget.filter-1.1.4] startup
[8.340s] [ext: isaacsim.core.deprecation_manager-0.2.2] startup
[8.346s] [ext: omni.physx-106.5.7] startup
[8.378s] [ext: omni.kit.widget.stage-2.11.6] startup
[8.447s] [ext: isaacsim.core.version-2.0.2] startup
[8.452s] [ext: omni.physx.stageupdate-106.5.7] startup
[8.462s] [ext: omni.kit.numpy.common-0.1.2] startup
[8.466s] [ext: omni.graph.image.core-0.6.0] startup
[8.469s] [ext: isaacsim.storage.native-1.0.6] startup
[8.475s] [ext: omni.isaac.dynamic_control-1.3.15] startup
2026-06-15 20:31:33 [8,464ms] [Warning] [omni.isaac.dynamic_control] omni.isaac.dynamic_control is deprecated as of Isaac Sim 4.5. No action is needed from end-users.
[8.489s] [ext: omni.graph.image.nodes-1.3.0] startup
[8.493s] [ext: omni.warp.core-1.5.0] startup
[8.963s] [ext: omni.graph.action_core-1.1.7] startup
[8.970s] [ext: omni.hydra.engine.stats-1.0.3] startup
[8.976s] [ext: isaacsim.core.utils-2.2.8] startup
[8.984s] [ext: omni.graph.nodes-1.162.1] startup
[9.003s] [ext: omni.graph.action_nodes-1.40.1] startup
[9.011s] [ext: omni.kit.widget.viewport-107.0.7] startup
[9.062s] [ext: omni.kit.viewport.registry-104.0.6] startup
[9.068s] [ext: omni.kit.material.library-1.5.15] startup
[9.128s] [ext: omni.graph.action-1.120.0] startup
[9.132s] [ext: omni.physics.tensors-106.5.7] startup
[9.242s] [ext: omni.kit.viewport.window-107.0.8] startup
[9.335s] [ext: omni.kit.widget.settings-1.2.2] startup
[9.353s] [ext: omni.physx.tensors-106.5.7] startup
[9.363s] [ext: omni.kit.viewport.utility-1.0.18] startup
[9.371s] [ext: omni.kit.window.preferences-1.7.0] startup
[9.411s] [ext: isaacsim.core.simulation_manager-0.3.3] startup
[14.151s] [ext: omni.warp-1.5.0] startup
[14.184s] [ext: omni.syntheticdata-0.6.10] startup
2026-06-15 20:31:39 [14,348ms] [Error] [omni.syntheticdata.scripts.extension] SyntheticData extension needs at least a stageFrameHistoryCount of 3
[14.383s] [ext: omni.kit.window.material_graph-1.8.19] startup
[14.774s] [ext: isaacsim.core.prims-0.3.7] startup
[14.963s] [ext: omni.replicator.core-1.11.35] startup
Warp 1.5.0 initialized:
   CUDA Toolkit 11.8, Driver 13.0
   Devices:
     "cpu"      : "x86_64"
     "cuda:0"   : "Tesla T4" (15 GiB, sm_75, mempool enabled)
   Kernel cache:
     /root/.cache/warp/1.5.0
2026-06-15 20:31:40 [15,304ms] [Warning] [omni.replicator.core.scripts.extension] No material configuration file, adding configuration to material settings directly.
[15.335s] [ext: isaacsim.core.api-4.2.16] startup
[15.585s] [ext: isaacsim.core.nodes-2.1.4] startup
[15.637s] [ext: isaacsim.sensors.physics-0.3.5] startup
[15.713s] [ext: isaacsim.g1.obstelem_contact_3c2a-0.1.0] startup
=== OBSTELEM_CONTACT_3C2A STARTUP OK ===
[15.725s] [ext: combo_single-4.5.0] startup
=== RCLPY + 6 PUBLISHERS OK ===
[16.844s] app ready
2026-06-15 20:31:42 [17,147ms] [Warning] [rtx.neuraylib.plugin] [IRAY:RENDER]   1.1   IRAY   rend warn : CUDA device 0 (Tesla T4): ECC is enabled, this will reduce rendering performance (it is strongly recommended to disable ECC with iray)
2026-06-15 20:31:42 [17,157ms] [Warning] [rtx.scenedb.plugin] SceneDbContext : TLAS limit buffer size 2921508224
2026-06-15 20:31:42 [17,157ms] [Warning] [rtx.scenedb.plugin] SceneDbContext : TLAS limit : valid true, within: false
2026-06-15 20:31:42 [17,399ms] [Warning] [omni.usd-abi.plugin] No setting was found for '/rtx-defaults-transient/meshlights/forceDisable'
2026-06-15 20:31:53 [29,096ms] [Warning] [isaacsim.sensors.physics.scripts.imu_sensor] Creating a new IMU prim at path /World/G1/torso_link/imu_sensor
2026-06-15 20:31:54 [29,350ms] [Warning] [omni.physx.plugin] Detected an articulation at /World/G1 with more than 4 velocity iterations being added to a TGS scene.The related behavior changed recently, please consult the changelog. This warning will only print once.
=== P4F BASELINE P2+z0.72 orient[1,0,0,0] (sin PD custom, drives fabrica activos) ===
=== G1 + IMU + CONTACTS READY === num_dof: 37
=== G1 AT REST (150 steps) ===
2026-06-15 20:31:55 [30,801ms] [Warning] [isaacsim.sensors.physics.plugin] *** warning: get_contact_sensor_raw_data is deprecated and will replaced in the next release
=== PUBLISHED 50 (js+pose+vel+imu+contactLR) z=0.7322 W=0.998 L=True R=True ===
=== PUBLISHED 100 (js+pose+vel+imu+contactLR) z=0.7317 W=0.995 L=True R=True ===
=== PUBLISHED 150 (js+pose+vel+imu+contactLR) z=0.7322 W=0.994 L=True R=True ===
=== PUBLISHED 200 (js+pose+vel+imu+contactLR) z=0.732 W=0.988 L=True R=True ===
=== PUBLISHED 250 (js+pose+vel+imu+contactLR) z=0.732 W=0.987 L=True R=True ===
=== PUBLISHED 300 (js+pose+vel+imu+contactLR) z=0.7319 W=0.986 L=True R=True ===
=== PUBLISHED 350 (js+pose+vel+imu+contactLR) z=0.7321 W=0.977 L=True R=True ===
=== PUBLISHED 400 (js+pose+vel+imu+contactLR) z=0.7317 W=0.977 L=True R=True ===
=== PUBLISHED 450 (js+pose+vel+imu+contactLR) z=0.7321 W=0.972 L=True R=True ===
=== PUBLISHED 500 (js+pose+vel+imu+contactLR) z=0.7322 W=0.968 L=True R=True ===
=== PUBLISHED 550 (js+pose+vel+imu+contactLR) z=0.732 W=0.956 L=True R=True ===
