[INFO] [1781555515.579499259] [cross_consistency_observer]: cross_consistency_observer skeleton iniciado. Suscrito a /imu, /joint_states, /g1/contact/left, /g1/contact/right. Lógica real de coherencia TBD — pending SDK G1.
[INFO] [1781555516.537832506] [cross_consistency_observer]: [3C2a SNAPSHOT] imu_wxyz: NONE | left: NONE | right: NONE
[INFO] [1781555517.538683246] [cross_consistency_observer]: [3C2a SNAPSHOT] imu_wxyz: w=1.000 x=-0.000 y=0.002 z=-0.024 age=0.12s | left: in=True f=283.624 n=1 age=0.12s | right: in=True f=126.462 n=1 age=0.12s
[INFO] [1781555518.538042559] [cross_consistency_observer]: [3C2a SNAPSHOT] imu_wxyz: w=0.999 x=-0.000 y=0.002 z=-0.054 age=0.05s | left: in=True f=146.817 n=1 age=0.05s | right: in=True f=80.895 n=1 age=0.04s
[INFO] [1781555519.537616921] [cross_consistency_observer]: [3C2a SNAPSHOT] imu_wxyz: w=0.998 x=-0.000 y=0.001 z=-0.068 age=0.08s | left: in=True f=230.503 n=1 age=0.08s | right: in=True f=115.510 n=1 age=0.08s
[INFO] [1781555520.538039950] [cross_consistency_observer]: [3C2a SNAPSHOT] imu_wxyz: w=0.997 x=-0.000 y=0.001 z=-0.071 age=0.11s | left: in=True f=110.390 n=1 age=0.11s | right: in=True f=121.157 n=1 age=0.11s
[INFO] [1781555521.537421378] [cross_consistency_observer]: [3C2a SNAPSHOT] imu_wxyz: w=0.998 x=0.000 y=0.000 z=-0.069 age=0.01s | left: in=True f=47.019 n=1 age=0.01s | right: in=True f=130.534 n=1 age=0.01s
[INFO] [1781555522.538006710] [cross_consistency_observer]: [3C2a SNAPSHOT] imu_wxyz: w=0.998 x=0.000 y=0.001 z=-0.070 age=0.04s | left: in=True f=97.126 n=1 age=0.04s | right: in=True f=221.658 n=1 age=0.04s
[INFO] [1781555523.538089651] [cross_consistency_observer]: [3C2a SNAPSHOT] imu_wxyz: w=0.997 x=0.000 y=0.001 z=-0.073 age=0.06s | left: in=True f=69.922 n=1 age=0.06s | right: in=True f=257.763 n=1 age=0.06s
[INFO] [1781555524.538083348] [cross_consistency_observer]: [3C2a SNAPSHOT] imu_wxyz: w=0.997 x=-0.000 y=0.001 z=-0.072 age=0.08s | left: in=True f=206.490 n=1 age=0.08s | right: in=True f=155.904 n=1 age=0.08s
[INFO] [1781555525.537875353] [cross_consistency_observer]: [3C2a SNAPSHOT] imu_wxyz: w=0.997 x=0.000 y=-0.000 z=-0.078 age=0.12s | left: in=True f=49.406 n=1 age=0.12s | right: in=True f=219.967 n=1 age=0.12s
[INFO] [1781555526.538147617] [cross_consistency_observer]: [3C2a SNAPSHOT] imu_wxyz: w=0.997 x=-0.000 y=0.001 z=-0.083 age=0.03s | left: in=True f=212.721 n=1 age=0.03s | right: in=True f=119.044 n=1 age=0.03s
[INFO] [1781555527.538172019] [cross_consistency_observer]: [3C2a SNAPSHOT] imu_wxyz: w=0.995 x=0.002 y=0.003 z=-0.095 age=0.06s | left: in=True f=0.000 n=1 age=0.06s | right: in=True f=214.989 n=1 age=0.06s
[INFO] [1781555528.538230894] [cross_consistency_observer]: [3C2a SNAPSHOT] imu_wxyz: w=0.995 x=-0.000 y=0.000 z=-0.101 age=0.09s | left: in=True f=198.287 n=1 age=0.09s | right: in=True f=80.885 n=1 age=0.09s
[INFO] [1781555529.539092410] [cross_consistency_observer]: [3C2a SNAPSHOT] imu_wxyz: w=0.995 x=-0.000 y=0.001 z=-0.103 age=0.00s | left: in=True f=197.100 n=1 age=0.00s | right: in=True f=321.018 n=1 age=0.12s
[INFO] [1781555530.537552122] [cross_consistency_observer]: [3C2a SNAPSHOT] imu_wxyz: w=0.995 x=0.000 y=0.001 z=-0.103 age=0.03s | left: in=True f=245.566 n=1 age=0.03s | right: in=True f=242.758 n=1 age=0.03s
[INFO] [1781555531.538348992] [cross_consistency_observer]: [3C2a SNAPSHOT] imu_wxyz: w=0.994 x=-0.000 y=0.001 z=-0.106 age=0.05s | left: in=True f=200.237 n=1 age=0.05s | right: in=True f=78.099 n=1 age=0.05s
[INFO] [1781555532.540943847] [cross_consistency_observer]: [3C2a SNAPSHOT] imu_wxyz: w=0.994 x=0.000 y=0.000 z=-0.107 age=0.09s | left: in=True f=118.355 n=1 age=0.09s | right: in=True f=70.335 n=1 age=0.09s
[INFO] [1781555533.537625130] [cross_consistency_observer]: [3C2a SNAPSHOT] imu_wxyz: w=0.994 x=-0.000 y=0.001 z=-0.105 age=0.12s | left: in=True f=199.576 n=1 age=0.12s | right: in=True f=97.073 n=1 age=0.12s
[INFO] [1781555534.538004407] [cross_consistency_observer]: [3C2a SNAPSHOT] imu_wxyz: w=0.994 x=0.000 y=0.001 z=-0.112 age=0.03s | left: in=True f=186.028 n=1 age=0.03s | right: in=True f=130.609 n=1 age=0.03s
[INFO] [1781555535.538069300] [cross_consistency_observer]: [3C2a SNAPSHOT] imu_wxyz: w=0.993 x=-0.000 y=0.003 z=-0.116 age=0.06s | left: in=True f=307.945 n=1 age=0.06s | right: in=True f=281.953 n=1 age=0.06s
[INFO] [1781555536.537766854] [cross_consistency_observer]: [3C2a SNAPSHOT] imu_wxyz: w=0.990 x=-0.000 y=0.001 z=-0.139 age=0.09s | left: in=True f=150.501 n=1 age=0.09s | right: in=True f=68.721 n=1 age=0.09s
[INFO] [1781555537.538079188] [cross_consistency_observer]: [3C2a SNAPSHOT] imu_wxyz: w=0.989 x=0.000 y=0.002 z=-0.147 age=0.12s | left: in=True f=148.315 n=1 age=0.12s | right: in=True f=165.028 n=1 age=0.12s
[INFO] [1781555538.537761955] [cross_consistency_observer]: [3C2a SNAPSHOT] imu_wxyz: w=0.988 x=0.000 y=0.001 z=-0.155 age=0.02s | left: in=True f=86.488 n=1 age=0.02s | right: in=True f=95.807 n=1 age=0.02s
