[INFO] [1781556417.548047635] [cross_consistency_observer]: cross_consistency_observer skeleton iniciado. Suscrito a /imu, /joint_states, /g1/contact/left, /g1/contact/right. Lógica real de coherencia TBD — pending SDK G1.
[INFO] [1781556418.503341901] [cross_consistency_observer]: [3C2a SNAPSHOT] imu_wxyz: w=0.998 x=0.000 y=0.002 z=-0.069 age=0.06s | left: in=True f=142.113 n=1 age=0.05s | right: in=True f=147.753 n=1 age=0.05s
[INFO] [1781556419.503382317] [cross_consistency_observer]: [3C2a SNAPSHOT] imu_wxyz: w=0.998 x=0.000 y=0.001 z=-0.070 age=0.09s | left: in=True f=175.708 n=1 age=0.09s | right: in=True f=159.432 n=1 age=0.09s
[INFO] [1781556420.503273701] [cross_consistency_observer]: [3C2a SNAPSHOT] imu_wxyz: w=0.997 x=-0.000 y=0.001 z=-0.073 age=0.01s | left: in=True f=209.307 n=1 age=0.01s | right: in=True f=89.461 n=1 age=0.01s
[INFO] [1781556421.503116475] [cross_consistency_observer]: [3C2a SNAPSHOT] imu_wxyz: w=0.997 x=0.000 y=0.001 z=-0.072 age=0.03s | left: in=True f=119.797 n=1 age=0.03s | right: in=True f=97.352 n=1 age=0.03s
[INFO] [1781556422.503054254] [cross_consistency_observer]: [3C2a SNAPSHOT] imu_wxyz: w=0.997 x=-0.001 y=0.002 z=-0.078 age=0.05s | left: in=True f=312.307 n=1 age=0.05s | right: in=True f=120.446 n=1 age=0.05s
[INFO] [1781556423.503140436] [cross_consistency_observer]: [3C2a SNAPSHOT] imu_wxyz: w=0.997 x=0.000 y=0.000 z=-0.083 age=0.07s | left: in=True f=150.973 n=1 age=0.07s | right: in=True f=152.305 n=1 age=0.07s
[INFO] [1781556424.503495460] [cross_consistency_observer]: [3C2a SNAPSHOT] imu_wxyz: w=0.996 x=0.001 y=0.004 z=-0.095 age=0.09s | left: in=True f=24.136 n=1 age=0.09s | right: in=True f=218.566 n=1 age=0.09s
[INFO] [1781556425.503387571] [cross_consistency_observer]: [3C2a SNAPSHOT] imu_wxyz: w=0.995 x=-0.000 y=0.000 z=-0.101 age=0.12s | left: in=True f=148.241 n=1 age=0.12s | right: in=True f=122.522 n=1 age=0.12s
[INFO] [1781556426.504428786] [cross_consistency_observer]: [3C2a SNAPSHOT] imu_wxyz: w=0.995 x=-0.001 y=0.002 z=-0.103 age=0.03s | left: in=True f=203.062 n=1 age=0.03s | right: in=True f=88.908 n=1 age=0.03s
[INFO] [1781556427.503517866] [cross_consistency_observer]: [3C2a SNAPSHOT] imu_wxyz: w=0.995 x=0.000 y=-0.000 z=-0.103 age=0.05s | left: in=True f=120.173 n=1 age=0.05s | right: in=True f=260.221 n=1 age=0.05s
[INFO] [1781556428.503961959] [cross_consistency_observer]: [3C2a SNAPSHOT] imu_wxyz: w=0.994 x=-0.000 y=0.001 z=-0.106 age=0.07s | left: in=True f=183.342 n=1 age=0.07s | right: in=True f=149.320 n=1 age=0.07s
[INFO] [1781556429.503022637] [cross_consistency_observer]: [3C2a SNAPSHOT] imu_wxyz: w=0.994 x=0.000 y=0.000 z=-0.107 age=0.09s | left: in=True f=124.689 n=1 age=0.09s | right: in=True f=252.493 n=1 age=0.09s
[INFO] [1781556430.503123931] [cross_consistency_observer]: [3C2a SNAPSHOT] imu_wxyz: w=0.995 x=0.000 y=0.001 z=-0.104 age=0.00s | left: in=True f=104.885 n=1 age=0.00s | right: in=True f=148.354 n=1 age=0.00s
[INFO] [1781556431.502835983] [cross_consistency_observer]: [3C2a SNAPSHOT] imu_wxyz: w=0.994 x=-0.000 y=0.000 z=-0.112 age=0.01s | left: in=True f=127.736 n=1 age=0.01s | right: in=True f=212.068 n=1 age=0.01s
[INFO] [1781556432.503160408] [cross_consistency_observer]: [3C2a SNAPSHOT] imu_wxyz: w=0.993 x=-0.000 y=0.001 z=-0.117 age=0.04s | left: in=True f=253.755 n=1 age=0.04s | right: in=True f=237.490 n=1 age=0.04s
[INFO] [1781556433.503444199] [cross_consistency_observer]: [3C2a SNAPSHOT] imu_wxyz: w=0.990 x=0.000 y=0.001 z=-0.139 age=0.06s | left: in=True f=237.171 n=1 age=0.06s | right: in=True f=104.180 n=1 age=0.06s
[INFO] [1781556434.503172811] [cross_consistency_observer]: [3C2a SNAPSHOT] imu_wxyz: w=0.989 x=0.000 y=0.002 z=-0.147 age=0.09s | left: in=True f=129.894 n=1 age=0.09s | right: in=True f=133.866 n=1 age=0.09s
[INFO] [1781556435.503933396] [cross_consistency_observer]: [3C2a SNAPSHOT] imu_wxyz: w=0.988 x=0.000 y=0.003 z=-0.155 age=0.00s | left: in=True f=149.508 n=1 age=0.00s | right: in=True f=175.593 n=1 age=0.00s
[INFO] [1781556436.503131414] [cross_consistency_observer]: [3C2a SNAPSHOT] imu_wxyz: w=0.988 x=0.000 y=-0.000 z=-0.157 age=0.03s | left: in=True f=132.975 n=1 age=0.03s | right: in=True f=145.209 n=1 age=0.03s
[INFO] [1781556437.503371371] [cross_consistency_observer]: [3C2a SNAPSHOT] imu_wxyz: w=0.988 x=-0.000 y=0.000 z=-0.156 age=0.06s | left: in=True f=201.054 n=1 age=0.06s | right: in=True f=48.382 n=1 age=0.06s
[INFO] [1781556438.503495999] [cross_consistency_observer]: [3C2a SNAPSHOT] imu_wxyz: w=0.986 x=0.000 y=0.001 z=-0.170 age=0.09s | left: in=True f=124.681 n=1 age=0.09s | right: in=True f=155.436 n=1 age=0.09s
[INFO] [1781556439.503658590] [cross_consistency_observer]: [3C2a SNAPSHOT] imu_wxyz: w=0.986 x=-0.000 y=0.001 z=-0.169 age=0.12s | left: in=True f=134.860 n=1 age=0.12s | right: in=True f=105.671 n=1 age=0.12s
[INFO] [1781556440.502993120] [cross_consistency_observer]: [3C2a SNAPSHOT] imu_wxyz: w=0.985 x=0.001 y=0.002 z=-0.170 age=0.02s | left: in=True f=141.438 n=1 age=0.02s | right: in=True f=152.908 n=1 age=0.02s
[INFO] [1781556441.503386674] [cross_consistency_observer]: [3C2a SNAPSHOT] imu_wxyz: w=0.987 x=0.000 y=0.000 z=-0.164 age=0.05s | left: in=True f=87.692 n=1 age=0.05s | right: in=True f=123.564 n=1 age=0.05s
[INFO] [1781556442.503252403] [cross_consistency_observer]: [3C2a SNAPSHOT] imu_wxyz: w=0.986 x=0.001 y=0.005 z=-0.168 age=0.08s | left: in=True f=311.543 n=1 age=0.08s | right: in=True f=253.750 n=1 age=0.08s
[INFO] [1781556443.503614600] [cross_consistency_observer]: [3C2a SNAPSHOT] imu_wxyz: w=0.986 x=-0.000 y=0.001 z=-0.164 age=0.11s | left: in=True f=218.263 n=1 age=0.11s | right: in=True f=31.328 n=1 age=0.11s
[INFO] [1781556444.503550482] [cross_consistency_observer]: [3C2a SNAPSHOT] imu_wxyz: w=0.986 x=0.000 y=0.002 z=-0.165 age=0.01s | left: in=True f=210.620 n=1 age=0.01s | right: in=True f=190.462 n=1 age=0.01s
[INFO] [1781556445.503649154] [cross_consistency_observer]: [3C2a SNAPSHOT] imu_wxyz: w=0.986 x=-0.000 y=0.001 z=-0.166 age=0.04s | left: in=True f=304.032 n=1 age=0.04s | right: in=True f=29.808 n=1 age=0.04s
[INFO] [1781556446.503344651] [cross_consistency_observer]: [3C2a SNAPSHOT] imu_wxyz: w=0.986 x=-0.000 y=0.000 z=-0.167 age=0.07s | left: in=True f=126.813 n=1 age=0.07s | right: in=True f=186.749 n=1 age=0.07s
[INFO] [1781556447.503812018] [cross_consistency_observer]: [3C2a SNAPSHOT] imu_wxyz: w=0.986 x=0.000 y=0.001 z=-0.168 age=0.10s | left: in=True f=55.774 n=1 age=0.10s | right: in=True f=278.621 n=1 age=0.10s
[INFO] [1781556448.503266126] [cross_consistency_observer]: [3C2a SNAPSHOT] imu_wxyz: w=0.986 x=-0.000 y=0.001 z=-0.167 age=0.01s | left: in=True f=177.156 n=1 age=0.01s | right: in=True f=197.484 n=1 age=0.01s
[INFO] [1781556449.503278590] [cross_consistency_observer]: [3C2a SNAPSHOT] imu_wxyz: w=0.985 x=0.000 y=0.001 z=-0.173 age=0.04s | left: in=True f=118.162 n=1 age=0.04s | right: in=True f=202.219 n=1 age=0.04s
[INFO] [1781556450.503563405] [cross_consistency_observer]: [3C2a SNAPSHOT] imu_wxyz: w=0.984 x=0.000 y=0.001 z=-0.179 age=0.06s | left: in=True f=134.190 n=1 age=0.06s | right: in=True f=219.450 n=1 age=0.06s
[INFO] [1781556451.503618622] [cross_consistency_observer]: [3C2a SNAPSHOT] imu_wxyz: w=0.983 x=-0.000 y=0.001 z=-0.185 age=0.09s | left: in=True f=137.597 n=1 age=0.09s | right: in=True f=139.253 n=1 age=0.09s
[INFO] [1781556452.504135352] [cross_consistency_observer]: [3C2a SNAPSHOT] imu_wxyz: w=0.982 x=0.000 y=0.001 z=-0.188 age=0.11s | left: in=True f=110.024 n=1 age=0.11s | right: in=True f=169.612 n=1 age=0.11s
[INFO] [1781556453.503498197] [cross_consistency_observer]: [3C2a SNAPSHOT] imu_wxyz: w=0.979 x=-0.000 y=-0.000 z=-0.203 age=0.02s | left: in=True f=222.693 n=1 age=0.02s | right: in=True f=79.022 n=1 age=0.02s
[INFO] [1781556454.503821401] [cross_consistency_observer]: [3C2a SNAPSHOT] imu_wxyz: w=0.977 x=0.001 y=0.002 z=-0.213 age=0.04s | left: in=True f=45.158 n=1 age=0.04s | right: in=True f=202.809 n=1 age=0.04s
[INFO] [1781556455.503224498] [cross_consistency_observer]: [3C2a SNAPSHOT] imu_wxyz: w=0.977 x=-0.000 y=0.002 z=-0.213 age=0.07s | left: in=True f=211.381 n=1 age=0.07s | right: in=True f=153.825 n=1 age=0.07s
[INFO] [1781556456.503396509] [cross_consistency_observer]: [3C2a SNAPSHOT] imu_wxyz: w=0.976 x=-0.000 y=0.001 z=-0.216 age=0.10s | left: in=True f=187.823 n=1 age=0.10s | right: in=True f=139.096 n=1 age=0.10s
[INFO] [1781556457.503344123] [cross_consistency_observer]: [3C2a SNAPSHOT] imu_wxyz: w=0.976 x=0.001 y=0.001 z=-0.220 age=0.01s | left: in=True f=28.384 n=1 age=0.01s | right: in=True f=171.673 n=1 age=0.01s
[INFO] [1781556458.503662568] [cross_consistency_observer]: [3C2a SNAPSHOT] imu_wxyz: w=0.976 x=0.000 y=0.001 z=-0.220 age=0.04s | left: in=True f=227.657 n=1 age=0.04s | right: in=True f=105.332 n=1 age=0.04s
[INFO] [1781556459.503259747] [cross_consistency_observer]: [3C2a SNAPSHOT] imu_wxyz: w=0.976 x=-0.001 y=0.001 z=-0.219 age=0.07s | left: in=True f=411.793 n=1 age=0.07s | right: in=True f=16.475 n=1 age=0.07s
[INFO] [1781556460.503601277] [cross_consistency_observer]: [3C2a SNAPSHOT] imu_wxyz: w=0.977 x=0.000 y=0.001 z=-0.212 age=0.09s | left: in=True f=185.967 n=1 age=0.09s | right: in=True f=126.208 n=1 age=0.09s
[INFO] [1781556461.502871761] [cross_consistency_observer]: [3C2a SNAPSHOT] imu_wxyz: w=0.973 x=0.001 y=0.003 z=-0.232 age=0.00s | left: in=True f=89.422 n=1 age=0.00s | right: in=True f=102.729 n=1 age=0.00s
[INFO] [1781556462.503457307] [cross_consistency_observer]: [3C2a SNAPSHOT] imu_wxyz: w=0.973 x=-0.001 y=0.001 z=-0.229 age=0.04s | left: in=True f=114.483 n=1 age=0.03s | right: in=True f=236.719 n=1 age=0.03s
[INFO] [1781556463.503418860] [cross_consistency_observer]: [3C2a SNAPSHOT] imu_wxyz: w=0.973 x=0.000 y=0.001 z=-0.232 age=0.07s | left: in=True f=129.563 n=1 age=0.07s | right: in=True f=176.327 n=1 age=0.07s
[INFO] [1781556464.503657572] [cross_consistency_observer]: [3C2a SNAPSHOT] imu_wxyz: w=0.971 x=0.000 y=0.000 z=-0.239 age=0.09s | left: in=True f=125.774 n=1 age=0.09s | right: in=True f=114.151 n=1 age=0.09s
[INFO] [1781556465.502862266] [cross_consistency_observer]: [3C2a SNAPSHOT] imu_wxyz: w=0.971 x=0.000 y=0.000 z=-0.239 age=0.01s | left: in=True f=193.097 n=1 age=0.01s | right: in=True f=250.961 n=1 age=0.00s
[INFO] [1781556466.503321299] [cross_consistency_observer]: [3C2a SNAPSHOT] imu_wxyz: w=0.971 x=0.001 y=0.002 z=-0.239 age=0.02s | left: in=True f=210.876 n=1 age=0.02s | right: in=True f=243.741 n=1 age=0.02s
[INFO] [1781556467.503036947] [cross_consistency_observer]: [3C2a SNAPSHOT] imu_wxyz: w=0.924 x=0.383 y=-0.000 z=-0.000 age=0.05s | left: in=False f=0.000 n=0 age=0.05s | right: in=False f=0.000 n=0 age=0.05s
[INFO] [1781556468.503270918] [cross_consistency_observer]: [3C2a SNAPSHOT] imu_wxyz: w=0.668 x=0.705 y=0.078 z=-0.223 age=0.09s | left: in=False f=0.000 n=0 age=0.09s | right: in=True f=0.000 n=1 age=0.09s
[INFO] [1781556469.503450600] [cross_consistency_observer]: [3C2a SNAPSHOT] imu_wxyz: w=0.718 x=0.689 y=-0.073 z=-0.069 age=0.12s | left: in=False f=0.000 n=0 age=0.12s | right: in=True f=91.079 n=1 age=0.12s
[INFO] [1781556470.503399658] [cross_consistency_observer]: [3C2a SNAPSHOT] imu_wxyz: w=0.714 x=0.692 y=-0.052 z=-0.089 age=0.02s | left: in=False f=0.000 n=0 age=0.02s | right: in=True f=89.344 n=1 age=0.02s
[INFO] [1781556471.503001506] [cross_consistency_observer]: [3C2a SNAPSHOT] imu_wxyz: w=0.714 x=0.692 y=-0.052 z=-0.089 age=0.05s | left: in=False f=0.000 n=0 age=0.05s | right: in=True f=88.018 n=1 age=0.05s
[INFO] [1781556472.503202168] [cross_consistency_observer]: [3C2a SNAPSHOT] imu_wxyz: w=0.714 x=0.692 y=-0.052 z=-0.089 age=0.08s | left: in=False f=0.000 n=0 age=0.08s | right: in=True f=88.502 n=1 age=0.08s
[INFO] [1781556473.503237285] [cross_consistency_observer]: [3C2a SNAPSHOT] imu_wxyz: w=0.714 x=0.692 y=-0.052 z=-0.089 age=0.11s | left: in=False f=0.000 n=0 age=0.11s | right: in=True f=88.595 n=1 age=0.11s
[INFO] [1781556474.503669853] [cross_consistency_observer]: [3C2a SNAPSHOT] imu_wxyz: w=0.714 x=0.692 y=-0.052 z=-0.089 age=0.01s | left: in=False f=0.000 n=0 age=0.01s | right: in=True f=88.522 n=1 age=0.01s
[INFO] [1781556475.503071966] [cross_consistency_observer]: [3C2a SNAPSHOT] imu_wxyz: w=0.714 x=0.692 y=-0.052 z=-0.089 age=0.04s | left: in=False f=0.000 n=0 age=0.04s | right: in=True f=88.731 n=1 age=0.04s
[INFO] [1781556476.503350517] [cross_consistency_observer]: [3C2a SNAPSHOT] imu_wxyz: w=0.714 x=0.692 y=-0.052 z=-0.089 age=0.05s | left: in=False f=0.000 n=0 age=0.05s | right: in=True f=88.458 n=1 age=0.05s
[INFO] [1781556477.503214568] [cross_consistency_observer]: [3C2a SNAPSHOT] imu_wxyz: w=0.714 x=0.692 y=-0.052 z=-0.089 age=0.07s | left: in=False f=0.000 n=0 age=0.07s | right: in=True f=88.320 n=1 age=0.07s
[INFO] [1781556478.503390902] [cross_consistency_observer]: [3C2a SNAPSHOT] imu_wxyz: w=0.714 x=0.692 y=-0.052 z=-0.089 age=0.10s | left: in=False f=0.000 n=0 age=0.10s | right: in=True f=88.265 n=1 age=0.10s
[INFO] [1781556479.503713532] [cross_consistency_observer]: [3C2a SNAPSHOT] imu_wxyz: w=0.714 x=0.692 y=-0.052 z=-0.089 age=0.12s | left: in=False f=0.000 n=0 age=0.12s | right: in=True f=88.505 n=1 age=0.12s
[INFO] [1781556480.503715947] [cross_consistency_observer]: [3C2a SNAPSHOT] imu_wxyz: w=0.714 x=0.692 y=-0.052 z=-0.089 age=0.02s | left: in=False f=0.000 n=0 age=0.02s | right: in=True f=88.505 n=1 age=0.02s
[INFO] [1781556481.503439475] [cross_consistency_observer]: [3C2a SNAPSHOT] imu_wxyz: w=0.714 x=0.692 y=-0.052 z=-0.089 age=0.90s | left: in=False f=0.000 n=0 age=0.89s | right: in=True f=88.822 n=1 age=0.89s
