[Info] [carb] Logging to file: /root/.nvidia-omniverse/logs/Kit/Isaac-Sim Minimal Loop Python/4.5/kit_20260615_204100.log
[0.985s] [ext: omni.kit.async_engine-0.0.1] startup
[2.047s] [ext: omni.metrics.core-0.0.1] startup
[2.047s] [ext: omni.client.lib-1.0.0] startup
[2.107s] [ext: omni.blobkey-1.1.2] startup
[2.107s] [ext: omni.stats-1.0.1] startup
[2.109s] [ext: omni.datastore-0.0.0] startup
[2.119s] [ext: omni.client-1.2.2] startup
[2.128s] [ext: omni.ujitso.default-1.0.0] startup
[2.131s] [ext: omni.hsscclient-1.1.1] startup
2026-06-15 20:41:03 [2,116ms] [Warning] [omni.datastore] OmniHub is inaccessible
[2.137s] [ext: omni.gpu_foundation.shadercache.vulkan-1.0.0] startup
[2.153s] [ext: omni.assets.plugins-0.0.0] startup
[2.155s] [ext: omni.gpu_foundation-0.0.0] startup
[2.168s] [ext: carb.windowing.plugins-1.0.0] startup
2026-06-15 20:41:03 [2,152ms] [Warning] [carb.windowing-glfw.plugin] GLFW initialization failed.
2026-06-15 20:41:03 [2,152ms] [Warning] [carb] Failed to startup plugin carb.windowing-glfw.plugin (interfaces: [carb::windowing::IGLContext v1.0],[carb::windowing::IWindowing v1.5]) (impl: carb.windowing-glfw.plugin)
[2.169s] [ext: omni.kit.renderer.init-0.0.0] startup
2026-06-15 20:41:03 [2,186ms] [Warning] [omni.platforminfo.plugin] failed to open the default display.  Can't verify X Server version.

|---------------------------------------------------------------------------------------------|
| Driver Version: 580.159.03    | Graphics API: Vulkan
|=============================================================================================|
| GPU | Name                             | Active | LDA | GPU Memory | Vendor-ID | LUID       |
|     |                                  |        |     |            | Device-ID | UUID       |
|     |                                  |        |     |            | Bus-ID    |            |
|---------------------------------------------------------------------------------------------|
| 0   | Tesla T4                         | Yes: 0 |     | 15606   MB | 10de      | 0          |
|     |                                  |        |     |            | 1eb8      | ddfd322a.. |
|     |                                  |        |     |            | 0         |            |
|=============================================================================================|
| OS: 22.04.5 LTS (Jammy Jellyfish) ubuntu, Version: 22.04.5, Kernel: 5.15.0-181-generic
| Processor: Intel(R) Xeon(R) Gold 6152 CPU @ 2.10GHz
| Cores: 2 | Logical Cores: 4
|---------------------------------------------------------------------------------------------|
| Total Memory (MB): 32092 | Free Memory: 30394
| Total Page/Swap (MB): 0 | Free Page/Swap: 0
|---------------------------------------------------------------------------------------------|
2026-06-15 20:41:05 [4,585ms] [Warning] [gpu.foundation.plugin] ECC is enabled on physical device 0
[4.897s] [ext: omni.kit.pipapi-0.0.0] startup
[4.905s] [ext: omni.kit.pip_archive-0.0.0] startup
[4.906s] [ext: omni.pip.compute-1.4.5] startup
[4.907s] [ext: omni.materialx.libs-1.0.6] startup
[4.923s] [ext: omni.pip.cloud-1.1.7] startup
[4.948s] [ext: omni.isaac.core_archive-2.3.3] startup
[4.949s] [ext: omni.usd.config-1.0.5] startup
[4.959s] [ext: omni.gpucompute.plugins-0.0.0] startup
[4.960s] [ext: omni.usd.libs-1.0.1] startup
[5.098s] [ext: omni.kit.loop-isaac-1.2.1] startup
[5.100s] [ext: omni.kit.test-1.1.2] startup
[5.571s] [ext: omni.mdl-55.0.1] startup
[5.859s] [ext: omni.iray.libs-0.0.0] startup
[5.868s] [ext: omni.mdl.neuraylib-0.2.10] startup
[5.876s] [ext: omni.kit.usd.mdl-1.0.7] startup
[6.099s] [ext: omni.isaac.ml_archive-2.1.2] startup
[6.100s] [ext: omni.usd.schema.anim-0.0.0] startup
[6.144s] [ext: isaacsim.robot.schema-3.1.2] startup
[6.159s] [ext: omni.usd.schema.geospatial-0.0.0] startup
[6.164s] [ext: omni.usd.schema.audio-0.0.0] startup
[6.171s] [ext: omni.usd.schema.omnigraph-1.0.0] startup
[6.183s] [ext: omni.usd.schema.physx-106.5.7] startup
[6.235s] [ext: omni.usd.schema.semantics-0.0.0] startup
[6.240s] [ext: omni.appwindow-1.1.9] startup
2026-06-15 20:41:07 [6,225ms] [Warning] [carb.windowing-glfw.plugin] GLFW initialization failed.
2026-06-15 20:41:07 [6,225ms] [Warning] [carb] Failed to startup plugin carb.windowing-glfw.plugin (interfaces: [carb::windowing::IGLContext v1.0],[carb::windowing::IWindowing v1.5]) (impl: carb.windowing-glfw.plugin)
[6.245s] [ext: omni.kit.renderer.core-1.0.2] startup
2026-06-15 20:41:07 [6,248ms] [Warning] [carb.windowing-glfw.plugin] GLFW initialization failed.
2026-06-15 20:41:07 [6,248ms] [Warning] [carb] Failed to startup plugin carb.windowing-glfw.plugin (interfaces: [carb::windowing::IGLContext v1.0],[carb::windowing::IWindowing v1.5]) (impl: carb.windowing-glfw.plugin)
2026-06-15 20:41:07 [6,258ms] [Warning] [carb.windowing-glfw.plugin] GLFW initialization failed.
2026-06-15 20:41:07 [6,258ms] [Warning] [carb] Failed to startup plugin carb.windowing-glfw.plugin (interfaces: [carb::windowing::IGLContext v1.0],[carb::windowing::IWindowing v1.5]) (impl: carb.windowing-glfw.plugin)
[6.280s] [ext: omni.kit.renderer.capture-0.0.0] startup
[6.286s] [ext: omni.kit.renderer.imgui-1.0.2] startup
2026-06-15 20:41:07 [6,276ms] [Warning] [carb.windowing-glfw.plugin] GLFW initialization failed.
2026-06-15 20:41:07 [6,276ms] [Warning] [carb] Failed to startup plugin carb.windowing-glfw.plugin (interfaces: [carb::windowing::IGLContext v1.0],[carb::windowing::IWindowing v1.5]) (impl: carb.windowing-glfw.plugin)
2026-06-15 20:41:07 [6,278ms] [Warning] [carb.windowing-glfw.plugin] GLFW initialization failed.
2026-06-15 20:41:07 [6,278ms] [Warning] [carb] Failed to startup plugin carb.windowing-glfw.plugin (interfaces: [carb::windowing::IGLContext v1.0],[carb::windowing::IWindowing v1.5]) (impl: carb.windowing-glfw.plugin)
2026-06-15 20:41:07 [6,280ms] [Warning] [carb.windowing-glfw.plugin] GLFW initialization failed.
2026-06-15 20:41:07 [6,280ms] [Warning] [carb] Failed to startup plugin carb.windowing-glfw.plugin (interfaces: [carb::windowing::IGLContext v1.0],[carb::windowing::IWindowing v1.5]) (impl: carb.windowing-glfw.plugin)
[6.503s] [ext: omni.ui-2.26.5] startup
[6.535s] [ext: omni.kit.actions.core-1.0.0] startup
[6.541s] [ext: omni.kit.window.popup_dialog-2.0.24] startup
[6.557s] [ext: omni.kit.commands-1.4.9] startup
[6.576s] [ext: omni.graph.exec-0.9.4] startup
[6.577s] [ext: carb.audio-0.1.0] startup
[6.600s] [ext: omni.usd_resolver-1.0.0] startup
[6.608s] [ext: omni.kit.usd_undo-0.1.8] startup
[6.611s] [ext: omni.kit.exec.core-0.13.4] startup
[6.615s] [ext: omni.kit.audiodeviceenum-1.0.1] startup
[6.619s] [ext: omni.usd.core-1.4.2] startup
[6.623s] [ext: omni.timeline-1.0.11] startup
[6.627s] [ext: omni.kit.widget.nucleus_connector-1.1.10] startup
[6.644s] [ext: omni.hydra.scene_delegate-0.3.3] startup
[6.651s] [ext: omni.usd-1.12.4] startup
[6.800s] [ext: omni.kit.graph.usd.commands-1.3.1] startup
[6.809s] [ext: omni.kit.widget.graph-1.12.17] startup
[6.868s] [ext: omni.kit.menu.core-1.1.2] startup
[6.873s] [ext: omni.kit.widget.searchfield-1.1.8] startup
[6.882s] [ext: omni.kit.graph.delegate.default-1.2.2] startup
[6.884s] [ext: omni.index.libs-380600.1777.0] startup
[6.884s] [ext: omni.kit.menu.utils-1.7.7] startup
[6.937s] [ext: omni.kit.graph.editor.core-1.5.3] startup
[6.958s] [ext: omni.index-1.0.1] startup
[6.960s] [ext: omni.hydra.rtx.shadercache.vulkan-1.0.0] startup
[6.963s] [ext: omni.kit.usd.layers-2.2.0] startup
[7.014s] [ext: usdrt.scenegraph-7.5.1] startup
[7.095s] [ext: omni.inspect-1.0.1] startup
[7.098s] [ext: omni.graph.tools-1.79.1] startup
[7.322s] [ext: omni.graph.core-2.181.8] startup
[7.328s] [ext: omni.ujitso.processor.texture-1.0.0] startup
[7.330s] [ext: omni.graph-1.140.2] startup
[8.048s] [ext: omni.volume-0.5.0] startup
[8.059s] [ext: omni.ujitso.client-0.0.0] startup
[8.061s] [ext: omni.graph.scriptnode-1.40.1] startup
[8.065s] [ext: omni.hydra.rtx-1.0.0] startup
2026-06-15 20:41:09 [8,061ms] [Warning] [omni.log] Source: omni.hydra was already registered.
[8.105s] [ext: omni.kit.primitive.mesh-1.0.17] startup
[8.141s] [ext: omni.kit.widget.path_field-2.0.11] startup
[8.150s] [ext: omni.kit.clipboard-1.0.5] startup
[8.152s] [ext: omni.kit.hydra_texture-1.4.0] startup
[8.160s] [ext: omni.kit.stage_template.core-1.1.22] startup
[8.166s] [ext: omni.kit.widget.material_preview-1.0.16] startup
[8.177s] [ext: omni.kit.stage_templates-1.2.6] startup
[8.190s] [ext: omni.kit.widget.browser_bar-2.0.10] startup
[8.197s] [ext: omni.kit.widget.options_menu-1.1.6] startup
[8.216s] [ext: omni.kit.notification_manager-1.0.9] startup
[8.232s] [ext: omni.kit.helper.file_utils-0.1.9] startup
[8.242s] [ext: omni.kit.widget.options_button-1.0.3] startup
[8.247s] [ext: omni.ui.scene-1.11.2] startup
[8.258s] [ext: omni.kit.widget.filebrowser-2.10.52] startup
[8.312s] [ext: omni.kit.widget.context_menu-1.2.4] startup
[8.323s] [ext: omni.activity.core-1.0.1] startup
[8.327s] [ext: omni.convexdecomposition-106.5.7] startup
[8.335s] [ext: omni.kit.window.filepicker-2.11.7] startup
[8.462s] [ext: omni.kvdb-106.5.7] startup
[8.468s] [ext: omni.usdphysics-106.5.7] startup
[8.474s] [ext: omni.physx.foundation-106.5.7] startup
[8.479s] [ext: omni.localcache-106.5.7] startup
[8.483s] [ext: omni.kit.hotkeys.core-1.3.10] startup
[8.485s] [ext: omni.kit.context_menu-1.8.3] startup
[8.503s] [ext: omni.physx.cooking-106.5.7] startup
[8.517s] [ext: omni.kit.window.file_exporter-1.0.31] startup
[8.527s] [ext: omni.kit.widget.filter-1.1.4] startup
[8.533s] [ext: isaacsim.core.deprecation_manager-0.2.2] startup
[8.540s] [ext: omni.physx-106.5.7] startup
[8.577s] [ext: omni.kit.widget.stage-2.11.6] startup
[8.663s] [ext: isaacsim.core.version-2.0.2] startup
[8.668s] [ext: omni.physx.stageupdate-106.5.7] startup
[8.678s] [ext: omni.kit.numpy.common-0.1.2] startup
[8.684s] [ext: omni.graph.image.core-0.6.0] startup
[8.686s] [ext: isaacsim.storage.native-1.0.6] startup
[8.694s] [ext: omni.isaac.dynamic_control-1.3.15] startup
2026-06-15 20:41:09 [8,691ms] [Warning] [omni.isaac.dynamic_control] omni.isaac.dynamic_control is deprecated as of Isaac Sim 4.5. No action is needed from end-users.
[8.709s] [ext: omni.graph.image.nodes-1.3.0] startup
[8.712s] [ext: omni.warp.core-1.5.0] startup
[9.208s] [ext: omni.graph.action_core-1.1.7] startup
[9.215s] [ext: omni.hydra.engine.stats-1.0.3] startup
[9.229s] [ext: isaacsim.core.utils-2.2.8] startup
[9.238s] [ext: omni.graph.nodes-1.162.1] startup
[9.257s] [ext: omni.graph.action_nodes-1.40.1] startup
[9.266s] [ext: omni.kit.widget.viewport-107.0.7] startup
[9.314s] [ext: omni.kit.viewport.registry-104.0.6] startup
[9.322s] [ext: omni.kit.material.library-1.5.15] startup
[9.378s] [ext: omni.graph.action-1.120.0] startup
[9.382s] [ext: omni.physics.tensors-106.5.7] startup
[9.500s] [ext: omni.kit.viewport.window-107.0.8] startup
[9.603s] [ext: omni.kit.widget.settings-1.2.2] startup
[9.625s] [ext: omni.physx.tensors-106.5.7] startup
[9.635s] [ext: omni.kit.viewport.utility-1.0.18] startup
[9.645s] [ext: omni.kit.window.preferences-1.7.0] startup
[9.686s] [ext: isaacsim.core.simulation_manager-0.3.3] startup
[14.269s] [ext: omni.warp-1.5.0] startup
[14.308s] [ext: omni.syntheticdata-0.6.10] startup
2026-06-15 20:41:15 [14,444ms] [Error] [omni.syntheticdata.scripts.extension] SyntheticData extension needs at least a stageFrameHistoryCount of 3
[14.472s] [ext: omni.kit.window.material_graph-1.8.19] startup
[14.907s] [ext: isaacsim.core.prims-0.3.7] startup
[15.081s] [ext: omni.replicator.core-1.11.35] startup
Warp 1.5.0 initialized:
   CUDA Toolkit 11.8, Driver 13.0
   Devices:
     "cpu"      : "x86_64"
     "cuda:0"   : "Tesla T4" (15 GiB, sm_75, mempool enabled)
   Kernel cache:
     /root/.cache/warp/1.5.0
2026-06-15 20:41:16 [15,407ms] [Warning] [omni.replicator.core.scripts.extension] No material configuration file, adding configuration to material settings directly.
[15.429s] [ext: isaacsim.core.api-4.2.16] startup
[15.630s] [ext: isaacsim.core.nodes-2.1.4] startup
[15.686s] [ext: isaacsim.sensors.physics-0.3.5] startup
[15.750s] [ext: isaacsim.g1.obstelem_contact_3c2a-0.1.0] startup
=== OBSTELEM_CONTACT_3C2A STARTUP OK ===
[15.769s] [ext: combo_single-4.5.0] startup
=== RCLPY + 6 PUBLISHERS OK ===
[16.932s] app ready
2026-06-15 20:41:18 [17,235ms] [Warning] [rtx.neuraylib.plugin] [IRAY:RENDER]   1.1   IRAY   rend warn : CUDA device 0 (Tesla T4): ECC is enabled, this will reduce rendering performance (it is strongly recommended to disable ECC with iray)
2026-06-15 20:41:18 [17,356ms] [Warning] [rtx.scenedb.plugin] SceneDbContext : TLAS limit buffer size 2921508224
2026-06-15 20:41:18 [17,356ms] [Warning] [rtx.scenedb.plugin] SceneDbContext : TLAS limit : valid true, within: false
2026-06-15 20:41:18 [17,595ms] [Warning] [omni.usd-abi.plugin] No setting was found for '/rtx-defaults-transient/meshlights/forceDisable'
2026-06-15 20:41:31 [30,118ms] [Warning] [isaacsim.sensors.physics.scripts.imu_sensor] Creating a new IMU prim at path /World/G1/torso_link/imu_sensor
2026-06-15 20:41:31 [30,321ms] [Warning] [omni.physx.plugin] Detected an articulation at /World/G1 with more than 4 velocity iterations being added to a TGS scene.The related behavior changed recently, please consult the changelog. This warning will only print once.
=== P4G-API VEL PROBE ===
set_velocities: (velocities: Union[numpy.ndarray, torch.Tensor, warp.types.array, NoneType] = None, indices: Union[numpy.ndarray, list, torch.Tensor, warp.types.array, NoneType] = None) -> None
set_joint_velocities: (velocities: Union[numpy.ndarray, torch.Tensor, warp.types.array, NoneType], indices: Union[numpy.ndarray, List, torch.Tensor, warp.types.array, NoneType] = None, joint_indices: Union[numpy.ndarray, List, torch.Tensor, warp.types.array, NoneType] = None, joint_names: Optional[List[str]] = None) -> None
set_linear_velocities: (velocities: Union[numpy.ndarray, torch.Tensor, warp.types.array, NoneType] = None, indices: Union[numpy.ndarray, list, torch.Tensor, warp.types.array, NoneType] = None) -> None
set_angular_velocities: (velocities: Union[numpy.ndarray, torch.Tensor, warp.types.array, NoneType] = None, indices: Union[numpy.ndarray, list, torch.Tensor, warp.types.array, NoneType] = None) -> None
=== P4G-API END ===
=== G1 + IMU + CONTACTS READY === num_dof: 37
=== G1 AT REST (150 steps) ===
2026-06-15 20:41:32 [31,644ms] [Warning] [isaacsim.sensors.physics.plugin] *** warning: get_contact_sensor_raw_data is deprecated and will replaced in the next release
=== PUBLISHED 50 (js+pose+vel+imu+contactLR) z=0.1618 W=0.671 L=False R=False ===
=== PUBLISHED 100 (js+pose+vel+imu+contactLR) z=0.1618 W=0.672 L=False R=False ===
