[Info] [carb] Logging to file: /root/.nvidia-omniverse/logs/Kit/Isaac-Sim Minimal Loop Python/4.5/kit_20260608_204624.log
[0.811s] [ext: omni.kit.async_engine-0.0.1] startup
[1.750s] [ext: omni.client.lib-1.0.0] startup
[1.805s] [ext: omni.stats-1.0.1] startup
[1.808s] [ext: omni.client-1.2.2] startup
[1.817s] [ext: omni.gpu_foundation.shadercache.vulkan-1.0.0] startup
[1.833s] [ext: omni.assets.plugins-0.0.0] startup
[1.835s] [ext: omni.gpu_foundation-0.0.0] startup
[1.848s] [ext: omni.kit.pipapi-0.0.0] startup
[1.853s] [ext: omni.kit.pip_archive-0.0.0] startup
[1.853s] [ext: omni.pip.compute-1.4.5] startup
[1.854s] [ext: omni.pip.cloud-1.1.7] startup
[1.878s] [ext: omni.isaac.core_archive-2.3.3] startup
[1.879s] [ext: omni.usd.config-1.0.5] startup
2026-06-08 20:46:26 [1,868ms] [Warning] [omni.usd_config.extension] Enable omni.materialx.libs extension to use MaterialX
[1.888s] [ext: omni.gpucompute.plugins-0.0.0] startup
[1.889s] [ext: omni.usd.libs-1.0.1] startup
[2.006s] [ext: omni.isaac.ml_archive-2.1.2] startup
[2.007s] [ext: omni.usd.schema.physx-106.5.7] startup
[2.269s] [ext: omni.usd.schema.semantics-0.0.0] startup
[2.274s] [ext: omni.usd.schema.audio-0.0.0] startup
[2.280s] [ext: carb.audio-0.1.0] startup
[2.300s] [ext: omni.kit.actions.core-1.0.0] startup
[2.304s] [ext: omni.timeline-1.0.11] startup
[2.308s] [ext: omni.kit.commands-1.4.9] startup
[2.358s] [ext: omni.kvdb-106.5.7] startup
[2.362s] [ext: omni.kit.audiodeviceenum-1.0.1] startup
[2.365s] [ext: usdrt.scenegraph-7.5.1] startup
[2.440s] [ext: omni.convexdecomposition-106.5.7] startup
[2.447s] [ext: omni.localcache-106.5.7] startup
[2.451s] [ext: omni.usd_resolver-1.0.0] startup
[2.457s] [ext: omni.physx.foundation-106.5.7] startup
[2.461s] [ext: omni.graph.exec-0.9.4] startup
[2.461s] [ext: omni.usdphysics-106.5.7] startup
[2.465s] [ext: omni.usd.core-1.4.2] startup
[2.468s] [ext: omni.kit.usd_undo-0.1.8] startup
[2.471s] [ext: omni.kit.exec.core-0.13.4] startup
[2.475s] [ext: omni.physx.cooking-106.5.7] startup
[2.487s] [ext: omni.metrics.core-0.0.1] startup
[2.488s] [ext: omni.blobkey-1.1.2] startup
[2.488s] [ext: omni.datastore-0.0.0] startup
[2.498s] [ext: omni.ujitso.default-1.0.0] startup
[2.502s] [ext: omni.hsscclient-1.1.1] startup
2026-06-08 20:46:27 [2,484ms] [Warning] [omni.datastore] OmniHub is inaccessible
2026-06-08 20:46:27 [2,501ms] [Warning] [omni.platforminfo.plugin] failed to open the default display.  Can't verify X Server version.
[2.528s] [ext: omni.usd-1.12.4] startup
[2.682s] [ext: omni.physx-106.5.7] startup
[2.719s] [ext: omni.kit.numpy.common-0.1.2] startup
[3.194s] [ext: omni.kit.usd.layers-2.2.0] startup
[3.241s] [ext: omni.physics.tensors-106.5.7] startup
[3.272s] [ext: omni.physx.stageupdate-106.5.7] startup
[3.279s] [ext: isaacsim.core.deprecation_manager-0.2.2] startup
[3.284s] [ext: omni.isaac.dynamic_control-1.3.15] startup
2026-06-08 20:46:27 [3,273ms] [Warning] [omni.isaac.dynamic_control] omni.isaac.dynamic_control is deprecated as of Isaac Sim 4.5. No action is needed from end-users.
[3.295s] [ext: omni.physx.tensors-106.5.7] startup
[4.901s] [ext: isaacsim.core.version-2.0.2] startup
[4.904s] [ext: omni.warp.core-1.5.0] startup
[5.420s] [ext: isaacsim.storage.native-1.0.6] startup
[5.428s] [ext: omni.kit.stage_template.core-1.1.22] startup
[5.432s] [ext: isaacsim.core.utils-2.2.8] startup
[5.438s] [ext: omni.kit.primitive.mesh-1.0.17] startup
[5.464s] [ext: isaacsim.core.simulation_manager-0.3.3] startup
[9.966s] [ext: omni.kit.stage_templates-1.2.6] startup
[9.974s] [ext: isaacsim.core.prims-0.3.7] startup
[10.160s] [ext: isaacsim.core.api-4.2.16] startup
[10.268s] [ext: omni.kit.loop-isaac-1.2.1] startup
[10.271s] [ext: isaacsim.g1.bridgestep1b-0.1.0] startup
=== STARTUP EXTENSION OK ===
2026-06-08 20:46:34 [10,253ms] [Warning] [isaacsim.g1.bridgestep1b] === STARTUP EXTENSION OK ===
[10.273s] [ext: 4d3b1step-4.5.0] startup
=== RCLPY NODE OK: g1_bridge_node ===
2026-06-08 20:46:35 [10,444ms] [Warning] [isaacsim.g1.bridgestep1b] === RCLPY NODE OK: g1_bridge_node ===
[10.476s] app ready

|---------------------------------------------------------------------------------------------|
| Driver Version: 580.159.03    | Graphics API: Vulkan
|=============================================================================================|
| GPU | Name                             | Active | LDA | GPU Memory | Vendor-ID | LUID       |
|     |                                  |        |     |            | Device-ID | UUID       |
|     |                                  |        |     |            | Bus-ID    |            |
|---------------------------------------------------------------------------------------------|
| 0   | Tesla T4                         | Yes: 0 |     | 15606   MB | 10de      | 0          |
|     |                                  |        |     |            | 1eb8      | ddfd322a.. |
|     |                                  |        |     |            | 0         |            |
|=============================================================================================|
| OS: 22.04.5 LTS (Jammy Jellyfish) ubuntu, Version: 22.04.5, Kernel: 5.15.0-181-generic
| Processor: Intel(R) Xeon(R) Gold 6152 CPU @ 2.10GHz
| Cores: 2 | Logical Cores: 4
|---------------------------------------------------------------------------------------------|
| Total Memory (MB): 32092 | Free Memory: 30276
| Total Page/Swap (MB): 0 | Free Page/Swap: 0
|---------------------------------------------------------------------------------------------|
2026-06-08 20:46:35 [11,335ms] [Warning] [gpu.foundation.plugin] ECC is enabled on physical device 0
2026-06-08 20:46:36 [12,252ms] [Warning] [omni.physx.plugin] Detected an articulation at /World/G1 with more than 4 velocity iterations being added to a TGS scene.The related behavior changed recently, please consult the changelog. This warning will only print once.
=== G1 LOADED ===
num_dof: 37
2026-06-08 20:46:37 [12,569ms] [Warning] [isaacsim.g1.bridgestep1b] === G1 LOADED === num_dof: 37
--- STEP 0 --- rclpy_ok=True
  world_position: [ 7.4364943e-05 -5.2800868e-05  1.5084687e-01]
  world_orientation(WXYZ): [9.9999988e-01 3.5862412e-04 3.1685256e-04 4.5964975e-05]
2026-06-08 20:46:37 [12,575ms] [Warning] [isaacsim.g1.bridgestep1b] STEP 0 pos=[ 7.4364943e-05 -5.2800868e-05  1.5084687e-01] quat=[9.9999988e-01 3.5862412e-04 3.1685256e-04 4.5964975e-05] rclpy_ok=True
--- STEP 60 --- rclpy_ok=True
  world_position: [ 0.81788075 -0.04528854  0.2092318 ]
  world_orientation(WXYZ): [0.72170717 0.2955109  0.6259022  0.00764688]
2026-06-08 20:46:37 [12,745ms] [Warning] [isaacsim.g1.bridgestep1b] STEP 60 pos=[ 0.81788075 -0.04528854  0.2092318 ] quat=[0.72170717 0.2955109  0.6259022  0.00764688] rclpy_ok=True
--- STEP 150 --- rclpy_ok=True
  world_position: [ 0.87987673 -0.09674464  0.16183127]
  world_orientation(WXYZ): [0.67142034 0.38127184 0.6247256  0.11638101]
2026-06-08 20:46:37 [13,017ms] [Warning] [isaacsim.g1.bridgestep1b] STEP 150 pos=[ 0.87987673 -0.09674464  0.16183127] quat=[0.67142034 0.38127184 0.6247256  0.11638101] rclpy_ok=True
--- STEP 300 --- rclpy_ok=True
  world_position: [ 0.8798413  -0.09684135  0.16182469]
  world_orientation(WXYZ): [0.6714461  0.38138148 0.62467664 0.11613536]
2026-06-08 20:46:38 [13,499ms] [Warning] [isaacsim.g1.bridgestep1b] STEP 300 pos=[ 0.8798413  -0.09684135  0.16182469] quat=[0.6714461  0.38138148 0.62467664 0.11613536] rclpy_ok=True
=== PHYS STEPPING DONE ===
=== RCLPY STILL ALIVE: g1_bridge_node ===
2026-06-08 20:46:38 [13,499ms] [Warning] [isaacsim.g1.bridgestep1b] === RCLPY STILL ALIVE ===
=== RCLPY SHUTDOWN CLEAN ===
