1 ANTES SimulationApp
[Info] [carb] Logging to file: /isaac-sim/kit/logs/Kit/Isaac-Sim/4.2/kit_20260529_013104.log
2026-05-29 01:31:04 [0ms] [Warning] [omni.kit.app.plugin] No crash reporter present, dumps uploading isn't available.
[0.906s] [ext: omni.blobkey-1.1.2] startup
[0.906s] [ext: omni.kit.async_engine-0.0.1] startup
[2.828s] [ext: omni.stats-1.0.1] startup
[2.833s] [ext: omni.datastore-0.0.0] startup
[2.855s] [ext: omni.client-1.2.0] startup
[2.966s] [ext: omni.ujitso.default-1.0.0] startup
[2.979s] [ext: omni.gpu_foundation.shadercache.vulkan-1.0.0] startup
[3.000s] [ext: omni.hsscclient-1.1.1] startup
[3.005s] [ext: omni.assets.plugins-0.0.0] startup
[3.076s] [ext: omni.gpu_foundation-0.0.0] startup
[3.509s] [ext: carb.windowing.plugins-1.0.0] startup
2026-05-29 01:31:08 [3,449ms] [Warning] [carb.windowing-glfw.plugin] GLFW initialization failed.
2026-05-29 01:31:08 [3,449ms] [Warning] [carb] Failed to startup plugin carb.windowing-glfw.plugin (interfaces: [carb::windowing::IGLContext v1.0],[carb::windowing::IWindowing v1.4]) (impl: carb.windowing-glfw.plugin)
[3.547s] [ext: omni.kit.renderer.init-0.0.0] startup
2026-05-29 01:31:08 [3,484ms] [Warning] [omni.platforminfo.plugin] failed to open the default display.  Can't verify X Server version.

|---------------------------------------------------------------------------------------------|
| Driver Version: 580.159.03    | Graphics API: Vulkan
|=============================================================================================|
| GPU | Name                             | Active | LDA | GPU Memory | Vendor-ID | LUID       |
|     |                                  |        |     |            | Device-ID | UUID       |
|     |                                  |        |     |            | Bus-ID    |            |
|---------------------------------------------------------------------------------------------|
| 0   | Tesla T4                         | Yes: 0 |     | 15606   MB | 10de      | 0          |
|     |                                  |        |     |            | 1eb8      | ddfd322a.. |
|     |                                  |        |     |            | 0         |            |
|=============================================================================================|
| OS: 22.04.3 LTS (Jammy Jellyfish) ubuntu, Version: 22.04.3, Kernel: 5.15.0-179-generic
| Processor: Intel(R) Xeon(R) Gold 6152 CPU @ 2.10GHz | Cores: 2 | Logical: 4
|---------------------------------------------------------------------------------------------|
| Total Memory (MB): 7936 | Free Memory: 6671
| Total Page/Swap (MB): 0 | Free Page/Swap: 0
|---------------------------------------------------------------------------------------------|
2026-05-29 01:31:13 [8,308ms] [Warning] [gpu.foundation.plugin] ECC is enabled on physical device 0
[8.723s] [ext: omni.kit.pipapi-0.0.0] startup
[8.730s] [ext: omni.kit.pip_archive-0.0.0] startup
[8.731s] [ext: omni.pip.compute-1.4.0] startup
[8.732s] [ext: omni.pip.cloud-1.1.3] startup
[8.756s] [ext: omni.isaac.core_archive-2.3.0] startup
[8.757s] [ext: omni.materialx.libs-1.0.4] startup
[8.776s] [ext: omni.isaac.ml_archive-2.0.1] startup
[8.777s] [ext: omni.kit.telemetry-0.5.0] startup
[8.827s] [ext: omni.usd.config-1.0.4] startup
[8.874s] [ext: omni.gpucompute.plugins-0.0.0] startup
[8.880s] [ext: omni.usd.libs-1.0.1] startup
[9.577s] [ext: omni.iray.libs-0.0.0] startup
[9.633s] [ext: omni.mdl.neuraylib-0.2.8] startup
[9.637s] [ext: omni.mdl-55.0.1] startup
[9.868s] [ext: omni.kit.usd.mdl-1.0.1] startup
[10.148s] [ext: omni.kit.loop-isaac-1.2.0] startup
[10.157s] [ext: omni.kit.test-1.1.0] startup
[10.799s] [ext: omni.appwindow-1.1.8] startup
2026-05-29 01:31:15 [10,703ms] [Warning] [carb.windowing-glfw.plugin] GLFW initialization failed.
2026-05-29 01:31:15 [10,703ms] [Warning] [carb] Failed to startup plugin carb.windowing-glfw.plugin (interfaces: [carb::windowing::IGLContext v1.0],[carb::windowing::IWindowing v1.4]) (impl: carb.windowing-glfw.plugin)
[10.805s] [ext: omni.kit.renderer.core-1.0.2] startup
2026-05-29 01:31:15 [10,788ms] [Warning] [carb.windowing-glfw.plugin] GLFW initialization failed.
2026-05-29 01:31:15 [10,788ms] [Warning] [carb] Failed to startup plugin carb.windowing-glfw.plugin (interfaces: [carb::windowing::IGLContext v1.0],[carb::windowing::IWindowing v1.4]) (impl: carb.windowing-glfw.plugin)
2026-05-29 01:31:15 [10,804ms] [Warning] [carb.windowing-glfw.plugin] GLFW initialization failed.
2026-05-29 01:31:15 [10,804ms] [Warning] [carb] Failed to startup plugin carb.windowing-glfw.plugin (interfaces: [carb::windowing::IGLContext v1.0],[carb::windowing::IWindowing v1.4]) (impl: carb.windowing-glfw.plugin)
[10.905s] [ext: omni.kit.renderer.capture-0.0.0] startup
[10.918s] [ext: omni.kit.renderer.imgui-1.0.1] startup
2026-05-29 01:31:15 [10,871ms] [Warning] [carb.windowing-glfw.plugin] GLFW initialization failed.
2026-05-29 01:31:15 [10,871ms] [Warning] [carb] Failed to startup plugin carb.windowing-glfw.plugin (interfaces: [carb::windowing::IGLContext v1.0],[carb::windowing::IWindowing v1.4]) (impl: carb.windowing-glfw.plugin)
2026-05-29 01:31:15 [10,874ms] [Warning] [carb.windowing-glfw.plugin] GLFW initialization failed.
2026-05-29 01:31:15 [10,874ms] [Warning] [carb] Failed to startup plugin carb.windowing-glfw.plugin (interfaces: [carb::windowing::IGLContext v1.0],[carb::windowing::IWindowing v1.4]) (impl: carb.windowing-glfw.plugin)
2026-05-29 01:31:15 [10,876ms] [Warning] [carb.windowing-glfw.plugin] GLFW initialization failed.
2026-05-29 01:31:15 [10,876ms] [Warning] [carb] Failed to startup plugin carb.windowing-glfw.plugin (interfaces: [carb::windowing::IGLContext v1.0],[carb::windowing::IWindowing v1.4]) (impl: carb.windowing-glfw.plugin)
[11.670s] [ext: omni.ui-2.25.22] startup
[11.695s] [ext: omni.kit.mainwindow-1.0.3] startup
[11.698s] [ext: carb.audio-0.1.0] startup
[11.775s] [ext: omni.uiaudio-1.0.0] startup
[11.780s] [ext: omni.kit.uiapp-0.0.0] startup
[11.780s] [ext: omni.usd.schema.isaac-2.1.0] startup
[11.806s] [ext: omni.usd.schema.audio-0.0.0] startup
[11.815s] [ext: omni.usd.schema.anim-0.0.0] startup
[11.855s] [ext: omni.usd.schema.geospatial-0.0.0] startup
[11.876s] [ext: omni.usd.schema.semantics-0.0.0] startup
[11.892s] [ext: omni.usd.schema.omnigraph-1.0.0] startup
[11.924s] [ext: omni.anim.navigation.schema-106.1.0] startup
[11.936s] [ext: omni.usd.schema.scene.visualization-2.0.2] startup
[11.940s] [ext: omni.usd.schema.omniscripting-1.0.0] startup
[11.952s] [ext: omni.anim.graph.schema-106.1.0] startup
[11.967s] [ext: omni.usd.schema.physx-106.1.9] startup
[12.036s] [ext: omni.usd.schema.forcefield-106.1.9] startup
[12.064s] [ext: omni.graph.exec-0.9.4] startup
[12.067s] [ext: omni.kit.usd_undo-0.1.8] startup
[12.069s] [ext: omni.kit.actions.core-1.0.0] startup
[12.073s] [ext: omni.kit.exec.core-0.13.4] startup
[12.097s] [ext: omni.usd_resolver-1.0.0] startup
[12.124s] [ext: omni.kit.commands-1.4.9] startup
[12.150s] [ext: omni.activity.core-1.0.1] startup
[12.158s] [ext: omni.usd.core-1.4.1] startup
[12.169s] [ext: omni.resourcemonitor-105.0.1] startup
[12.176s] [ext: omni.kit.window.popup_dialog-2.0.24] startup
[12.191s] [ext: omni.timeline-1.0.10] startup
[12.206s] [ext: omni.kit.widget.nucleus_connector-1.1.9] startup
[12.218s] [ext: usdrt.scenegraph-7.5.0] startup
[12.336s] [ext: omni.kit.audiodeviceenum-1.0.1] startup
[12.341s] [ext: omni.hydra.usdrt_delegate-7.5.1] startup
[12.382s] [ext: omni.hydra.scene_delegate-0.3.3] startup
[12.389s] [ext: omni.usd-1.12.2] startup
[12.555s] [ext: omni.kit.menu.core-1.0.4] startup
[12.559s] [ext: omni.kit.collaboration.telemetry-1.0.0] startup
[12.571s] [ext: omni.kit.property.adapter.core-1.0.1] startup
[12.578s] [ext: omni.kit.menu.utils-1.5.27] startup
[12.627s] [ext: omni.kit.clipboard-1.0.4] startup
[12.629s] [ext: omni.kit.collaboration.channel_manager-1.0.12] startup
[12.636s] [ext: omni.kit.property.adapter.usd-1.0.1] startup
[12.641s] [ext: omni.kit.widget.options_menu-1.1.6] startup
[12.658s] [ext: omni.kit.widget.graph-1.12.15] startup
[12.715s] [ext: omni.kit.widget.searchfield-1.1.8] startup
[12.723s] [ext: omni.kit.widget.filter-1.1.4] startup
[12.726s] [ext: omni.kit.property.adapter.fabric-1.0.1] startup
[12.734s] [ext: omni.ui_query-1.1.4] startup
[12.738s] [ext: omni.kit.window.extensions-1.4.11] startup
[12.793s] [ext: omni.kit.usd.layers-2.1.36] startup
[12.844s] [ext: omni.kit.widget.context_menu-1.2.2] startup
[12.851s] [ext: omni.hydra.rtx.shadercache.vulkan-1.0.0] startup
[12.854s] [ext: omni.kit.notification_manager-1.0.9] startup
[12.869s] [ext: omni.kit.hotkeys.core-1.3.5] startup
[12.870s] [ext: omni.kit.context_menu-1.8.1] startup
[12.885s] [ext: omni.kit.widget.prompt-1.0.7] startup
[12.889s] [ext: omni.kit.helper.file_utils-0.1.8] startup
[12.902s] [ext: omni.kit.widget.nucleus_info-1.0.2] startup
[12.905s] [ext: omni.kit.widget.filebrowser-2.10.51] startup
[12.948s] [ext: omni.kit.search_core-1.0.5] startup
[12.951s] [ext: omni.kit.widget.path_field-2.0.10] startup
[12.958s] [ext: omni.ui.scene-1.10.3] startup
[12.976s] [ext: omni.kit.widget.search_delegate-1.0.5] startup
[12.983s] [ext: omni.kit.widget.options_button-1.0.3] startup
[12.986s] [ext: omni.kit.widget.browser_bar-2.0.10] startup
[12.991s] [ext: omni.volume-0.5.0] startup
[13.024s] [ext: omni.kit.window.filepicker-2.10.40] startup
[13.140s] [ext: omni.ujitso.processor.texture-1.0.0] startup
[13.149s] [ext: omni.kit.window.file_exporter-1.0.30] startup
[13.159s] [ext: omni.ujitso.client-0.0.0] startup
[13.162s] [ext: omni.kit.widget.stage-2.11.2] startup
[13.238s] [ext: omni.kit.widget.live_session_management.ui-1.0.1] startup
[13.255s] [ext: omni.kit.collaboration.presence_layer-1.0.9] startup
[13.269s] [ext: omni.hydra.rtx-1.0.0] startup
[13.384s] [ext: omni.inspect-1.0.1] startup
[13.388s] [ext: omni.kit.widget.searchable_combobox-1.0.6] startup
[13.394s] [ext: omni.kit.window.file_importer-1.1.12] startup
[13.400s] [ext: omni.kit.stage_template.core-1.1.22] startup
[13.407s] [ext: omni.kit.widget.settings-1.2.2] startup
[13.424s] [ext: omni.kit.window.file-1.3.54] startup
[13.446s] [ext: omni.kit.window.drop_support-1.0.3] startup
[13.448s] [ext: omni.kit.window.content_browser_registry-0.0.6] startup
[13.451s] [ext: omni.kit.window.preferences-1.6.0] startup
[13.477s] [ext: omni.kit.window.content_browser-2.9.18] startup
[13.521s] [ext: omni.kit.widget.live_session_management-1.2.20] startup
[13.537s] [ext: omni.kit.widget.text_editor-1.0.2] startup
[13.552s] [ext: omni.kit.hydra_texture-1.3.9] startup
[13.563s] [ext: omni.kit.viewport.legacy_gizmos-1.1.0] startup
[13.568s] [ext: omni.kit.raycast.query-1.0.5] startup
[13.581s] [ext: omni.kit.material.library-1.5.6] startup
[13.648s] [ext: omni.kit.widget.viewport-106.1.0] startup
[13.680s] [ext: omni.kit.viewport.registry-104.0.6] startup
[13.682s] [ext: omni.hydra.engine.stats-1.0.2] startup
[13.688s] [ext: omni.kit.widget.highlight_label-1.0.2] startup
[13.691s] [ext: omni.kit.viewport.window-107.0.6] startup
[13.765s] [ext: omni.kit.window.property-1.11.3] startup
[13.778s] [ext: omni.graph.core-2.179.2] startup
[13.787s] [ext: omni.graph.tools-1.79.0] startup
[13.963s] [ext: omni.kit.viewport.utility-1.0.17] startup
[13.970s] [ext: omni.kit.property.usd-4.2.8] startup
[14.087s] [ext: omni.debugdraw-0.1.3] startup
[14.097s] [ext: omni.graph-1.140.0] startup
[14.824s] [ext: omni.graph.ui-1.70.2] startup
[14.940s] [ext: omni.kvdb-106.1.9] startup
[14.953s] [ext: omni.graph.image.core-0.4.5] startup
[14.960s] [ext: omni.localcache-106.1.9] startup
[14.980s] [ext: omni.graph.image.nodes-1.1.0] startup
[14.990s] [ext: omni.usdphysics-106.1.9] startup
[15.009s] [ext: omni.physx.foundation-106.1.9] startup
[15.024s] [ext: omni.convexdecomposition-106.1.9] startup
[15.033s] [ext: omni.graph.nodes-1.146.1] startup
[15.059s] [ext: omni.physx.cooking-106.1.9] startup
[15.083s] [ext: omni.kit.primitive.mesh-1.0.17] startup
[15.108s] [ext: omni.physx-106.1.9] startup
[15.473s] [ext: omni.kit.stage_templates-1.2.5] startup
[15.486s] [ext: omni.isaac.version-1.1.0] startup
[15.489s] [ext: omni.kit.widget.material_preview-1.0.16] startup
[15.500s] [ext: omni.isaac.nucleus-0.3.1] startup
[15.507s] [ext: omni.physics.tensors-106.1.9] startup
[15.545s] [ext: omni.physx.stageupdate-106.1.9] startup
[15.559s] [ext: omni.graph.action_core-1.1.6] startup
[15.566s] [ext: omni.warp.core-1.2.1] startup
[15.939s] [ext: omni.physx.tensors-106.1.9] startup
[15.957s] [ext: omni.graph.scriptnode-1.20.1] startup
[15.961s] [ext: omni.kit.manipulator.viewport-107.0.0] startup
[15.972s] [ext: omni.graph.action_nodes-1.24.0] startup
[16.001s] [ext: omni.kit.ui_test-1.3.2] startup
[16.033s] [ext: omni.isaac.core-3.19.5] startup
[24.204s] [ext: omni.graph.visualization.nodes-2.1.1] startup
[24.223s] [ext: omni.graph.action-1.102.1] startup
[24.227s] [ext: omni.kit.window.cursor-1.1.2] startup
[24.238s] [ext: omni.isaac.ui-0.16.0] startup
[24.308s] [ext: omni.kit.viewport.menubar.core-106.1.0] startup
[24.387s] [ext: omni.kit.graph.delegate.default-1.2.2] startup
[24.391s] [ext: omni.syntheticdata-0.6.9] startup
[24.561s] [ext: omni.kit.graph.usd.commands-1.3.1] startup
[24.570s] [ext: omni.kit.graph.editor.core-1.5.3] startup
[24.592s] [ext: omni.kit.numpy.common-0.1.2] startup
[24.596s] [ext: omni.warp-1.2.1] startup
[24.669s] [ext: omni.kit.window.material_graph-1.8.18] startup
[25.128s] [ext: omni.isaac.dynamic_control-1.3.8] startup
[25.224s] [ext: omni.replicator.core-1.11.20] startup
2026-05-29 01:31:30 [25,327ms] [Warning] [omni.replicator.core.scripts.annotators] Annotator PostProcessDispatch is already registered, overwriting annotator template
[26.215s] [ext: omni.isaac.lula-3.0.1] startup
[26.271s] [ext: omni.isaac.surface_gripper-1.0.1] startup
[26.293s] [ext: omni.isaac.core_nodes-1.16.3] startup
[26.451s] [ext: omni.isaac.motion_generation-7.1.0] startup
[26.690s] [ext: omni.isaac.manipulators-2.1.0] startup
[26.786s] [ext: omni.isaac.franka-0.4.1] startup
[26.826s] [ext: omni.kit.graph.widget.variables-2.1.0] startup
[26.870s] [ext: omni.kit.graph.delegate.modern-1.10.6] startup
[26.953s] [ext: omni.isaac.cortex-0.3.9] startup
[26.969s] [ext: omni.graph.window.core-1.113.1] startup
[27.138s] [ext: omni.isaac.wheeled_robots-2.3.3] startup
[27.229s] [ext: omni.isaac.cortex.sample_behaviors-1.0.6] startup
[27.241s] [ext: omni.graph.window.generic-1.26.0] startup
[27.288s] [ext: omni.isaac.menu-0.7.3] startup
[27.325s] [ext: omni.kit.widget.live-2.1.8] startup
[27.356s] [ext: omni.kit.actions.window-1.1.1] startup
[27.432s] [ext: omni.kit.widget.cache_indicator-2.0.10] startup
[27.886s] [ext: omni.kit.hotkeys.window-1.4.5] startup
2026-05-29 01:31:32 [27,790ms] [Warning] [omni.kit.widget.cache_indicator.cache_state_menu] Unable to detect Omniverse Cache Server. Consider installing it for better IO performance.
[27.918s] [ext: omni.kit.ui.actions-1.0.2] startup
[27.923s] [ext: omni.kit.widget.stage_icons-1.0.5] startup
[27.928s] [ext: omni.kit.menu.common-1.1.7] startup
[27.933s] [ext: omni.kit.selection-0.1.4] startup
[27.939s] [ext: omni.isaac.kit-1.13.2] startup
[27.941s] [ext: omni.isaac.block_world-1.0.0] startup
[27.948s] [ext: omni.kit.window.stage-2.5.10] startup
[27.961s] [ext: omni.isaac.debug_draw-1.1.0] startup
[27.972s] [ext: omni.kit.menu.edit-1.1.24] startup
[27.992s] [ext: omni.kit.menu.file-1.1.14] startup
[28.001s] [ext: omni.kit.profiler.window-2.2.3] startup
[28.063s] [ext: omni.kit.menu.stage-1.2.5] startup
[28.070s] [ext: omni.isaac.occupancy_map-1.0.3] startup
[28.085s] [ext: omni.importer.mjcf-1.1.1] startup
[28.115s] [ext: omni.graph.window.action-1.28.0] startup
[28.135s] [ext: omni.kit.property.camera-1.0.8] startup
[28.143s] [ext: omni.kit.property.light-1.0.10] startup
[28.150s] [ext: omni.kit.property.geometry-1.3.1] startup
[28.167s] [ext: omni.hydra.scene_api-0.1.2] startup
[28.176s] [ext: omni.kit.property.audio-1.0.14] startup
[28.187s] [ext: omni.kit.property.render-1.1.2] startup
[28.192s] [ext: omni.kit.property.transform-1.5.9] startup
[28.236s] [ext: omni.kit.property.material-1.10.8] startup
[28.280s] [ext: omni.kit.widget.layers-1.8.0] startup
[28.372s] [ext: omni.kit.property.isaac-0.2.3] startup
[28.385s] [ext: omni.kit.property.bundle-1.3.1] startup
[28.390s] [ext: omni.sensors.nv.common-1.2.2-isaac-1] startup
[28.635s] [ext: omni.kit.property.layer-1.1.8] startup
[28.647s] [ext: omni.kit.stage_column.payload-2.0.0] startup
[28.656s] [ext: omni.isaac.scene_blox-0.1.2] startup
[28.658s] [ext: omni.sensors.nv.materials-1.2.1-isaac-1] startup
[28.745s] [ext: omni.sensors.nv.wpm-1.2.1-isaac-1] startup
[28.750s] [ext: omni.kit.viewport.actions-106.0.2] startup
[28.771s] [ext: omni.sensors.nv.lidar-1.2.2-isaac-1] startup
[28.797s] [ext: omni.sensors.nv.radar-1.2.1-isaac-1] startup
[28.830s] [ext: omni.kit.viewport.menubar.display-107.0.2] startup
[28.838s] [ext: omni.kit.manipulator.transform-104.7.4] startup
[28.854s] [ext: omni.kit.widget.toolbar-1.7.2] startup
[28.899s] [ext: omni.sensors.tiled-0.0.6] startup
[28.903s] [ext: omni.sensors.nv.ids-1.1.0-isaac-1] startup
[28.913s] [ext: omni.isaac.range_sensor-3.1.2] startup
[29.014s] [ext: omni.usdphysics.ui-106.1.9] startup
[29.070s] [ext: omni.physx.commands-106.1.9] startup
[29.103s] [ext: omni.kit.manipulator.tool.snap-1.5.11] startup
[29.158s] [ext: omni.isaac.sensor-12.9.1] startup
[29.672s] [ext: omni.kit.manipulator.selector-1.1.1] startup
[29.685s] [ext: omni.physx.ui-106.1.9] startup
[29.982s] [ext: omni.isaac.quadruped-2.0.1] startup
[30.025s] [ext: omni.kit.viewport.manipulator.transform-107.0.2] startup
[30.039s] [ext: omni.physx.demos-106.1.9] startup
[30.227s] [ext: omni.kit.property.physx-106.1.9] startup
[30.424s] [ext: omni.kit.widget.calendar-1.0.8] startup
[30.433s] [ext: omni.kit.manipulator.prim.core-107.0.4] startup
[30.514s] [ext: omni.fabric.commands-1.1.5] startup
[30.535s] [ext: omni.physx.vehicle-106.1.9] startup
[30.664s] [ext: omni.kit.widget.extended_searchfield-1.0.28] startup
[30.711s] [ext: omni.kit.manipulator.prim.fabric-107.0.3] startup
[30.723s] [ext: omni.kit.manipulator.prim.usd-107.0.2] startup
[30.730s] [ext: omni.kit.widget.timeline-105.0.1] startup
[30.753s] [ext: omni.kit.window.commands-0.2.6] startup
[30.762s] [ext: omni.physx.camera-106.1.9] startup
[30.785s] [ext: omni.kit.manipulator.camera-105.0.5] startup
[30.815s] [ext: omni.kit.viewport.menubar.camera-107.0.2] startup
[30.845s] [ext: omni.kit.manipulator.prim-107.0.0] startup
[30.846s] [ext: omni.kit.manipulator.selection-106.0.1] startup
[30.853s] [ext: omni.kit.window.toolbar-1.6.1] startup
[30.859s] [ext: omni.kit.stage_column.variant-1.0.13] startup
[30.868s] [ext: omni.kit.viewport.menubar.render-106.1.1] startup
[30.886s] [ext: omni.kit.viewport.menubar.settings-107.0.3] startup
[30.918s] [ext: omni.physx.cct-106.1.9] startup
[30.949s] [ext: omni.physx.graph-106.1.9] startup
[31.021s] [ext: omni.physx.supportui-106.1.9] startup
[31.137s] [ext: omni.physx.telemetry-106.1.9] startup
[31.162s] [ext: omni.graph.ui_nodes-1.26.0] startup
[31.206s] [ext: omni.kit.viewport.bundle-104.0.1] startup
[31.206s] [ext: omni.isaac.universal_robots-0.3.5] startup
[31.233s] [ext: omni.kit.window.console-0.2.13] startup
[31.285s] [ext: omni.kit.window.script_editor-1.7.6] startup
[31.326s] [ext: omni.kit.menu.create-1.0.16] startup
[31.377s] [ext: omni.graph.bundle.action-2.4.1] startup
[31.409s] [ext: omni.physx.bundle-106.1.9] startup
[31.413s] [ext: omni.rtx.window.settings-0.6.17] startup
[31.509s] [ext: omni.kit.window.status_bar-0.1.7] startup
[31.616s] [ext: omni.kit.window.title-1.1.5] startup
[31.633s] [ext: omni.replicator.isaac-1.15.2] startup
[31.946s] [ext: omni.replicator.replicator_yaml-2.0.6] startup
[32.127s] [ext: omni.rtx.settings.core-0.6.3] startup
[32.185s] [ext: omni.kit.viewport.menubar.lighting-106.0.2] startup
[32.227s] [ext: semantics.schema.editor-0.3.8] startup
[32.248s] [ext: semantics.schema.property-1.0.4] startup
[32.255s] [ext: omni.kit.viewport.rtx-104.0.1] startup
[32.257s] [ext: omni.isaac.utils-1.0.1] startup
[32.264s] [ext: omni.isaac.cloner-0.8.1] startup
[32.276s] [ext: omni.importer.urdf-1.14.1] startup
[32.412s] [ext: omni.kit.window.stats-0.1.6] startup
[32.430s] [ext: omni.isaac.sim.python-4.2.0] startup
[32.434s] Simulation App Starting
[394.771s] app ready
Starting kit application with the following args:  ['/isaac-sim/exts/omni.isaac.kit/omni/isaac/kit/simulation_app.py', '/isaac-sim/apps/omni.isaac.sim.python.kit', '--/app/tokens/exe-path=/isaac-sim/kit', '--/persistent/app/viewport/displayOptions=3094', '--/rtx/materialDb/syncLoads=True', '--/rtx/hydra/materialSyncLoads=True', '--/omni.kit.plugin/syncUsdLoads=True', '--/app/renderer/resolution/width=1280', '--/app/renderer/resolution/height=720', '--/app/window/width=1440', '--/app/window/height=900', '--/renderer/multiGpu/enabled=True', '--/app/fastShutdown=True', '--ext-folder', '/isaac-sim/exts', '--ext-folder', '/isaac-sim/apps', '--/physics/cudaDevice=0', '--portable', '--no-window', '--/app/window/hideUi=1', '--allow-root']
Passing the following args to the base kit application:  []
Warp 1.2.1 initialized:
   CUDA Toolkit 11.8, Driver 13.0
   Devices:
     "cpu"      : "x86_64"
     "cuda:0"   : "Tesla T4" (15 GiB, sm_75, mempool enabled)
   Kernel cache:
     /root/.cache/warp/1.2.1
2 DESPUES SimulationApp
3 ANTES get_assets_root_path
4 path = http://omniverse-content-production.s3-us-west-2.amazonaws.com/Assets/Isaac/4.2
5 usd_path = http://omniverse-content-production.s3-us-west-2.amazonaws.com/Assets/Isaac/4.2/Isaac/Robots/Unitree/G1/g1.usd
6 ANTES open_stage
7 DESPUES open_stage
8 ANTES while is_stage_loading
9 DESPUES while - iteraciones: 0
10 G1 LOADING COMPLETE
2026-05-29 01:37:40 [395,422ms] [Warning] [omni.kit.imgui_renderer.plugin] _createExtendCursor: No windowing.
2026-05-29 01:37:40 [395,422ms] [Warning] [omni.kit.imgui_renderer.plugin] _createExtendCursor: No windowing.
[396.546s] Simulation App Startup Complete
[448.417s] Simulation App Shutting Down
