=== base.python ===
[package]
description = "A trimmed down app for use with python samples"
title = "Isaac Sim Python"
version = "4.5.0"

keywords = ["experience", "app", "usd", "isaacsim"] # That makes it browsable in UI with "experience" filter


[dependencies]
"isaacsim.exp.base" = {}

[settings.app]
name = "Isaac-Sim Python"
version = "4.5.0"
settings.persistent = false       # settings reset on each run with this app
window.title = "Isaac Sim Python"
vulkan = true # Explicitly enable Vulkan (on by default on Linux, off by default on Windows)

[settings.app.exts.folders]
'++' = [
    "${app}/../exts",
    "${app}/../extscache",
    "${app}/../extsPhysics",
    "${app}/../extsUser",
    "${app}/../extsDeprecated",
]

