=== exp.base resto ===
"omni.isaac.manipulators" = {}
"omni.isaac.menu" = {}
"omni.isaac.motion_generation" = {}
"omni.isaac.nucleus" = {}
"omni.isaac.quadruped" = {}
"omni.isaac.range_sensor" = {}
"omni.isaac.sensor" = {}
"omni.isaac.surface_gripper" = {}
"omni.isaac.universal_robots" = {}
"omni.isaac.utils" = {}
"omni.isaac.version" = {}
"omni.isaac.wheeled_robots" = {}
"omni.isaac.window.about" = {}
"omni.kit.property.isaac" = {}
"omni.replicator.isaac" = {}
"omni.usd.schema.isaac" = {}

# Isaac Sim Extra
"isaacsim.asset.importer.mjcf" = {}
"isaacsim.asset.importer.urdf" = {}
"omni.physx.bundle" = {}
"omni.physx.tensors" = {}
"omni.replicator.core" = {}
"omni.replicator.replicator_yaml" = {}
"omni.syntheticdata" = {}
"semantics.schema.editor" = {}
"semantics.schema.property" = {}

# Kit based editor extensions
"omni.anim.curve.core" = {}
"omni.graph.action" = {}
"omni.graph.core" = {}
"omni.graph.nodes" = {}
"omni.graph.scriptnode" = {}
"omni.graph.ui_nodes" = {}
"omni.hydra.engine.stats" = {}
"omni.hydra.rtx" = {}
"omni.kit.mainwindow" = {}
"omni.kit.manipulator.camera" = {}
"omni.kit.manipulator.prim" = {}
"omni.kit.manipulator.selection" = {}
"omni.kit.material.library" = {}
"omni.kit.menu.common" = { order = 1000 }
"omni.kit.menu.create" = {}
"omni.kit.menu.stage" = {}
"omni.kit.menu.utils" = {}
"omni.kit.primitive.mesh" = {}
"omni.kit.property.bundle" = {}
"omni.kit.raycast.query" = {}
"omni.kit.stage_template.core" = {}
"omni.kit.telemetry" = {}
"omni.kit.tool.asset_importer" = {}
"omni.kit.tool.collect" = {}
"omni.kit.viewport.legacy_gizmos" = {}
"omni.kit.viewport.menubar.camera" = {}
"omni.kit.viewport.menubar.display" = {}
"omni.kit.viewport.menubar.lighting" = {}
"omni.kit.viewport.menubar.render" = {}
"omni.kit.viewport.menubar.settings" = {}
"omni.kit.viewport.scene_camera_model" = {}
"omni.kit.viewport.window" = {}
"omni.kit.window.console" = {}
"omni.kit.window.content_browser" = {}
"omni.kit.window.property" = {}
"omni.kit.window.stage" = {}
"omni.kit.window.status_bar" = {}
"omni.kit.window.toolbar" = {}
"omni.physx.stageupdate" = {}
"omni.rtx.settings.core" = {}
"omni.uiaudio" = {}
"omni.usd.metrics.assembler.ui" = {}
"omni.usd.schema.metrics.assembler" = {}
"omni.warp.core" = {}

# Extensions normally enabled in kit base editor
# "omni.activity.profiler" = {}
# "omni.activity.pump" = {}
# "omni.kit.viewport.ready" = {}

[settings]
exts."omni.kit.material.library".ui_show_list = [
