[Info] [carb] Logging to file: /root/.nvidia-omniverse/logs/Kit/Isaac-Sim Minimal Python/4.5/kit_20260607_225933.log
[0.805s] [ext: omni.kit.async_engine-0.0.1] startup
[1.753s] [ext: omni.client.lib-1.0.0] startup
[1.811s] [ext: omni.stats-1.0.1] startup
[1.813s] [ext: omni.client-1.2.2] startup
[1.822s] [ext: omni.gpu_foundation.shadercache.vulkan-1.0.0] startup
[1.839s] [ext: omni.assets.plugins-0.0.0] startup
[1.841s] [ext: omni.gpu_foundation-0.0.0] startup
[1.854s] [ext: omni.kit.pipapi-0.0.0] startup
[1.858s] [ext: omni.kit.pip_archive-0.0.0] startup
[1.859s] [ext: omni.pip.compute-1.4.5] startup
[1.861s] [ext: omni.pip.cloud-1.1.7] startup
[1.885s] [ext: omni.isaac.core_archive-2.3.3] startup
[1.887s] [ext: omni.usd.config-1.0.5] startup
2026-06-07 22:59:35 [1,879ms] [Warning] [omni.usd_config.extension] Enable omni.materialx.libs extension to use MaterialX
[1.897s] [ext: omni.gpucompute.plugins-0.0.0] startup
[1.898s] [ext: omni.usd.libs-1.0.1] startup
[2.078s] [ext: omni.isaac.ml_archive-2.1.2] startup
[2.079s] [ext: omni.usd.schema.physx-106.5.7] startup
[2.346s] [ext: omni.usd.schema.semantics-0.0.0] startup
[2.351s] [ext: omni.usd.schema.audio-0.0.0] startup
[2.357s] [ext: carb.audio-0.1.0] startup
[2.360s] [ext: omni.kit.actions.core-1.0.0] startup
[2.364s] [ext: omni.timeline-1.0.11] startup
[2.368s] [ext: omni.kit.commands-1.4.9] startup
[2.414s] [ext: omni.kvdb-106.5.7] startup
[2.417s] [ext: omni.kit.audiodeviceenum-1.0.1] startup
[2.420s] [ext: usdrt.scenegraph-7.5.1] startup
[2.497s] [ext: omni.convexdecomposition-106.5.7] startup
[2.504s] [ext: omni.localcache-106.5.7] startup
[2.507s] [ext: omni.usd_resolver-1.0.0] startup
[2.513s] [ext: omni.physx.foundation-106.5.7] startup
[2.517s] [ext: omni.graph.exec-0.9.4] startup
[2.518s] [ext: omni.usdphysics-106.5.7] startup
[2.521s] [ext: omni.usd.core-1.4.2] startup
[2.524s] [ext: omni.kit.usd_undo-0.1.8] startup
[2.527s] [ext: omni.kit.exec.core-0.13.4] startup
[2.531s] [ext: omni.physx.cooking-106.5.7] startup
[2.543s] [ext: omni.metrics.core-0.0.1] startup
[2.543s] [ext: omni.blobkey-1.1.2] startup
[2.544s] [ext: omni.datastore-0.0.0] startup
[2.553s] [ext: omni.ujitso.default-1.0.0] startup
[2.557s] [ext: omni.hsscclient-1.1.1] startup
2026-06-07 22:59:36 [2,543ms] [Warning] [omni.datastore] OmniHub is inaccessible
2026-06-07 22:59:36 [2,580ms] [Warning] [omni.platforminfo.plugin] failed to open the default display.  Can't verify X Server version.
[2.604s] [ext: omni.usd-1.12.4] startup
[2.804s] [ext: omni.physx-106.5.7] startup
[2.842s] [ext: omni.kit.numpy.common-0.1.2] startup
[3.306s] [ext: omni.kit.usd.layers-2.2.0] startup
[3.368s] [ext: omni.physics.tensors-106.5.7] startup
[3.400s] [ext: omni.physx.stageupdate-106.5.7] startup
[3.408s] [ext: isaacsim.core.deprecation_manager-0.2.2] startup
[3.413s] [ext: omni.isaac.dynamic_control-1.3.15] startup
2026-06-07 22:59:37 [3,409ms] [Warning] [omni.isaac.dynamic_control] omni.isaac.dynamic_control is deprecated as of Isaac Sim 4.5. No action is needed from end-users.
[3.428s] [ext: omni.physx.tensors-106.5.7] startup
[5.067s] [ext: isaacsim.core.version-2.0.2] startup
[5.070s] [ext: omni.warp.core-1.5.0] startup
[5.587s] [ext: isaacsim.storage.native-1.0.6] startup
[5.595s] [ext: omni.kit.stage_template.core-1.1.22] startup
[5.599s] [ext: isaacsim.core.utils-2.2.8] startup
[5.605s] [ext: omni.kit.primitive.mesh-1.0.17] startup
[5.630s] [ext: isaacsim.core.simulation_manager-0.3.3] startup
[10.299s] [ext: omni.kit.stage_templates-1.2.6] startup
[10.307s] [ext: isaacsim.core.prims-0.3.7] startup
[10.460s] [ext: isaacsim.core.api-4.2.16] startup
[10.541s] [ext: isaacsim.min.python.g1-4.5.0] startup
