[Info] [carb] Logging to file: /root/.nvidia-omniverse/logs/Kit/Isaac-Sim Minimal Loop Python/4.5/kit_20260608_011650.log
[0.825s] [ext: omni.kit.async_engine-0.0.1] startup
[1.760s] [ext: omni.client.lib-1.0.0] startup
[1.819s] [ext: omni.stats-1.0.1] startup
[1.821s] [ext: omni.client-1.2.2] startup
[1.836s] [ext: omni.gpu_foundation.shadercache.vulkan-1.0.0] startup
[1.853s] [ext: omni.assets.plugins-0.0.0] startup
[1.855s] [ext: omni.gpu_foundation-0.0.0] startup
[1.867s] [ext: omni.kit.pipapi-0.0.0] startup
[1.871s] [ext: omni.kit.pip_archive-0.0.0] startup
[1.872s] [ext: omni.pip.compute-1.4.5] startup
[1.873s] [ext: omni.pip.cloud-1.1.7] startup
[1.897s] [ext: omni.isaac.core_archive-2.3.3] startup
[1.898s] [ext: omni.usd.config-1.0.5] startup
2026-06-08 01:16:52 [1,891ms] [Warning] [omni.usd_config.extension] Enable omni.materialx.libs extension to use MaterialX
[1.908s] [ext: omni.gpucompute.plugins-0.0.0] startup
[1.909s] [ext: omni.usd.libs-1.0.1] startup
[2.032s] [ext: omni.isaac.ml_archive-2.1.2] startup
[2.034s] [ext: omni.usd.schema.physx-106.5.7] startup
[2.306s] [ext: omni.usd.schema.semantics-0.0.0] startup
[2.310s] [ext: omni.usd.schema.audio-0.0.0] startup
[2.316s] [ext: carb.audio-0.1.0] startup
[2.320s] [ext: omni.kit.actions.core-1.0.0] startup
[2.324s] [ext: omni.timeline-1.0.11] startup
[2.327s] [ext: omni.kit.commands-1.4.9] startup
[2.373s] [ext: omni.kvdb-106.5.7] startup
[2.376s] [ext: omni.kit.audiodeviceenum-1.0.1] startup
[2.379s] [ext: usdrt.scenegraph-7.5.1] startup
[2.455s] [ext: omni.convexdecomposition-106.5.7] startup
[2.462s] [ext: omni.localcache-106.5.7] startup
[2.465s] [ext: omni.usd_resolver-1.0.0] startup
[2.471s] [ext: omni.physx.foundation-106.5.7] startup
[2.474s] [ext: omni.graph.exec-0.9.4] startup
[2.475s] [ext: omni.usdphysics-106.5.7] startup
[2.479s] [ext: omni.usd.core-1.4.2] startup
[2.482s] [ext: omni.kit.usd_undo-0.1.8] startup
[2.485s] [ext: omni.kit.exec.core-0.13.4] startup
[2.488s] [ext: omni.physx.cooking-106.5.7] startup
[2.500s] [ext: omni.metrics.core-0.0.1] startup
[2.500s] [ext: omni.blobkey-1.1.2] startup
[2.501s] [ext: omni.datastore-0.0.0] startup
[2.510s] [ext: omni.ujitso.default-1.0.0] startup
[2.513s] [ext: omni.hsscclient-1.1.1] startup
2026-06-08 01:16:53 [2,499ms] [Warning] [omni.datastore] OmniHub is inaccessible
2026-06-08 01:16:53 [2,535ms] [Warning] [omni.platforminfo.plugin] failed to open the default display.  Can't verify X Server version.
[2.559s] [ext: omni.usd-1.12.4] startup
[2.718s] [ext: omni.physx-106.5.7] startup
[2.756s] [ext: omni.kit.numpy.common-0.1.2] startup
[3.319s] [ext: omni.kit.usd.layers-2.2.0] startup
[3.385s] [ext: omni.physics.tensors-106.5.7] startup
[3.417s] [ext: omni.physx.stageupdate-106.5.7] startup
[3.426s] [ext: isaacsim.core.deprecation_manager-0.2.2] startup
[3.431s] [ext: omni.isaac.dynamic_control-1.3.15] startup
2026-06-08 01:16:54 [3,425ms] [Warning] [omni.isaac.dynamic_control] omni.isaac.dynamic_control is deprecated as of Isaac Sim 4.5. No action is needed from end-users.
[3.443s] [ext: omni.physx.tensors-106.5.7] startup
[5.070s] [ext: isaacsim.core.version-2.0.2] startup
[5.073s] [ext: omni.warp.core-1.5.0] startup
[5.654s] [ext: isaacsim.storage.native-1.0.6] startup
[5.661s] [ext: omni.kit.stage_template.core-1.1.22] startup
[5.665s] [ext: isaacsim.core.utils-2.2.8] startup
[5.671s] [ext: omni.kit.primitive.mesh-1.0.17] startup
[5.696s] [ext: isaacsim.core.simulation_manager-0.3.3] startup
[10.217s] [ext: omni.kit.stage_templates-1.2.6] startup
[10.227s] [ext: isaacsim.core.prims-0.3.7] startup
[10.407s] [ext: isaacsim.core.api-4.2.16] startup
[10.509s] [ext: omni.kit.loop-isaac-1.2.1] startup
[10.511s] [ext: isaacsim.g1.runtime-0.1.0] startup
=== STARTUP EXTENSION OK ===
2026-06-08 01:17:01 [10,496ms] [Warning] [isaacsim.g1.runtime] === STARTUP EXTENSION OK ===
[10.513s] [ext: isaacsim.min.loop.g1ext.test-4.5.0] startup
[10.532s] app ready

|---------------------------------------------------------------------------------------------|
| Driver Version: 580.159.03    | Graphics API: Vulkan
|=============================================================================================|
| GPU | Name                             | Active | LDA | GPU Memory | Vendor-ID | LUID       |
|     |                                  |        |     |            | Device-ID | UUID       |
|     |                                  |        |     |            | Bus-ID    |            |
|---------------------------------------------------------------------------------------------|
| 0   | Tesla T4                         | Yes: 0 |     | 15606   MB | 10de      | 0          |
|     |                                  |        |     |            | 1eb8      | ddfd322a.. |
|     |                                  |        |     |            | 0         |            |
|=============================================================================================|
| OS: 22.04.5 LTS (Jammy Jellyfish) ubuntu, Version: 22.04.5, Kernel: 5.15.0-181-generic
| Processor: Intel(R) Xeon(R) Gold 6152 CPU @ 2.10GHz
| Cores: 2 | Logical Cores: 4
|---------------------------------------------------------------------------------------------|
| Total Memory (MB): 32092 | Free Memory: 30268
| Total Page/Swap (MB): 0 | Free Page/Swap: 0
|---------------------------------------------------------------------------------------------|
2026-06-08 01:17:02 [11,366ms] [Warning] [gpu.foundation.plugin] ECC is enabled on physical device 0
2026-06-08 01:17:04 [13,964ms] [Warning] [omni.physx.plugin] Detected an articulation at /World/G1 with more than 4 velocity iterations being added to a TGS scene.The related behavior changed recently, please consult the changelog. This warning will only print once.
=== G1 LOADED ===
num_dof: 37
2026-06-08 01:17:05 [14,707ms] [Warning] [isaacsim.g1.runtime] === G1 LOADED === num_dof: 37
world_position: [-2.6778085e-05  6.4843334e-06  1.0047573e-01]
