[Info] [carb] Logging to file: /root/.nvidia-omniverse/logs/Kit/Isaac-Sim Minimal Loop Python/4.5/kit_20260608_021855.log
[0.830s] [ext: omni.kit.async_engine-0.0.1] startup
[1.763s] [ext: omni.client.lib-1.0.0] startup
[1.822s] [ext: omni.stats-1.0.1] startup
[1.825s] [ext: omni.client-1.2.2] startup
[1.834s] [ext: omni.gpu_foundation.shadercache.vulkan-1.0.0] startup
[1.850s] [ext: omni.assets.plugins-0.0.0] startup
[1.852s] [ext: omni.gpu_foundation-0.0.0] startup
[1.865s] [ext: omni.kit.pipapi-0.0.0] startup
[1.870s] [ext: omni.kit.pip_archive-0.0.0] startup
[1.871s] [ext: omni.pip.compute-1.4.5] startup
[1.872s] [ext: omni.pip.cloud-1.1.7] startup
[1.897s] [ext: omni.isaac.core_archive-2.3.3] startup
[1.898s] [ext: omni.usd.config-1.0.5] startup
2026-06-08 02:18:57 [1,888ms] [Warning] [omni.usd_config.extension] Enable omni.materialx.libs extension to use MaterialX
[1.908s] [ext: omni.gpucompute.plugins-0.0.0] startup
[1.909s] [ext: omni.usd.libs-1.0.1] startup
[2.030s] [ext: omni.isaac.ml_archive-2.1.2] startup
[2.031s] [ext: omni.usd.schema.physx-106.5.7] startup
[2.305s] [ext: omni.usd.schema.semantics-0.0.0] startup
[2.309s] [ext: omni.usd.schema.audio-0.0.0] startup
[2.315s] [ext: carb.audio-0.1.0] startup
[2.319s] [ext: omni.kit.actions.core-1.0.0] startup
[2.323s] [ext: omni.timeline-1.0.11] startup
[2.326s] [ext: omni.kit.commands-1.4.9] startup
[2.372s] [ext: omni.kvdb-106.5.7] startup
[2.375s] [ext: omni.kit.audiodeviceenum-1.0.1] startup
[2.378s] [ext: usdrt.scenegraph-7.5.1] startup
[2.455s] [ext: omni.convexdecomposition-106.5.7] startup
[2.462s] [ext: omni.localcache-106.5.7] startup
[2.465s] [ext: omni.usd_resolver-1.0.0] startup
[2.472s] [ext: omni.physx.foundation-106.5.7] startup
[2.476s] [ext: omni.graph.exec-0.9.4] startup
[2.476s] [ext: omni.usdphysics-106.5.7] startup
[2.480s] [ext: omni.usd.core-1.4.2] startup
[2.484s] [ext: omni.kit.usd_undo-0.1.8] startup
[2.487s] [ext: omni.kit.exec.core-0.13.4] startup
[2.491s] [ext: omni.physx.cooking-106.5.7] startup
[2.503s] [ext: omni.metrics.core-0.0.1] startup
[2.503s] [ext: omni.blobkey-1.1.2] startup
[2.504s] [ext: omni.datastore-0.0.0] startup
[2.513s] [ext: omni.ujitso.default-1.0.0] startup
[2.517s] [ext: omni.hsscclient-1.1.1] startup
2026-06-08 02:18:58 [2,499ms] [Warning] [omni.datastore] OmniHub is inaccessible
2026-06-08 02:18:58 [2,534ms] [Warning] [omni.platforminfo.plugin] failed to open the default display.  Can't verify X Server version.
[2.561s] [ext: omni.usd-1.12.4] startup
[2.749s] [ext: omni.physx-106.5.7] startup
[2.794s] [ext: omni.kit.numpy.common-0.1.2] startup
[3.261s] [ext: omni.kit.usd.layers-2.2.0] startup
[3.327s] [ext: omni.physics.tensors-106.5.7] startup
[3.363s] [ext: omni.physx.stageupdate-106.5.7] startup
[3.372s] [ext: isaacsim.core.deprecation_manager-0.2.2] startup
[3.377s] [ext: omni.isaac.dynamic_control-1.3.15] startup
2026-06-08 02:18:59 [3,367ms] [Warning] [omni.isaac.dynamic_control] omni.isaac.dynamic_control is deprecated as of Isaac Sim 4.5. No action is needed from end-users.
[3.389s] [ext: omni.physx.tensors-106.5.7] startup
[4.996s] [ext: isaacsim.core.version-2.0.2] startup
[5.000s] [ext: omni.warp.core-1.5.0] startup
[5.543s] [ext: isaacsim.storage.native-1.0.6] startup
[5.550s] [ext: omni.kit.stage_template.core-1.1.22] startup
[5.554s] [ext: isaacsim.core.utils-2.2.8] startup
[5.560s] [ext: omni.kit.primitive.mesh-1.0.17] startup
[5.585s] [ext: isaacsim.core.simulation_manager-0.3.3] startup
[10.347s] [ext: omni.kit.stage_templates-1.2.6] startup
[10.357s] [ext: isaacsim.core.prims-0.3.7] startup
[10.548s] [ext: isaacsim.core.api-4.2.16] startup
[10.647s] [ext: omni.kit.loop-isaac-1.2.1] startup
[10.650s] [ext: isaacsim.g1.runtime-0.1.0] startup
=== STARTUP EXTENSION OK ===
2026-06-08 02:19:06 [10,632ms] [Warning] [isaacsim.g1.runtime] === STARTUP EXTENSION OK ===
[10.652s] [ext: isaacsim.min.loop.g1ext.test-4.5.0] startup
[10.671s] app ready

|---------------------------------------------------------------------------------------------|
| Driver Version: 580.159.03    | Graphics API: Vulkan
|=============================================================================================|
| GPU | Name                             | Active | LDA | GPU Memory | Vendor-ID | LUID       |
|     |                                  |        |     |            | Device-ID | UUID       |
|     |                                  |        |     |            | Bus-ID    |            |
|---------------------------------------------------------------------------------------------|
| 0   | Tesla T4                         | Yes: 0 |     | 15606   MB | 10de      | 0          |
|     |                                  |        |     |            | 1eb8      | ddfd322a.. |
|     |                                  |        |     |            | 0         |            |
|=============================================================================================|
| OS: 22.04.5 LTS (Jammy Jellyfish) ubuntu, Version: 22.04.5, Kernel: 5.15.0-181-generic
| Processor: Intel(R) Xeon(R) Gold 6152 CPU @ 2.10GHz
| Cores: 2 | Logical Cores: 4
|---------------------------------------------------------------------------------------------|
| Total Memory (MB): 32092 | Free Memory: 30306
| Total Page/Swap (MB): 0 | Free Page/Swap: 0
|---------------------------------------------------------------------------------------------|
2026-06-08 02:19:07 [11,475ms] [Warning] [gpu.foundation.plugin] ECC is enabled on physical device 0
2026-06-08 02:19:08 [12,518ms] [Warning] [omni.physx.plugin] Detected an articulation at /World/G1 with more than 4 velocity iterations being added to a TGS scene.The related behavior changed recently, please consult the changelog. This warning will only print once.
=== G1 LOADED ===
num_dof: 37
2026-06-08 02:19:08 [12,836ms] [Warning] [isaacsim.g1.runtime] === G1 LOADED === num_dof: 37
--- STEP 0 ---
  world_position: [ 7.4364943e-05 -5.2800868e-05  1.5084687e-01]
  world_orientation(WXYZ): [9.9999988e-01 3.5862412e-04 3.1685256e-04 4.5964975e-05]
  joint_pos[:3]: [ 1.4383503e-04 -9.6327596e-05  1.9069965e-05]
  joint_vel[:3]: [-0.01161985 -0.04441528  0.12859085]
2026-06-08 02:19:08 [12,843ms] [Warning] [isaacsim.g1.runtime] STEP 0 pos=[ 7.4364943e-05 -5.2800868e-05  1.5084687e-01] quat=[9.9999988e-01 3.5862412e-04 3.1685256e-04 4.5964975e-05]
--- STEP 10 ---
  world_position: [0.05809341 0.03482911 0.6317103 ]
  world_orientation(WXYZ): [ 0.9971255  -0.0159901   0.02459336 -0.06985831]
  joint_pos[:3]: [ 8.2515762e-06 -1.8940226e-04 -5.7204568e-05]
  joint_vel[:3]: [1.7064835  0.05193532 0.35292226]
2026-06-08 02:19:08 [12,877ms] [Warning] [isaacsim.g1.runtime] STEP 10 pos=[0.05809341 0.03482911 0.6317103 ] quat=[ 0.9971255  -0.0159901   0.02459336 -0.06985831]
--- STEP 30 ---
  world_position: [0.36314195 0.065878   0.8717121 ]
  world_orientation(WXYZ): [0.9401998  0.08710478 0.32694873 0.03926335]
  joint_pos[:3]: [-2.1857733e-07  4.5143445e-08 -3.1329325e-08]
  joint_vel[:3]: [-8.5729989e-05  6.1961429e-05 -1.2632823e-05]
2026-06-08 02:19:08 [12,933ms] [Warning] [isaacsim.g1.runtime] STEP 30 pos=[0.36314195 0.065878   0.8717121 ] quat=[0.9401998  0.08710478 0.32694873 0.03926335]
--- STEP 60 ---
  world_position: [ 0.81788075 -0.04528854  0.2092318 ]
  world_orientation(WXYZ): [0.72170717 0.2955109  0.6259022  0.00764688]
  joint_pos[:3]: [-3.9370945e-05  1.5434843e-01  5.5667698e-01]
  joint_vel[:3]: [ 0.12125915 -4.298464    3.6709979 ]
2026-06-08 02:19:08 [13,019ms] [Warning] [isaacsim.g1.runtime] STEP 60 pos=[ 0.81788075 -0.04528854  0.2092318 ] quat=[0.72170717 0.2955109  0.6259022  0.00764688]
=== PHYS STEPPING DONE ===
2026-06-08 02:19:08 [13,020ms] [Warning] [isaacsim.g1.runtime] === PHYS STEPPING DONE ===
