[Info] [carb] Logging to file: /root/.nvidia-omniverse/logs/Kit/Isaac-Sim Minimal Loop Python/4.5/kit_20260607_232934.log
[0.854s] [ext: omni.kit.async_engine-0.0.1] startup
[1.808s] [ext: omni.client.lib-1.0.0] startup
[1.869s] [ext: omni.stats-1.0.1] startup
[1.871s] [ext: omni.client-1.2.2] startup
[1.880s] [ext: omni.gpu_foundation.shadercache.vulkan-1.0.0] startup
[1.897s] [ext: omni.assets.plugins-0.0.0] startup
[1.899s] [ext: omni.gpu_foundation-0.0.0] startup
[1.911s] [ext: omni.kit.pipapi-0.0.0] startup
[1.915s] [ext: omni.kit.pip_archive-0.0.0] startup
[1.916s] [ext: omni.pip.compute-1.4.5] startup
[1.917s] [ext: omni.pip.cloud-1.1.7] startup
[1.941s] [ext: omni.isaac.core_archive-2.3.3] startup
[1.942s] [ext: omni.usd.config-1.0.5] startup
2026-06-07 23:29:36 [1,931ms] [Warning] [omni.usd_config.extension] Enable omni.materialx.libs extension to use MaterialX
[1.952s] [ext: omni.gpucompute.plugins-0.0.0] startup
[1.953s] [ext: omni.usd.libs-1.0.1] startup
[2.072s] [ext: omni.isaac.ml_archive-2.1.2] startup
[2.073s] [ext: omni.usd.schema.physx-106.5.7] startup
[2.334s] [ext: omni.usd.schema.semantics-0.0.0] startup
[2.338s] [ext: omni.usd.schema.audio-0.0.0] startup
[2.344s] [ext: carb.audio-0.1.0] startup
[2.347s] [ext: omni.kit.actions.core-1.0.0] startup
[2.351s] [ext: omni.timeline-1.0.11] startup
[2.355s] [ext: omni.kit.commands-1.4.9] startup
[2.398s] [ext: omni.kvdb-106.5.7] startup
[2.401s] [ext: omni.kit.audiodeviceenum-1.0.1] startup
[2.404s] [ext: usdrt.scenegraph-7.5.1] startup
[2.478s] [ext: omni.convexdecomposition-106.5.7] startup
[2.485s] [ext: omni.localcache-106.5.7] startup
[2.488s] [ext: omni.usd_resolver-1.0.0] startup
[2.494s] [ext: omni.physx.foundation-106.5.7] startup
[2.498s] [ext: omni.graph.exec-0.9.4] startup
[2.498s] [ext: omni.usdphysics-106.5.7] startup
[2.502s] [ext: omni.usd.core-1.4.2] startup
[2.505s] [ext: omni.kit.usd_undo-0.1.8] startup
[2.508s] [ext: omni.kit.exec.core-0.13.4] startup
[2.512s] [ext: omni.physx.cooking-106.5.7] startup
[2.524s] [ext: omni.metrics.core-0.0.1] startup
[2.525s] [ext: omni.blobkey-1.1.2] startup
[2.525s] [ext: omni.datastore-0.0.0] startup
[2.534s] [ext: omni.ujitso.default-1.0.0] startup
[2.538s] [ext: omni.hsscclient-1.1.1] startup
2026-06-07 23:29:36 [2,520ms] [Warning] [omni.datastore] OmniHub is inaccessible
2026-06-07 23:29:36 [2,555ms] [Warning] [omni.platforminfo.plugin] failed to open the default display.  Can't verify X Server version.
[2.583s] [ext: omni.usd-1.12.4] startup
[2.761s] [ext: omni.physx-106.5.7] startup
[2.797s] [ext: omni.kit.numpy.common-0.1.2] startup
[3.247s] [ext: omni.kit.usd.layers-2.2.0] startup
[3.295s] [ext: omni.physics.tensors-106.5.7] startup
[3.326s] [ext: omni.physx.stageupdate-106.5.7] startup
[3.334s] [ext: isaacsim.core.deprecation_manager-0.2.2] startup
[3.339s] [ext: omni.isaac.dynamic_control-1.3.15] startup
2026-06-07 23:29:37 [3,331ms] [Warning] [omni.isaac.dynamic_control] omni.isaac.dynamic_control is deprecated as of Isaac Sim 4.5. No action is needed from end-users.
[3.353s] [ext: omni.physx.tensors-106.5.7] startup
[5.009s] [ext: isaacsim.core.version-2.0.2] startup
[5.013s] [ext: omni.warp.core-1.5.0] startup
[5.549s] [ext: isaacsim.storage.native-1.0.6] startup
[5.558s] [ext: omni.kit.stage_template.core-1.1.22] startup
[5.562s] [ext: isaacsim.core.utils-2.2.8] startup
[5.568s] [ext: omni.kit.primitive.mesh-1.0.17] startup
[5.592s] [ext: isaacsim.core.simulation_manager-0.3.3] startup
[10.442s] [ext: omni.kit.stage_templates-1.2.6] startup
[10.451s] [ext: isaacsim.core.prims-0.3.7] startup
[10.643s] [ext: omni.kit.loop-isaac-1.2.1] startup
[10.645s] [ext: isaacsim.core.api-4.2.16] startup
[10.732s] [ext: isaacsim.min.loop.python.g1-4.5.0] startup
[10.750s] app ready
