[Info] [carb] Logging to file: /root/.nvidia-omniverse/logs/Kit/Isaac-Sim Minimal Python/4.5/kit_20260607_230936.log
[0.823s] [ext: omni.kit.async_engine-0.0.1] startup
[1.763s] [ext: omni.client.lib-1.0.0] startup
[1.826s] [ext: omni.stats-1.0.1] startup
[1.828s] [ext: omni.client-1.2.2] startup
[1.837s] [ext: omni.gpu_foundation.shadercache.vulkan-1.0.0] startup
[1.853s] [ext: omni.assets.plugins-0.0.0] startup
[1.855s] [ext: omni.gpu_foundation-0.0.0] startup
[1.867s] [ext: omni.kit.pipapi-0.0.0] startup
[1.871s] [ext: omni.kit.pip_archive-0.0.0] startup
[1.872s] [ext: omni.pip.compute-1.4.5] startup
[1.873s] [ext: omni.pip.cloud-1.1.7] startup
[1.897s] [ext: omni.isaac.core_archive-2.3.3] startup
[1.898s] [ext: omni.usd.config-1.0.5] startup
2026-06-07 23:09:38 [1,890ms] [Warning] [omni.usd_config.extension] Enable omni.materialx.libs extension to use MaterialX
[1.907s] [ext: omni.gpucompute.plugins-0.0.0] startup
[1.908s] [ext: omni.usd.libs-1.0.1] startup
[2.025s] [ext: omni.isaac.ml_archive-2.1.2] startup
[2.026s] [ext: omni.usd.schema.physx-106.5.7] startup
[2.284s] [ext: omni.usd.schema.semantics-0.0.0] startup
[2.288s] [ext: omni.usd.schema.audio-0.0.0] startup
[2.294s] [ext: carb.audio-0.1.0] startup
[2.297s] [ext: omni.kit.actions.core-1.0.0] startup
[2.301s] [ext: omni.timeline-1.0.11] startup
[2.304s] [ext: omni.kit.commands-1.4.9] startup
[2.347s] [ext: omni.kvdb-106.5.7] startup
[2.350s] [ext: omni.kit.audiodeviceenum-1.0.1] startup
[2.353s] [ext: usdrt.scenegraph-7.5.1] startup
[2.425s] [ext: omni.convexdecomposition-106.5.7] startup
[2.433s] [ext: omni.localcache-106.5.7] startup
[2.436s] [ext: omni.usd_resolver-1.0.0] startup
[2.442s] [ext: omni.physx.foundation-106.5.7] startup
[2.446s] [ext: omni.graph.exec-0.9.4] startup
[2.446s] [ext: omni.usdphysics-106.5.7] startup
[2.450s] [ext: omni.usd.core-1.4.2] startup
[2.454s] [ext: omni.kit.usd_undo-0.1.8] startup
[2.456s] [ext: omni.kit.exec.core-0.13.4] startup
[2.460s] [ext: omni.physx.cooking-106.5.7] startup
[2.471s] [ext: omni.metrics.core-0.0.1] startup
[2.472s] [ext: omni.blobkey-1.1.2] startup
[2.472s] [ext: omni.datastore-0.0.0] startup
[2.481s] [ext: omni.ujitso.default-1.0.0] startup
[2.485s] [ext: omni.hsscclient-1.1.1] startup
2026-06-07 23:09:38 [2,471ms] [Warning] [omni.datastore] OmniHub is inaccessible
2026-06-07 23:09:38 [2,505ms] [Warning] [omni.platforminfo.plugin] failed to open the default display.  Can't verify X Server version.
[2.529s] [ext: omni.usd-1.12.4] startup
[2.684s] [ext: omni.physx-106.5.7] startup
[2.728s] [ext: omni.kit.numpy.common-0.1.2] startup
[3.169s] [ext: omni.kit.usd.layers-2.2.0] startup
[3.232s] [ext: omni.physics.tensors-106.5.7] startup
[3.275s] [ext: omni.physx.stageupdate-106.5.7] startup
[3.284s] [ext: isaacsim.core.deprecation_manager-0.2.2] startup
[3.289s] [ext: omni.isaac.dynamic_control-1.3.15] startup
2026-06-07 23:09:39 [3,285ms] [Warning] [omni.isaac.dynamic_control] omni.isaac.dynamic_control is deprecated as of Isaac Sim 4.5. No action is needed from end-users.
[3.303s] [ext: omni.physx.tensors-106.5.7] startup
[4.932s] [ext: isaacsim.core.version-2.0.2] startup
[4.935s] [ext: omni.warp.core-1.5.0] startup
[5.428s] [ext: isaacsim.storage.native-1.0.6] startup
[5.436s] [ext: omni.kit.stage_template.core-1.1.22] startup
[5.440s] [ext: isaacsim.core.utils-2.2.8] startup
[5.446s] [ext: omni.kit.primitive.mesh-1.0.17] startup
[5.471s] [ext: isaacsim.core.simulation_manager-0.3.3] startup
[10.271s] [ext: omni.kit.stage_templates-1.2.6] startup
[10.281s] [ext: isaacsim.core.prims-0.3.7] startup
[10.449s] [ext: isaacsim.core.api-4.2.16] startup
[10.536s] [ext: isaacsim.min.python.g1-4.5.0] startup
