[Info] [carb] Logging to file: /root/.nvidia-omniverse/logs/Kit/Isaac-Sim Minimal Loop Python/4.5/kit_20260608_015755.log
[0.822s] [ext: omni.kit.async_engine-0.0.1] startup
[1.775s] [ext: omni.client.lib-1.0.0] startup
[1.835s] [ext: omni.stats-1.0.1] startup
[1.837s] [ext: omni.client-1.2.2] startup
[1.846s] [ext: omni.gpu_foundation.shadercache.vulkan-1.0.0] startup
[1.862s] [ext: omni.assets.plugins-0.0.0] startup
[1.864s] [ext: omni.gpu_foundation-0.0.0] startup
[1.877s] [ext: omni.kit.pipapi-0.0.0] startup
[1.881s] [ext: omni.kit.pip_archive-0.0.0] startup
[1.882s] [ext: omni.pip.compute-1.4.5] startup
[1.883s] [ext: omni.pip.cloud-1.1.7] startup
[1.908s] [ext: omni.isaac.core_archive-2.3.3] startup
[1.909s] [ext: omni.usd.config-1.0.5] startup
2026-06-08 01:57:57 [1,902ms] [Warning] [omni.usd_config.extension] Enable omni.materialx.libs extension to use MaterialX
[1.919s] [ext: omni.gpucompute.plugins-0.0.0] startup
[1.920s] [ext: omni.usd.libs-1.0.1] startup
[2.041s] [ext: omni.isaac.ml_archive-2.1.2] startup
[2.042s] [ext: omni.usd.schema.physx-106.5.7] startup
[2.311s] [ext: omni.usd.schema.semantics-0.0.0] startup
[2.316s] [ext: omni.usd.schema.audio-0.0.0] startup
[2.322s] [ext: carb.audio-0.1.0] startup
[2.342s] [ext: omni.kit.actions.core-1.0.0] startup
[2.347s] [ext: omni.timeline-1.0.11] startup
[2.350s] [ext: omni.kit.commands-1.4.9] startup
[2.397s] [ext: omni.kvdb-106.5.7] startup
[2.400s] [ext: omni.kit.audiodeviceenum-1.0.1] startup
[2.403s] [ext: usdrt.scenegraph-7.5.1] startup
[2.480s] [ext: omni.convexdecomposition-106.5.7] startup
[2.488s] [ext: omni.localcache-106.5.7] startup
[2.491s] [ext: omni.usd_resolver-1.0.0] startup
[2.497s] [ext: omni.physx.foundation-106.5.7] startup
[2.501s] [ext: omni.graph.exec-0.9.4] startup
[2.502s] [ext: omni.usdphysics-106.5.7] startup
[2.506s] [ext: omni.usd.core-1.4.2] startup
[2.509s] [ext: omni.kit.usd_undo-0.1.8] startup
[2.512s] [ext: omni.kit.exec.core-0.13.4] startup
[2.516s] [ext: omni.physx.cooking-106.5.7] startup
[2.528s] [ext: omni.metrics.core-0.0.1] startup
[2.528s] [ext: omni.blobkey-1.1.2] startup
[2.529s] [ext: omni.datastore-0.0.0] startup
[2.538s] [ext: omni.ujitso.default-1.0.0] startup
[2.542s] [ext: omni.hsscclient-1.1.1] startup
2026-06-08 01:57:57 [2,528ms] [Warning] [omni.datastore] OmniHub is inaccessible
2026-06-08 01:57:58 [2,544ms] [Warning] [omni.platforminfo.plugin] failed to open the default display.  Can't verify X Server version.
[2.568s] [ext: omni.usd-1.12.4] startup
[2.736s] [ext: omni.physx-106.5.7] startup
[2.775s] [ext: omni.kit.numpy.common-0.1.2] startup
[3.265s] [ext: omni.kit.usd.layers-2.2.0] startup
[3.331s] [ext: omni.physics.tensors-106.5.7] startup
[3.374s] [ext: omni.physx.stageupdate-106.5.7] startup
[3.384s] [ext: isaacsim.core.deprecation_manager-0.2.2] startup
[3.390s] [ext: omni.isaac.dynamic_control-1.3.15] startup
2026-06-08 01:57:58 [3,383ms] [Warning] [omni.isaac.dynamic_control] omni.isaac.dynamic_control is deprecated as of Isaac Sim 4.5. No action is needed from end-users.
[3.402s] [ext: omni.physx.tensors-106.5.7] startup
[5.019s] [ext: isaacsim.core.version-2.0.2] startup
[5.022s] [ext: omni.warp.core-1.5.0] startup
[5.555s] [ext: isaacsim.storage.native-1.0.6] startup
[5.562s] [ext: omni.kit.stage_template.core-1.1.22] startup
[5.566s] [ext: isaacsim.core.utils-2.2.8] startup
[5.572s] [ext: omni.kit.primitive.mesh-1.0.17] startup
[5.601s] [ext: isaacsim.core.simulation_manager-0.3.3] startup
[10.356s] [ext: omni.kit.stage_templates-1.2.6] startup
[10.366s] [ext: isaacsim.core.prims-0.3.7] startup
[10.556s] [ext: isaacsim.core.api-4.2.16] startup
[10.642s] [ext: omni.kit.loop-isaac-1.2.1] startup
[10.645s] [ext: isaacsim.g1.runtime-0.1.0] startup
=== STARTUP EXTENSION OK ===
2026-06-08 01:58:06 [10,630ms] [Warning] [isaacsim.g1.runtime] === STARTUP EXTENSION OK ===
[10.647s] [ext: isaacsim.min.loop.g1ext.test-4.5.0] startup
[10.666s] app ready

|---------------------------------------------------------------------------------------------|
| Driver Version: 580.159.03    | Graphics API: Vulkan
|=============================================================================================|
| GPU | Name                             | Active | LDA | GPU Memory | Vendor-ID | LUID       |
|     |                                  |        |     |            | Device-ID | UUID       |
|     |                                  |        |     |            | Bus-ID    |            |
|---------------------------------------------------------------------------------------------|
| 0   | Tesla T4                         | Yes: 0 |     | 15606   MB | 10de      | 0          |
|     |                                  |        |     |            | 1eb8      | ddfd322a.. |
|     |                                  |        |     |            | 0         |            |
|=============================================================================================|
| OS: 22.04.5 LTS (Jammy Jellyfish) ubuntu, Version: 22.04.5, Kernel: 5.15.0-181-generic
| Processor: Intel(R) Xeon(R) Gold 6152 CPU @ 2.10GHz
| Cores: 2 | Logical Cores: 4
|---------------------------------------------------------------------------------------------|
| Total Memory (MB): 32092 | Free Memory: 30280
| Total Page/Swap (MB): 0 | Free Page/Swap: 0
|---------------------------------------------------------------------------------------------|
2026-06-08 01:58:06 [11,511ms] [Warning] [gpu.foundation.plugin] ECC is enabled on physical device 0
2026-06-08 01:58:07 [12,386ms] [Warning] [omni.physx.plugin] Detected an articulation at /World/G1 with more than 4 velocity iterations being added to a TGS scene.The related behavior changed recently, please consult the changelog. This warning will only print once.
=== G1 LOADED ===
num_dof: 37
2026-06-08 01:58:08 [12,701ms] [Warning] [isaacsim.g1.runtime] === G1 LOADED === num_dof: 37
=== G1 STEP FAILED: TypeError: object NoneType can't be used in 'await' expression ===
2026-06-08 01:58:08 [12,702ms] [Error] [omni.kit.app._impl] [py stderr]: Traceback (most recent call last):
2026-06-08 01:58:08 [12,702ms] [Error] [omni.kit.app._impl] [py stderr]:   File "/g1ext/isaacsim.g1.runtime/isaacsim/g1/runtime/__init__.py", line 45, in _run_async
    await world.step_async()
2026-06-08 01:58:08 [12,702ms] [Error] [omni.kit.app._impl] [py stderr]: TypeError: object NoneType can't be used in 'await' expression
