[Info] [carb] Logging to file: /root/.nvidia-omniverse/logs/Kit/Isaac-Sim Minimal Loop Python/4.5/kit_20260608_222703.log
[0.828s] [ext: omni.kit.async_engine-0.0.1] startup
[1.887s] [ext: omni.metrics.core-0.0.1] startup
[1.887s] [ext: omni.client.lib-1.0.0] startup
[1.947s] [ext: omni.blobkey-1.1.2] startup
[1.947s] [ext: omni.stats-1.0.1] startup
[1.949s] [ext: omni.datastore-0.0.0] startup
[1.959s] [ext: omni.client-1.2.2] startup
[1.968s] [ext: omni.ujitso.default-1.0.0] startup
[1.971s] [ext: omni.hsscclient-1.1.1] startup
2026-06-08 22:27:05 [1,956ms] [Warning] [omni.datastore] OmniHub is inaccessible
[1.978s] [ext: omni.gpu_foundation.shadercache.vulkan-1.0.0] startup
[1.994s] [ext: omni.assets.plugins-0.0.0] startup
[1.997s] [ext: omni.gpu_foundation-0.0.0] startup
[2.012s] [ext: carb.windowing.plugins-1.0.0] startup
2026-06-08 22:27:05 [1,996ms] [Warning] [carb.windowing-glfw.plugin] GLFW initialization failed.
2026-06-08 22:27:05 [1,996ms] [Warning] [carb] Failed to startup plugin carb.windowing-glfw.plugin (interfaces: [carb::windowing::IGLContext v1.0],[carb::windowing::IWindowing v1.5]) (impl: carb.windowing-glfw.plugin)
[2.013s] [ext: omni.kit.renderer.init-0.0.0] startup
2026-06-08 22:27:05 [2,032ms] [Warning] [omni.platforminfo.plugin] failed to open the default display.  Can't verify X Server version.

|---------------------------------------------------------------------------------------------|
| Driver Version: 580.159.03    | Graphics API: Vulkan
|=============================================================================================|
| GPU | Name                             | Active | LDA | GPU Memory | Vendor-ID | LUID       |
|     |                                  |        |     |            | Device-ID | UUID       |
|     |                                  |        |     |            | Bus-ID    |            |
|---------------------------------------------------------------------------------------------|
| 0   | Tesla T4                         | Yes: 0 |     | 15606   MB | 10de      | 0          |
|     |                                  |        |     |            | 1eb8      | ddfd322a.. |
|     |                                  |        |     |            | 0         |            |
|=============================================================================================|
| OS: 22.04.5 LTS (Jammy Jellyfish) ubuntu, Version: 22.04.5, Kernel: 5.15.0-181-generic
| Processor: Intel(R) Xeon(R) Gold 6152 CPU @ 2.10GHz
| Cores: 2 | Logical Cores: 4
|---------------------------------------------------------------------------------------------|
| Total Memory (MB): 32092 | Free Memory: 30547
| Total Page/Swap (MB): 0 | Free Page/Swap: 0
|---------------------------------------------------------------------------------------------|
2026-06-08 22:27:08 [4,457ms] [Warning] [gpu.foundation.plugin] ECC is enabled on physical device 0
[4.748s] [ext: omni.kit.pipapi-0.0.0] startup
[4.755s] [ext: omni.kit.pip_archive-0.0.0] startup
[4.756s] [ext: omni.pip.compute-1.4.5] startup
[4.757s] [ext: omni.materialx.libs-1.0.6] startup
[4.775s] [ext: omni.pip.cloud-1.1.7] startup
[4.801s] [ext: omni.isaac.core_archive-2.3.3] startup
[4.802s] [ext: omni.usd.config-1.0.5] startup
[4.812s] [ext: omni.gpucompute.plugins-0.0.0] startup
[4.813s] [ext: omni.usd.libs-1.0.1] startup
[4.970s] [ext: omni.kit.loop-isaac-1.2.1] startup
[4.972s] [ext: omni.kit.test-1.1.2] startup
[5.487s] [ext: omni.mdl-55.0.1] startup
[5.729s] [ext: omni.iray.libs-0.0.0] startup
[5.739s] [ext: omni.mdl.neuraylib-0.2.10] startup
[5.747s] [ext: omni.kit.usd.mdl-1.0.7] startup
[5.982s] [ext: omni.isaac.ml_archive-2.1.2] startup
[5.983s] [ext: omni.usd.schema.anim-0.0.0] startup
[6.033s] [ext: isaacsim.robot.schema-3.1.2] startup
[6.049s] [ext: omni.usd.schema.geospatial-0.0.0] startup
[6.055s] [ext: omni.usd.schema.audio-0.0.0] startup
[6.061s] [ext: omni.usd.schema.omnigraph-1.0.0] startup
[6.072s] [ext: omni.usd.schema.physx-106.5.7] startup
[6.131s] [ext: omni.usd.schema.semantics-0.0.0] startup
[6.137s] [ext: omni.appwindow-1.1.9] startup
2026-06-08 22:27:09 [6,122ms] [Warning] [carb.windowing-glfw.plugin] GLFW initialization failed.
2026-06-08 22:27:09 [6,122ms] [Warning] [carb] Failed to startup plugin carb.windowing-glfw.plugin (interfaces: [carb::windowing::IGLContext v1.0],[carb::windowing::IWindowing v1.5]) (impl: carb.windowing-glfw.plugin)
[6.142s] [ext: omni.kit.renderer.core-1.0.2] startup
2026-06-08 22:27:09 [6,144ms] [Warning] [carb.windowing-glfw.plugin] GLFW initialization failed.
2026-06-08 22:27:09 [6,144ms] [Warning] [carb] Failed to startup plugin carb.windowing-glfw.plugin (interfaces: [carb::windowing::IGLContext v1.0],[carb::windowing::IWindowing v1.5]) (impl: carb.windowing-glfw.plugin)
2026-06-08 22:27:09 [6,155ms] [Warning] [carb.windowing-glfw.plugin] GLFW initialization failed.
2026-06-08 22:27:09 [6,156ms] [Warning] [carb] Failed to startup plugin carb.windowing-glfw.plugin (interfaces: [carb::windowing::IGLContext v1.0],[carb::windowing::IWindowing v1.5]) (impl: carb.windowing-glfw.plugin)
[6.176s] [ext: omni.kit.renderer.capture-0.0.0] startup
[6.183s] [ext: omni.kit.renderer.imgui-1.0.2] startup
2026-06-08 22:27:09 [6,172ms] [Warning] [carb.windowing-glfw.plugin] GLFW initialization failed.
2026-06-08 22:27:09 [6,172ms] [Warning] [carb] Failed to startup plugin carb.windowing-glfw.plugin (interfaces: [carb::windowing::IGLContext v1.0],[carb::windowing::IWindowing v1.5]) (impl: carb.windowing-glfw.plugin)
2026-06-08 22:27:09 [6,175ms] [Warning] [carb.windowing-glfw.plugin] GLFW initialization failed.
2026-06-08 22:27:09 [6,175ms] [Warning] [carb] Failed to startup plugin carb.windowing-glfw.plugin (interfaces: [carb::windowing::IGLContext v1.0],[carb::windowing::IWindowing v1.5]) (impl: carb.windowing-glfw.plugin)
2026-06-08 22:27:09 [6,176ms] [Warning] [carb.windowing-glfw.plugin] GLFW initialization failed.
2026-06-08 22:27:09 [6,176ms] [Warning] [carb] Failed to startup plugin carb.windowing-glfw.plugin (interfaces: [carb::windowing::IGLContext v1.0],[carb::windowing::IWindowing v1.5]) (impl: carb.windowing-glfw.plugin)
[7.373s] [ext: omni.ui-2.26.5] startup
[7.400s] [ext: omni.kit.actions.core-1.0.0] startup
[7.408s] [ext: omni.kit.window.popup_dialog-2.0.24] startup
[7.424s] [ext: omni.kit.commands-1.4.9] startup
[7.440s] [ext: omni.graph.exec-0.9.4] startup
[7.441s] [ext: carb.audio-0.1.0] startup
[7.462s] [ext: omni.usd_resolver-1.0.0] startup
[7.469s] [ext: omni.kit.usd_undo-0.1.8] startup
[7.472s] [ext: omni.kit.exec.core-0.13.4] startup
[7.477s] [ext: omni.kit.audiodeviceenum-1.0.1] startup
[7.480s] [ext: omni.usd.core-1.4.2] startup
[7.485s] [ext: omni.timeline-1.0.11] startup
[7.489s] [ext: omni.kit.widget.nucleus_connector-1.1.10] startup
[7.503s] [ext: omni.hydra.scene_delegate-0.3.3] startup
[7.511s] [ext: omni.usd-1.12.4] startup
[7.654s] [ext: omni.kit.graph.usd.commands-1.3.1] startup
[7.662s] [ext: omni.kit.widget.graph-1.12.17] startup
[7.718s] [ext: omni.kit.menu.core-1.1.2] startup
[7.725s] [ext: omni.kit.widget.searchfield-1.1.8] startup
[7.734s] [ext: omni.kit.graph.delegate.default-1.2.2] startup
[7.736s] [ext: omni.index.libs-380600.1777.0] startup
[7.736s] [ext: omni.kit.menu.utils-1.7.7] startup
[7.786s] [ext: omni.kit.graph.editor.core-1.5.3] startup
[7.805s] [ext: omni.index-1.0.1] startup
[7.807s] [ext: omni.hydra.rtx.shadercache.vulkan-1.0.0] startup
[7.810s] [ext: omni.kit.usd.layers-2.2.0] startup
[7.856s] [ext: usdrt.scenegraph-7.5.1] startup
[7.944s] [ext: omni.inspect-1.0.1] startup
[7.947s] [ext: omni.graph.tools-1.79.1] startup
[8.158s] [ext: omni.graph.core-2.181.8] startup
[8.163s] [ext: omni.ujitso.processor.texture-1.0.0] startup
[8.165s] [ext: omni.graph-1.140.2] startup
[8.839s] [ext: omni.volume-0.5.0] startup
[8.850s] [ext: omni.ujitso.client-0.0.0] startup
[8.852s] [ext: omni.graph.scriptnode-1.40.1] startup
[8.856s] [ext: omni.hydra.rtx-1.0.0] startup
2026-06-08 22:27:12 [8,851ms] [Warning] [omni.log] Source: omni.hydra was already registered.
[8.901s] [ext: omni.kit.primitive.mesh-1.0.17] startup
[8.928s] [ext: omni.kit.widget.path_field-2.0.11] startup
[8.936s] [ext: omni.kit.clipboard-1.0.5] startup
[8.939s] [ext: omni.kit.hydra_texture-1.4.0] startup
[8.947s] [ext: omni.kit.stage_template.core-1.1.22] startup
[8.952s] [ext: omni.kit.widget.material_preview-1.0.16] startup
[8.966s] [ext: omni.kit.stage_templates-1.2.6] startup
[8.978s] [ext: omni.kit.widget.browser_bar-2.0.10] startup
[8.986s] [ext: omni.kit.widget.options_menu-1.1.6] startup
[9.004s] [ext: omni.kit.notification_manager-1.0.9] startup
[9.019s] [ext: omni.kit.helper.file_utils-0.1.9] startup
[9.028s] [ext: omni.kit.widget.options_button-1.0.3] startup
[9.032s] [ext: omni.ui.scene-1.11.2] startup
[9.041s] [ext: omni.kit.widget.filebrowser-2.10.52] startup
[9.084s] [ext: omni.kit.widget.context_menu-1.2.4] startup
[9.093s] [ext: omni.activity.core-1.0.1] startup
[9.097s] [ext: omni.convexdecomposition-106.5.7] startup
[9.106s] [ext: omni.kit.window.filepicker-2.11.7] startup
[9.228s] [ext: omni.kvdb-106.5.7] startup
[9.234s] [ext: omni.usdphysics-106.5.7] startup
[9.240s] [ext: omni.physx.foundation-106.5.7] startup
[9.245s] [ext: omni.localcache-106.5.7] startup
[9.249s] [ext: omni.kit.hotkeys.core-1.3.10] startup
[9.251s] [ext: omni.kit.context_menu-1.8.3] startup
[9.268s] [ext: omni.physx.cooking-106.5.7] startup
[9.283s] [ext: omni.kit.window.file_exporter-1.0.31] startup
[9.293s] [ext: omni.kit.widget.filter-1.1.4] startup
[9.299s] [ext: isaacsim.core.deprecation_manager-0.2.2] startup
[9.305s] [ext: omni.physx-106.5.7] startup
[9.341s] [ext: omni.kit.widget.stage-2.11.6] startup
[9.425s] [ext: isaacsim.core.version-2.0.2] startup
[9.430s] [ext: omni.physx.stageupdate-106.5.7] startup
[9.440s] [ext: omni.kit.numpy.common-0.1.2] startup
[9.445s] [ext: omni.graph.image.core-0.6.0] startup
[9.447s] [ext: isaacsim.storage.native-1.0.6] startup
[9.454s] [ext: omni.isaac.dynamic_control-1.3.15] startup
2026-06-08 22:27:13 [9,450ms] [Warning] [omni.isaac.dynamic_control] omni.isaac.dynamic_control is deprecated as of Isaac Sim 4.5. No action is needed from end-users.
[9.469s] [ext: omni.graph.image.nodes-1.3.0] startup
[9.473s] [ext: omni.warp.core-1.5.0] startup
[9.937s] [ext: omni.graph.action_core-1.1.7] startup
[9.944s] [ext: omni.hydra.engine.stats-1.0.3] startup
[9.950s] [ext: isaacsim.core.utils-2.2.8] startup
[9.957s] [ext: omni.graph.nodes-1.162.1] startup
[9.976s] [ext: omni.graph.action_nodes-1.40.1] startup
[9.984s] [ext: omni.kit.widget.viewport-107.0.7] startup
[10.032s] [ext: omni.kit.viewport.registry-104.0.6] startup
[10.037s] [ext: omni.kit.material.library-1.5.15] startup
[10.097s] [ext: omni.graph.action-1.120.0] startup
[10.101s] [ext: omni.physics.tensors-106.5.7] startup
[10.204s] [ext: omni.kit.viewport.window-107.0.8] startup
[10.315s] [ext: omni.kit.widget.settings-1.2.2] startup
[10.336s] [ext: omni.physx.tensors-106.5.7] startup
[10.346s] [ext: omni.kit.viewport.utility-1.0.18] startup
[10.354s] [ext: omni.kit.window.preferences-1.7.0] startup
[10.400s] [ext: isaacsim.core.simulation_manager-0.3.3] startup
[14.955s] [ext: omni.warp-1.5.0] startup
[14.993s] [ext: omni.syntheticdata-0.6.10] startup
2026-06-08 22:27:18 [15,159ms] [Error] [omni.syntheticdata.scripts.extension] SyntheticData extension needs at least a stageFrameHistoryCount of 3
[15.186s] [ext: omni.kit.window.material_graph-1.8.19] startup
[15.594s] [ext: isaacsim.core.prims-0.3.7] startup
[15.778s] [ext: omni.replicator.core-1.11.35] startup
Warp 1.5.0 initialized:
   CUDA Toolkit 11.8, Driver 13.0
   Devices:
     "cpu"      : "x86_64"
     "cuda:0"   : "Tesla T4" (15 GiB, sm_75, mempool enabled)
   Kernel cache:
     /root/.cache/warp/1.5.0
2026-06-08 22:27:19 [16,119ms] [Warning] [omni.replicator.core.scripts.extension] No material configuration file, adding configuration to material settings directly.
[16.142s] [ext: isaacsim.core.api-4.2.16] startup
[16.359s] [ext: isaacsim.core.nodes-2.1.4] startup
[16.413s] [ext: isaacsim.sensors.physics-0.3.5] startup
[16.497s] [ext: isaacsim.g1.sensorprobe-0.1.0] startup
=== STARTUP EXTENSION OK ===
2026-06-08 22:27:20 [16,498ms] [Warning] [isaacsim.g1.sensorprobe] === STARTUP EXTENSION OK ===
=== SENSORS.PHYSICS IMPORT OK ===
2026-06-08 22:27:20 [16,498ms] [Warning] [isaacsim.g1.sensorprobe] === SENSORS.PHYSICS IMPORT OK ===
=== IMU + CONTACT CLASSES AVAILABLE ===
2026-06-08 22:27:20 [16,498ms] [Warning] [isaacsim.g1.sensorprobe] === IMU + CONTACT CLASSES AVAILABLE ===
[16.521s] [ext: 4d3b4probe-4.5.0] startup
[16.561s] app ready
2026-06-08 22:27:20 [16,879ms] [Warning] [rtx.neuraylib.plugin] [IRAY:RENDER]   1.1   IRAY   rend warn : CUDA device 0 (Tesla T4): ECC is enabled, this will reduce rendering performance (it is strongly recommended to disable ECC with iray)
