[Info] [carb] Logging to file: /root/.nvidia-omniverse/logs/Kit/Isaac-Sim Minimal Loop Python/4.5/kit_20260608_224756.log
[0.829s] [ext: omni.kit.async_engine-0.0.1] startup
[1.771s] [ext: omni.client.lib-1.0.0] startup
[1.829s] [ext: omni.stats-1.0.1] startup
[1.831s] [ext: omni.client-1.2.2] startup
[1.840s] [ext: omni.gpu_foundation.shadercache.vulkan-1.0.0] startup
[1.857s] [ext: omni.assets.plugins-0.0.0] startup
[1.859s] [ext: omni.gpu_foundation-0.0.0] startup
[1.872s] [ext: omni.kit.pipapi-0.0.0] startup
[1.877s] [ext: omni.kit.pip_archive-0.0.0] startup
[1.878s] [ext: omni.pip.compute-1.4.5] startup
[1.879s] [ext: omni.pip.cloud-1.1.7] startup
[1.904s] [ext: omni.isaac.core_archive-2.3.3] startup
[1.905s] [ext: omni.usd.config-1.0.5] startup
2026-06-08 22:47:58 [1,897ms] [Warning] [omni.usd_config.extension] Enable omni.materialx.libs extension to use MaterialX
[1.915s] [ext: omni.gpucompute.plugins-0.0.0] startup
[1.916s] [ext: omni.usd.libs-1.0.1] startup
[2.042s] [ext: omni.isaac.ml_archive-2.1.2] startup
[2.043s] [ext: omni.usd.schema.physx-106.5.7] startup
[2.314s] [ext: omni.usd.schema.semantics-0.0.0] startup
[2.320s] [ext: omni.usd.schema.audio-0.0.0] startup
[2.326s] [ext: carb.audio-0.1.0] startup
[2.349s] [ext: omni.kit.actions.core-1.0.0] startup
[2.353s] [ext: omni.timeline-1.0.11] startup
[2.357s] [ext: omni.kit.commands-1.4.9] startup
[2.400s] [ext: omni.kvdb-106.5.7] startup
[2.404s] [ext: omni.kit.audiodeviceenum-1.0.1] startup
[2.407s] [ext: usdrt.scenegraph-7.5.1] startup
[2.482s] [ext: omni.convexdecomposition-106.5.7] startup
[2.489s] [ext: omni.localcache-106.5.7] startup
[2.492s] [ext: omni.usd_resolver-1.0.0] startup
[2.498s] [ext: omni.physx.foundation-106.5.7] startup
[2.502s] [ext: omni.graph.exec-0.9.4] startup
[2.503s] [ext: omni.usdphysics-106.5.7] startup
[2.507s] [ext: omni.usd.core-1.4.2] startup
[2.510s] [ext: omni.kit.usd_undo-0.1.8] startup
[2.513s] [ext: omni.kit.exec.core-0.13.4] startup
[2.517s] [ext: omni.physx.cooking-106.5.7] startup
[2.528s] [ext: omni.metrics.core-0.0.1] startup
[2.529s] [ext: omni.blobkey-1.1.2] startup
[2.529s] [ext: omni.datastore-0.0.0] startup
[2.538s] [ext: omni.ujitso.default-1.0.0] startup
[2.542s] [ext: omni.hsscclient-1.1.1] startup
2026-06-08 22:47:58 [2,528ms] [Warning] [omni.datastore] OmniHub is inaccessible
2026-06-08 22:47:58 [2,567ms] [Warning] [omni.platforminfo.plugin] failed to open the default display.  Can't verify X Server version.
[2.591s] [ext: omni.usd-1.12.4] startup
[2.748s] [ext: omni.physx-106.5.7] startup
[2.786s] [ext: omni.kit.numpy.common-0.1.2] startup
[3.282s] [ext: omni.kit.usd.layers-2.2.0] startup
[3.331s] [ext: omni.physics.tensors-106.5.7] startup
[3.363s] [ext: omni.physx.stageupdate-106.5.7] startup
[3.372s] [ext: isaacsim.core.deprecation_manager-0.2.2] startup
[3.377s] [ext: omni.isaac.dynamic_control-1.3.15] startup
2026-06-08 22:47:59 [3,371ms] [Warning] [omni.isaac.dynamic_control] omni.isaac.dynamic_control is deprecated as of Isaac Sim 4.5. No action is needed from end-users.
[3.390s] [ext: omni.physx.tensors-106.5.7] startup
[5.010s] [ext: isaacsim.core.version-2.0.2] startup
[5.015s] [ext: omni.warp.core-1.5.0] startup
[5.508s] [ext: isaacsim.storage.native-1.0.6] startup
[5.529s] [ext: omni.kit.stage_template.core-1.1.22] startup
[5.533s] [ext: isaacsim.core.utils-2.2.8] startup
[5.539s] [ext: omni.kit.primitive.mesh-1.0.17] startup
[5.563s] [ext: isaacsim.core.simulation_manager-0.3.3] startup
[9.990s] [ext: omni.kit.stage_templates-1.2.6] startup
[9.999s] [ext: isaacsim.core.prims-0.3.7] startup
[10.176s] [ext: isaacsim.core.api-4.2.16] startup
[10.267s] [ext: omni.kit.loop-isaac-1.2.1] startup
[10.270s] [ext: isaacsim.g1.linklist-0.1.0] startup
[10.271s] [ext: linklist-4.5.0] startup
[10.290s] app ready

|---------------------------------------------------------------------------------------------|
| Driver Version: 580.159.03    | Graphics API: Vulkan
|=============================================================================================|
| GPU | Name                             | Active | LDA | GPU Memory | Vendor-ID | LUID       |
|     |                                  |        |     |            | Device-ID | UUID       |
|     |                                  |        |     |            | Bus-ID    |            |
|---------------------------------------------------------------------------------------------|
| 0   | Tesla T4                         | Yes: 0 |     | 15606   MB | 10de      | 0          |
|     |                                  |        |     |            | 1eb8      | ddfd322a.. |
|     |                                  |        |     |            | 0         |            |
|=============================================================================================|
| OS: 22.04.5 LTS (Jammy Jellyfish) ubuntu, Version: 22.04.5, Kernel: 5.15.0-181-generic
| Processor: Intel(R) Xeon(R) Gold 6152 CPU @ 2.10GHz
| Cores: 2 | Logical Cores: 4
|---------------------------------------------------------------------------------------------|
| Total Memory (MB): 32092 | Free Memory: 30235
| Total Page/Swap (MB): 0 | Free Page/Swap: 0
|---------------------------------------------------------------------------------------------|
2026-06-08 22:48:07 [11,125ms] [Warning] [gpu.foundation.plugin] ECC is enabled on physical device 0
2026-06-08 22:48:08 [12,161ms] [Warning] [omni.physx.plugin] Detected an articulation at /World/G1 with more than 4 velocity iterations being added to a TGS scene.The related behavior changed recently, please consult the changelog. This warning will only print once.
=== DOF NAMES ===
['torso_joint', 'left_shoulder_pitch_joint', 'right_shoulder_pitch_joint', 'left_hip_pitch_joint', 'right_hip_pitch_joint', 'left_shoulder_roll_joint', 'right_shoulder_roll_joint', 'left_hip_roll_joint', 'right_hip_roll_joint', 'left_shoulder_yaw_joint', 'right_shoulder_yaw_joint', 'left_hip_yaw_joint', 'right_hip_yaw_joint', 'left_elbow_pitch_joint', 'right_elbow_pitch_joint', 'left_knee_joint', 'right_knee_joint', 'left_elbow_roll_joint', 'right_elbow_roll_joint', 'left_ankle_pitch_joint', 'right_ankle_pitch_joint', 'left_ankle_roll_joint', 'right_ankle_roll_joint', 'left_five_joint', 'left_three_joint', 'left_zero_joint', 'right_five_joint', 'right_three_joint', 'right_zero_joint', 'left_six_joint', 'left_four_joint', 'left_one_joint', 'right_six_joint', 'right_four_joint', 'right_one_joint', 'left_two_joint', 'right_two_joint']
2026-06-08 22:48:08 [12,487ms] [Warning] [isaacsim.g1.linklist] DOF: ['torso_joint', 'left_shoulder_pitch_joint', 'right_shoulder_pitch_joint', 'left_hip_pitch_joint', 'right_hip_pitch_joint', 'left_shoulder_roll_joint', 'right_shoulder_roll_joint', 'left_hip_roll_joint', 'right_hip_roll_joint', 'left_shoulder_yaw_joint', 'right_shoulder_yaw_joint', 'left_hip_yaw_joint', 'right_hip_yaw_joint', 'left_elbow_pitch_joint', 'right_elbow_pitch_joint', 'left_knee_joint', 'right_knee_joint', 'left_elbow_roll_joint', 'right_elbow_roll_joint', 'left_ankle_pitch_joint', 'right_ankle_pitch_joint', 'left_ankle_roll_joint', 'right_ankle_roll_joint', 'left_five_joint', 'left_three_joint', 'left_zero_joint', 'right_five_joint', 'right_three_joint', 'right_zero_joint', 'left_six_joint', 'left_four_joint', 'left_one_joint', 'right_six_joint', 'right_four_joint', 'right_one_joint', 'left_two_joint', 'right_two_joint']
=== LINK PRIMS (ankle/foot) ===
/World/G1/left_knee_link/left_ankle_pitch_joint
2026-06-08 22:48:08 [12,487ms] [Warning] [isaacsim.g1.linklist] LINK: /World/G1/left_knee_link/left_ankle_pitch_joint
/World/G1/left_ankle_pitch_link
2026-06-08 22:48:08 [12,488ms] [Warning] [isaacsim.g1.linklist] LINK: /World/G1/left_ankle_pitch_link
/World/G1/left_ankle_pitch_link/left_ankle_roll_joint
2026-06-08 22:48:08 [12,488ms] [Warning] [isaacsim.g1.linklist] LINK: /World/G1/left_ankle_pitch_link/left_ankle_roll_joint
/World/G1/left_ankle_roll_link
2026-06-08 22:48:08 [12,488ms] [Warning] [isaacsim.g1.linklist] LINK: /World/G1/left_ankle_roll_link
/World/G1/right_knee_link/right_ankle_pitch_joint
2026-06-08 22:48:08 [12,488ms] [Warning] [isaacsim.g1.linklist] LINK: /World/G1/right_knee_link/right_ankle_pitch_joint
/World/G1/right_ankle_pitch_link
2026-06-08 22:48:08 [12,489ms] [Warning] [isaacsim.g1.linklist] LINK: /World/G1/right_ankle_pitch_link
/World/G1/right_ankle_pitch_link/right_ankle_roll_joint
2026-06-08 22:48:08 [12,489ms] [Warning] [isaacsim.g1.linklist] LINK: /World/G1/right_ankle_pitch_link/right_ankle_roll_joint
/World/G1/right_ankle_roll_link
2026-06-08 22:48:08 [12,489ms] [Warning] [isaacsim.g1.linklist] LINK: /World/G1/right_ankle_roll_link
=== LINK LIST DONE ===
