[Info] [carb] Logging to file: /root/.nvidia-omniverse/logs/Kit/Isaac-Sim Minimal Loop Python/4.5/kit_20260608_225443.log
[0.839s] [ext: omni.kit.async_engine-0.0.1] startup
[1.887s] [ext: omni.metrics.core-0.0.1] startup
[1.888s] [ext: omni.client.lib-1.0.0] startup
[1.948s] [ext: omni.blobkey-1.1.2] startup
[1.948s] [ext: omni.stats-1.0.1] startup
[1.950s] [ext: omni.datastore-0.0.0] startup
[1.960s] [ext: omni.client-1.2.2] startup
[1.969s] [ext: omni.ujitso.default-1.0.0] startup
[1.972s] [ext: omni.hsscclient-1.1.1] startup
2026-06-08 22:54:45 [1,957ms] [Warning] [omni.datastore] OmniHub is inaccessible
[1.978s] [ext: omni.gpu_foundation.shadercache.vulkan-1.0.0] startup
[1.997s] [ext: omni.assets.plugins-0.0.0] startup
[2.000s] [ext: omni.gpu_foundation-0.0.0] startup
[2.014s] [ext: carb.windowing.plugins-1.0.0] startup
2026-06-08 22:54:45 [1,999ms] [Warning] [carb.windowing-glfw.plugin] GLFW initialization failed.
2026-06-08 22:54:45 [1,999ms] [Warning] [carb] Failed to startup plugin carb.windowing-glfw.plugin (interfaces: [carb::windowing::IGLContext v1.0],[carb::windowing::IWindowing v1.5]) (impl: carb.windowing-glfw.plugin)
[2.016s] [ext: omni.kit.renderer.init-0.0.0] startup
2026-06-08 22:54:46 [2,029ms] [Warning] [omni.platforminfo.plugin] failed to open the default display.  Can't verify X Server version.

|---------------------------------------------------------------------------------------------|
| Driver Version: 580.159.03    | Graphics API: Vulkan
|=============================================================================================|
| GPU | Name                             | Active | LDA | GPU Memory | Vendor-ID | LUID       |
|     |                                  |        |     |            | Device-ID | UUID       |
|     |                                  |        |     |            | Bus-ID    |            |
|---------------------------------------------------------------------------------------------|
| 0   | Tesla T4                         | Yes: 0 |     | 15606   MB | 10de      | 0          |
|     |                                  |        |     |            | 1eb8      | ddfd322a.. |
|     |                                  |        |     |            | 0         |            |
|=============================================================================================|
| OS: 22.04.5 LTS (Jammy Jellyfish) ubuntu, Version: 22.04.5, Kernel: 5.15.0-181-generic
| Processor: Intel(R) Xeon(R) Gold 6152 CPU @ 2.10GHz
| Cores: 2 | Logical Cores: 4
|---------------------------------------------------------------------------------------------|
| Total Memory (MB): 32092 | Free Memory: 30532
| Total Page/Swap (MB): 0 | Free Page/Swap: 0
|---------------------------------------------------------------------------------------------|
2026-06-08 22:54:48 [4,399ms] [Warning] [gpu.foundation.plugin] ECC is enabled on physical device 0
[4.688s] [ext: omni.kit.pipapi-0.0.0] startup
[4.696s] [ext: omni.kit.pip_archive-0.0.0] startup
[4.697s] [ext: omni.pip.compute-1.4.5] startup
[4.698s] [ext: omni.materialx.libs-1.0.6] startup
[4.715s] [ext: omni.pip.cloud-1.1.7] startup
[4.746s] [ext: omni.isaac.core_archive-2.3.3] startup
[4.747s] [ext: omni.usd.config-1.0.5] startup
[4.757s] [ext: omni.gpucompute.plugins-0.0.0] startup
[4.758s] [ext: omni.usd.libs-1.0.1] startup
[4.900s] [ext: omni.kit.loop-isaac-1.2.1] startup
[4.903s] [ext: omni.kit.test-1.1.2] startup
[5.362s] [ext: omni.mdl-55.0.1] startup
[5.647s] [ext: omni.iray.libs-0.0.0] startup
[5.656s] [ext: omni.mdl.neuraylib-0.2.10] startup
[5.664s] [ext: omni.kit.usd.mdl-1.0.7] startup
[5.885s] [ext: omni.isaac.ml_archive-2.1.2] startup
[5.886s] [ext: omni.usd.schema.anim-0.0.0] startup
[5.928s] [ext: isaacsim.robot.schema-3.1.2] startup
[5.945s] [ext: omni.usd.schema.geospatial-0.0.0] startup
[5.951s] [ext: omni.usd.schema.audio-0.0.0] startup
[5.957s] [ext: omni.usd.schema.omnigraph-1.0.0] startup
[5.970s] [ext: omni.usd.schema.physx-106.5.7] startup
[6.033s] [ext: omni.usd.schema.semantics-0.0.0] startup
[6.039s] [ext: omni.appwindow-1.1.9] startup
2026-06-08 22:54:50 [6,024ms] [Warning] [carb.windowing-glfw.plugin] GLFW initialization failed.
2026-06-08 22:54:50 [6,024ms] [Warning] [carb] Failed to startup plugin carb.windowing-glfw.plugin (interfaces: [carb::windowing::IGLContext v1.0],[carb::windowing::IWindowing v1.5]) (impl: carb.windowing-glfw.plugin)
[6.044s] [ext: omni.kit.renderer.core-1.0.2] startup
2026-06-08 22:54:50 [6,044ms] [Warning] [carb.windowing-glfw.plugin] GLFW initialization failed.
2026-06-08 22:54:50 [6,044ms] [Warning] [carb] Failed to startup plugin carb.windowing-glfw.plugin (interfaces: [carb::windowing::IGLContext v1.0],[carb::windowing::IWindowing v1.5]) (impl: carb.windowing-glfw.plugin)
2026-06-08 22:54:50 [6,055ms] [Warning] [carb.windowing-glfw.plugin] GLFW initialization failed.
2026-06-08 22:54:50 [6,055ms] [Warning] [carb] Failed to startup plugin carb.windowing-glfw.plugin (interfaces: [carb::windowing::IGLContext v1.0],[carb::windowing::IWindowing v1.5]) (impl: carb.windowing-glfw.plugin)
[6.076s] [ext: omni.kit.renderer.capture-0.0.0] startup
[6.082s] [ext: omni.kit.renderer.imgui-1.0.2] startup
2026-06-08 22:54:50 [6,072ms] [Warning] [carb.windowing-glfw.plugin] GLFW initialization failed.
2026-06-08 22:54:50 [6,072ms] [Warning] [carb] Failed to startup plugin carb.windowing-glfw.plugin (interfaces: [carb::windowing::IGLContext v1.0],[carb::windowing::IWindowing v1.5]) (impl: carb.windowing-glfw.plugin)
2026-06-08 22:54:50 [6,074ms] [Warning] [carb.windowing-glfw.plugin] GLFW initialization failed.
2026-06-08 22:54:50 [6,074ms] [Warning] [carb] Failed to startup plugin carb.windowing-glfw.plugin (interfaces: [carb::windowing::IGLContext v1.0],[carb::windowing::IWindowing v1.5]) (impl: carb.windowing-glfw.plugin)
2026-06-08 22:54:50 [6,076ms] [Warning] [carb.windowing-glfw.plugin] GLFW initialization failed.
2026-06-08 22:54:50 [6,076ms] [Warning] [carb] Failed to startup plugin carb.windowing-glfw.plugin (interfaces: [carb::windowing::IGLContext v1.0],[carb::windowing::IWindowing v1.5]) (impl: carb.windowing-glfw.plugin)
[6.312s] [ext: omni.ui-2.26.5] startup
[6.344s] [ext: omni.kit.actions.core-1.0.0] startup
[6.351s] [ext: omni.kit.window.popup_dialog-2.0.24] startup
[6.371s] [ext: omni.kit.commands-1.4.9] startup
[6.388s] [ext: omni.graph.exec-0.9.4] startup
[6.389s] [ext: carb.audio-0.1.0] startup
[6.410s] [ext: omni.usd_resolver-1.0.0] startup
[6.419s] [ext: omni.kit.usd_undo-0.1.8] startup
[6.422s] [ext: omni.kit.exec.core-0.13.4] startup
[6.426s] [ext: omni.kit.audiodeviceenum-1.0.1] startup
[6.430s] [ext: omni.usd.core-1.4.2] startup
[6.435s] [ext: omni.timeline-1.0.11] startup
[6.438s] [ext: omni.kit.widget.nucleus_connector-1.1.10] startup
[6.452s] [ext: omni.hydra.scene_delegate-0.3.3] startup
[6.460s] [ext: omni.usd-1.12.4] startup
[6.632s] [ext: omni.kit.graph.usd.commands-1.3.1] startup
[6.642s] [ext: omni.kit.widget.graph-1.12.17] startup
[6.703s] [ext: omni.kit.menu.core-1.1.2] startup
[6.709s] [ext: omni.kit.widget.searchfield-1.1.8] startup
[6.717s] [ext: omni.kit.graph.delegate.default-1.2.2] startup
[6.719s] [ext: omni.index.libs-380600.1777.0] startup
[6.719s] [ext: omni.kit.menu.utils-1.7.7] startup
[6.775s] [ext: omni.kit.graph.editor.core-1.5.3] startup
[6.795s] [ext: omni.index-1.0.1] startup
[6.796s] [ext: omni.hydra.rtx.shadercache.vulkan-1.0.0] startup
[6.799s] [ext: omni.kit.usd.layers-2.2.0] startup
[6.845s] [ext: usdrt.scenegraph-7.5.1] startup
[6.923s] [ext: omni.inspect-1.0.1] startup
[6.925s] [ext: omni.graph.tools-1.79.1] startup
[7.143s] [ext: omni.graph.core-2.181.8] startup
[7.150s] [ext: omni.ujitso.processor.texture-1.0.0] startup
[7.152s] [ext: omni.graph-1.140.2] startup
[7.858s] [ext: omni.volume-0.5.0] startup
[7.870s] [ext: omni.ujitso.client-0.0.0] startup
[7.872s] [ext: omni.graph.scriptnode-1.40.1] startup
[7.876s] [ext: omni.hydra.rtx-1.0.0] startup
2026-06-08 22:54:51 [7,872ms] [Warning] [omni.log] Source: omni.hydra was already registered.
[7.919s] [ext: omni.kit.primitive.mesh-1.0.17] startup
[7.953s] [ext: omni.kit.widget.path_field-2.0.11] startup
[7.961s] [ext: omni.kit.clipboard-1.0.5] startup
[7.964s] [ext: omni.kit.hydra_texture-1.4.0] startup
[7.972s] [ext: omni.kit.stage_template.core-1.1.22] startup
[7.978s] [ext: omni.kit.widget.material_preview-1.0.16] startup
[7.990s] [ext: omni.kit.stage_templates-1.2.6] startup
[8.001s] [ext: omni.kit.widget.browser_bar-2.0.10] startup
[8.008s] [ext: omni.kit.widget.options_menu-1.1.6] startup
[8.027s] [ext: omni.kit.notification_manager-1.0.9] startup
[8.042s] [ext: omni.kit.helper.file_utils-0.1.9] startup
[8.053s] [ext: omni.kit.widget.options_button-1.0.3] startup
[8.057s] [ext: omni.ui.scene-1.11.2] startup
[8.067s] [ext: omni.kit.widget.filebrowser-2.10.52] startup
[8.120s] [ext: omni.kit.widget.context_menu-1.2.4] startup
[8.129s] [ext: omni.activity.core-1.0.1] startup
[8.134s] [ext: omni.convexdecomposition-106.5.7] startup
[8.144s] [ext: omni.kit.window.filepicker-2.11.7] startup
[8.263s] [ext: omni.kvdb-106.5.7] startup
[8.268s] [ext: omni.usdphysics-106.5.7] startup
[8.274s] [ext: omni.physx.foundation-106.5.7] startup
[8.278s] [ext: omni.localcache-106.5.7] startup
[8.283s] [ext: omni.kit.hotkeys.core-1.3.10] startup
[8.286s] [ext: omni.kit.context_menu-1.8.3] startup
[8.305s] [ext: omni.physx.cooking-106.5.7] startup
[8.321s] [ext: omni.kit.window.file_exporter-1.0.31] startup
[8.331s] [ext: omni.kit.widget.filter-1.1.4] startup
[8.337s] [ext: isaacsim.core.deprecation_manager-0.2.2] startup
[8.343s] [ext: omni.physx-106.5.7] startup
[8.375s] [ext: omni.kit.widget.stage-2.11.6] startup
[8.452s] [ext: isaacsim.core.version-2.0.2] startup
[8.456s] [ext: omni.physx.stageupdate-106.5.7] startup
[8.466s] [ext: omni.kit.numpy.common-0.1.2] startup
[8.471s] [ext: omni.graph.image.core-0.6.0] startup
[8.473s] [ext: isaacsim.storage.native-1.0.6] startup
[8.481s] [ext: omni.isaac.dynamic_control-1.3.15] startup
2026-06-08 22:54:52 [8,477ms] [Warning] [omni.isaac.dynamic_control] omni.isaac.dynamic_control is deprecated as of Isaac Sim 4.5. No action is needed from end-users.
[8.495s] [ext: omni.graph.image.nodes-1.3.0] startup
[8.499s] [ext: omni.warp.core-1.5.0] startup
[8.973s] [ext: omni.graph.action_core-1.1.7] startup
[8.980s] [ext: omni.hydra.engine.stats-1.0.3] startup
[8.987s] [ext: isaacsim.core.utils-2.2.8] startup
[8.995s] [ext: omni.graph.nodes-1.162.1] startup
[9.014s] [ext: omni.graph.action_nodes-1.40.1] startup
[9.023s] [ext: omni.kit.widget.viewport-107.0.7] startup
[9.071s] [ext: omni.kit.viewport.registry-104.0.6] startup
[9.076s] [ext: omni.kit.material.library-1.5.15] startup
[9.134s] [ext: omni.graph.action-1.120.0] startup
[9.138s] [ext: omni.physics.tensors-106.5.7] startup
[9.259s] [ext: omni.kit.viewport.window-107.0.8] startup
[9.341s] [ext: omni.kit.widget.settings-1.2.2] startup
[9.363s] [ext: omni.physx.tensors-106.5.7] startup
[9.373s] [ext: omni.kit.viewport.utility-1.0.18] startup
[9.381s] [ext: omni.kit.window.preferences-1.7.0] startup
[9.420s] [ext: isaacsim.core.simulation_manager-0.3.3] startup
[14.095s] [ext: omni.warp-1.5.0] startup
[14.129s] [ext: omni.syntheticdata-0.6.10] startup
2026-06-08 22:54:58 [14,261ms] [Error] [omni.syntheticdata.scripts.extension] SyntheticData extension needs at least a stageFrameHistoryCount of 3
[14.287s] [ext: omni.kit.window.material_graph-1.8.19] startup
[14.733s] [ext: isaacsim.core.prims-0.3.7] startup
[14.891s] [ext: omni.replicator.core-1.11.35] startup
Warp 1.5.0 initialized:
   CUDA Toolkit 11.8, Driver 13.0
   Devices:
     "cpu"      : "x86_64"
     "cuda:0"   : "Tesla T4" (15 GiB, sm_75, mempool enabled)
   Kernel cache:
     /root/.cache/warp/1.5.0
2026-06-08 22:54:59 [15,238ms] [Warning] [omni.replicator.core.scripts.extension] No material configuration file, adding configuration to material settings directly.
[15.260s] [ext: isaacsim.core.api-4.2.16] startup
[15.498s] [ext: isaacsim.core.nodes-2.1.4] startup
[15.561s] [ext: isaacsim.sensors.physics-0.3.5] startup
[15.645s] [ext: isaacsim.g1.sensorread-0.1.0] startup
=== STARTUP EXTENSION OK ===
2026-06-08 22:54:59 [15,638ms] [Warning] [isaacsim.g1.sensorread] === STARTUP EXTENSION OK ===
[15.661s] [ext: sensorread-4.5.0] startup
[15.716s] app ready
2026-06-08 22:55:00 [16,029ms] [Warning] [rtx.neuraylib.plugin] [IRAY:RENDER]   1.1   IRAY   rend warn : CUDA device 0 (Tesla T4): ECC is enabled, this will reduce rendering performance (it is strongly recommended to disable ECC with iray)
2026-06-08 22:55:00 [16,599ms] [Warning] [rtx.scenedb.plugin] SceneDbContext : TLAS limit buffer size 2921508224
2026-06-08 22:55:00 [16,599ms] [Warning] [rtx.scenedb.plugin] SceneDbContext : TLAS limit : valid true, within: false
2026-06-08 22:55:00 [16,808ms] [Warning] [omni.usd-abi.plugin] No setting was found for '/rtx-defaults-transient/meshlights/forceDisable'
=== G1 LOADED ===
2026-06-08 22:55:33 [49,625ms] [Warning] [isaacsim.sensors.physics.scripts.imu_sensor] Creating a new IMU prim at path /World/G1/torso_link/imu_sensor
=== IMU CREATED ===
2026-06-08 22:55:33 [49,642ms] [Warning] [isaacsim.g1.sensorread] === IMU CREATED ===
=== CONTACT SENSORS CREATED (L+R) ===
2026-06-08 22:55:33 [49,698ms] [Warning] [isaacsim.g1.sensorread] === CONTACT SENSORS CREATED ===
2026-06-08 22:55:33 [49,860ms] [Warning] [omni.physx.plugin] Detected an articulation at /World/G1 with more than 4 velocity iterations being added to a TGS scene.The related behavior changed recently, please consult the changelog. This warning will only print once.
=== SENSORS INITIALIZED ===
2026-06-08 22:55:34 [50,322ms] [Warning] [isaacsim.g1.sensorread] === SENSORS INITIALIZED ===
2026-06-08 22:55:34 [50,330ms] [Warning] [isaacsim.sensors.physics.plugin] *** warning: get_contact_sensor_raw_data is deprecated and will replaced in the next release
--- STEP 0 ---
  IMU lin_acc=[1.071, 3.434, 11.083] ang_vel=[-0.247, 0.098, 0.07] ori(wxyz)=[1.0, 0.0, 0.001, 0.0]
  FOOT_L in_contact=True force=13.96
  FOOT_R in_contact=True force=3.84
2026-06-08 22:55:34 [50,332ms] [Warning] [isaacsim.g1.sensorread] STEP 0 IMU ori=[1.0, 0.0, 0.001, 0.0] L=True/14.0 R=True/3.8
--- STEP 60 ---
  IMU lin_acc=[-7.485, 1.657, -0.617] ang_vel=[0.345, 0.805, 4.993] ori(wxyz)=[0.727, 0.27, 0.631, -0.02]
  FOOT_L in_contact=False force=0.0
  FOOT_R in_contact=True force=34.77
2026-06-08 22:55:34 [50,668ms] [Warning] [isaacsim.g1.sensorread] STEP 60 IMU ori=[0.727, 0.27, 0.631, -0.02] L=False/0.0 R=True/34.8
--- STEP 150 ---
  IMU lin_acc=[-7.822, 5.728, -0.862] ang_vel=[-0.023, 0.017, 0.048] ori(wxyz)=[0.671, 0.381, 0.625, 0.116]
  FOOT_L in_contact=False force=0.0
  FOOT_R in_contact=False force=0.0
2026-06-08 22:55:35 [51,188ms] [Warning] [isaacsim.g1.sensorread] STEP 150 IMU ori=[0.671, 0.381, 0.625, 0.116] L=False/0.0 R=False/0.0
--- STEP 300 ---
  IMU lin_acc=[-7.028, 6.456, -0.529] ang_vel=[0.013, 0.023, 0.039] ori(wxyz)=[0.671, 0.381, 0.625, 0.116]
  FOOT_L in_contact=False force=0.0
  FOOT_R in_contact=False force=0.0
2026-06-08 22:55:36 [52,045ms] [Warning] [isaacsim.g1.sensorread] STEP 300 IMU ori=[0.671, 0.381, 0.625, 0.116] L=False/0.0 R=False/0.0
=== SENSOR READ DONE ===
2026-06-08 22:55:36 [52,045ms] [Warning] [isaacsim.g1.sensorread] === SENSOR READ DONE ===
